2023-05-06 18:15:29.866 [info] /home/naman/.config/Code/User/profiles/7ea727a4/settings.json closed
2023-05-06 18:15:29.867 [info] Configuration changed
2023-05-06 18:15:29.867 [info] /home/naman/.config/Code/User/profiles/7ea727a4/settings.json closed
2023-05-06 18:15:30.650 [info] Configuration changed
2023-05-06 18:15:30.678 [info] Configuration changed
2023-05-06 18:15:30.737 [info] Configuration changed
2023-05-06 18:15:30.980 [info] Configuration changed
2023-05-06 18:17:27.378 [info] Active editor: file:///home/naman/Desktop/Project/React%20Native/cpay/app/Components/Buttons/GradientButton.ts
2023-05-06 18:17:47.125 [info] Active editor: file:///home/naman/Desktop/Project/React%20Native/cpay/app/Components/Loader/index.js
2023-05-06 18:17:54.313 [info] /home/naman/Desktop/Project/React Native/cpay/app/Components/Loader/index.js closed
2023-05-06 18:17:54.323 [info] /home/naman/Desktop/Project/React Native/cpay/app/Components/Loader/index.js.git closed
2023-05-06 18:17:54.362 [info] Active editor: file:///home/naman/Desktop/Project/React%20Native/cpay/app/Components/Loader/index.ts
2023-05-06 18:18:05.321 [info] Active editor: file:///home/naman/Desktop/Project/React%20Native/cpay/app/Components/Buttons/GradientButton.ts
2023-05-06 18:18:21.213 [warning] invalid cursor position. [[15, 6] | [15, 6]].
2023-05-06 18:18:21.638 [warning] invalid cursor position. [[13, 6] | [13, 6]].
2023-05-06 18:18:32.852 [info] /home/naman/.config/Code/User/profiles/7ea727a4/settings.json closed
2023-05-06 18:18:32.906 [info] Configuration changed
2023-05-06 18:18:35.730 [warning] invalid cursor position. [[2, 9] | [2, 7]].
2023-05-06 18:18:40.216 [warning] invalid cursor position. [[2, 32] | [2, 18]].
2023-05-06 18:18:43.255 [warning] invalid cursor position. [[2, 34] | [2, 18]].
2023-05-06 18:19:01.379 [warning] invalid cursor position. [[7, 3] | [7, 0]].
2023-05-06 18:19:30.618 [info] /home/naman/.config/Code/User/profiles/7ea727a4/settings.json closed
2023-05-06 18:19:30.662 [info] Configuration changed
2023-05-06 18:19:31.421 [info] /home/naman/.config/Code/User/profiles/7ea727a4/settings.json closed
2023-05-06 18:19:31.459 [info] Configuration changed
2023-05-06 18:19:37.657 [info] /home/naman/.config/Code/User/profiles/7ea727a4/settings.json closed
2023-05-06 18:19:37.693 [info] Configuration changed
2023-05-06 18:19:45.146 [info] /home/naman/.config/Code/User/profiles/7ea727a4/settings.json closed
2023-05-06 18:19:45.179 [info] Configuration changed
2023-05-06 18:19:51.546 [warning] invalid cursor position. [[31, 21] | [31, 16]].
2023-05-06 18:19:54.348 [warning] invalid cursor position. [[37, 16] | [37, 9]].
2023-05-06 18:19:57.221 [warning] invalid cursor position. [[47, 8] | [47, 6]].
2023-05-06 18:19:57.532 [warning] invalid cursor position. [[57, 6] | [57, 4]].
2023-05-06 18:20:00.314 [info] /home/naman/Desktop/Project/React Native/cpay/package.json closed
2023-05-06 18:20:00.358 [info] /vscode-extensions closed
2023-05-06 18:20:00.472 [info] /settings/configurationDefaults closed
2023-05-06 18:20:00.602 [info] /settings/resourceLanguage closed
2023-05-06 18:20:00.628 [info] /launch closed
2023-05-06 18:20:00.629 [info] /token-styling closed
2023-05-06 18:20:00.631 [info] /textmate-colors closed
2023-05-06 18:20:00.637 [info] /workbench-colors closed
2023-05-06 18:20:26.984 [warning] invalid cursor position. [[47, 11] | [47, 6]].
2023-05-06 18:20:27.466 [info] /home/naman/Desktop/Project/React Native/cpay/tsconfig.json closed
2023-05-06 18:21:51.977 [warning] invalid cursor position. [[49, 11] | [49, 4]].
2023-05-06 18:21:52.005 [warning] invalid cursor position. [[50, 4] | [50, 2]].
2023-05-06 18:21:52.032 [warning] invalid cursor position. [[51, 2] | [51, 0]].
2023-05-06 18:22:06.880 [warning] invalid cursor position. [[78, 6] | [78, 4]].
2023-05-06 18:22:07.659 [warning] invalid cursor position. [[53, 4] | [53, 0]].
2023-05-06 18:22:41.965 [info] Active editor: file:///home/naman/Desktop/Project/React%20Native/cpay/app/Components/Buttons/index.ts
2023-05-06 18:22:42.144 [info] /home/naman/.config/Code/User/profiles/7ea727a4/settings.json closed
2023-05-06 18:22:42.187 [info] Configuration changed
2023-05-06 18:22:46.062 [info] /home/naman/.config/Code/User/profiles/7ea727a4/settings.json closed
2023-05-06 18:22:46.099 [info] Configuration changed
2023-05-06 18:23:12.450 [warning] invalid cursor position. [[3, 46] | [3, 0]].
2023-05-06 18:23:26.614 [info] Active editor: file:///home/naman/Desktop/Project/React%20Native/cpay/app/Components/Buttons/GradientButton.ts
2023-05-06 18:23:36.126 [warning] invalid cursor position. [[11, 17] | [11, 14]].
2023-05-06 18:23:37.133 [warning] invalid cursor position. [[28, 13] | [28, 10]].
2023-05-06 18:23:37.778 [warning] invalid cursor position. [[49, 9] | [49, 7]].
2023-05-06 18:23:37.803 [warning] invalid cursor position. [[50, 7] | [50, 5]].
2023-05-06 18:23:37.840 [warning] invalid cursor position. [[51, 5] | [51, 0]].
2023-05-06 18:23:54.316 [info] /home/naman/Desktop/Project/React Native/cpay/app/Components/Buttons/GradientButton.ts closed
2023-05-06 18:23:54.317 [info] /home/naman/Desktop/Project/React Native/cpay/app/Components/Buttons/GradientButton.ts.git closed
2023-05-06 18:23:54.328 [info] Active editor: file:///home/naman/Desktop/Project/React%20Native/cpay/app/Components/Buttons/index.ts
2023-05-06 18:23:59.927 [info] /home/naman/Desktop/Project/React Native/cpay/app/Components/Buttons/index.ts closed
2023-05-06 18:23:59.928 [info] /home/naman/Desktop/Project/React Native/cpay/app/Components/Buttons/index.ts.git closed
2023-05-06 18:23:59.938 [info] Active editor: file:///home/naman/Desktop/Project/React%20Native/cpay/app/Components/Loader/index.ts
2023-05-06 18:24:00.138 [info] /home/naman/.config/Code/User/profiles/7ea727a4/settings.json closed
2023-05-06 18:24:00.191 [info] Configuration changed
2023-05-06 18:24:00.760 [info] /home/naman/Desktop/Project/React Native/cpay/app/Components/Loader/index.ts closed
2023-05-06 18:24:00.760 [info] /home/naman/Desktop/Project/React Native/cpay/app/Components/Loader/index.ts.git closed
2023-05-06 18:24:00.769 [info] Active editor: file:///home/naman/Desktop/Project/React%20Native/cpay/app/Components/ImageCarousel/CarouselItem.tsx
2023-05-06 18:24:04.330 [info] /home/naman/Desktop/Project/React Native/cpay/app/Components/ImageCarousel/CarouselItem.tsx closed
2023-05-06 18:24:04.330 [info] /home/naman/Desktop/Project/React Native/cpay/app/Components/ImageCarousel/CarouselItem.tsx.git closed
2023-05-06 18:24:04.356 [info] Active editor: file:///home/naman/Desktop/Project/React%20Native/cpay/app/Components/ImageCarousel/Slides.ts
2023-05-06 18:24:05.879 [warning] invalid cursor position. [[5, 51] | [5, 51]].
2023-05-06 18:24:06.672 [info] /home/naman/Desktop/Project/React Native/cpay/app/Components/ImageCarousel/Slides.ts closed
2023-05-06 18:24:06.673 [info] /home/naman/Desktop/Project/React Native/cpay/app/Components/ImageCarousel/Slides.ts.git closed
2023-05-06 18:24:06.694 [info] Active editor: file:///home/naman/Desktop/Project/React%20Native/cpay/app/App.tsx
2023-05-06 18:24:08.273 [info] /home/naman/Desktop/Project/React Native/cpay/app/App.tsx closed
2023-05-06 18:24:08.274 [info] /home/naman/Desktop/Project/React Native/cpay/app/App.tsx.git closed
2023-05-06 18:24:08.305 [info] Active editor: file:///home/naman/Desktop/Project/React%20Native/cpay/app/Navigation/AppNavigation.js
2023-05-06 18:24:09.208 [info] /home/naman/Desktop/Project/React Native/cpay/app/Navigation/AppNavigation.js closed
2023-05-06 18:24:09.208 [info] /home/naman/Desktop/Project/React Native/cpay/app/Navigation/AppNavigation.js.git closed
2023-05-06 18:24:14.965 [info] /home/naman/.config/Code/User/profiles/7ea727a4/settings.json closed
2023-05-06 18:24:15.008 [info] Configuration changed
2023-05-06 18:24:28.433 [info] Active editor: file:///home/naman/Desktop/Project/React%20Native/cpay/app/Screens/OnBoardingScreens/OnBoardingScreen.tsx
2023-05-06 18:24:54.246 [info] Active editor: file:///home/naman/Desktop/Project/React%20Native/cpay/app/Components/Buttons/LinkButton.tsx
2023-05-06 18:24:59.044 [info] /home/naman/.config/Code/User/profiles/7ea727a4/settings.json closed
2023-05-06 18:24:59.088 [info] Configuration changed
2023-05-06 18:25:08.179 [info] /home/naman/.config/Code/User/profiles/7ea727a4/settings.json closed
2023-05-06 18:25:08.216 [info] Configuration changed
2023-05-06 18:25:26.442 [warning] invalid cursor position. [[5, 5] | [5, 5]].
2023-05-06 18:25:39.454 [info] Active editor: file:///home/naman/Desktop/Project/React%20Native/cpay/app/Components/Buttons/ButtonStyles.ts
2023-05-06 18:25:50.973 [warning] invalid cursor position. [[21, 13] | [21, 13]].
2023-05-06 18:25:54.835 [info] /home/naman/.config/Code/User/profiles/7ea727a4/settings.json closed
2023-05-06 18:25:54.873 [info] Configuration changed
2023-05-06 18:26:14.761 [info] /home/naman/.config/Code/User/profiles/7ea727a4/settings.json closed
2023-05-06 18:26:14.790 [info] Configuration changed
2023-05-06 18:26:18.362 [info] /home/naman/.config/Code/User/profiles/7ea727a4/settings.json closed
2023-05-06 18:26:18.401 [info] Configuration changed
2023-05-06 18:28:27.638 [warning] invalid cursor position. [[3, 3] | [3, 3]].
2023-05-06 18:28:28.737 [warning] invalid cursor position. [[3, 3] | [3, 3]].
2023-05-06 18:28:33.710 [warning] invalid cursor position. [[3, 4] | [3, 4]].
2023-05-06 18:28:52.577 [info] Active editor: file:///home/naman/Desktop/Project/React%20Native/cpay/app/Themes/Colors.ts
2023-05-06 18:29:01.365 [info] /home/naman/.config/Code/User/profiles/7ea727a4/settings.json closed
2023-05-06 18:29:01.400 [info] Configuration changed
2023-05-06 18:29:21.126 [info] /home/naman/Desktop/Project/React Native/cpay/app/Themes/Colors.ts closed
2023-05-06 18:29:21.126 [info] /home/naman/Desktop/Project/React Native/cpay/app/Themes/Colors.ts.git closed
2023-05-06 18:29:21.134 [info] Active editor: file:///home/naman/Desktop/Project/React%20Native/cpay/app/Components/Buttons/ButtonStyles.ts
2023-05-06 18:29:21.367 [info] /home/naman/.config/Code/User/profiles/7ea727a4/settings.json closed
2023-05-06 18:29:21.404 [info] Configuration changed
2023-05-06 18:29:30.522 [info] /home/naman/.config/Code/User/profiles/7ea727a4/settings.json closed
2023-05-06 18:29:30.551 [info] Configuration changed
2023-05-06 18:30:23.461 [info] Active editor: file:///home/naman/Desktop/Project/React%20Native/cpay/app/Themes/Colors.ts
2023-05-06 18:30:23.720 [info] /home/naman/.config/Code/User/profiles/7ea727a4/settings.json closed
2023-05-06 18:30:23.745 [info] Configuration changed
2023-05-06 18:30:23.895 [warning] invalid cursor position. [[67, 28] | [67, 28]].
2023-05-06 18:30:24.396 [warning] invalid cursor position. [[68, 28] | [68, 28]].
2023-05-06 18:30:24.443 [warning] invalid cursor position. [[69, 28] | [69, 28]].
2023-05-06 18:30:24.466 [warning] invalid cursor position. [[70, 28] | [70, 28]].
2023-05-06 18:30:24.901 [warning] invalid cursor position. [[69, 28] | [69, 28]].
2023-05-06 18:30:25.113 [warning] invalid cursor position. [[68, 28] | [68, 28]].
2023-05-06 18:30:25.564 [warning] invalid cursor position. [[67, 28] | [67, 28]].
2023-05-06 18:30:27.754 [info] /home/naman/.config/Code/User/profiles/7ea727a4/settings.json closed
2023-05-06 18:30:27.792 [info] Configuration changed
2023-05-06 18:30:44.091 [info] Active editor: file:///home/naman/Desktop/Project/React%20Native/cpay/app/Components/Buttons/ButtonStyles.ts
2023-05-06 18:30:45.379 [warning] invalid cursor position. [[16, 42] | [16, 33]].
2023-05-06 18:32:57.698 [info] Active editor: file:///home/naman/Desktop/Project/React%20Native/cpay/app/Components/Buttons/LinkButton.tsx
2023-05-06 18:32:57.852 [info] /home/naman/.config/Code/User/profiles/7ea727a4/settings.json closed
2023-05-06 18:32:57.896 [info] Configuration changed
2023-05-06 18:33:00.340 [info] Active editor: file:///home/naman/Desktop/Project/React%20Native/cpay/app/Components/Buttons/ButtonStyles.ts
2023-05-06 18:33:00.565 [info] /home/naman/.config/Code/User/profiles/7ea727a4/settings.json closed
2023-05-06 18:33:00.602 [info] Configuration changed
2023-05-06 18:33:18.067 [info] Active editor: file:///home/naman/Desktop/Project/React%20Native/cpay/app/Components/Buttons/LinkButton.tsx
2023-05-06 18:33:18.249 [info] /home/naman/.config/Code/User/profiles/7ea727a4/settings.json closed
2023-05-06 18:33:18.279 [info] Configuration changed
2023-05-06 18:33:29.741 [info] Active editor: file:///home/naman/Desktop/Project/React%20Native/cpay/app/Components/Buttons/ButtonStyles.ts
2023-05-06 18:33:29.884 [info] /home/naman/.config/Code/User/profiles/7ea727a4/settings.json closed
2023-05-06 18:33:29.916 [info] Configuration changed
2023-05-06 18:33:50.737 [warning] invalid cursor position. [[39, 6] | [39, 3]].
2023-05-06 18:36:01.570 [info] /home/naman/.config/Code/User/profiles/7ea727a4/settings.json closed
2023-05-06 18:36:01.609 [info] Configuration changed
2023-05-06 18:36:09.114 [warning] invalid cursor position. [[12, 20] | [12, 20]].
2023-05-06 18:36:12.845 [warning] invalid cursor position. [[20, 27] | [20, 27]].
2023-05-06 18:36:13.257 [warning] invalid cursor position. [[21, 27] | [21, 27]].
2023-05-06 18:36:14.572 [warning] invalid cursor position. [[25, 27] | [25, 27]].
2023-05-06 18:36:14.925 [warning] invalid cursor position. [[26, 27] | [26, 27]].
2023-05-06 18:36:25.185 [warning] invalid cursor position. [[33, 27] | [33, 27]].
2023-05-06 18:36:25.535 [warning] invalid cursor position. [[34, 27] | [34, 27]].
2023-05-06 18:36:39.157 [warning] invalid cursor position. [[33, 27] | [33, 27]].
2023-05-06 18:36:39.731 [warning] invalid cursor position. [[26, 27] | [26, 27]].
2023-05-06 18:36:40.125 [warning] invalid cursor position. [[25, 27] | [25, 27]].
2023-05-06 18:36:40.473 [warning] invalid cursor position. [[21, 27] | [21, 27]].
2023-05-06 18:36:40.657 [warning] invalid cursor position. [[20, 27] | [20, 27]].
2023-05-06 18:37:01.588 [warning] invalid cursor position. [[12, 27] | [12, 27]].
2023-05-06 18:37:02.983 [info] /home/naman/.config/Code/User/profiles/7ea727a4/settings.json closed
2023-05-06 18:37:03.014 [info] Configuration changed
2023-05-06 18:39:18.884 [info] /home/naman/.config/Code/User/profiles/7ea727a4/settings.json closed
2023-05-06 18:39:18.920 [info] Configuration changed
2023-05-06 18:39:25.327 [info] /home/naman/Desktop/Project/React Native/cpay/app/Components/Buttons/ButtonStyles.ts closed
2023-05-06 18:39:25.328 [info] /home/naman/Desktop/Project/React Native/cpay/app/Components/Buttons/ButtonStyles.ts.git closed
2023-05-06 18:39:25.352 [info] Active editor: file:///home/naman/Desktop/Project/React%20Native/cpay/app/Components/Buttons/LinkButton.tsx
2023-05-06 18:41:44.256 [info] Active editor: file:///home/naman/Desktop/Project/React%20Native/cpay/app/Components/Buttons/ButtonPropTypes.ts
2023-05-06 18:41:54.144 [info] Active editor: file:///home/naman/Desktop/Project/React%20Native/cpay/app/Components/Buttons/MainButton.tsx
2023-05-06 18:42:03.217 [info] /home/naman/.config/Code/User/profiles/7ea727a4/settings.json closed
2023-05-06 18:42:03.247 [info] Configuration changed
2023-05-06 18:42:04.306 [info] /home/naman/.config/Code/User/profiles/7ea727a4/settings.json closed
2023-05-06 18:42:04.336 [info] Configuration changed
2023-05-06 18:47:53.463 [warning] invalid cursor position. [[5, 4] | [5, 4]].
2023-05-06 18:47:53.553 [warning] invalid cursor position. [[2, 4] | [2, 4]].
2023-05-06 18:47:54.755 [warning] invalid cursor position. [[2, 4] | [2, 4]].
2023-05-06 18:47:56.004 [warning] invalid cursor position. [[5, 4] | [5, 4]].
2023-05-06 18:47:58.816 [info] Active editor: file:///home/naman/Desktop/Project/React%20Native/cpay/app/Components/Buttons/ButtonPropTypes.ts
2023-05-06 18:47:58.828 [warning] invalid cursor position. [[6, 23] | [6, 23]].
2023-05-06 18:47:58.828 [warning] invalid cursor position. [[6, 23] | [6, 23]].
2023-05-06 18:48:00.014 [warning] invalid cursor position. [[1, 2] | [1, 2]].
2023-05-06 18:48:01.884 [info] /home/naman/Desktop/Project/React Native/cpay/app/Components/Buttons/ButtonPropTypes.ts closed
2023-05-06 18:48:01.884 [info] /home/naman/Desktop/Project/React Native/cpay/app/Components/Buttons/ButtonPropTypes.ts.git closed
2023-05-06 18:48:01.892 [info] Active editor: file:///home/naman/Desktop/Project/React%20Native/cpay/app/Components/Buttons/MainButton.tsx
2023-05-06 18:48:02.964 [info] /home/naman/Desktop/Project/React Native/cpay/app/Components/Buttons/MainButton.tsx closed
2023-05-06 18:48:02.965 [info] /home/naman/Desktop/Project/React Native/cpay/app/Components/Buttons/MainButton.tsx.git closed
2023-05-06 18:48:02.971 [info] Active editor: file:///home/naman/Desktop/Project/React%20Native/cpay/app/Components/Buttons/LinkButton.tsx
2023-05-06 18:48:10.912 [info] /home/naman/Desktop/Project/React Native/cpay/app/Components/Buttons/LinkButton.tsx closed
2023-05-06 18:48:10.914 [info] /home/naman/Desktop/Project/React Native/cpay/app/Components/Buttons/LinkButton.tsx.git closed
2023-05-06 18:48:10.923 [info] Active editor: file:///home/naman/Desktop/Project/React%20Native/cpay/app/Themes/Colors.ts
2023-05-06 18:48:11.135 [info] /home/naman/.config/Code/User/profiles/7ea727a4/settings.json closed
2023-05-06 18:48:11.168 [info] Configuration changed
2023-05-06 18:48:14.750 [info] /home/naman/Desktop/Project/React Native/cpay/app/Themes/Colors.ts closed
2023-05-06 18:48:14.751 [info] /home/naman/Desktop/Project/React Native/cpay/app/Themes/Colors.ts.git closed
2023-05-06 18:48:14.759 [info] Active editor: file:///home/naman/Desktop/Project/React%20Native/cpay/app/Screens/OnBoardingScreens/OnBoardingScreen.tsx
2023-05-06 18:48:14.952 [info] /home/naman/.config/Code/User/profiles/7ea727a4/settings.json closed
2023-05-06 18:48:14.997 [info] Configuration changed
2023-05-06 18:48:32.830 [info] Active editor: file:///home/naman/Desktop/Project/React%20Native/cpay/app/Components/Buttons/MainButton.tsx
2023-05-06 18:48:39.175 [info] Active editor: file:///home/naman/Desktop/Project/React%20Native/cpay/app/Components/Buttons/index.ts
2023-05-06 18:48:46.525 [info] /home/naman/.config/Code/User/profiles/7ea727a4/settings.json closed
2023-05-06 18:48:46.563 [info] Configuration changed
2023-05-06 18:48:57.123 [info] Active editor: file:///home/naman/Desktop/Project/React%20Native/cpay/app/Screens/OnBoardingScreens/OnBoardingScreen.tsx
2023-05-06 18:48:57.340 [info] /home/naman/.config/Code/User/profiles/7ea727a4/settings.json closed
2023-05-06 18:48:57.377 [info] Configuration changed
2023-05-06 18:53:53.820 [warning] invalid cursor position. [[5, 47] | [5, 47]].
2023-05-06 18:53:53.897 [warning] invalid cursor position. [[7, 47] | [7, 47]].
2023-05-06 18:53:53.941 [warning] invalid cursor position. [[8, 47] | [8, 47]].
2023-05-06 18:53:54.017 [warning] invalid cursor position. [[11, 47] | [11, 47]].
2023-05-06 18:53:54.046 [warning] invalid cursor position. [[12, 47] | [12, 47]].
2023-05-06 18:53:54.075 [warning] invalid cursor position. [[13, 47] | [13, 47]].
2023-05-06 18:54:09.196 [info] Active editor: file:///home/naman/Desktop/Project/React%20Native/cpay/app/Constant/index.ts
2023-05-06 18:54:22.161 [info] /home/naman/.config/Code/User/profiles/7ea727a4/settings.json closed
2023-05-06 18:54:22.204 [info] Configuration changed
2023-05-06 18:54:31.006 [warning] invalid cursor position. [[8, 14] | [8, 9]].
2023-05-06 18:54:31.727 [warning] invalid cursor position. [[16, 9] | [16, 2]].
2023-05-06 18:54:31.753 [warning] invalid cursor position. [[17, 2] | [17, 0]].
2023-05-06 18:56:16.867 [info] /home/naman/.config/Code/User/profiles/7ea727a4/settings.json closed
2023-05-06 18:56:16.898 [info] Configuration changed
2023-05-06 18:56:22.384 [info] Active editor: file:///home/naman/Desktop/Project/React%20Native/cpay/app/Constant/PropsTypes.ts
2023-05-06 18:56:22.398 [warning] invalid cursor position. [[3, 36] | [3, 36]].
2023-05-06 18:56:22.398 [warning] invalid cursor position. [[3, 36] | [3, 36]].
2023-05-06 18:56:23.591 [warning] invalid cursor position. [[3, 13] | [3, 13]].
2023-05-06 18:56:23.848 [warning] invalid cursor position. [[4, 13] | [4, 13]].
2023-05-06 18:56:25.990 [warning] invalid cursor position. [[4, 13] | [4, 13]].
2023-05-06 18:56:26.027 [warning] invalid cursor position. [[3, 13] | [3, 13]].
2023-05-06 18:56:32.821 [info] Active editor: file:///home/naman/Desktop/Project/React%20Native/cpay/app/Constant/ScreenKeys.ts
2023-05-06 18:56:40.858 [info] Active editor: file:///home/naman/Desktop/Project/React%20Native/cpay/app/Constant/PropsTypes.ts
2023-05-06 18:56:42.227 [warning] invalid cursor position. [[4, 12] | [4, 12]].
2023-05-06 18:56:43.182 [warning] invalid cursor position. [[19, 12] | [19, 12]].
2023-05-06 18:56:43.342 [warning] invalid cursor position. [[25, 12] | [25, 12]].
2023-05-06 18:57:12.782 [info] Active editor: file:///home/naman/Desktop/Project/React%20Native/cpay/app/Components/Buttons/ButtonPropTypes.ts
2023-05-06 18:57:13.675 [warning] invalid cursor position. [[1, 2] | [1, 2]].
2023-05-06 18:57:27.679 [info] Active editor: file:///home/naman/Desktop/Project/React%20Native/cpay/app/Constant/PropsTypes.ts
2023-05-06 18:57:29.936 [info] /home/naman/.config/Code/User/profiles/7ea727a4/settings.json closed
2023-05-06 18:57:29.980 [info] Configuration changed
2023-05-06 18:57:33.810 [warning] invalid cursor position. [[27, 2] | [27, 0]].
2023-05-06 18:57:35.600 [info] /home/naman/.config/Code/User/profiles/7ea727a4/settings.json closed
2023-05-06 18:57:35.638 [info] Configuration changed
2023-05-06 18:57:44.027 [info] /home/naman/.config/Code/User/profiles/7ea727a4/settings.json closed
2023-05-06 18:57:44.061 [info] Configuration changed
2023-05-06 18:57:52.633 [info] /home/naman/.config/Code/User/profiles/7ea727a4/settings.json closed
2023-05-06 18:57:52.667 [info] Configuration changed
2023-05-06 18:57:54.800 [info] /home/naman/.config/Code/User/profiles/7ea727a4/settings.json closed
2023-05-06 18:57:54.842 [info] Configuration changed
2023-05-06 18:58:28.117 [info] Active editor: file:///home/naman/Desktop/Project/React%20Native/cpay/app/Components/Buttons/ButtonPropTypes.ts
2023-05-06 18:58:28.291 [info] /home/naman/.config/Code/User/profiles/7ea727a4/settings.json closed
2023-05-06 18:58:28.329 [info] Configuration changed
2023-05-06 18:58:46.605 [info] /home/naman/Desktop/Project/React Native/cpay/app/Components/Buttons/ButtonPropTypes.ts closed
2023-05-06 18:58:46.623 [info] /home/naman/Desktop/Project/React Native/cpay/app/Components/Buttons/ButtonPropTypes.ts.git closed
2023-05-06 18:58:46.628 [info] Active editor: file:///home/naman/Desktop/Project/React%20Native/cpay/app/Constant/PropsTypes.ts
2023-05-06 18:58:46.806 [info] /home/naman/.config/Code/User/profiles/7ea727a4/settings.json closed
2023-05-06 18:58:46.841 [info] Configuration changed
2023-05-06 18:58:55.761 [info] Active editor: file:///home/naman/Desktop/Project/React%20Native/cpay/app/Components/Buttons/GradientButton.ts
2023-05-06 18:58:56.015 [info] /home/naman/.config/Code/User/profiles/7ea727a4/settings.json closed
2023-05-06 18:58:56.040 [info] Configuration changed
2023-05-06 18:58:57.108 [info] /home/naman/Desktop/Project/React Native/cpay/app/Components/Buttons/GradientButton.ts closed
2023-05-06 18:58:57.109 [info] /home/naman/Desktop/Project/React Native/cpay/app/Components/Buttons/GradientButton.ts.git closed
2023-05-06 18:58:57.137 [info] Active editor: file:///home/naman/Desktop/Project/React%20Native/cpay/app/Components/Buttons/LinkButton.tsx
2023-05-06 18:59:02.912 [info] /home/naman/.config/Code/User/profiles/7ea727a4/settings.json closed
2023-05-06 18:59:02.952 [info] Configuration changed
2023-05-06 18:59:09.252 [warning] invalid cursor position. [[5, 49] | [5, 0]].
2023-05-06 18:59:23.142 [warning] invalid cursor position. [[5, 49] | [5, 0]].
2023-05-06 18:59:25.263 [info] Active editor: file:///home/naman/Desktop/Project/React%20Native/cpay/app/Components/Buttons/MainButton.tsx
2023-05-06 18:59:25.422 [info] /home/naman/.config/Code/User/profiles/7ea727a4/settings.json closed
2023-05-06 18:59:25.467 [info] Configuration changed
2023-05-06 18:59:28.490 [info] /home/naman/.config/Code/User/profiles/7ea727a4/settings.json closed
2023-05-06 18:59:28.525 [info] Configuration changed
2023-05-06 18:59:31.592 [warning] invalid cursor position. [[2, 45] | [2, 0]].
2023-05-06 18:59:33.176 [info] /home/naman/.config/Code/User/profiles/7ea727a4/settings.json closed
2023-05-06 18:59:33.210 [info] Configuration changed
2023-05-06 18:59:39.533 [info] /home/naman/.config/Code/User/profiles/7ea727a4/settings.json closed
2023-05-06 18:59:39.564 [info] Configuration changed
2023-05-06 18:59:42.747 [warning] invalid cursor position. [[5, 59] | [5, 0]].
2023-05-06 18:59:53.447 [info] Active editor: file:///home/naman/Desktop/Project/React%20Native/cpay/app/Components/Buttons/GradientButton.ts
2023-05-06 18:59:53.644 [info] /home/naman/.config/Code/User/profiles/7ea727a4/settings.json closed
2023-05-06 18:59:53.682 [info] Configuration changed
2023-05-06 18:59:54.354 [info] /home/naman/Desktop/Project/React Native/cpay/app/Components/Buttons/GradientButton.ts closed
2023-05-06 18:59:54.356 [info] /home/naman/Desktop/Project/React Native/cpay/app/Components/Buttons/GradientButton.ts.git closed
2023-05-06 18:59:54.391 [info] Active editor: file:///home/naman/Desktop/Project/React%20Native/cpay/app/Components/Buttons/ButtonStyles.ts
2023-05-06 18:59:55.299 [info] Active editor: file:///home/naman/Desktop/Project/React%20Native/cpay/app/Components/Buttons/index.ts
2023-05-06 18:59:55.429 [info] /home/naman/.config/Code/User/profiles/7ea727a4/settings.json closed
2023-05-06 18:59:55.466 [info] Configuration changed
2023-05-06 18:59:57.817 [info] Active editor: file:///home/naman/Desktop/Project/React%20Native/cpay/app/Components/Buttons/ButtonStyles.ts
2023-05-06 18:59:58.033 [info] /home/naman/.config/Code/User/profiles/7ea727a4/settings.json closed
2023-05-06 18:59:58.068 [info] Configuration changed
2023-05-06 18:59:58.795 [info] Active editor: file:///home/naman/Desktop/Project/React%20Native/cpay/app/Components/Buttons/MainButton.tsx
2023-05-06 18:59:59.085 [info] /home/naman/.config/Code/User/profiles/7ea727a4/settings.json closed
2023-05-06 18:59:59.103 [info] Configuration changed
2023-05-06 18:59:59.513 [info] Active editor: file:///home/naman/Desktop/Project/React%20Native/cpay/app/Constant/ScreenKeys.ts
2023-05-06 18:59:59.762 [info] /home/naman/.config/Code/User/profiles/7ea727a4/settings.json closed
2023-05-06 18:59:59.802 [info] Configuration changed
2023-05-06 19:00:00.149 [info] Active editor: file:///home/naman/Desktop/Project/React%20Native/cpay/app/Components/Buttons/LinkButton.tsx
2023-05-06 19:00:00.430 [info] /home/naman/.config/Code/User/profiles/7ea727a4/settings.json closed
2023-05-06 19:00:00.466 [info] Configuration changed
2023-05-06 19:00:00.794 [info] Active editor: file:///home/naman/Desktop/Project/React%20Native/cpay/app/Constant/PropsTypes.ts
2023-05-06 19:00:01.779 [info] Active editor: file:///home/naman/Desktop/Project/React%20Native/cpay/app/Constant/index.ts
2023-05-06 19:00:01.954 [info] /home/naman/.config/Code/User/profiles/7ea727a4/settings.json closed
2023-05-06 19:00:01.989 [info] Configuration changed
2023-05-06 19:02:23.150 [warning] invalid cursor position. [[5, 36] | [5, 36]].
2023-05-06 19:02:23.601 [warning] invalid cursor position. [[6, 36] | [6, 36]].
2023-05-06 19:02:24.102 [warning] invalid cursor position. [[7, 36] | [7, 36]].
2023-05-06 19:02:24.163 [warning] invalid cursor position. [[8, 36] | [8, 36]].
2023-05-06 19:02:24.185 [warning] invalid cursor position. [[9, 36] | [9, 36]].
2023-05-06 19:02:24.228 [warning] invalid cursor position. [[10, 36] | [10, 36]].
2023-05-06 19:02:24.247 [warning] invalid cursor position. [[11, 36] | [11, 36]].
2023-05-06 19:02:24.265 [warning] invalid cursor position. [[12, 36] | [12, 36]].
2023-05-06 19:02:24.299 [warning] invalid cursor position. [[13, 36] | [13, 36]].
2023-05-06 19:02:24.324 [warning] invalid cursor position. [[14, 36] | [14, 36]].
2023-05-06 19:02:24.603 [warning] invalid cursor position. [[13, 36] | [13, 36]].
2023-05-06 19:02:24.944 [warning] invalid cursor position. [[12, 36] | [12, 36]].
2023-05-06 19:02:28.430 [info] Active editor: file:///home/naman/Desktop/Project/React%20Native/cpay/app/Constant/ScreenKeys.ts
2023-05-06 19:02:29.465 [warning] invalid cursor position. [[2, 6] | [2, 6]].
2023-05-06 19:02:29.853 [warning] invalid cursor position. [[15, 6] | [15, 6]].
2023-05-06 19:02:29.958 [warning] invalid cursor position. [[18, 6] | [18, 6]].
2023-05-06 19:02:30.486 [warning] invalid cursor position. [[18, 6] | [18, 6]].
2023-05-06 19:02:31.061 [warning] invalid cursor position. [[21, 6] | [21, 6]].
2023-05-06 19:02:31.127 [warning] invalid cursor position. [[23, 6] | [23, 6]].
2023-05-06 19:02:31.382 [warning] invalid cursor position. [[23, 6] | [23, 6]].
2023-05-06 19:02:32.143 [warning] invalid cursor position. [[21, 6] | [21, 6]].
2023-05-06 19:02:34.574 [warning] invalid cursor position. [[18, 6] | [18, 6]].
2023-05-06 19:02:36.218 [warning] invalid cursor position. [[18, 6] | [18, 6]].
2023-05-06 19:02:36.320 [warning] invalid cursor position. [[21, 6] | [21, 6]].
2023-05-06 19:02:36.392 [warning] invalid cursor position. [[23, 6] | [23, 6]].
2023-05-06 19:02:36.472 [warning] invalid cursor position. [[26, 6] | [26, 6]].
2023-05-06 19:02:36.542 [warning] invalid cursor position. [[28, 6] | [28, 6]].
2023-05-06 19:02:49.842 [info] /home/naman/Desktop/Project/React Native/cpay/app/Constant/ScreenKeys.ts closed
2023-05-06 19:02:49.843 [info] /home/naman/Desktop/Project/React Native/cpay/app/Constant/ScreenKeys.ts.git closed
2023-05-06 19:02:49.848 [info] Active editor: file:///home/naman/Desktop/Project/React%20Native/cpay/app/Constant/index.ts
2023-05-06 19:18:47.326 [info] /home/naman/Desktop/Project/React Native/cpay/app/Components/Buttons/ButtonStyles.ts closed
2023-05-06 19:18:47.327 [info] /home/naman/Desktop/Project/React Native/cpay/app/Components/Buttons/ButtonStyles.ts.git closed
2023-05-06 19:18:47.376 [info] Active editor: file:///home/naman/Desktop/Project/React%20Native/cpay/app/Components/ImageCarousel/CarouselPropTypes.ts
2023-05-06 19:18:57.472 [info] /home/naman/Desktop/Project/React Native/cpay/app/Components/ImageCarousel/CarouselPropTypes.ts closed
2023-05-06 19:18:57.501 [info] /home/naman/Desktop/Project/React Native/cpay/app/Components/ImageCarousel/CarouselPropTypes.ts.git closed
2023-05-06 19:18:57.509 [info] Active editor: file:///home/naman/Desktop/Project/React%20Native/cpay/app/Constant/index.ts
2023-05-06 19:19:03.492 [info] Active editor: file:///home/naman/Desktop/Project/React%20Native/cpay/app/Constant/PropsTypes.ts
2023-05-06 19:19:03.691 [info] /home/naman/.config/Code/User/profiles/7ea727a4/settings.json closed
2023-05-06 19:19:03.743 [info] Configuration changed
2023-05-06 19:19:10.351 [warning] invalid cursor position. [[9, 2] | [9, 0]].
2023-05-06 19:19:11.820 [info] /home/naman/.config/Code/User/profiles/7ea727a4/settings.json closed
2023-05-06 19:19:11.853 [info] Configuration changed
2023-05-06 19:19:38.984 [info] Active editor: file:///home/naman/Desktop/Project/React%20Native/cpay/app/Components/ImageCarousel/CarouselStyles.ts
2023-05-06 19:19:40.889 [info] /home/naman/Desktop/Project/React Native/cpay/app/Components/ImageCarousel/CarouselStyles.ts closed
2023-05-06 19:19:40.889 [info] /home/naman/Desktop/Project/React Native/cpay/app/Components/ImageCarousel/CarouselStyles.ts.git closed
2023-05-06 19:19:40.938 [info] Active editor: file:///home/naman/Desktop/Project/React%20Native/cpay/app/Components/ImageCarousel/CarouselItem.tsx
2023-05-06 19:19:41.738 [info] /home/naman/Desktop/Project/React Native/cpay/app/Components/ImageCarousel/CarouselItem.tsx closed
2023-05-06 19:19:41.738 [info] /home/naman/Desktop/Project/React Native/cpay/app/Components/ImageCarousel/CarouselItem.tsx.git closed
2023-05-06 19:19:41.758 [info] Active editor: file:///home/naman/Desktop/Project/React%20Native/cpay/app/Components/ImageCarousel/CarouselIndicator.tsx
2023-05-06 19:19:42.726 [info] /home/naman/Desktop/Project/React Native/cpay/app/Components/ImageCarousel/CarouselIndicator.tsx closed
2023-05-06 19:19:42.727 [info] /home/naman/Desktop/Project/React Native/cpay/app/Components/ImageCarousel/CarouselIndicator.tsx.git closed
2023-05-06 19:19:42.751 [info] Active editor: file:///home/naman/Desktop/Project/React%20Native/cpay/app/Components/ImageCarousel/ImageCarousel.tsx
2023-05-06 19:19:57.505 [info] Active editor: file:///home/naman/Desktop/Project/React%20Native/cpay/app/Components/ImageCarousel/Slides.ts
2023-05-06 19:20:06.146 [info] Active editor: file:///home/naman/Desktop/Project/React%20Native/cpay/app/Components/ImageCarousel/ImageCarousel.tsx
2023-05-06 19:20:17.107 [info] /home/naman/.config/Code/User/profiles/7ea727a4/settings.json closed
2023-05-06 19:20:17.150 [info] Configuration changed
2023-05-06 19:20:37.435 [info] /home/naman/Desktop/Project/React Native/cpay/app/Components/ImageCarousel/ImageCarousel.tsx closed
2023-05-06 19:20:37.435 [info] /home/naman/Desktop/Project/React Native/cpay/app/Components/ImageCarousel/ImageCarousel.tsx.git closed
2023-05-06 19:20:37.441 [info] Active editor: file:///home/naman/Desktop/Project/React%20Native/cpay/app/Components/ImageCarousel/Slides.ts
2023-05-06 19:20:37.618 [info] /home/naman/.config/Code/User/profiles/7ea727a4/settings.json closed
2023-05-06 19:20:37.657 [info] Configuration changed
2023-05-06 19:20:39.043 [info] /home/naman/Desktop/Project/React Native/cpay/app/Components/ImageCarousel/Slides.ts closed
2023-05-06 19:20:39.044 [info] /home/naman/Desktop/Project/React Native/cpay/app/Components/ImageCarousel/Slides.ts.git closed
2023-05-06 19:20:39.049 [info] Active editor: file:///home/naman/Desktop/Project/React%20Native/cpay/app/Constant/PropsTypes.ts
2023-05-06 19:20:42.519 [info] /home/naman/Desktop/Project/React Native/cpay/app/Constant/PropsTypes.ts closed
2023-05-06 19:20:42.519 [info] /home/naman/Desktop/Project/React Native/cpay/app/Constant/PropsTypes.ts.git closed
2023-05-06 19:20:42.523 [info] Active editor: file:///home/naman/Desktop/Project/React%20Native/cpay/app/Constant/index.ts
2023-05-06 19:20:43.666 [info] /home/naman/Desktop/Project/React Native/cpay/app/Constant/index.ts closed
2023-05-06 19:20:43.667 [info] /home/naman/Desktop/Project/React Native/cpay/app/Constant/index.ts.git closed
2023-05-06 19:20:43.676 [info] Active editor: file:///home/naman/Desktop/Project/React%20Native/cpay/app/Components/Buttons/LinkButton.tsx
2023-05-06 19:20:43.863 [info] /home/naman/.config/Code/User/profiles/7ea727a4/settings.json closed
2023-05-06 19:20:43.896 [info] Configuration changed
2023-05-06 19:20:50.444 [info] /home/naman/Desktop/Project/React Native/cpay/app/Components/Buttons/LinkButton.tsx closed
2023-05-06 19:20:50.445 [info] /home/naman/Desktop/Project/React Native/cpay/app/Components/Buttons/LinkButton.tsx.git closed
2023-05-06 19:20:50.450 [info] Active editor: file:///home/naman/Desktop/Project/React%20Native/cpay/app/Components/Buttons/MainButton.tsx
2023-05-06 19:20:52.496 [info] /home/naman/Desktop/Project/React Native/cpay/app/Components/Buttons/MainButton.tsx closed
2023-05-06 19:20:52.497 [info] /home/naman/Desktop/Project/React Native/cpay/app/Components/Buttons/MainButton.tsx.git closed
2023-05-06 19:20:52.502 [info] Active editor: file:///home/naman/Desktop/Project/React%20Native/cpay/app/Components/Buttons/index.ts
2023-05-06 19:20:53.775 [info] /home/naman/Desktop/Project/React Native/cpay/app/Components/Buttons/index.ts closed
2023-05-06 19:20:53.776 [info] /home/naman/Desktop/Project/React Native/cpay/app/Components/Buttons/index.ts.git closed
2023-05-06 19:20:53.790 [info] Active editor: file:///home/naman/Desktop/Project/React%20Native/cpay/app/Screens/OnBoardingScreens/OnBoardingScreen.tsx
2023-05-06 19:20:54.028 [info] /home/naman/.config/Code/User/profiles/7ea727a4/settings.json closed
2023-05-06 19:20:54.070 [info] Configuration changed
2023-05-06 19:20:57.050 [info] /home/naman/Desktop/Project/React Native/cpay/app/Screens/OnBoardingScreens/OnBoardingScreen.tsx closed
2023-05-06 19:20:57.051 [info] /home/naman/Desktop/Project/React Native/cpay/app/Screens/OnBoardingScreens/OnBoardingScreen.tsx.git closed
2023-05-06 19:21:19.592 [info] /home/naman/.config/Code/User/profiles/7ea727a4/settings.json closed
2023-05-06 19:21:19.623 [info] Configuration changed
2023-05-06 19:24:18.730 [info] Configuration changed
2023-05-06 19:33:13.422 [info] Active editor: file:///home/naman/Desktop/Project/React%20Native/cpay/app/Components/Loader/index.ts
