["INFO" - 1:39:43 PM] Extension Name: esbenp.prettier-vscode.
["INFO" - 1:39:43 PM] Extension Version: 9.12.0.
["DEBUG" - 1:39:43 PM] Enabling Prettier globally
{
  "languageSelector": [
    {
      "language": "javascript"
    },
    {
      "language": "mongo"
    },
    {
      "language": "javascriptreact"
    },
    {
      "language": "typescript"
    },
    {
      "language": "typescriptreact"
    },
    {
      "language": "json"
    },
    {
      "language": "jsonc"
    },
    {
      "language": "json5"
    },
    {
      "language": "css"
    },
    {
      "language": "postcss"
    },
    {
      "language": "less"
    },
    {
      "language": "scss"
    },
    {
      "language": "handlebars"
    },
    {
      "language": "graphql"
    },
    {
      "language": "markdown"
    },
    {
      "language": "mdx"
    },
    {
      "language": "html"
    },
    {
      "language": "vue"
    },
    {
      "language": "yaml"
    },
    {
      "language": "ansible"
    },
    {
      "language": "home-assistant"
    },
    {
      "language": "jsonc",
      "scheme": "vscode-userdata"
    }
  ],
  "rangeLanguageSelector": [
    {
      "language": "javascript"
    },
    {
      "language": "javascriptreact"
    },
    {
      "language": "typescript"
    },
    {
      "language": "typescriptreact"
    },
    {
      "language": "json"
    },
    {
      "language": "jsonc"
    },
    {
      "language": "graphql"
    }
  ]
}
["INFO" - 1:39:43 PM] Attempted to determine module path from /media/naman/New Volume/Projects/NestJs/harmonyApi
["ERROR" - 1:39:43 PM] Failed to load module. If you have prettier or plugins referenced in package.json, ensure you have run `npm install`
["ERROR" - 1:39:43 PM] Cannot find module 'prettier' from '/media/naman/New Volume/Projects/NestJs/harmonyApi'
Error: Cannot find module 'prettier' from '/media/naman/New Volume/Projects/NestJs/harmonyApi'
	at e.exports [as sync] (/home/naman/.vscode/extensions/esbenp.prettier-vscode-9.12.0/dist/extension.js:1:37299)
	at t.ModuleResolver.findPkg (/home/naman/.vscode/extensions/esbenp.prettier-vscode-9.12.0/dist/extension.js:1:7359)
	at t.ModuleResolver.getPrettierInstance (/home/naman/.vscode/extensions/esbenp.prettier-vscode-9.12.0/dist/extension.js:1:3313)
	at t.default.handleActiveTextEditorChanged (/home/naman/.vscode/extensions/esbenp.prettier-vscode-9.12.0/dist/extension.js:1:9843)
	at t.default.handleActiveTextEditorChangedSync (/home/naman/.vscode/extensions/esbenp.prettier-vscode-9.12.0/dist/extension.js:1:9445)
	at t.default.registerDisposables (/home/naman/.vscode/extensions/esbenp.prettier-vscode-9.12.0/dist/extension.js:1:12288)
	at /home/naman/.vscode/extensions/esbenp.prettier-vscode-9.12.0/dist/extension.js:1:77862
["INFO" - 1:39:56 PM] Attempted to determine module path from /media/naman/New Volume/Projects/NestJs/harmonyApi
["ERROR" - 1:39:56 PM] Failed to load module. If you have prettier or plugins referenced in package.json, ensure you have run `npm install`
["ERROR" - 1:39:56 PM] Cannot find module 'prettier' from '/media/naman/New Volume/Projects/NestJs/harmonyApi'
Error: Cannot find module 'prettier' from '/media/naman/New Volume/Projects/NestJs/harmonyApi'
	at e.exports [as sync] (/home/naman/.vscode/extensions/esbenp.prettier-vscode-9.12.0/dist/extension.js:1:37299)
	at t.ModuleResolver.findPkg (/home/naman/.vscode/extensions/esbenp.prettier-vscode-9.12.0/dist/extension.js:1:7359)
	at t.ModuleResolver.getPrettierInstance (/home/naman/.vscode/extensions/esbenp.prettier-vscode-9.12.0/dist/extension.js:1:3313)
	at t.default.handleActiveTextEditorChanged (/home/naman/.vscode/extensions/esbenp.prettier-vscode-9.12.0/dist/extension.js:1:9843)
	at handleActiveTextEditorChangedSync (/home/naman/.vscode/extensions/esbenp.prettier-vscode-9.12.0/dist/extension.js:1:9445)
	at v.invoke (/snap/code/127/usr/share/code/resources/app/out/vs/workbench/api/node/extensionHostProcess.js:63:145)
	at h.deliver (/snap/code/127/usr/share/code/resources/app/out/vs/workbench/api/node/extensionHostProcess.js:63:2121)
	at i.fire (/snap/code/127/usr/share/code/resources/app/out/vs/workbench/api/node/extensionHostProcess.js:63:1729)
	at /snap/code/127/usr/share/code/resources/app/out/vs/workbench/api/node/extensionHostProcess.js:102:16108
	at v.invoke (/snap/code/127/usr/share/code/resources/app/out/vs/workbench/api/node/extensionHostProcess.js:63:145)
	at h.deliver (/snap/code/127/usr/share/code/resources/app/out/vs/workbench/api/node/extensionHostProcess.js:63:2121)
	at i.fire (/snap/code/127/usr/share/code/resources/app/out/vs/workbench/api/node/extensionHostProcess.js:63:1729)
	at e.ExtHostDocumentsAndEditors.acceptDocumentsAndEditorsDelta (/snap/code/127/usr/share/code/resources/app/out/vs/workbench/api/node/extensionHostProcess.js:100:14001)
	at e.ExtHostDocumentsAndEditors.$acceptDocumentsAndEditorsDelta (/snap/code/127/usr/share/code/resources/app/out/vs/workbench/api/node/extensionHostProcess.js:100:12316)
	at a.N (/snap/code/127/usr/share/code/resources/app/out/vs/workbench/api/node/extensionHostProcess.js:110:11620)
	at a.M (/snap/code/127/usr/share/code/resources/app/out/vs/workbench/api/node/extensionHostProcess.js:110:11338)
	at a.H (/snap/code/127/usr/share/code/resources/app/out/vs/workbench/api/node/extensionHostProcess.js:110:10431)
	at a.G (/snap/code/127/usr/share/code/resources/app/out/vs/workbench/api/node/extensionHostProcess.js:110:9412)
	at /snap/code/127/usr/share/code/resources/app/out/vs/workbench/api/node/extensionHostProcess.js:110:8200
	at v.invoke (/snap/code/127/usr/share/code/resources/app/out/vs/workbench/api/node/extensionHostProcess.js:63:145)
	at h.deliver (/snap/code/127/usr/share/code/resources/app/out/vs/workbench/api/node/extensionHostProcess.js:63:2121)
	at i.fire (/snap/code/127/usr/share/code/resources/app/out/vs/workbench/api/node/extensionHostProcess.js:63:1729)
	at g.fire (/snap/code/127/usr/share/code/resources/app/out/vs/workbench/api/node/extensionHostProcess.js:72:14852)
	at /snap/code/127/usr/share/code/resources/app/out/vs/workbench/api/node/extensionHostProcess.js:126:32403
	at v.invoke (/snap/code/127/usr/share/code/resources/app/out/vs/workbench/api/node/extensionHostProcess.js:63:145)
	at h.deliver (/snap/code/127/usr/share/code/resources/app/out/vs/workbench/api/node/extensionHostProcess.js:63:2121)
	at i.fire (/snap/code/127/usr/share/code/resources/app/out/vs/workbench/api/node/extensionHostProcess.js:63:1729)
	at g.fire (/snap/code/127/usr/share/code/resources/app/out/vs/workbench/api/node/extensionHostProcess.js:72:14852)
	at MessagePortMain.<anonymous> (/snap/code/127/usr/share/code/resources/app/out/vs/workbench/api/node/extensionHostProcess.js:126:30529)
	at MessagePortMain.emit (node:events:513:28)
	at MessagePortMain._internalPort.emit (node:electron/js2c/utility_init:2:367)
["INFO" - 1:40:04 PM] Formatting vscode-userdata:/home/naman/.config/Code/User/profiles/7ea727a4/settings.json
["DEBUG" - 1:40:04 PM] Using bundled version of prettier.
["INFO" - 1:40:04 PM] File Info:
{
  "ignored": false,
  "inferredParser": "json"
}
["INFO" - 1:40:04 PM] No local configuration (i.e. .prettierrc or .editorconfig) detected, falling back to VS Code configuration
["INFO" - 1:40:04 PM] Prettier Options:
{
  "arrowParens": "always",
  "bracketSpacing": true,
  "endOfLine": "lf",
  "htmlWhitespaceSensitivity": "css",
  "insertPragma": false,
  "singleAttributePerLine": true,
  "bracketSameLine": false,
  "jsxBracketSameLine": false,
  "jsxSingleQuote": false,
  "printWidth": 220,
  "proseWrap": "preserve",
  "quoteProps": "as-needed",
  "requirePragma": false,
  "semi": false,
  "singleQuote": false,
  "tabWidth": 2,
  "trailingComma": "all",
  "useTabs": true,
  "vueIndentScriptAndStyle": false,
  "filepath": "/home/naman/.config/Code/User/profiles/7ea727a4/settings.json",
  "parser": "json"
}
["INFO" - 1:40:04 PM] Formatting completed in 64ms.
["INFO" - 1:40:06 PM] Attempted to determine module path from /media/naman/New Volume/Projects/NestJs/harmonyApi
["ERROR" - 1:40:06 PM] Failed to load module. If you have prettier or plugins referenced in package.json, ensure you have run `npm install`
["ERROR" - 1:40:06 PM] Cannot find module 'prettier' from '/media/naman/New Volume/Projects/NestJs/harmonyApi'
Error: Cannot find module 'prettier' from '/media/naman/New Volume/Projects/NestJs/harmonyApi'
	at e.exports [as sync] (/home/naman/.vscode/extensions/esbenp.prettier-vscode-9.12.0/dist/extension.js:1:37299)
	at t.ModuleResolver.findPkg (/home/naman/.vscode/extensions/esbenp.prettier-vscode-9.12.0/dist/extension.js:1:7359)
	at t.ModuleResolver.getPrettierInstance (/home/naman/.vscode/extensions/esbenp.prettier-vscode-9.12.0/dist/extension.js:1:3313)
	at t.default.handleActiveTextEditorChanged (/home/naman/.vscode/extensions/esbenp.prettier-vscode-9.12.0/dist/extension.js:1:9843)
	at handleActiveTextEditorChangedSync (/home/naman/.vscode/extensions/esbenp.prettier-vscode-9.12.0/dist/extension.js:1:9445)
	at v.invoke (/snap/code/127/usr/share/code/resources/app/out/vs/workbench/api/node/extensionHostProcess.js:63:145)
	at h.deliver (/snap/code/127/usr/share/code/resources/app/out/vs/workbench/api/node/extensionHostProcess.js:63:2121)
	at i.fire (/snap/code/127/usr/share/code/resources/app/out/vs/workbench/api/node/extensionHostProcess.js:63:1729)
	at /snap/code/127/usr/share/code/resources/app/out/vs/workbench/api/node/extensionHostProcess.js:102:16108
	at v.invoke (/snap/code/127/usr/share/code/resources/app/out/vs/workbench/api/node/extensionHostProcess.js:63:145)
	at h.deliver (/snap/code/127/usr/share/code/resources/app/out/vs/workbench/api/node/extensionHostProcess.js:63:2121)
	at i.fire (/snap/code/127/usr/share/code/resources/app/out/vs/workbench/api/node/extensionHostProcess.js:63:1729)
	at e.ExtHostDocumentsAndEditors.acceptDocumentsAndEditorsDelta (/snap/code/127/usr/share/code/resources/app/out/vs/workbench/api/node/extensionHostProcess.js:100:14001)
	at e.ExtHostDocumentsAndEditors.$acceptDocumentsAndEditorsDelta (/snap/code/127/usr/share/code/resources/app/out/vs/workbench/api/node/extensionHostProcess.js:100:12316)
	at a.N (/snap/code/127/usr/share/code/resources/app/out/vs/workbench/api/node/extensionHostProcess.js:110:11620)
	at a.M (/snap/code/127/usr/share/code/resources/app/out/vs/workbench/api/node/extensionHostProcess.js:110:11338)
	at a.H (/snap/code/127/usr/share/code/resources/app/out/vs/workbench/api/node/extensionHostProcess.js:110:10431)
	at a.G (/snap/code/127/usr/share/code/resources/app/out/vs/workbench/api/node/extensionHostProcess.js:110:9412)
	at /snap/code/127/usr/share/code/resources/app/out/vs/workbench/api/node/extensionHostProcess.js:110:8200
	at v.invoke (/snap/code/127/usr/share/code/resources/app/out/vs/workbench/api/node/extensionHostProcess.js:63:145)
	at h.deliver (/snap/code/127/usr/share/code/resources/app/out/vs/workbench/api/node/extensionHostProcess.js:63:2121)
	at i.fire (/snap/code/127/usr/share/code/resources/app/out/vs/workbench/api/node/extensionHostProcess.js:63:1729)
	at g.fire (/snap/code/127/usr/share/code/resources/app/out/vs/workbench/api/node/extensionHostProcess.js:72:14852)
	at /snap/code/127/usr/share/code/resources/app/out/vs/workbench/api/node/extensionHostProcess.js:126:32403
	at v.invoke (/snap/code/127/usr/share/code/resources/app/out/vs/workbench/api/node/extensionHostProcess.js:63:145)
	at h.deliver (/snap/code/127/usr/share/code/resources/app/out/vs/workbench/api/node/extensionHostProcess.js:63:2121)
	at i.fire (/snap/code/127/usr/share/code/resources/app/out/vs/workbench/api/node/extensionHostProcess.js:63:1729)
	at g.fire (/snap/code/127/usr/share/code/resources/app/out/vs/workbench/api/node/extensionHostProcess.js:72:14852)
	at MessagePortMain.<anonymous> (/snap/code/127/usr/share/code/resources/app/out/vs/workbench/api/node/extensionHostProcess.js:126:30529)
	at MessagePortMain.emit (node:events:513:28)
	at MessagePortMain._internalPort.emit (node:electron/js2c/utility_init:2:367)
["INFO" - 1:40:46 PM] Formatting vscode-userdata:/home/naman/.config/Code/User/profiles/7ea727a4/settings.json
["DEBUG" - 1:40:46 PM] Using bundled version of prettier.
["INFO" - 1:40:46 PM] File Info:
{
  "ignored": false,
  "inferredParser": "json"
}
["INFO" - 1:40:46 PM] No local configuration (i.e. .prettierrc or .editorconfig) detected, falling back to VS Code configuration
["INFO" - 1:40:46 PM] Prettier Options:
{
  "arrowParens": "always",
  "bracketSpacing": true,
  "endOfLine": "lf",
  "htmlWhitespaceSensitivity": "css",
  "insertPragma": false,
  "singleAttributePerLine": true,
  "bracketSameLine": false,
  "jsxBracketSameLine": false,
  "jsxSingleQuote": false,
  "printWidth": 220,
  "proseWrap": "preserve",
  "quoteProps": "as-needed",
  "requirePragma": false,
  "semi": false,
  "singleQuote": false,
  "tabWidth": 2,
  "trailingComma": "all",
  "useTabs": true,
  "vueIndentScriptAndStyle": false,
  "filepath": "/home/naman/.config/Code/User/profiles/7ea727a4/settings.json",
  "parser": "json"
}
["INFO" - 1:40:46 PM] Formatting completed in 49ms.
["INFO" - 1:40:47 PM] Attempted to determine module path from /media/naman/New Volume/Projects/NestJs/harmonyApi
["ERROR" - 1:40:47 PM] Failed to load module. If you have prettier or plugins referenced in package.json, ensure you have run `npm install`
["ERROR" - 1:40:47 PM] Cannot find module 'prettier' from '/media/naman/New Volume/Projects/NestJs/harmonyApi'
Error: Cannot find module 'prettier' from '/media/naman/New Volume/Projects/NestJs/harmonyApi'
	at e.exports [as sync] (/home/naman/.vscode/extensions/esbenp.prettier-vscode-9.12.0/dist/extension.js:1:37299)
	at t.ModuleResolver.findPkg (/home/naman/.vscode/extensions/esbenp.prettier-vscode-9.12.0/dist/extension.js:1:7359)
	at t.ModuleResolver.getPrettierInstance (/home/naman/.vscode/extensions/esbenp.prettier-vscode-9.12.0/dist/extension.js:1:3313)
	at t.default.handleActiveTextEditorChanged (/home/naman/.vscode/extensions/esbenp.prettier-vscode-9.12.0/dist/extension.js:1:9843)
	at handleActiveTextEditorChangedSync (/home/naman/.vscode/extensions/esbenp.prettier-vscode-9.12.0/dist/extension.js:1:9445)
	at v.invoke (/snap/code/127/usr/share/code/resources/app/out/vs/workbench/api/node/extensionHostProcess.js:63:145)
	at h.deliver (/snap/code/127/usr/share/code/resources/app/out/vs/workbench/api/node/extensionHostProcess.js:63:2121)
	at i.fire (/snap/code/127/usr/share/code/resources/app/out/vs/workbench/api/node/extensionHostProcess.js:63:1729)
	at /snap/code/127/usr/share/code/resources/app/out/vs/workbench/api/node/extensionHostProcess.js:102:16108
	at v.invoke (/snap/code/127/usr/share/code/resources/app/out/vs/workbench/api/node/extensionHostProcess.js:63:145)
	at h.deliver (/snap/code/127/usr/share/code/resources/app/out/vs/workbench/api/node/extensionHostProcess.js:63:2121)
	at i.fire (/snap/code/127/usr/share/code/resources/app/out/vs/workbench/api/node/extensionHostProcess.js:63:1729)
	at e.ExtHostDocumentsAndEditors.acceptDocumentsAndEditorsDelta (/snap/code/127/usr/share/code/resources/app/out/vs/workbench/api/node/extensionHostProcess.js:100:14001)
	at e.ExtHostDocumentsAndEditors.$acceptDocumentsAndEditorsDelta (/snap/code/127/usr/share/code/resources/app/out/vs/workbench/api/node/extensionHostProcess.js:100:12316)
	at a.N (/snap/code/127/usr/share/code/resources/app/out/vs/workbench/api/node/extensionHostProcess.js:110:11620)
	at a.M (/snap/code/127/usr/share/code/resources/app/out/vs/workbench/api/node/extensionHostProcess.js:110:11338)
	at a.H (/snap/code/127/usr/share/code/resources/app/out/vs/workbench/api/node/extensionHostProcess.js:110:10431)
	at a.G (/snap/code/127/usr/share/code/resources/app/out/vs/workbench/api/node/extensionHostProcess.js:110:9412)
	at /snap/code/127/usr/share/code/resources/app/out/vs/workbench/api/node/extensionHostProcess.js:110:8200
	at v.invoke (/snap/code/127/usr/share/code/resources/app/out/vs/workbench/api/node/extensionHostProcess.js:63:145)
	at h.deliver (/snap/code/127/usr/share/code/resources/app/out/vs/workbench/api/node/extensionHostProcess.js:63:2121)
	at i.fire (/snap/code/127/usr/share/code/resources/app/out/vs/workbench/api/node/extensionHostProcess.js:63:1729)
	at g.fire (/snap/code/127/usr/share/code/resources/app/out/vs/workbench/api/node/extensionHostProcess.js:72:14852)
	at /snap/code/127/usr/share/code/resources/app/out/vs/workbench/api/node/extensionHostProcess.js:126:32403
	at v.invoke (/snap/code/127/usr/share/code/resources/app/out/vs/workbench/api/node/extensionHostProcess.js:63:145)
	at h.deliver (/snap/code/127/usr/share/code/resources/app/out/vs/workbench/api/node/extensionHostProcess.js:63:2121)
	at i.fire (/snap/code/127/usr/share/code/resources/app/out/vs/workbench/api/node/extensionHostProcess.js:63:1729)
	at g.fire (/snap/code/127/usr/share/code/resources/app/out/vs/workbench/api/node/extensionHostProcess.js:72:14852)
	at MessagePortMain.<anonymous> (/snap/code/127/usr/share/code/resources/app/out/vs/workbench/api/node/extensionHostProcess.js:126:30529)
	at MessagePortMain.emit (node:events:513:28)
	at MessagePortMain._internalPort.emit (node:electron/js2c/utility_init:2:367)
["INFO" - 1:41:09 PM] Formatting vscode-userdata:/home/naman/.config/Code/User/profiles/7ea727a4/settings.json
["DEBUG" - 1:41:09 PM] Using bundled version of prettier.
["INFO" - 1:41:09 PM] File Info:
{
  "ignored": false,
  "inferredParser": "json"
}
["INFO" - 1:41:09 PM] No local configuration (i.e. .prettierrc or .editorconfig) detected, falling back to VS Code configuration
["INFO" - 1:41:09 PM] Prettier Options:
{
  "arrowParens": "always",
  "bracketSpacing": true,
  "endOfLine": "lf",
  "htmlWhitespaceSensitivity": "css",
  "insertPragma": false,
  "singleAttributePerLine": true,
  "bracketSameLine": false,
  "jsxBracketSameLine": false,
  "jsxSingleQuote": false,
  "printWidth": 220,
  "proseWrap": "preserve",
  "quoteProps": "as-needed",
  "requirePragma": false,
  "semi": false,
  "singleQuote": false,
  "tabWidth": 2,
  "trailingComma": "all",
  "useTabs": true,
  "vueIndentScriptAndStyle": false,
  "filepath": "/home/naman/.config/Code/User/profiles/7ea727a4/settings.json",
  "parser": "json"
}
["INFO" - 1:41:09 PM] Formatting completed in 51ms.
["INFO" - 1:41:09 PM] Formatting vscode-userdata:/home/naman/.config/Code/User/profiles/7ea727a4/settings.json
["DEBUG" - 1:41:09 PM] Using bundled version of prettier.
["INFO" - 1:41:09 PM] File Info:
{
  "ignored": false,
  "inferredParser": "json"
}
["INFO" - 1:41:09 PM] No local configuration (i.e. .prettierrc or .editorconfig) detected, falling back to VS Code configuration
["INFO" - 1:41:09 PM] Prettier Options:
{
  "arrowParens": "always",
  "bracketSpacing": true,
  "endOfLine": "lf",
  "htmlWhitespaceSensitivity": "css",
  "insertPragma": false,
  "singleAttributePerLine": true,
  "bracketSameLine": false,
  "jsxBracketSameLine": false,
  "jsxSingleQuote": false,
  "printWidth": 220,
  "proseWrap": "preserve",
  "quoteProps": "as-needed",
  "requirePragma": false,
  "semi": false,
  "singleQuote": false,
  "tabWidth": 2,
  "trailingComma": "all",
  "useTabs": true,
  "vueIndentScriptAndStyle": false,
  "filepath": "/home/naman/.config/Code/User/profiles/7ea727a4/settings.json",
  "parser": "json"
}
["INFO" - 1:41:09 PM] Formatting completed in 47ms.
["INFO" - 1:41:29 PM] Attempted to determine module path from /media/naman/New Volume/Projects/NestJs/harmonyApi
["ERROR" - 1:41:29 PM] Failed to load module. If you have prettier or plugins referenced in package.json, ensure you have run `npm install`
["ERROR" - 1:41:29 PM] Cannot find module 'prettier' from '/media/naman/New Volume/Projects/NestJs/harmonyApi'
Error: Cannot find module 'prettier' from '/media/naman/New Volume/Projects/NestJs/harmonyApi'
	at e.exports [as sync] (/home/naman/.vscode/extensions/esbenp.prettier-vscode-9.12.0/dist/extension.js:1:37299)
	at t.ModuleResolver.findPkg (/home/naman/.vscode/extensions/esbenp.prettier-vscode-9.12.0/dist/extension.js:1:7359)
	at t.ModuleResolver.getPrettierInstance (/home/naman/.vscode/extensions/esbenp.prettier-vscode-9.12.0/dist/extension.js:1:3313)
	at t.default.handleActiveTextEditorChanged (/home/naman/.vscode/extensions/esbenp.prettier-vscode-9.12.0/dist/extension.js:1:9843)
	at handleActiveTextEditorChangedSync (/home/naman/.vscode/extensions/esbenp.prettier-vscode-9.12.0/dist/extension.js:1:9445)
	at v.invoke (/snap/code/127/usr/share/code/resources/app/out/vs/workbench/api/node/extensionHostProcess.js:63:145)
	at h.deliver (/snap/code/127/usr/share/code/resources/app/out/vs/workbench/api/node/extensionHostProcess.js:63:2121)
	at i.fire (/snap/code/127/usr/share/code/resources/app/out/vs/workbench/api/node/extensionHostProcess.js:63:1729)
	at /snap/code/127/usr/share/code/resources/app/out/vs/workbench/api/node/extensionHostProcess.js:102:16108
	at v.invoke (/snap/code/127/usr/share/code/resources/app/out/vs/workbench/api/node/extensionHostProcess.js:63:145)
	at h.deliver (/snap/code/127/usr/share/code/resources/app/out/vs/workbench/api/node/extensionHostProcess.js:63:2121)
	at i.fire (/snap/code/127/usr/share/code/resources/app/out/vs/workbench/api/node/extensionHostProcess.js:63:1729)
	at e.ExtHostDocumentsAndEditors.acceptDocumentsAndEditorsDelta (/snap/code/127/usr/share/code/resources/app/out/vs/workbench/api/node/extensionHostProcess.js:100:14001)
	at e.ExtHostDocumentsAndEditors.$acceptDocumentsAndEditorsDelta (/snap/code/127/usr/share/code/resources/app/out/vs/workbench/api/node/extensionHostProcess.js:100:12316)
	at a.N (/snap/code/127/usr/share/code/resources/app/out/vs/workbench/api/node/extensionHostProcess.js:110:11620)
	at a.M (/snap/code/127/usr/share/code/resources/app/out/vs/workbench/api/node/extensionHostProcess.js:110:11338)
	at a.H (/snap/code/127/usr/share/code/resources/app/out/vs/workbench/api/node/extensionHostProcess.js:110:10431)
	at a.G (/snap/code/127/usr/share/code/resources/app/out/vs/workbench/api/node/extensionHostProcess.js:110:9412)
	at /snap/code/127/usr/share/code/resources/app/out/vs/workbench/api/node/extensionHostProcess.js:110:8200
	at v.invoke (/snap/code/127/usr/share/code/resources/app/out/vs/workbench/api/node/extensionHostProcess.js:63:145)
	at h.deliver (/snap/code/127/usr/share/code/resources/app/out/vs/workbench/api/node/extensionHostProcess.js:63:2121)
	at i.fire (/snap/code/127/usr/share/code/resources/app/out/vs/workbench/api/node/extensionHostProcess.js:63:1729)
	at g.fire (/snap/code/127/usr/share/code/resources/app/out/vs/workbench/api/node/extensionHostProcess.js:72:14852)
	at /snap/code/127/usr/share/code/resources/app/out/vs/workbench/api/node/extensionHostProcess.js:126:32403
	at v.invoke (/snap/code/127/usr/share/code/resources/app/out/vs/workbench/api/node/extensionHostProcess.js:63:145)
	at h.deliver (/snap/code/127/usr/share/code/resources/app/out/vs/workbench/api/node/extensionHostProcess.js:63:2121)
	at i.fire (/snap/code/127/usr/share/code/resources/app/out/vs/workbench/api/node/extensionHostProcess.js:63:1729)
	at g.fire (/snap/code/127/usr/share/code/resources/app/out/vs/workbench/api/node/extensionHostProcess.js:72:14852)
	at MessagePortMain.<anonymous> (/snap/code/127/usr/share/code/resources/app/out/vs/workbench/api/node/extensionHostProcess.js:126:30529)
	at MessagePortMain.emit (node:events:513:28)
	at MessagePortMain._internalPort.emit (node:electron/js2c/utility_init:2:367)
["INFO" - 1:41:31 PM] Formatting vscode-userdata:/home/naman/.config/Code/User/profiles/7ea727a4/settings.json
["DEBUG" - 1:41:31 PM] Using bundled version of prettier.
["INFO" - 1:41:31 PM] File Info:
{
  "ignored": false,
  "inferredParser": "json"
}
["INFO" - 1:41:31 PM] No local configuration (i.e. .prettierrc or .editorconfig) detected, falling back to VS Code configuration
["INFO" - 1:41:31 PM] Prettier Options:
{
  "arrowParens": "always",
  "bracketSpacing": true,
  "endOfLine": "lf",
  "htmlWhitespaceSensitivity": "css",
  "insertPragma": false,
  "singleAttributePerLine": true,
  "bracketSameLine": false,
  "jsxBracketSameLine": false,
  "jsxSingleQuote": false,
  "printWidth": 220,
  "proseWrap": "preserve",
  "quoteProps": "as-needed",
  "requirePragma": false,
  "semi": false,
  "singleQuote": false,
  "tabWidth": 2,
  "trailingComma": "all",
  "useTabs": true,
  "vueIndentScriptAndStyle": false,
  "filepath": "/home/naman/.config/Code/User/profiles/7ea727a4/settings.json",
  "parser": "json"
}
["INFO" - 1:41:31 PM] Formatting completed in 20ms.
["INFO" - 1:41:52 PM] Attempted to determine module path from /media/naman/New Volume/Projects/NestJs/harmonyApi
["ERROR" - 1:41:52 PM] Failed to load module. If you have prettier or plugins referenced in package.json, ensure you have run `npm install`
["ERROR" - 1:41:52 PM] Cannot find module 'prettier' from '/media/naman/New Volume/Projects/NestJs/harmonyApi'
Error: Cannot find module 'prettier' from '/media/naman/New Volume/Projects/NestJs/harmonyApi'
	at e.exports [as sync] (/home/naman/.vscode/extensions/esbenp.prettier-vscode-9.12.0/dist/extension.js:1:37299)
	at t.ModuleResolver.findPkg (/home/naman/.vscode/extensions/esbenp.prettier-vscode-9.12.0/dist/extension.js:1:7359)
	at t.ModuleResolver.getPrettierInstance (/home/naman/.vscode/extensions/esbenp.prettier-vscode-9.12.0/dist/extension.js:1:3313)
	at t.default.handleActiveTextEditorChanged (/home/naman/.vscode/extensions/esbenp.prettier-vscode-9.12.0/dist/extension.js:1:9843)
	at handleActiveTextEditorChangedSync (/home/naman/.vscode/extensions/esbenp.prettier-vscode-9.12.0/dist/extension.js:1:9445)
	at v.invoke (/snap/code/127/usr/share/code/resources/app/out/vs/workbench/api/node/extensionHostProcess.js:63:145)
	at h.deliver (/snap/code/127/usr/share/code/resources/app/out/vs/workbench/api/node/extensionHostProcess.js:63:2121)
	at i.fire (/snap/code/127/usr/share/code/resources/app/out/vs/workbench/api/node/extensionHostProcess.js:63:1729)
	at /snap/code/127/usr/share/code/resources/app/out/vs/workbench/api/node/extensionHostProcess.js:102:16108
	at v.invoke (/snap/code/127/usr/share/code/resources/app/out/vs/workbench/api/node/extensionHostProcess.js:63:145)
	at h.deliver (/snap/code/127/usr/share/code/resources/app/out/vs/workbench/api/node/extensionHostProcess.js:63:2121)
	at i.fire (/snap/code/127/usr/share/code/resources/app/out/vs/workbench/api/node/extensionHostProcess.js:63:1729)
	at e.ExtHostDocumentsAndEditors.acceptDocumentsAndEditorsDelta (/snap/code/127/usr/share/code/resources/app/out/vs/workbench/api/node/extensionHostProcess.js:100:14001)
	at e.ExtHostDocumentsAndEditors.$acceptDocumentsAndEditorsDelta (/snap/code/127/usr/share/code/resources/app/out/vs/workbench/api/node/extensionHostProcess.js:100:12316)
	at a.N (/snap/code/127/usr/share/code/resources/app/out/vs/workbench/api/node/extensionHostProcess.js:110:11620)
	at a.M (/snap/code/127/usr/share/code/resources/app/out/vs/workbench/api/node/extensionHostProcess.js:110:11338)
	at a.H (/snap/code/127/usr/share/code/resources/app/out/vs/workbench/api/node/extensionHostProcess.js:110:10431)
	at a.G (/snap/code/127/usr/share/code/resources/app/out/vs/workbench/api/node/extensionHostProcess.js:110:9412)
	at /snap/code/127/usr/share/code/resources/app/out/vs/workbench/api/node/extensionHostProcess.js:110:8200
	at v.invoke (/snap/code/127/usr/share/code/resources/app/out/vs/workbench/api/node/extensionHostProcess.js:63:145)
	at h.deliver (/snap/code/127/usr/share/code/resources/app/out/vs/workbench/api/node/extensionHostProcess.js:63:2121)
	at i.fire (/snap/code/127/usr/share/code/resources/app/out/vs/workbench/api/node/extensionHostProcess.js:63:1729)
	at g.fire (/snap/code/127/usr/share/code/resources/app/out/vs/workbench/api/node/extensionHostProcess.js:72:14852)
	at /snap/code/127/usr/share/code/resources/app/out/vs/workbench/api/node/extensionHostProcess.js:126:32403
	at v.invoke (/snap/code/127/usr/share/code/resources/app/out/vs/workbench/api/node/extensionHostProcess.js:63:145)
	at h.deliver (/snap/code/127/usr/share/code/resources/app/out/vs/workbench/api/node/extensionHostProcess.js:63:2121)
	at i.fire (/snap/code/127/usr/share/code/resources/app/out/vs/workbench/api/node/extensionHostProcess.js:63:1729)
	at g.fire (/snap/code/127/usr/share/code/resources/app/out/vs/workbench/api/node/extensionHostProcess.js:72:14852)
	at MessagePortMain.<anonymous> (/snap/code/127/usr/share/code/resources/app/out/vs/workbench/api/node/extensionHostProcess.js:126:30529)
	at MessagePortMain.emit (node:events:513:28)
	at MessagePortMain._internalPort.emit (node:electron/js2c/utility_init:2:367)
["INFO" - 1:42:16 PM] Attempted to determine module path from /media/naman/New Volume/Projects/NestJs/harmonyApi
["ERROR" - 1:42:16 PM] Failed to load module. If you have prettier or plugins referenced in package.json, ensure you have run `npm install`
["ERROR" - 1:42:16 PM] Cannot find module 'prettier' from '/media/naman/New Volume/Projects/NestJs/harmonyApi'
Error: Cannot find module 'prettier' from '/media/naman/New Volume/Projects/NestJs/harmonyApi'
	at e.exports [as sync] (/home/naman/.vscode/extensions/esbenp.prettier-vscode-9.12.0/dist/extension.js:1:37299)
	at t.ModuleResolver.findPkg (/home/naman/.vscode/extensions/esbenp.prettier-vscode-9.12.0/dist/extension.js:1:7359)
	at t.ModuleResolver.getPrettierInstance (/home/naman/.vscode/extensions/esbenp.prettier-vscode-9.12.0/dist/extension.js:1:3313)
	at t.default.handleActiveTextEditorChanged (/home/naman/.vscode/extensions/esbenp.prettier-vscode-9.12.0/dist/extension.js:1:9843)
	at handleActiveTextEditorChangedSync (/home/naman/.vscode/extensions/esbenp.prettier-vscode-9.12.0/dist/extension.js:1:9445)
	at v.invoke (/snap/code/127/usr/share/code/resources/app/out/vs/workbench/api/node/extensionHostProcess.js:63:145)
	at h.deliver (/snap/code/127/usr/share/code/resources/app/out/vs/workbench/api/node/extensionHostProcess.js:63:2121)
	at i.fire (/snap/code/127/usr/share/code/resources/app/out/vs/workbench/api/node/extensionHostProcess.js:63:1729)
	at /snap/code/127/usr/share/code/resources/app/out/vs/workbench/api/node/extensionHostProcess.js:102:16108
	at v.invoke (/snap/code/127/usr/share/code/resources/app/out/vs/workbench/api/node/extensionHostProcess.js:63:145)
	at h.deliver (/snap/code/127/usr/share/code/resources/app/out/vs/workbench/api/node/extensionHostProcess.js:63:2121)
	at i.fire (/snap/code/127/usr/share/code/resources/app/out/vs/workbench/api/node/extensionHostProcess.js:63:1729)
	at e.ExtHostDocumentsAndEditors.acceptDocumentsAndEditorsDelta (/snap/code/127/usr/share/code/resources/app/out/vs/workbench/api/node/extensionHostProcess.js:100:14001)
	at e.ExtHostDocumentsAndEditors.$acceptDocumentsAndEditorsDelta (/snap/code/127/usr/share/code/resources/app/out/vs/workbench/api/node/extensionHostProcess.js:100:12316)
	at a.N (/snap/code/127/usr/share/code/resources/app/out/vs/workbench/api/node/extensionHostProcess.js:110:11620)
	at a.M (/snap/code/127/usr/share/code/resources/app/out/vs/workbench/api/node/extensionHostProcess.js:110:11338)
	at a.H (/snap/code/127/usr/share/code/resources/app/out/vs/workbench/api/node/extensionHostProcess.js:110:10431)
	at a.G (/snap/code/127/usr/share/code/resources/app/out/vs/workbench/api/node/extensionHostProcess.js:110:9412)
	at /snap/code/127/usr/share/code/resources/app/out/vs/workbench/api/node/extensionHostProcess.js:110:8200
	at v.invoke (/snap/code/127/usr/share/code/resources/app/out/vs/workbench/api/node/extensionHostProcess.js:63:145)
	at h.deliver (/snap/code/127/usr/share/code/resources/app/out/vs/workbench/api/node/extensionHostProcess.js:63:2121)
	at i.fire (/snap/code/127/usr/share/code/resources/app/out/vs/workbench/api/node/extensionHostProcess.js:63:1729)
	at g.fire (/snap/code/127/usr/share/code/resources/app/out/vs/workbench/api/node/extensionHostProcess.js:72:14852)
	at /snap/code/127/usr/share/code/resources/app/out/vs/workbench/api/node/extensionHostProcess.js:126:32403
	at v.invoke (/snap/code/127/usr/share/code/resources/app/out/vs/workbench/api/node/extensionHostProcess.js:63:145)
	at h.deliver (/snap/code/127/usr/share/code/resources/app/out/vs/workbench/api/node/extensionHostProcess.js:63:2121)
	at i.fire (/snap/code/127/usr/share/code/resources/app/out/vs/workbench/api/node/extensionHostProcess.js:63:1729)
	at g.fire (/snap/code/127/usr/share/code/resources/app/out/vs/workbench/api/node/extensionHostProcess.js:72:14852)
	at MessagePortMain.<anonymous> (/snap/code/127/usr/share/code/resources/app/out/vs/workbench/api/node/extensionHostProcess.js:126:30529)
	at MessagePortMain.emit (node:events:513:28)
	at MessagePortMain._internalPort.emit (node:electron/js2c/utility_init:2:367)
["INFO" - 1:43:58 PM] Formatting vscode-userdata:/home/naman/.config/Code/User/profiles/7ea727a4/keybindings.json
["DEBUG" - 1:43:58 PM] Using bundled version of prettier.
["INFO" - 1:43:58 PM] File Info:
{
  "ignored": false,
  "inferredParser": "json"
}
["INFO" - 1:43:58 PM] No local configuration (i.e. .prettierrc or .editorconfig) detected, falling back to VS Code configuration
["INFO" - 1:43:58 PM] Prettier Options:
{
  "arrowParens": "always",
  "bracketSpacing": true,
  "endOfLine": "lf",
  "htmlWhitespaceSensitivity": "css",
  "insertPragma": false,
  "singleAttributePerLine": true,
  "bracketSameLine": false,
  "jsxBracketSameLine": false,
  "jsxSingleQuote": false,
  "printWidth": 220,
  "proseWrap": "preserve",
  "quoteProps": "as-needed",
  "requirePragma": false,
  "semi": false,
  "singleQuote": false,
  "tabWidth": 2,
  "trailingComma": "all",
  "useTabs": true,
  "vueIndentScriptAndStyle": false,
  "filepath": "/home/naman/.config/Code/User/profiles/7ea727a4/keybindings.json",
  "parser": "json"
}
["INFO" - 1:43:58 PM] Formatting completed in 30ms.
["INFO" - 1:44:01 PM] Attempted to determine module path from /media/naman/New Volume/Projects/NestJs/harmonyApi
["ERROR" - 1:44:01 PM] Failed to load module. If you have prettier or plugins referenced in package.json, ensure you have run `npm install`
["ERROR" - 1:44:01 PM] Cannot find module 'prettier' from '/media/naman/New Volume/Projects/NestJs/harmonyApi'
Error: Cannot find module 'prettier' from '/media/naman/New Volume/Projects/NestJs/harmonyApi'
	at e.exports [as sync] (/home/naman/.vscode/extensions/esbenp.prettier-vscode-9.12.0/dist/extension.js:1:37299)
	at t.ModuleResolver.findPkg (/home/naman/.vscode/extensions/esbenp.prettier-vscode-9.12.0/dist/extension.js:1:7359)
	at t.ModuleResolver.getPrettierInstance (/home/naman/.vscode/extensions/esbenp.prettier-vscode-9.12.0/dist/extension.js:1:3313)
	at t.default.handleActiveTextEditorChanged (/home/naman/.vscode/extensions/esbenp.prettier-vscode-9.12.0/dist/extension.js:1:9843)
	at handleActiveTextEditorChangedSync (/home/naman/.vscode/extensions/esbenp.prettier-vscode-9.12.0/dist/extension.js:1:9445)
	at v.invoke (/snap/code/127/usr/share/code/resources/app/out/vs/workbench/api/node/extensionHostProcess.js:63:145)
	at h.deliver (/snap/code/127/usr/share/code/resources/app/out/vs/workbench/api/node/extensionHostProcess.js:63:2121)
	at i.fire (/snap/code/127/usr/share/code/resources/app/out/vs/workbench/api/node/extensionHostProcess.js:63:1729)
	at /snap/code/127/usr/share/code/resources/app/out/vs/workbench/api/node/extensionHostProcess.js:102:16108
	at v.invoke (/snap/code/127/usr/share/code/resources/app/out/vs/workbench/api/node/extensionHostProcess.js:63:145)
	at h.deliver (/snap/code/127/usr/share/code/resources/app/out/vs/workbench/api/node/extensionHostProcess.js:63:2121)
	at i.fire (/snap/code/127/usr/share/code/resources/app/out/vs/workbench/api/node/extensionHostProcess.js:63:1729)
	at e.ExtHostDocumentsAndEditors.acceptDocumentsAndEditorsDelta (/snap/code/127/usr/share/code/resources/app/out/vs/workbench/api/node/extensionHostProcess.js:100:14001)
	at e.ExtHostDocumentsAndEditors.$acceptDocumentsAndEditorsDelta (/snap/code/127/usr/share/code/resources/app/out/vs/workbench/api/node/extensionHostProcess.js:100:12316)
	at a.N (/snap/code/127/usr/share/code/resources/app/out/vs/workbench/api/node/extensionHostProcess.js:110:11620)
	at a.M (/snap/code/127/usr/share/code/resources/app/out/vs/workbench/api/node/extensionHostProcess.js:110:11338)
	at a.H (/snap/code/127/usr/share/code/resources/app/out/vs/workbench/api/node/extensionHostProcess.js:110:10431)
	at a.G (/snap/code/127/usr/share/code/resources/app/out/vs/workbench/api/node/extensionHostProcess.js:110:9412)
	at /snap/code/127/usr/share/code/resources/app/out/vs/workbench/api/node/extensionHostProcess.js:110:8200
	at v.invoke (/snap/code/127/usr/share/code/resources/app/out/vs/workbench/api/node/extensionHostProcess.js:63:145)
	at h.deliver (/snap/code/127/usr/share/code/resources/app/out/vs/workbench/api/node/extensionHostProcess.js:63:2121)
	at i.fire (/snap/code/127/usr/share/code/resources/app/out/vs/workbench/api/node/extensionHostProcess.js:63:1729)
	at g.fire (/snap/code/127/usr/share/code/resources/app/out/vs/workbench/api/node/extensionHostProcess.js:72:14852)
	at /snap/code/127/usr/share/code/resources/app/out/vs/workbench/api/node/extensionHostProcess.js:126:32403
	at v.invoke (/snap/code/127/usr/share/code/resources/app/out/vs/workbench/api/node/extensionHostProcess.js:63:145)
	at h.deliver (/snap/code/127/usr/share/code/resources/app/out/vs/workbench/api/node/extensionHostProcess.js:63:2121)
	at i.fire (/snap/code/127/usr/share/code/resources/app/out/vs/workbench/api/node/extensionHostProcess.js:63:1729)
	at g.fire (/snap/code/127/usr/share/code/resources/app/out/vs/workbench/api/node/extensionHostProcess.js:72:14852)
	at MessagePortMain.<anonymous> (/snap/code/127/usr/share/code/resources/app/out/vs/workbench/api/node/extensionHostProcess.js:126:30529)
	at MessagePortMain.emit (node:events:513:28)
	at MessagePortMain._internalPort.emit (node:electron/js2c/utility_init:2:367)
["INFO" - 1:44:02 PM] Formatting vscode-userdata:/home/naman/.config/Code/User/profiles/7ea727a4/settings.json
["DEBUG" - 1:44:02 PM] Using bundled version of prettier.
["INFO" - 1:44:02 PM] File Info:
{
  "ignored": false,
  "inferredParser": "json"
}
["INFO" - 1:44:02 PM] No local configuration (i.e. .prettierrc or .editorconfig) detected, falling back to VS Code configuration
["INFO" - 1:44:02 PM] Prettier Options:
{
  "arrowParens": "always",
  "bracketSpacing": true,
  "endOfLine": "lf",
  "htmlWhitespaceSensitivity": "css",
  "insertPragma": false,
  "singleAttributePerLine": true,
  "bracketSameLine": false,
  "jsxBracketSameLine": false,
  "jsxSingleQuote": false,
  "printWidth": 220,
  "proseWrap": "preserve",
  "quoteProps": "as-needed",
  "requirePragma": false,
  "semi": false,
  "singleQuote": false,
  "tabWidth": 2,
  "trailingComma": "all",
  "useTabs": true,
  "vueIndentScriptAndStyle": false,
  "filepath": "/home/naman/.config/Code/User/profiles/7ea727a4/settings.json",
  "parser": "json"
}
["INFO" - 1:44:02 PM] Formatting completed in 25ms.
["INFO" - 1:44:23 PM] Formatting vscode-userdata:/home/naman/.config/Code/User/profiles/7ea727a4/settings.json
["DEBUG" - 1:44:23 PM] Using bundled version of prettier.
["INFO" - 1:44:23 PM] File Info:
{
  "ignored": false,
  "inferredParser": "json"
}
["INFO" - 1:44:23 PM] No local configuration (i.e. .prettierrc or .editorconfig) detected, falling back to VS Code configuration
["INFO" - 1:44:23 PM] Prettier Options:
{
  "arrowParens": "always",
  "bracketSpacing": true,
  "endOfLine": "lf",
  "htmlWhitespaceSensitivity": "css",
  "insertPragma": false,
  "singleAttributePerLine": true,
  "bracketSameLine": false,
  "jsxBracketSameLine": false,
  "jsxSingleQuote": false,
  "printWidth": 220,
  "proseWrap": "preserve",
  "quoteProps": "as-needed",
  "requirePragma": false,
  "semi": false,
  "singleQuote": false,
  "tabWidth": 2,
  "trailingComma": "all",
  "useTabs": true,
  "vueIndentScriptAndStyle": false,
  "filepath": "/home/naman/.config/Code/User/profiles/7ea727a4/settings.json",
  "parser": "json"
}
["INFO" - 1:44:23 PM] Formatting completed in 17ms.
["INFO" - 1:46:54 PM] Formatting vscode-userdata:/home/naman/.config/Code/User/profiles/7ea727a4/keybindings.json
["DEBUG" - 1:46:54 PM] Using bundled version of prettier.
["INFO" - 1:46:54 PM] File Info:
{
  "ignored": false,
  "inferredParser": "json"
}
["INFO" - 1:46:54 PM] No local configuration (i.e. .prettierrc or .editorconfig) detected, falling back to VS Code configuration
["INFO" - 1:46:54 PM] Prettier Options:
{
  "arrowParens": "always",
  "bracketSpacing": true,
  "endOfLine": "lf",
  "htmlWhitespaceSensitivity": "css",
  "insertPragma": false,
  "singleAttributePerLine": true,
  "bracketSameLine": false,
  "jsxBracketSameLine": false,
  "jsxSingleQuote": false,
  "printWidth": 220,
  "proseWrap": "preserve",
  "quoteProps": "as-needed",
  "requirePragma": false,
  "semi": false,
  "singleQuote": false,
  "tabWidth": 2,
  "trailingComma": "all",
  "useTabs": true,
  "vueIndentScriptAndStyle": false,
  "filepath": "/home/naman/.config/Code/User/profiles/7ea727a4/keybindings.json",
  "parser": "json"
}
["INFO" - 1:46:54 PM] Formatting completed in 22ms.
["INFO" - 1:46:58 PM] Attempted to determine module path from /media/naman/New Volume/Projects/NestJs/harmonyApi
["ERROR" - 1:46:58 PM] Failed to load module. If you have prettier or plugins referenced in package.json, ensure you have run `npm install`
["ERROR" - 1:46:58 PM] Cannot find module 'prettier' from '/media/naman/New Volume/Projects/NestJs/harmonyApi'
Error: Cannot find module 'prettier' from '/media/naman/New Volume/Projects/NestJs/harmonyApi'
	at e.exports [as sync] (/home/naman/.vscode/extensions/esbenp.prettier-vscode-9.12.0/dist/extension.js:1:37299)
	at t.ModuleResolver.findPkg (/home/naman/.vscode/extensions/esbenp.prettier-vscode-9.12.0/dist/extension.js:1:7359)
	at t.ModuleResolver.getPrettierInstance (/home/naman/.vscode/extensions/esbenp.prettier-vscode-9.12.0/dist/extension.js:1:3313)
	at t.default.handleActiveTextEditorChanged (/home/naman/.vscode/extensions/esbenp.prettier-vscode-9.12.0/dist/extension.js:1:9843)
	at handleActiveTextEditorChangedSync (/home/naman/.vscode/extensions/esbenp.prettier-vscode-9.12.0/dist/extension.js:1:9445)
	at v.invoke (/snap/code/127/usr/share/code/resources/app/out/vs/workbench/api/node/extensionHostProcess.js:63:145)
	at h.deliver (/snap/code/127/usr/share/code/resources/app/out/vs/workbench/api/node/extensionHostProcess.js:63:2121)
	at i.fire (/snap/code/127/usr/share/code/resources/app/out/vs/workbench/api/node/extensionHostProcess.js:63:1729)
	at /snap/code/127/usr/share/code/resources/app/out/vs/workbench/api/node/extensionHostProcess.js:102:16108
	at v.invoke (/snap/code/127/usr/share/code/resources/app/out/vs/workbench/api/node/extensionHostProcess.js:63:145)
	at h.deliver (/snap/code/127/usr/share/code/resources/app/out/vs/workbench/api/node/extensionHostProcess.js:63:2121)
	at i.fire (/snap/code/127/usr/share/code/resources/app/out/vs/workbench/api/node/extensionHostProcess.js:63:1729)
	at e.ExtHostDocumentsAndEditors.acceptDocumentsAndEditorsDelta (/snap/code/127/usr/share/code/resources/app/out/vs/workbench/api/node/extensionHostProcess.js:100:14001)
	at e.ExtHostDocumentsAndEditors.$acceptDocumentsAndEditorsDelta (/snap/code/127/usr/share/code/resources/app/out/vs/workbench/api/node/extensionHostProcess.js:100:12316)
	at a.N (/snap/code/127/usr/share/code/resources/app/out/vs/workbench/api/node/extensionHostProcess.js:110:11620)
	at a.M (/snap/code/127/usr/share/code/resources/app/out/vs/workbench/api/node/extensionHostProcess.js:110:11338)
	at a.H (/snap/code/127/usr/share/code/resources/app/out/vs/workbench/api/node/extensionHostProcess.js:110:10431)
	at a.G (/snap/code/127/usr/share/code/resources/app/out/vs/workbench/api/node/extensionHostProcess.js:110:9412)
	at /snap/code/127/usr/share/code/resources/app/out/vs/workbench/api/node/extensionHostProcess.js:110:8200
	at v.invoke (/snap/code/127/usr/share/code/resources/app/out/vs/workbench/api/node/extensionHostProcess.js:63:145)
	at h.deliver (/snap/code/127/usr/share/code/resources/app/out/vs/workbench/api/node/extensionHostProcess.js:63:2121)
	at i.fire (/snap/code/127/usr/share/code/resources/app/out/vs/workbench/api/node/extensionHostProcess.js:63:1729)
	at g.fire (/snap/code/127/usr/share/code/resources/app/out/vs/workbench/api/node/extensionHostProcess.js:72:14852)
	at /snap/code/127/usr/share/code/resources/app/out/vs/workbench/api/node/extensionHostProcess.js:126:32403
	at v.invoke (/snap/code/127/usr/share/code/resources/app/out/vs/workbench/api/node/extensionHostProcess.js:63:145)
	at h.deliver (/snap/code/127/usr/share/code/resources/app/out/vs/workbench/api/node/extensionHostProcess.js:63:2121)
	at i.fire (/snap/code/127/usr/share/code/resources/app/out/vs/workbench/api/node/extensionHostProcess.js:63:1729)
	at g.fire (/snap/code/127/usr/share/code/resources/app/out/vs/workbench/api/node/extensionHostProcess.js:72:14852)
	at MessagePortMain.<anonymous> (/snap/code/127/usr/share/code/resources/app/out/vs/workbench/api/node/extensionHostProcess.js:126:30529)
	at MessagePortMain.emit (node:events:513:28)
	at MessagePortMain._internalPort.emit (node:electron/js2c/utility_init:2:367)
["INFO" - 1:46:59 PM] Formatting vscode-userdata:/home/naman/.config/Code/User/profiles/7ea727a4/settings.json
["DEBUG" - 1:46:59 PM] Using bundled version of prettier.
["INFO" - 1:46:59 PM] File Info:
{
  "ignored": false,
  "inferredParser": "json"
}
["INFO" - 1:46:59 PM] No local configuration (i.e. .prettierrc or .editorconfig) detected, falling back to VS Code configuration
["INFO" - 1:46:59 PM] Prettier Options:
{
  "arrowParens": "always",
  "bracketSpacing": true,
  "endOfLine": "lf",
  "htmlWhitespaceSensitivity": "css",
  "insertPragma": false,
  "singleAttributePerLine": true,
  "bracketSameLine": false,
  "jsxBracketSameLine": false,
  "jsxSingleQuote": false,
  "printWidth": 220,
  "proseWrap": "preserve",
  "quoteProps": "as-needed",
  "requirePragma": false,
  "semi": false,
  "singleQuote": false,
  "tabWidth": 2,
  "trailingComma": "all",
  "useTabs": true,
  "vueIndentScriptAndStyle": false,
  "filepath": "/home/naman/.config/Code/User/profiles/7ea727a4/settings.json",
  "parser": "json"
}
["INFO" - 1:47:00 PM] Formatting completed in 28ms.
["INFO" - 1:47:06 PM] Formatting vscode-userdata:/home/naman/.config/Code/User/profiles/7ea727a4/settings.json
["DEBUG" - 1:47:06 PM] Using bundled version of prettier.
["INFO" - 1:47:06 PM] File Info:
{
  "ignored": false,
  "inferredParser": "json"
}
["INFO" - 1:47:06 PM] No local configuration (i.e. .prettierrc or .editorconfig) detected, falling back to VS Code configuration
["INFO" - 1:47:06 PM] Prettier Options:
{
  "arrowParens": "always",
  "bracketSpacing": true,
  "endOfLine": "lf",
  "htmlWhitespaceSensitivity": "css",
  "insertPragma": false,
  "singleAttributePerLine": true,
  "bracketSameLine": false,
  "jsxBracketSameLine": false,
  "jsxSingleQuote": false,
  "printWidth": 220,
  "proseWrap": "preserve",
  "quoteProps": "as-needed",
  "requirePragma": false,
  "semi": false,
  "singleQuote": false,
  "tabWidth": 2,
  "trailingComma": "all",
  "useTabs": true,
  "vueIndentScriptAndStyle": false,
  "filepath": "/home/naman/.config/Code/User/profiles/7ea727a4/settings.json",
  "parser": "json"
}
["INFO" - 1:47:06 PM] Formatting completed in 21ms.
["INFO" - 1:50:00 PM] Formatting vscode-userdata:/home/naman/.config/Code/User/profiles/7ea727a4/keybindings.json
["DEBUG" - 1:50:00 PM] Using bundled version of prettier.
["INFO" - 1:50:00 PM] File Info:
{
  "ignored": false,
  "inferredParser": "json"
}
["INFO" - 1:50:00 PM] No local configuration (i.e. .prettierrc or .editorconfig) detected, falling back to VS Code configuration
["INFO" - 1:50:00 PM] Prettier Options:
{
  "arrowParens": "always",
  "bracketSpacing": true,
  "endOfLine": "lf",
  "htmlWhitespaceSensitivity": "css",
  "insertPragma": false,
  "singleAttributePerLine": true,
  "bracketSameLine": false,
  "jsxBracketSameLine": false,
  "jsxSingleQuote": false,
  "printWidth": 220,
  "proseWrap": "preserve",
  "quoteProps": "as-needed",
  "requirePragma": false,
  "semi": false,
  "singleQuote": false,
  "tabWidth": 2,
  "trailingComma": "all",
  "useTabs": true,
  "vueIndentScriptAndStyle": false,
  "filepath": "/home/naman/.config/Code/User/profiles/7ea727a4/keybindings.json",
  "parser": "json"
}
["INFO" - 1:50:00 PM] Formatting completed in 13ms.
["INFO" - 1:50:05 PM] Attempted to determine module path from /media/naman/New Volume/Projects/NestJs/harmonyApi
["ERROR" - 1:50:05 PM] Failed to load module. If you have prettier or plugins referenced in package.json, ensure you have run `npm install`
["ERROR" - 1:50:05 PM] Cannot find module 'prettier' from '/media/naman/New Volume/Projects/NestJs/harmonyApi'
Error: Cannot find module 'prettier' from '/media/naman/New Volume/Projects/NestJs/harmonyApi'
	at e.exports [as sync] (/home/naman/.vscode/extensions/esbenp.prettier-vscode-9.12.0/dist/extension.js:1:37299)
	at t.ModuleResolver.findPkg (/home/naman/.vscode/extensions/esbenp.prettier-vscode-9.12.0/dist/extension.js:1:7359)
	at t.ModuleResolver.getPrettierInstance (/home/naman/.vscode/extensions/esbenp.prettier-vscode-9.12.0/dist/extension.js:1:3313)
	at t.default.handleActiveTextEditorChanged (/home/naman/.vscode/extensions/esbenp.prettier-vscode-9.12.0/dist/extension.js:1:9843)
	at handleActiveTextEditorChangedSync (/home/naman/.vscode/extensions/esbenp.prettier-vscode-9.12.0/dist/extension.js:1:9445)
	at v.invoke (/snap/code/127/usr/share/code/resources/app/out/vs/workbench/api/node/extensionHostProcess.js:63:145)
	at h.deliver (/snap/code/127/usr/share/code/resources/app/out/vs/workbench/api/node/extensionHostProcess.js:63:2121)
	at i.fire (/snap/code/127/usr/share/code/resources/app/out/vs/workbench/api/node/extensionHostProcess.js:63:1729)
	at /snap/code/127/usr/share/code/resources/app/out/vs/workbench/api/node/extensionHostProcess.js:102:16108
	at v.invoke (/snap/code/127/usr/share/code/resources/app/out/vs/workbench/api/node/extensionHostProcess.js:63:145)
	at h.deliver (/snap/code/127/usr/share/code/resources/app/out/vs/workbench/api/node/extensionHostProcess.js:63:2121)
	at i.fire (/snap/code/127/usr/share/code/resources/app/out/vs/workbench/api/node/extensionHostProcess.js:63:1729)
	at e.ExtHostDocumentsAndEditors.acceptDocumentsAndEditorsDelta (/snap/code/127/usr/share/code/resources/app/out/vs/workbench/api/node/extensionHostProcess.js:100:14001)
	at e.ExtHostDocumentsAndEditors.$acceptDocumentsAndEditorsDelta (/snap/code/127/usr/share/code/resources/app/out/vs/workbench/api/node/extensionHostProcess.js:100:12316)
	at a.N (/snap/code/127/usr/share/code/resources/app/out/vs/workbench/api/node/extensionHostProcess.js:110:11620)
	at a.M (/snap/code/127/usr/share/code/resources/app/out/vs/workbench/api/node/extensionHostProcess.js:110:11338)
	at a.H (/snap/code/127/usr/share/code/resources/app/out/vs/workbench/api/node/extensionHostProcess.js:110:10431)
	at a.G (/snap/code/127/usr/share/code/resources/app/out/vs/workbench/api/node/extensionHostProcess.js:110:9412)
	at /snap/code/127/usr/share/code/resources/app/out/vs/workbench/api/node/extensionHostProcess.js:110:8200
	at v.invoke (/snap/code/127/usr/share/code/resources/app/out/vs/workbench/api/node/extensionHostProcess.js:63:145)
	at h.deliver (/snap/code/127/usr/share/code/resources/app/out/vs/workbench/api/node/extensionHostProcess.js:63:2121)
	at i.fire (/snap/code/127/usr/share/code/resources/app/out/vs/workbench/api/node/extensionHostProcess.js:63:1729)
	at g.fire (/snap/code/127/usr/share/code/resources/app/out/vs/workbench/api/node/extensionHostProcess.js:72:14852)
	at /snap/code/127/usr/share/code/resources/app/out/vs/workbench/api/node/extensionHostProcess.js:126:32403
	at v.invoke (/snap/code/127/usr/share/code/resources/app/out/vs/workbench/api/node/extensionHostProcess.js:63:145)
	at h.deliver (/snap/code/127/usr/share/code/resources/app/out/vs/workbench/api/node/extensionHostProcess.js:63:2121)
	at i.fire (/snap/code/127/usr/share/code/resources/app/out/vs/workbench/api/node/extensionHostProcess.js:63:1729)
	at g.fire (/snap/code/127/usr/share/code/resources/app/out/vs/workbench/api/node/extensionHostProcess.js:72:14852)
	at MessagePortMain.<anonymous> (/snap/code/127/usr/share/code/resources/app/out/vs/workbench/api/node/extensionHostProcess.js:126:30529)
	at MessagePortMain.emit (node:events:513:28)
	at MessagePortMain._internalPort.emit (node:electron/js2c/utility_init:2:367)
["INFO" - 1:50:15 PM] Formatting vscode-userdata:/home/naman/.config/Code/User/profiles/7ea727a4/settings.json
["DEBUG" - 1:50:15 PM] Using bundled version of prettier.
["INFO" - 1:50:15 PM] File Info:
{
  "ignored": false,
  "inferredParser": "json"
}
["INFO" - 1:50:15 PM] No local configuration (i.e. .prettierrc or .editorconfig) detected, falling back to VS Code configuration
["INFO" - 1:50:15 PM] Prettier Options:
{
  "arrowParens": "always",
  "bracketSpacing": true,
  "endOfLine": "lf",
  "htmlWhitespaceSensitivity": "css",
  "insertPragma": false,
  "singleAttributePerLine": true,
  "bracketSameLine": false,
  "jsxBracketSameLine": false,
  "jsxSingleQuote": false,
  "printWidth": 220,
  "proseWrap": "preserve",
  "quoteProps": "as-needed",
  "requirePragma": false,
  "semi": false,
  "singleQuote": false,
  "tabWidth": 2,
  "trailingComma": "all",
  "useTabs": true,
  "vueIndentScriptAndStyle": false,
  "filepath": "/home/naman/.config/Code/User/profiles/7ea727a4/settings.json",
  "parser": "json"
}
["INFO" - 1:50:15 PM] Formatting completed in 21ms.
["INFO" - 1:50:17 PM] Formatting vscode-userdata:/home/naman/.config/Code/User/profiles/7ea727a4/settings.json
["DEBUG" - 1:50:17 PM] Using bundled version of prettier.
["INFO" - 1:50:17 PM] File Info:
{
  "ignored": false,
  "inferredParser": "json"
}
["INFO" - 1:50:17 PM] No local configuration (i.e. .prettierrc or .editorconfig) detected, falling back to VS Code configuration
["INFO" - 1:50:17 PM] Prettier Options:
{
  "arrowParens": "always",
  "bracketSpacing": true,
  "endOfLine": "lf",
  "htmlWhitespaceSensitivity": "css",
  "insertPragma": false,
  "singleAttributePerLine": true,
  "bracketSameLine": false,
  "jsxBracketSameLine": false,
  "jsxSingleQuote": false,
  "printWidth": 220,
  "proseWrap": "preserve",
  "quoteProps": "as-needed",
  "requirePragma": false,
  "semi": false,
  "singleQuote": false,
  "tabWidth": 2,
  "trailingComma": "all",
  "useTabs": true,
  "vueIndentScriptAndStyle": false,
  "filepath": "/home/naman/.config/Code/User/profiles/7ea727a4/settings.json",
  "parser": "json"
}
["INFO" - 1:50:17 PM] Formatting completed in 30ms.
["INFO" - 1:50:37 PM] Formatting vscode-userdata:/home/naman/.config/Code/User/profiles/7ea727a4/keybindings.json
["DEBUG" - 1:50:37 PM] Using bundled version of prettier.
["INFO" - 1:50:37 PM] File Info:
{
  "ignored": false,
  "inferredParser": "json"
}
["INFO" - 1:50:37 PM] No local configuration (i.e. .prettierrc or .editorconfig) detected, falling back to VS Code configuration
["INFO" - 1:50:37 PM] Prettier Options:
{
  "arrowParens": "always",
  "bracketSpacing": true,
  "endOfLine": "lf",
  "htmlWhitespaceSensitivity": "css",
  "insertPragma": false,
  "singleAttributePerLine": true,
  "bracketSameLine": false,
  "jsxBracketSameLine": false,
  "jsxSingleQuote": false,
  "printWidth": 220,
  "proseWrap": "preserve",
  "quoteProps": "as-needed",
  "requirePragma": false,
  "semi": false,
  "singleQuote": false,
  "tabWidth": 2,
  "trailingComma": "all",
  "useTabs": true,
  "vueIndentScriptAndStyle": false,
  "filepath": "/home/naman/.config/Code/User/profiles/7ea727a4/keybindings.json",
  "parser": "json"
}
["INFO" - 1:50:37 PM] Formatting completed in 18ms.
["INFO" - 1:50:42 PM] Attempted to determine module path from /media/naman/New Volume/Projects/NestJs/harmonyApi
["ERROR" - 1:50:42 PM] Failed to load module. If you have prettier or plugins referenced in package.json, ensure you have run `npm install`
["ERROR" - 1:50:42 PM] Cannot find module 'prettier' from '/media/naman/New Volume/Projects/NestJs/harmonyApi'
Error: Cannot find module 'prettier' from '/media/naman/New Volume/Projects/NestJs/harmonyApi'
	at e.exports [as sync] (/home/naman/.vscode/extensions/esbenp.prettier-vscode-9.12.0/dist/extension.js:1:37299)
	at t.ModuleResolver.findPkg (/home/naman/.vscode/extensions/esbenp.prettier-vscode-9.12.0/dist/extension.js:1:7359)
	at t.ModuleResolver.getPrettierInstance (/home/naman/.vscode/extensions/esbenp.prettier-vscode-9.12.0/dist/extension.js:1:3313)
	at t.default.handleActiveTextEditorChanged (/home/naman/.vscode/extensions/esbenp.prettier-vscode-9.12.0/dist/extension.js:1:9843)
	at handleActiveTextEditorChangedSync (/home/naman/.vscode/extensions/esbenp.prettier-vscode-9.12.0/dist/extension.js:1:9445)
	at v.invoke (/snap/code/127/usr/share/code/resources/app/out/vs/workbench/api/node/extensionHostProcess.js:63:145)
	at h.deliver (/snap/code/127/usr/share/code/resources/app/out/vs/workbench/api/node/extensionHostProcess.js:63:2121)
	at i.fire (/snap/code/127/usr/share/code/resources/app/out/vs/workbench/api/node/extensionHostProcess.js:63:1729)
	at /snap/code/127/usr/share/code/resources/app/out/vs/workbench/api/node/extensionHostProcess.js:102:16108
	at v.invoke (/snap/code/127/usr/share/code/resources/app/out/vs/workbench/api/node/extensionHostProcess.js:63:145)
	at h.deliver (/snap/code/127/usr/share/code/resources/app/out/vs/workbench/api/node/extensionHostProcess.js:63:2121)
	at i.fire (/snap/code/127/usr/share/code/resources/app/out/vs/workbench/api/node/extensionHostProcess.js:63:1729)
	at e.ExtHostDocumentsAndEditors.acceptDocumentsAndEditorsDelta (/snap/code/127/usr/share/code/resources/app/out/vs/workbench/api/node/extensionHostProcess.js:100:14001)
	at e.ExtHostDocumentsAndEditors.$acceptDocumentsAndEditorsDelta (/snap/code/127/usr/share/code/resources/app/out/vs/workbench/api/node/extensionHostProcess.js:100:12316)
	at a.N (/snap/code/127/usr/share/code/resources/app/out/vs/workbench/api/node/extensionHostProcess.js:110:11620)
	at a.M (/snap/code/127/usr/share/code/resources/app/out/vs/workbench/api/node/extensionHostProcess.js:110:11338)
	at a.H (/snap/code/127/usr/share/code/resources/app/out/vs/workbench/api/node/extensionHostProcess.js:110:10431)
	at a.G (/snap/code/127/usr/share/code/resources/app/out/vs/workbench/api/node/extensionHostProcess.js:110:9412)
	at /snap/code/127/usr/share/code/resources/app/out/vs/workbench/api/node/extensionHostProcess.js:110:8200
	at v.invoke (/snap/code/127/usr/share/code/resources/app/out/vs/workbench/api/node/extensionHostProcess.js:63:145)
	at h.deliver (/snap/code/127/usr/share/code/resources/app/out/vs/workbench/api/node/extensionHostProcess.js:63:2121)
	at i.fire (/snap/code/127/usr/share/code/resources/app/out/vs/workbench/api/node/extensionHostProcess.js:63:1729)
	at g.fire (/snap/code/127/usr/share/code/resources/app/out/vs/workbench/api/node/extensionHostProcess.js:72:14852)
	at /snap/code/127/usr/share/code/resources/app/out/vs/workbench/api/node/extensionHostProcess.js:126:32403
	at v.invoke (/snap/code/127/usr/share/code/resources/app/out/vs/workbench/api/node/extensionHostProcess.js:63:145)
	at h.deliver (/snap/code/127/usr/share/code/resources/app/out/vs/workbench/api/node/extensionHostProcess.js:63:2121)
	at i.fire (/snap/code/127/usr/share/code/resources/app/out/vs/workbench/api/node/extensionHostProcess.js:63:1729)
	at g.fire (/snap/code/127/usr/share/code/resources/app/out/vs/workbench/api/node/extensionHostProcess.js:72:14852)
	at MessagePortMain.<anonymous> (/snap/code/127/usr/share/code/resources/app/out/vs/workbench/api/node/extensionHostProcess.js:126:30529)
	at MessagePortMain.emit (node:events:513:28)
	at MessagePortMain._internalPort.emit (node:electron/js2c/utility_init:2:367)
["INFO" - 1:51:25 PM] Formatting vscode-userdata:/home/naman/.config/Code/User/profiles/7ea727a4/settings.json
["DEBUG" - 1:51:25 PM] Using bundled version of prettier.
["INFO" - 1:51:25 PM] File Info:
{
  "ignored": false,
  "inferredParser": "json"
}
["INFO" - 1:51:25 PM] No local configuration (i.e. .prettierrc or .editorconfig) detected, falling back to VS Code configuration
["INFO" - 1:51:25 PM] Prettier Options:
{
  "arrowParens": "always",
  "bracketSpacing": true,
  "endOfLine": "lf",
  "htmlWhitespaceSensitivity": "css",
  "insertPragma": false,
  "singleAttributePerLine": true,
  "bracketSameLine": false,
  "jsxBracketSameLine": false,
  "jsxSingleQuote": false,
  "printWidth": 220,
  "proseWrap": "preserve",
  "quoteProps": "as-needed",
  "requirePragma": false,
  "semi": false,
  "singleQuote": false,
  "tabWidth": 2,
  "trailingComma": "all",
  "useTabs": true,
  "vueIndentScriptAndStyle": false,
  "filepath": "/home/naman/.config/Code/User/profiles/7ea727a4/settings.json",
  "parser": "json"
}
["INFO" - 1:51:25 PM] Formatting completed in 29ms.
