2023-05-06 13:51:48.440 [info] Log level: Info
2023-05-06 13:51:48.440 [info] Validating found git in: "git"
2023-05-06 13:51:48.440 [info] Using git "2.39.2" from "git"
2023-05-06 13:51:48.440 [info] > git rev-parse --show-toplevel [9ms]
2023-05-06 13:51:48.441 [info] > git rev-parse --git-dir --git-common-dir [14ms]
2023-05-06 13:51:48.451 [info] Open repository: /media/naman/New Volume/Projects/NestJs/harmonyApi
2023-05-06 13:51:48.522 [info] > git rev-parse --show-toplevel [56ms]
2023-05-06 13:51:48.600 [info] > git rev-parse --show-toplevel [68ms]
2023-05-06 13:51:48.613 [info] > git config --get commit.template [91ms]
2023-05-06 13:51:48.652 [info] > git rev-parse --show-toplevel [41ms]
2023-05-06 13:51:48.689 [info] > git for-each-ref --format=%(refname)%00%(upstream:short)%00%(objectname)%00%(upstream:track)%00%(upstream:remotename)%00%(upstream:remoteref) refs/heads/main refs/remotes/main [8ms]
2023-05-06 13:51:48.735 [info] > git status -z -uall [31ms]
2023-05-06 13:51:48.766 [info] > git config --get commit.template [5ms]
2023-05-06 13:51:49.347 [info] > git for-each-ref --format=%(refname)%00%(upstream:short)%00%(objectname)%00%(upstream:track)%00%(upstream:remotename)%00%(upstream:remoteref) refs/heads/main refs/remotes/main [109ms]
2023-05-06 13:51:49.418 [info] > git status -z -uall [59ms]
2023-05-06 13:51:55.380 [info] > git check-ignore -v -z --stdin [7ms]
2023-05-06 13:52:00.647 [info] > git show --textconv :.env [24ms]
2023-05-06 13:52:00.652 [info] > git ls-files --stage -- /media/naman/New Volume/Projects/NestJs/harmonyApi/.env [5ms]
2023-05-06 13:57:50.798 [info] > git show --textconv :.env [20ms]
2023-05-06 13:57:50.800 [info] > git ls-files --stage -- /media/naman/New Volume/Projects/NestJs/harmonyApi/.env [4ms]
2023-05-06 14:01:18.611 [info] > git check-ignore -v -z --stdin [3ms]
2023-05-06 14:01:21.762 [info] > git check-ignore -v -z --stdin [3ms]
2023-05-06 14:01:22.543 [info] > git show --textconv :src/crypto/ethereum/account/account.service.ts [19ms]
2023-05-06 14:01:22.547 [info] > git ls-files --stage -- /media/naman/New Volume/Projects/NestJs/harmonyApi/src/crypto/ethereum/account/account.service.ts [4ms]
2023-05-06 14:01:22.595 [info] > git cat-file -s d1817a87f9e3a29308c8bcf74073f276d7fc9c9c [29ms]
2023-05-06 14:11:50.418 [info] > git check-ignore -v -z --stdin [3ms]
2023-05-06 14:11:51.065 [info] > git show --textconv :src/config/typeorm.config.ts [17ms]
2023-05-06 14:11:51.068 [info] > git ls-files --stage -- /media/naman/New Volume/Projects/NestJs/harmonyApi/src/config/typeorm.config.ts [4ms]
2023-05-06 14:11:51.090 [info] > git cat-file -s ee48ca78d90ef8edd7e5b7908c7f1090e82b0af8 [5ms]
2023-05-06 14:13:25.852 [info] > git show --textconv :src/crypto/ethereum/account/account.controller.ts [15ms]
2023-05-06 14:13:25.855 [info] > git ls-files --stage -- /media/naman/New Volume/Projects/NestJs/harmonyApi/src/crypto/ethereum/account/account.controller.ts [4ms]
2023-05-06 14:13:25.872 [info] > git cat-file -s 0e8d01b8073473889f608a3b29a9b1ce7a257211 [5ms]
2023-05-06 14:13:38.966 [info] > git check-ignore -v -z --stdin [4ms]
