2023-05-06 12:50:05.990 [info] Using settings sync service https://vscode-sync.trafficmanager.net/
2023-05-06 12:50:05.990 [info] Auto Sync is enabled.
2023-05-06 12:50:05.990 [info] Auto Sync: Suspended until auth token is available.
2023-05-06 12:50:06.089 [info] Deleting non existing profile from backup /home/naman/.config/Code/User/sync/extensions
2023-05-06 12:50:06.093 [info] Deleting non existing profile from backup /home/naman/.config/Code/User/sync/globalState
2023-05-06 12:50:06.097 [info] Deleting non existing profile from backup /home/naman/.config/Code/User/sync/keybindings
2023-05-06 12:50:06.113 [info] Deleting non existing profile from backup /home/naman/.config/Code/User/sync/profiles
2023-05-06 12:50:06.230 [info] Deleting non existing profile from backup /home/naman/.config/Code/User/sync/settings
2023-05-06 12:50:06.369 [info] Deleting non existing profile from backup /home/naman/.config/Code/User/sync/snippets
2023-05-06 12:50:06.442 [info] Deleting non existing profile from backup /home/naman/.config/Code/User/sync/tasks
2023-05-06 12:50:07.987 [info] Auto Sync: Triggered by Interval
2023-05-06 12:50:07.988 [info] Sync started.
2023-05-06 12:50:08.623 [info] Settings: Last sync resource does not exist locally.
2023-05-06 12:50:09.212 [info] Settings: No changes found during synchronizing settings.
2023-05-06 12:50:09.261 [info] Keybindings: Last sync resource does not exist locally.
2023-05-06 12:50:09.371 [info] Keybindings: No changes found during synchronizing keybindings.
2023-05-06 12:50:09.374 [info] Snippets: Last sync resource does not exist locally.
2023-05-06 12:50:09.515 [info] Snippets: No changes found during synchronizing snippets.
2023-05-06 12:50:09.517 [info] Tasks: Last sync resource does not exist locally.
2023-05-06 12:50:09.622 [info] Tasks: No changes found during synchronizing tasks.
2023-05-06 12:50:09.626 [info] GlobalState: Last sync resource does not exist locally.
2023-05-06 12:50:09.838 [info] Extensions: Last sync resource does not exist locally.
2023-05-06 12:50:10.313 [info] GlobalState: Updated remote ui state. Updated: workbench.activity.pinnedViewlets2,workbench.statusbar.hidden.
2023-05-06 12:50:10.317 [info] GlobalState: Updated last synchronized ui state
2023-05-06 12:50:10.398 [info] Extensions: No changes found during synchronizing extensions.
2023-05-06 12:50:10.449 [info] Profiles: Last sync resource does not exist locally.
2023-05-06 12:50:10.563 [info] Profiles: No changes found during synchronizing profiles.
2023-05-06 12:50:10.566 [info] Syncing profile. Latest
2023-05-06 12:50:10.605 [info] Settings (Latest): No changes found during synchronizing settings.
2023-05-06 12:50:10.623 [info] Keybindings (Latest): No changes found during synchronizing keybindings.
2023-05-06 12:50:10.629 [info] Snippets (Latest): No changes found during synchronizing snippets.
2023-05-06 12:50:10.632 [info] Tasks (Latest): No changes found during synchronizing tasks.
2023-05-06 12:50:10.769 [info] GlobalState (Latest): No changes found during synchronizing ui state.
2023-05-06 12:50:10.851 [info] Extensions (Latest): No changes found during synchronizing extensions.
2023-05-06 12:50:10.853 [info] Sync done. Took 2866ms
2023-05-06 12:50:18.291 [info] Auto Sync: Triggered by Activity
2023-05-06 12:50:18.292 [info] Sync started.
2023-05-06 12:50:18.408 [info] Settings: No changes found during synchronizing settings.
2023-05-06 12:50:18.415 [info] Keybindings: No changes found during synchronizing keybindings.
2023-05-06 12:50:18.422 [info] Snippets: No changes found during synchronizing snippets.
2023-05-06 12:50:18.428 [info] Tasks: No changes found during synchronizing tasks.
2023-05-06 12:50:18.434 [info] GlobalState: No changes found during synchronizing ui state.
2023-05-06 12:50:18.512 [info] Extensions: No changes found during synchronizing extensions.
2023-05-06 12:50:18.515 [info] Profiles: No changes found during synchronizing profiles.
2023-05-06 12:50:18.517 [info] Syncing profile. Latest
2023-05-06 12:50:18.529 [info] Settings (Latest): No changes found during synchronizing settings.
2023-05-06 12:50:18.538 [info] Keybindings (Latest): No changes found during synchronizing keybindings.
2023-05-06 12:50:18.543 [info] Snippets (Latest): No changes found during synchronizing snippets.
2023-05-06 12:50:18.546 [info] Tasks (Latest): No changes found during synchronizing tasks.
2023-05-06 12:50:18.917 [info] GlobalState (Latest): Updated remote ui state. Updated: workbench.explorer.views.state.hidden,workbench.activity.pinnedViewlets2.
2023-05-06 12:50:18.922 [info] GlobalState (Latest): Updated last synchronized ui state
2023-05-06 12:50:19.027 [info] Extensions (Latest): No changes found during synchronizing extensions.
2023-05-06 12:50:19.029 [info] Sync done. Took 738ms
2023-05-06 12:51:54.597 [info] Auto Sync: Triggered by Activity
2023-05-06 12:51:54.598 [info] Sync started.
2023-05-06 12:51:54.708 [info] Settings: No changes found during synchronizing settings.
2023-05-06 12:51:54.715 [info] Keybindings: No changes found during synchronizing keybindings.
2023-05-06 12:51:54.720 [info] Snippets: No changes found during synchronizing snippets.
2023-05-06 12:51:54.727 [info] Tasks: No changes found during synchronizing tasks.
2023-05-06 12:51:54.733 [info] GlobalState: No changes found during synchronizing ui state.
2023-05-06 12:51:54.856 [info] Extensions: No changes found during synchronizing extensions.
2023-05-06 12:51:54.861 [info] Profiles: No changes found during synchronizing profiles.
2023-05-06 12:51:54.864 [info] Syncing profile. Latest
2023-05-06 12:51:54.878 [info] Settings (Latest): No changes found during synchronizing settings.
2023-05-06 12:51:54.893 [info] Keybindings (Latest): No changes found during synchronizing keybindings.
2023-05-06 12:51:54.900 [info] Snippets (Latest): No changes found during synchronizing snippets.
2023-05-06 12:51:54.905 [info] Tasks (Latest): No changes found during synchronizing tasks.
2023-05-06 12:51:54.940 [info] GlobalState (Latest): No changes found during synchronizing ui state.
2023-05-06 12:51:55.040 [info] Extensions (Latest): No changes found during synchronizing extensions.
2023-05-06 12:51:55.042 [info] Sync done. Took 446ms
