2023-05-06 15:35:58.610 [info] Log level: Info
2023-05-06 15:35:58.610 [info] Validating found git in: "git"
2023-05-06 15:35:58.610 [info] Using git "2.39.2" from "git"
2023-05-06 15:35:58.610 [info] > git rev-parse --show-toplevel [23ms]
2023-05-06 15:35:58.610 [info] > git rev-parse --git-dir --git-common-dir [11ms]
2023-05-06 15:35:58.610 [info] Open repository: /home/naman/Desktop/Project/React Native/cpay
2023-05-06 15:35:58.632 [info] > git rev-parse --show-toplevel [41ms]
2023-05-06 15:35:58.690 [info] > git rev-parse --show-toplevel [48ms]
2023-05-06 15:35:58.700 [info] > git config --get commit.template [69ms]
2023-05-06 15:35:58.707 [info] > git rev-parse --show-toplevel [8ms]
2023-05-06 15:35:58.733 [info] > git rev-parse --show-toplevel [15ms]
2023-05-06 15:35:58.766 [info] > git rev-parse --show-toplevel [19ms]
2023-05-06 15:35:58.788 [info] > git for-each-ref --format=%(refname)%00%(upstream:short)%00%(objectname)%00%(upstream:track)%00%(upstream:remotename)%00%(upstream:remoteref) refs/heads/master refs/remotes/master [56ms]
2023-05-06 15:35:58.804 [info] > git rev-parse --show-toplevel [17ms]
2023-05-06 15:35:58.815 [info] > git status -z -uall [13ms]
2023-05-06 15:35:58.851 [info] > git rev-parse --show-toplevel [37ms]
2023-05-06 15:35:58.855 [info] > git config --get commit.template [6ms]
2023-05-06 15:35:59.671 [info] > git for-each-ref --format=%(refname)%00%(upstream:short)%00%(objectname)%00%(upstream:track)%00%(upstream:remotename)%00%(upstream:remoteref) refs/heads/master refs/remotes/master [802ms]
2023-05-06 15:35:59.891 [info] > git check-ignore -v -z --stdin [233ms]
2023-05-06 15:35:59.894 [info] > git status -z -uall [209ms]
2023-05-06 15:36:00.188 [info] > git show --textconv :app/Screens/HomeScreen/HomeScreen.tsx [19ms]
2023-05-06 15:36:00.189 [info] > git ls-files --stage -- /home/naman/Desktop/Project/React Native/cpay/app/Screens/HomeScreen/HomeScreen.tsx [4ms]
2023-05-06 15:36:00.211 [info] > git cat-file -s e3cd0c9eeb31a1ca178a1a7b419e1315b351f126 [9ms]
2023-05-06 15:36:01.878 [info] > git show --textconv :app/App.tsx [17ms]
2023-05-06 15:36:01.890 [info] > git ls-files --stage -- /home/naman/Desktop/Project/React Native/cpay/app/App.tsx [13ms]
2023-05-06 15:36:01.911 [info] > git cat-file -s 439bdc629634b7c35186cf29885b38b413188a17 [2ms]
2023-05-06 15:36:18.705 [info] > git config --get commit.template [5ms]
2023-05-06 15:36:18.736 [info] > git for-each-ref --format=%(refname)%00%(upstream:short)%00%(objectname)%00%(upstream:track)%00%(upstream:remotename)%00%(upstream:remoteref) refs/heads/master refs/remotes/master [7ms]
2023-05-06 15:36:18.762 [info] > git status -z -uall [6ms]
2023-05-06 15:37:14.400 [info] > git config --get commit.template [5ms]
2023-05-06 15:37:14.425 [info] > git for-each-ref --format=%(refname)%00%(upstream:short)%00%(objectname)%00%(upstream:track)%00%(upstream:remotename)%00%(upstream:remoteref) refs/heads/master refs/remotes/master [2ms]
2023-05-06 15:37:14.456 [info] > git status -z -uall [3ms]
2023-05-06 15:39:51.243 [info] > git config --get commit.template [4ms]
2023-05-06 15:39:51.267 [info] > git for-each-ref --format=%(refname)%00%(upstream:short)%00%(objectname)%00%(upstream:track)%00%(upstream:remotename)%00%(upstream:remoteref) refs/heads/master refs/remotes/master [2ms]
2023-05-06 15:39:51.298 [info] > git status -z -uall [7ms]
2023-05-06 15:39:59.047 [info] > git config --get commit.template [1ms]
2023-05-06 15:39:59.067 [info] > git for-each-ref --format=%(refname)%00%(upstream:short)%00%(objectname)%00%(upstream:track)%00%(upstream:remotename)%00%(upstream:remoteref) refs/heads/master refs/remotes/master [2ms]
2023-05-06 15:39:59.086 [info] > git status -z -uall [3ms]
2023-05-06 15:40:05.197 [info] > git config --get commit.template [1ms]
2023-05-06 15:40:05.216 [info] > git for-each-ref --format=%(refname)%00%(upstream:short)%00%(objectname)%00%(upstream:track)%00%(upstream:remotename)%00%(upstream:remoteref) refs/heads/master refs/remotes/master [2ms]
2023-05-06 15:40:05.235 [info] > git status -z -uall [3ms]
2023-05-06 15:40:05.379 [info] > git check-ignore -v -z --stdin [2ms]
2023-05-06 15:40:22.616 [info] > git show --textconv :app/AppState.ckeck [19ms]
2023-05-06 15:40:22.619 [info] > git ls-files --stage -- /home/naman/Desktop/Project/React Native/cpay/app/AppState.ckeck [4ms]
2023-05-06 15:40:22.663 [info] > git check-ignore -v -z --stdin [4ms]
2023-05-06 15:40:23.244 [info] > git config --get commit.template [16ms]
2023-05-06 15:40:23.245 [info] > git for-each-ref --format=%(refname)%00%(upstream:short)%00%(objectname)%00%(upstream:track)%00%(upstream:remotename)%00%(upstream:remoteref) refs/heads/master refs/remotes/master [2ms]
2023-05-06 15:40:23.261 [info] > git status -z -uall [3ms]
2023-05-06 15:40:35.783 [info] > git check-ignore -v -z --stdin [22ms]
2023-05-06 15:40:35.871 [info] > git show --textconv :app/AppStateCkeck.js [55ms]
2023-05-06 15:40:35.871 [info] > git ls-files --stage -- /home/naman/Desktop/Project/React Native/cpay/app/AppStateCkeck.js [5ms]
2023-05-06 15:40:36.239 [info] > git config --get commit.template [20ms]
2023-05-06 15:40:36.239 [info] > git for-each-ref --format=%(refname)%00%(upstream:short)%00%(objectname)%00%(upstream:track)%00%(upstream:remotename)%00%(upstream:remoteref) refs/heads/master refs/remotes/master [2ms]
2023-05-06 15:40:36.264 [info] > git status -z -uall [4ms]
2023-05-06 15:40:43.625 [info] > git config --get commit.template [22ms]
2023-05-06 15:40:43.627 [info] > git for-each-ref --format=%(refname)%00%(upstream:short)%00%(objectname)%00%(upstream:track)%00%(upstream:remotename)%00%(upstream:remoteref) refs/heads/master refs/remotes/master [9ms]
2023-05-06 15:40:43.652 [info] > git status -z -uall [5ms]
2023-05-06 15:40:52.794 [info] > git config --get commit.template [39ms]
2023-05-06 15:40:52.797 [info] > git for-each-ref --format=%(refname)%00%(upstream:short)%00%(objectname)%00%(upstream:track)%00%(upstream:remotename)%00%(upstream:remoteref) refs/heads/master refs/remotes/master [3ms]
2023-05-06 15:40:52.820 [info] > git status -z -uall [4ms]
2023-05-06 15:41:21.089 [info] > git config --get commit.template [2ms]
2023-05-06 15:41:21.110 [info] > git for-each-ref --format=%(refname)%00%(upstream:short)%00%(objectname)%00%(upstream:track)%00%(upstream:remotename)%00%(upstream:remoteref) refs/heads/master refs/remotes/master [2ms]
2023-05-06 15:41:21.131 [info] > git status -z -uall [3ms]
2023-05-06 15:41:36.386 [info] > git config --get commit.template [2ms]
2023-05-06 15:41:36.406 [info] > git for-each-ref --format=%(refname)%00%(upstream:short)%00%(objectname)%00%(upstream:track)%00%(upstream:remotename)%00%(upstream:remoteref) refs/heads/master refs/remotes/master [1ms]
2023-05-06 15:41:36.426 [info] > git status -z -uall [3ms]
2023-05-06 15:42:01.572 [info] > git config --get commit.template [16ms]
2023-05-06 15:42:01.572 [info] > git for-each-ref --format=%(refname)%00%(upstream:short)%00%(objectname)%00%(upstream:track)%00%(upstream:remotename)%00%(upstream:remoteref) refs/heads/master refs/remotes/master [1ms]
2023-05-06 15:42:01.590 [info] > git status -z -uall [3ms]
2023-05-06 15:43:49.778 [info] > git config --get commit.template [1ms]
2023-05-06 15:43:49.798 [info] > git for-each-ref --format=%(refname)%00%(upstream:short)%00%(objectname)%00%(upstream:track)%00%(upstream:remotename)%00%(upstream:remoteref) refs/heads/master refs/remotes/master [2ms]
2023-05-06 15:43:49.818 [info] > git status -z -uall [3ms]
2023-05-06 15:43:55.105 [info] > git config --get commit.template [1ms]
2023-05-06 15:43:55.127 [info] > git for-each-ref --format=%(refname)%00%(upstream:short)%00%(objectname)%00%(upstream:track)%00%(upstream:remotename)%00%(upstream:remoteref) refs/heads/master refs/remotes/master [2ms]
2023-05-06 15:43:55.143 [info] > git status -z -uall [3ms]
2023-05-06 15:44:00.222 [info] > git config --get commit.template [2ms]
2023-05-06 15:44:00.243 [info] > git for-each-ref --format=%(refname)%00%(upstream:short)%00%(objectname)%00%(upstream:track)%00%(upstream:remotename)%00%(upstream:remoteref) refs/heads/master refs/remotes/master [2ms]
2023-05-06 15:44:00.268 [info] > git status -z -uall [6ms]
2023-05-06 15:44:19.997 [info] > git config --get commit.template [1ms]
2023-05-06 15:44:20.017 [info] > git for-each-ref --format=%(refname)%00%(upstream:short)%00%(objectname)%00%(upstream:track)%00%(upstream:remotename)%00%(upstream:remoteref) refs/heads/master refs/remotes/master [1ms]
2023-05-06 15:44:20.038 [info] > git status -z -uall [2ms]
2023-05-06 15:44:30.151 [info] > git config --get commit.template [24ms]
2023-05-06 15:44:30.152 [info] > git for-each-ref --format=%(refname)%00%(upstream:short)%00%(objectname)%00%(upstream:track)%00%(upstream:remotename)%00%(upstream:remoteref) refs/heads/master refs/remotes/master [2ms]
2023-05-06 15:44:30.173 [info] > git status -z -uall [3ms]
2023-05-06 15:44:30.267 [info] > git ls-files --stage -- /home/naman/Desktop/Project/React Native/cpay/app/App.tsx [21ms]
2023-05-06 15:44:30.286 [info] > git ls-files --stage -- /home/naman/Desktop/Project/React Native/cpay/app/Screens/HomeScreen/HomeScreen.tsx [59ms]
2023-05-06 15:44:30.308 [info] > git cat-file -s e3cd0c9eeb31a1ca178a1a7b419e1315b351f126 [3ms]
2023-05-06 15:44:30.309 [info] > git cat-file -s 439bdc629634b7c35186cf29885b38b413188a17 [24ms]
2023-05-06 15:44:30.310 [info] > git ls-files --stage -- /home/naman/Desktop/Project/React Native/cpay/app/AppStateCkeck.js [47ms]
2023-05-06 15:44:30.378 [info] > git show --textconv :app/Screens/HomeScreen/HomeScreen.tsx [34ms]
2023-05-06 15:44:30.378 [info] > git show --textconv :app/App.tsx [16ms]
2023-05-06 15:44:30.379 [info] > git show --textconv :app/AppStateCkeck.js [2ms]
2023-05-06 15:44:35.574 [info] > git config --get commit.template [1ms]
2023-05-06 15:44:35.594 [info] > git for-each-ref --format=%(refname)%00%(upstream:short)%00%(objectname)%00%(upstream:track)%00%(upstream:remotename)%00%(upstream:remoteref) refs/heads/master refs/remotes/master [1ms]
2023-05-06 15:44:35.614 [info] > git status -z -uall [2ms]
2023-05-06 15:44:35.710 [info] > git ls-files --stage -- /home/naman/Desktop/Project/React Native/cpay/app/App.tsx [19ms]
2023-05-06 15:44:35.728 [info] > git ls-files --stage -- /home/naman/Desktop/Project/React Native/cpay/app/Screens/HomeScreen/HomeScreen.tsx [55ms]
2023-05-06 15:44:35.749 [info] > git cat-file -s e3cd0c9eeb31a1ca178a1a7b419e1315b351f126 [3ms]
2023-05-06 15:44:35.750 [info] > git cat-file -s 439bdc629634b7c35186cf29885b38b413188a17 [23ms]
2023-05-06 15:44:35.751 [info] > git ls-files --stage -- /home/naman/Desktop/Project/React Native/cpay/app/AppStateCkeck.js [42ms]
2023-05-06 15:44:35.817 [info] > git show --textconv :app/Screens/HomeScreen/HomeScreen.tsx [38ms]
2023-05-06 15:44:35.817 [info] > git show --textconv :app/App.tsx [19ms]
2023-05-06 15:44:35.817 [info] > git show --textconv :app/AppStateCkeck.js [2ms]
2023-05-06 15:44:39.251 [info] > git ls-files --stage -- /home/naman/Desktop/Project/React Native/cpay/app/App.tsx [20ms]
2023-05-06 15:44:39.268 [info] > git ls-files --stage -- /home/naman/Desktop/Project/React Native/cpay/app/Screens/HomeScreen/HomeScreen.tsx [54ms]
2023-05-06 15:44:39.287 [info] > git cat-file -s e3cd0c9eeb31a1ca178a1a7b419e1315b351f126 [2ms]
2023-05-06 15:44:39.288 [info] > git cat-file -s 64a91bbe45c409e37159f91a058fe8cbbb0bbee1 [20ms]
2023-05-06 15:44:39.289 [info] > git ls-files --stage -- /home/naman/Desktop/Project/React Native/cpay/app/AppStateCkeck.js [38ms]
2023-05-06 15:44:39.346 [info] > git show --textconv :app/Screens/HomeScreen/HomeScreen.tsx [39ms]
2023-05-06 15:44:39.346 [info] > git show --textconv :app/App.tsx [20ms]
2023-05-06 15:44:39.346 [info] > git show --textconv :app/AppStateCkeck.js [2ms]
2023-05-06 15:44:40.640 [info] > git config --get commit.template [2ms]
2023-05-06 15:44:40.660 [info] > git for-each-ref --format=%(refname)%00%(upstream:short)%00%(objectname)%00%(upstream:track)%00%(upstream:remotename)%00%(upstream:remoteref) refs/heads/master refs/remotes/master [3ms]
2023-05-06 15:44:40.684 [info] > git status -z -uall [5ms]
2023-05-06 15:45:02.694 [info] > git config --get commit.template [2ms]
2023-05-06 15:45:02.714 [info] > git for-each-ref --format=%(refname)%00%(upstream:short)%00%(objectname)%00%(upstream:track)%00%(upstream:remotename)%00%(upstream:remoteref) refs/heads/master refs/remotes/master [1ms]
2023-05-06 15:45:02.734 [info] > git status -z -uall [2ms]
2023-05-06 15:45:02.824 [info] > git ls-files --stage -- /home/naman/Desktop/Project/React Native/cpay/app/App.tsx [16ms]
2023-05-06 15:45:02.838 [info] > git ls-files --stage -- /home/naman/Desktop/Project/React Native/cpay/app/Screens/HomeScreen/HomeScreen.tsx [45ms]
2023-05-06 15:45:02.853 [info] > git cat-file -s e3cd0c9eeb31a1ca178a1a7b419e1315b351f126 [2ms]
2023-05-06 15:45:02.854 [info] > git cat-file -s 64a91bbe45c409e37159f91a058fe8cbbb0bbee1 [16ms]
2023-05-06 15:45:02.854 [info] > git ls-files --stage -- /home/naman/Desktop/Project/React Native/cpay/app/AppStateCkeck.js [31ms]
2023-05-06 15:45:02.917 [info] > git show --textconv :app/Screens/HomeScreen/HomeScreen.tsx [35ms]
2023-05-06 15:45:02.917 [info] > git show --textconv :app/App.tsx [17ms]
2023-05-06 15:45:02.917 [info] > git show --textconv :app/AppStateCkeck.js [2ms]
2023-05-06 15:45:27.797 [info] > git config --get commit.template [18ms]
2023-05-06 15:45:27.798 [info] > git for-each-ref --format=%(refname)%00%(upstream:short)%00%(objectname)%00%(upstream:track)%00%(upstream:remotename)%00%(upstream:remoteref) refs/heads/master refs/remotes/master [2ms]
2023-05-06 15:45:27.816 [info] > git status -z -uall [3ms]
2023-05-06 15:45:28.408 [info] > git check-ignore -v -z --stdin [1ms]
2023-05-06 15:45:31.994 [info] > git check-ignore -v -z --stdin [2ms]
2023-05-06 15:45:33.542 [info] > git show --textconv :app/Screens/OnBoardingScreens/OnBoardingScreen.tsx [38ms]
2023-05-06 15:45:33.545 [info] > git ls-files --stage -- /home/naman/Desktop/Project/React Native/cpay/app/Screens/OnBoardingScreens/OnBoardingScreen.tsx [7ms]
2023-05-06 15:45:33.578 [info] > git cat-file -s 07c4a95289d4918d7f062572dd8ab8752dc20fdd [5ms]
2023-05-06 15:45:44.335 [info] > git check-ignore -v -z --stdin [2ms]
2023-05-06 15:45:46.281 [info] > git check-ignore -v -z --stdin [1ms]
2023-05-06 15:45:50.322 [info] > git show --textconv :app/Components/ImageCarousel/ImageCarousel.tsx [25ms]
2023-05-06 15:45:50.325 [info] > git ls-files --stage -- /home/naman/Desktop/Project/React Native/cpay/app/Components/ImageCarousel/ImageCarousel.tsx [5ms]
2023-05-06 15:45:50.347 [info] > git cat-file -s 13f190b928bd794dd5ca8fb46058649ae1a47686 [4ms]
2023-05-06 15:45:57.790 [info] > git show --textconv :app/Components/ImageCarousel/CarouselItem.tsx [24ms]
2023-05-06 15:45:57.792 [info] > git ls-files --stage -- /home/naman/Desktop/Project/React Native/cpay/app/Components/ImageCarousel/CarouselItem.tsx [4ms]
2023-05-06 15:45:57.813 [info] > git cat-file -s c6bcf07fcb7f0fd8453e6736d76712482bf36302 [3ms]
2023-05-06 15:48:22.796 [info] > git config --get commit.template [36ms]
2023-05-06 15:48:22.801 [info] > git for-each-ref --format=%(refname)%00%(upstream:short)%00%(objectname)%00%(upstream:track)%00%(upstream:remotename)%00%(upstream:remoteref) refs/heads/master refs/remotes/master [21ms]
2023-05-06 15:48:22.876 [info] > git status -z -uall [61ms]
2023-05-06 15:48:40.812 [info] > git config --get commit.template [22ms]
2023-05-06 15:48:40.815 [info] > git for-each-ref --format=%(refname)%00%(upstream:short)%00%(objectname)%00%(upstream:track)%00%(upstream:remotename)%00%(upstream:remoteref) refs/heads/master refs/remotes/master [4ms]
2023-05-06 15:48:40.845 [info] > git status -z -uall [7ms]
2023-05-06 15:48:45.874 [info] > git config --get commit.template [13ms]
2023-05-06 15:48:45.874 [info] > git for-each-ref --format=%(refname)%00%(upstream:short)%00%(objectname)%00%(upstream:track)%00%(upstream:remotename)%00%(upstream:remoteref) refs/heads/master refs/remotes/master [1ms]
2023-05-06 15:48:45.888 [info] > git status -z -uall [3ms]
2023-05-06 15:48:51.423 [info] > git config --get commit.template [67ms]
2023-05-06 15:48:51.442 [info] > git for-each-ref --format=%(refname)%00%(upstream:short)%00%(objectname)%00%(upstream:track)%00%(upstream:remotename)%00%(upstream:remoteref) refs/heads/master refs/remotes/master [2ms]
2023-05-06 15:48:51.460 [info] > git status -z -uall [4ms]
2023-05-06 15:50:32.997 [info] > git check-ignore -v -z --stdin [6ms]
2023-05-06 15:50:34.579 [info] > git show --textconv :app/Components/CryptoInfo/CryptoInfo.tsx [23ms]
2023-05-06 15:50:34.595 [info] > git ls-files --stage -- /home/naman/Desktop/Project/React Native/cpay/app/Components/CryptoInfo/CryptoInfo.tsx [19ms]
2023-05-06 15:50:34.613 [info] > git cat-file -s 4c319ae91d2ca8387c0a0221a458b8c273e09cac [2ms]
2023-05-06 15:51:17.103 [info] > git check-ignore -v -z --stdin [1ms]
2023-05-06 15:51:18.725 [info] > git check-ignore -v -z --stdin [1ms]
2023-05-06 15:51:41.996 [info] > git config --get commit.template [2ms]
2023-05-06 15:51:42.010 [info] > git for-each-ref --format=%(refname)%00%(upstream:short)%00%(objectname)%00%(upstream:track)%00%(upstream:remotename)%00%(upstream:remoteref) refs/heads/master refs/remotes/master [3ms]
2023-05-06 15:51:42.029 [info] > git status -z -uall [7ms]
2023-05-06 15:52:02.586 [info] > git check-ignore -v -z --stdin [8ms]
2023-05-06 15:52:02.922 [info] > git show --textconv :app/Components/CryptoInfo/CrytoInfoStyles.ts [18ms]
2023-05-06 15:52:02.925 [info] > git ls-files --stage -- /home/naman/Desktop/Project/React Native/cpay/app/Components/CryptoInfo/CrytoInfoStyles.ts [3ms]
2023-05-06 15:52:02.944 [info] > git cat-file -s 595e841ef3fed7f24ca1d1b278fd2b62c1a517ff [3ms]
2023-05-06 15:52:17.972 [info] > git config --get commit.template [14ms]
2023-05-06 15:52:17.975 [info] > git for-each-ref --format=%(refname)%00%(upstream:short)%00%(objectname)%00%(upstream:track)%00%(upstream:remotename)%00%(upstream:remoteref) refs/heads/master refs/remotes/master [3ms]
2023-05-06 15:52:17.996 [info] > git status -z -uall [6ms]
2023-05-06 15:52:24.484 [info] > git config --get commit.template [5ms]
2023-05-06 15:52:24.498 [info] > git for-each-ref --format=%(refname)%00%(upstream:short)%00%(objectname)%00%(upstream:track)%00%(upstream:remotename)%00%(upstream:remoteref) refs/heads/master refs/remotes/master [2ms]
2023-05-06 15:52:24.514 [info] > git status -z -uall [2ms]
2023-05-06 15:52:48.895 [info] > git show --textconv :app/Components/ImageCarousel/ImageCarousel.tsx [13ms]
2023-05-06 15:52:48.896 [info] > git ls-files --stage -- /home/naman/Desktop/Project/React Native/cpay/app/Components/ImageCarousel/ImageCarousel.tsx [2ms]
2023-05-06 15:52:48.908 [info] > git cat-file -s 13f190b928bd794dd5ca8fb46058649ae1a47686 [1ms]
2023-05-06 15:52:49.992 [info] > git show --textconv :app/Components/ImageCarousel/CarouselPropTypes.ts [11ms]
2023-05-06 15:52:49.993 [info] > git ls-files --stage -- /home/naman/Desktop/Project/React Native/cpay/app/Components/ImageCarousel/CarouselPropTypes.ts [2ms]
2023-05-06 15:52:50.005 [info] > git cat-file -s 7dda9654ea70ebdb2767f755ca13563f8723171b [1ms]
2023-05-06 15:52:51.177 [info] > git show --textconv :app/Components/ImageCarousel/CarouselItem.tsx [16ms]
2023-05-06 15:52:51.178 [info] > git ls-files --stage -- /home/naman/Desktop/Project/React Native/cpay/app/Components/ImageCarousel/CarouselItem.tsx [2ms]
2023-05-06 15:52:51.190 [info] > git cat-file -s c6bcf07fcb7f0fd8453e6736d76712482bf36302 [1ms]
2023-05-06 15:53:18.613 [info] > git show --textconv :app/Assets/Icons/locker-dynamic-color.svg [20ms]
2023-05-06 15:53:18.616 [info] > git ls-files --stage -- /home/naman/Desktop/Project/React Native/cpay/app/Assets/Icons/locker-dynamic-color.svg [4ms]
2023-05-06 15:53:35.271 [info] > git check-ignore -v -z --stdin [1ms]
2023-05-06 15:53:35.827 [info] > git config --get commit.template [2ms]
2023-05-06 15:53:35.842 [info] > git for-each-ref --format=%(refname)%00%(upstream:short)%00%(objectname)%00%(upstream:track)%00%(upstream:remotename)%00%(upstream:remoteref) refs/heads/master refs/remotes/master [2ms]
2023-05-06 15:53:35.860 [info] > git status -z -uall [3ms]
2023-05-06 15:53:40.066 [info] > git show --textconv :app/Assets/Icons/OnboardingScreenIcon/locker-dynamic-color.svg [13ms]
2023-05-06 15:53:40.068 [info] > git ls-files --stage -- /home/naman/Desktop/Project/React Native/cpay/app/Assets/Icons/OnboardingScreenIcon/locker-dynamic-color.svg [2ms]
2023-05-06 15:53:40.258 [info] > git check-ignore -v -z --stdin [1ms]
2023-05-06 15:53:40.908 [info] > git config --get commit.template [2ms]
2023-05-06 15:53:40.927 [info] > git for-each-ref --format=%(refname)%00%(upstream:short)%00%(objectname)%00%(upstream:track)%00%(upstream:remotename)%00%(upstream:remoteref) refs/heads/master refs/remotes/master [2ms]
2023-05-06 15:53:40.948 [info] > git status -z -uall [3ms]
2023-05-06 15:53:48.463 [info] > git show --textconv :app/Assets/Icons/OnboardingScreenIcon/LockerIcon.svg [14ms]
2023-05-06 15:53:48.465 [info] > git ls-files --stage -- /home/naman/Desktop/Project/React Native/cpay/app/Assets/Icons/OnboardingScreenIcon/LockerIcon.svg [3ms]
2023-05-06 15:53:48.657 [info] > git check-ignore -v -z --stdin [1ms]
2023-05-06 15:53:49.302 [info] > git config --get commit.template [19ms]
2023-05-06 15:53:49.303 [info] > git for-each-ref --format=%(refname)%00%(upstream:short)%00%(objectname)%00%(upstream:track)%00%(upstream:remotename)%00%(upstream:remoteref) refs/heads/master refs/remotes/master [3ms]
2023-05-06 15:53:49.325 [info] > git status -z -uall [4ms]
2023-05-06 15:53:55.109 [info] > git show --textconv :app/Components/CryptoInfo/CryptoInfo.tsx [18ms]
2023-05-06 15:53:55.110 [info] > git ls-files --stage -- /home/naman/Desktop/Project/React Native/cpay/app/Components/CryptoInfo/CryptoInfo.tsx [2ms]
2023-05-06 15:53:55.122 [info] > git cat-file -s 4c319ae91d2ca8387c0a0221a458b8c273e09cac [1ms]
2023-05-06 15:54:08.158 [info] > git show --textconv :app/Components/ImageCarousel/CarouselItem.tsx [19ms]
2023-05-06 15:54:08.159 [info] > git ls-files --stage -- /home/naman/Desktop/Project/React Native/cpay/app/Components/ImageCarousel/CarouselItem.tsx [2ms]
2023-05-06 15:54:08.175 [info] > git cat-file -s c6bcf07fcb7f0fd8453e6736d76712482bf36302 [2ms]
2023-05-06 15:54:30.625 [info] > git config --get commit.template [2ms]
2023-05-06 15:54:30.648 [info] > git for-each-ref --format=%(refname)%00%(upstream:short)%00%(objectname)%00%(upstream:track)%00%(upstream:remotename)%00%(upstream:remoteref) refs/heads/master refs/remotes/master [2ms]
2023-05-06 15:54:30.669 [info] > git status -z -uall [6ms]
2023-05-06 15:55:12.580 [info] > git config --get commit.template [3ms]
2023-05-06 15:55:12.619 [info] > git for-each-ref --format=%(refname)%00%(upstream:short)%00%(objectname)%00%(upstream:track)%00%(upstream:remotename)%00%(upstream:remoteref) refs/heads/master refs/remotes/master [5ms]
2023-05-06 15:55:12.654 [info] > git status -z -uall [4ms]
2023-05-06 15:55:57.724 [info] > git config --get commit.template [35ms]
2023-05-06 15:55:57.727 [info] > git for-each-ref --format=%(refname)%00%(upstream:short)%00%(objectname)%00%(upstream:track)%00%(upstream:remotename)%00%(upstream:remoteref) refs/heads/master refs/remotes/master [5ms]
2023-05-06 15:55:57.746 [info] > git status -z -uall [3ms]
2023-05-06 15:57:34.701 [info] > git config --get commit.template [25ms]
2023-05-06 15:57:34.705 [info] > git for-each-ref --format=%(refname)%00%(upstream:short)%00%(objectname)%00%(upstream:track)%00%(upstream:remotename)%00%(upstream:remoteref) refs/heads/master refs/remotes/master [5ms]
2023-05-06 15:57:34.731 [info] > git status -z -uall [5ms]
2023-05-06 15:58:02.542 [info] > git config --get commit.template [20ms]
2023-05-06 15:58:02.542 [info] > git for-each-ref --format=%(refname)%00%(upstream:short)%00%(objectname)%00%(upstream:track)%00%(upstream:remotename)%00%(upstream:remoteref) refs/heads/master refs/remotes/master [2ms]
2023-05-06 15:58:02.564 [info] > git status -z -uall [3ms]
2023-05-06 15:58:25.399 [info] > git config --get commit.template [16ms]
2023-05-06 15:58:25.400 [info] > git for-each-ref --format=%(refname)%00%(upstream:short)%00%(objectname)%00%(upstream:track)%00%(upstream:remotename)%00%(upstream:remoteref) refs/heads/master refs/remotes/master [1ms]
2023-05-06 15:58:25.421 [info] > git status -z -uall [5ms]
2023-05-06 15:58:25.501 [info] > git ls-files --stage -- /home/naman/Desktop/Project/React Native/cpay/app/Components/CryptoInfo/CryptoInfo.tsx [17ms]
2023-05-06 15:58:25.514 [info] > git ls-files --stage -- /home/naman/Desktop/Project/React Native/cpay/app/Components/ImageCarousel/CarouselItem.tsx [13ms]
2023-05-06 15:58:25.528 [info] > git cat-file -s 7230c2a6e44a8c19840a1d246f8abff6d7bc2118 [3ms]
2023-05-06 15:58:25.529 [info] > git cat-file -s 0765100c319d1292b8752af9912955042c46ec4c [17ms]
2023-05-06 15:58:25.559 [info] > git show --textconv :app/Components/ImageCarousel/CarouselItem.tsx [16ms]
2023-05-06 15:58:25.561 [info] > git show --textconv :app/Components/CryptoInfo/CryptoInfo.tsx [2ms]
2023-05-06 15:58:41.865 [info] > git config --get commit.template [1ms]
2023-05-06 15:58:41.879 [info] > git for-each-ref --format=%(refname)%00%(upstream:short)%00%(objectname)%00%(upstream:track)%00%(upstream:remotename)%00%(upstream:remoteref) refs/heads/master refs/remotes/master [2ms]
2023-05-06 15:58:41.894 [info] > git status -z -uall [3ms]
2023-05-06 15:58:41.988 [info] > git ls-files --stage -- /home/naman/Desktop/Project/React Native/cpay/app/Components/CryptoInfo/CryptoInfo.tsx [17ms]
2023-05-06 15:58:42.005 [info] > git cat-file -s 0765100c319d1292b8752af9912955042c46ec4c [2ms]
2023-05-06 15:58:42.006 [info] > git ls-files --stage -- /home/naman/Desktop/Project/React Native/cpay/app/Components/ImageCarousel/CarouselItem.tsx [19ms]
2023-05-06 15:58:42.040 [info] > git cat-file -s 7230c2a6e44a8c19840a1d246f8abff6d7bc2118 [18ms]
2023-05-06 15:58:42.041 [info] > git show --textconv :app/Components/CryptoInfo/CryptoInfo.tsx [2ms]
2023-05-06 15:58:42.058 [info] > git show --textconv :app/Components/ImageCarousel/CarouselItem.tsx [1ms]
2023-05-06 15:59:48.777 [info] > git show --textconv :app/App.tsx [28ms]
2023-05-06 15:59:48.780 [info] > git ls-files --stage -- /home/naman/Desktop/Project/React Native/cpay/app/App.tsx [4ms]
2023-05-06 15:59:48.798 [info] > git cat-file -s 64a91bbe45c409e37159f91a058fe8cbbb0bbee1 [2ms]
2023-05-06 16:00:24.569 [info] > git config --get commit.template [25ms]
2023-05-06 16:00:24.570 [info] > git for-each-ref --format=%(refname)%00%(upstream:short)%00%(objectname)%00%(upstream:track)%00%(upstream:remotename)%00%(upstream:remoteref) refs/heads/master refs/remotes/master [3ms]
2023-05-06 16:00:24.592 [info] > git status -z -uall [3ms]
2023-05-06 16:00:41.209 [info] > git config --get commit.template [3ms]
2023-05-06 16:00:41.228 [info] > git for-each-ref --format=%(refname)%00%(upstream:short)%00%(objectname)%00%(upstream:track)%00%(upstream:remotename)%00%(upstream:remoteref) refs/heads/master refs/remotes/master [2ms]
2023-05-06 16:00:41.248 [info] > git status -z -uall [4ms]
2023-05-06 16:01:15.772 [info] > git for-each-ref --format=%(refname)%00%(upstream:short)%00%(objectname)%00%(upstream:track)%00%(upstream:remotename)%00%(upstream:remoteref) refs/heads/master refs/remotes/master [5ms]
2023-05-06 16:01:15.775 [info] > git config --get commit.template [31ms]
2023-05-06 16:01:15.806 [info] > git status -z -uall [5ms]
2023-05-06 16:01:32.232 [info] > git check-ignore -v -z --stdin [2ms]
2023-05-06 16:01:33.818 [info] > git show --textconv :app/Constant/ScreenKeys.ts [29ms]
2023-05-06 16:01:33.820 [info] > git ls-files --stage -- /home/naman/Desktop/Project/React Native/cpay/app/Constant/ScreenKeys.ts [6ms]
2023-05-06 16:01:33.868 [info] > git cat-file -s 891aa592699cf49b549788849d13fcb376267150 [24ms]
2023-05-06 16:01:49.255 [info] > git config --get commit.template [1ms]
2023-05-06 16:01:49.272 [info] > git for-each-ref --format=%(refname)%00%(upstream:short)%00%(objectname)%00%(upstream:track)%00%(upstream:remotename)%00%(upstream:remoteref) refs/heads/master refs/remotes/master [2ms]
2023-05-06 16:01:49.291 [info] > git status -z -uall [3ms]
2023-05-06 16:01:59.416 [info] > git config --get commit.template [36ms]
2023-05-06 16:01:59.419 [info] > git for-each-ref --format=%(refname)%00%(upstream:short)%00%(objectname)%00%(upstream:track)%00%(upstream:remotename)%00%(upstream:remoteref) refs/heads/master refs/remotes/master [5ms]
2023-05-06 16:01:59.453 [info] > git status -z -uall [8ms]
2023-05-06 16:02:45.744 [info] > git config --get commit.template [14ms]
2023-05-06 16:02:45.745 [info] > git for-each-ref --format=%(refname)%00%(upstream:short)%00%(objectname)%00%(upstream:track)%00%(upstream:remotename)%00%(upstream:remoteref) refs/heads/master refs/remotes/master [2ms]
2023-05-06 16:02:45.759 [info] > git status -z -uall [2ms]
2023-05-06 16:03:49.120 [info] > git config --get commit.template [23ms]
2023-05-06 16:03:49.123 [info] > git for-each-ref --format=%(refname)%00%(upstream:short)%00%(objectname)%00%(upstream:track)%00%(upstream:remotename)%00%(upstream:remoteref) refs/heads/master refs/remotes/master [3ms]
2023-05-06 16:03:49.144 [info] > git status -z -uall [4ms]
2023-05-06 16:04:41.913 [info] > git config --get commit.template [25ms]
2023-05-06 16:04:41.916 [info] > git for-each-ref --format=%(refname)%00%(upstream:short)%00%(objectname)%00%(upstream:track)%00%(upstream:remotename)%00%(upstream:remoteref) refs/heads/master refs/remotes/master [4ms]
2023-05-06 16:04:41.935 [info] > git status -z -uall [3ms]
2023-05-06 16:05:00.735 [info] > git config --get commit.template [1ms]
2023-05-06 16:05:00.753 [info] > git for-each-ref --format=%(refname)%00%(upstream:short)%00%(objectname)%00%(upstream:track)%00%(upstream:remotename)%00%(upstream:remoteref) refs/heads/master refs/remotes/master [2ms]
2023-05-06 16:05:00.774 [info] > git status -z -uall [3ms]
2023-05-06 16:05:06.540 [info] > git check-ignore -v -z --stdin [1ms]
2023-05-06 16:05:07.746 [info] > git show --textconv :app/Navigation/AppNavigation.js [19ms]
2023-05-06 16:05:07.747 [info] > git ls-files --stage -- /home/naman/Desktop/Project/React Native/cpay/app/Navigation/AppNavigation.js [4ms]
2023-05-06 16:05:07.768 [info] > git cat-file -s 0bfd91ea8589ed89abfc6ccdac90ee705b1d656b [2ms]
2023-05-06 16:07:26.811 [info] > git config --get commit.template [24ms]
2023-05-06 16:07:26.823 [info] > git for-each-ref --format=%(refname)%00%(upstream:short)%00%(objectname)%00%(upstream:track)%00%(upstream:remotename)%00%(upstream:remoteref) refs/heads/master refs/remotes/master [17ms]
2023-05-06 16:07:26.847 [info] > git status -z -uall [9ms]
2023-05-06 16:26:55.146 [info] > git config --get commit.template [21ms]
2023-05-06 16:26:55.149 [info] > git for-each-ref --format=%(refname)%00%(upstream:short)%00%(objectname)%00%(upstream:track)%00%(upstream:remotename)%00%(upstream:remoteref) refs/heads/master refs/remotes/master [9ms]
2023-05-06 16:26:55.182 [info] > git status -z -uall [10ms]
2023-05-06 16:31:04.027 [info] > git config --get commit.template [24ms]
2023-05-06 16:31:04.040 [info] > git for-each-ref --format=%(refname)%00%(upstream:short)%00%(objectname)%00%(upstream:track)%00%(upstream:remotename)%00%(upstream:remoteref) refs/heads/master refs/remotes/master [25ms]
2023-05-06 16:31:04.080 [info] > git status -z -uall [9ms]
2023-05-06 16:34:41.390 [info] > git config --get commit.template [31ms]
2023-05-06 16:34:41.400 [info] > git for-each-ref --format=%(refname)%00%(upstream:short)%00%(objectname)%00%(upstream:track)%00%(upstream:remotename)%00%(upstream:remoteref) refs/heads/master refs/remotes/master [16ms]
2023-05-06 16:34:41.463 [info] > git status -z -uall [31ms]
2023-05-06 16:34:49.224 [info] > git config --get commit.template [4ms]
2023-05-06 16:34:49.252 [info] > git for-each-ref --format=%(refname)%00%(upstream:short)%00%(objectname)%00%(upstream:track)%00%(upstream:remotename)%00%(upstream:remoteref) refs/heads/master refs/remotes/master [2ms]
2023-05-06 16:34:49.278 [info] > git status -z -uall [3ms]
2023-05-06 16:36:53.453 [info] > git config --get commit.template [16ms]
2023-05-06 16:36:53.456 [info] > git for-each-ref --format=%(refname)%00%(upstream:short)%00%(objectname)%00%(upstream:track)%00%(upstream:remotename)%00%(upstream:remoteref) refs/heads/master refs/remotes/master [4ms]
2023-05-06 16:36:53.473 [info] > git status -z -uall [4ms]
2023-05-06 16:37:34.333 [info] > git config --get commit.template [42ms]
2023-05-06 16:37:34.338 [info] > git for-each-ref --format=%(refname)%00%(upstream:short)%00%(objectname)%00%(upstream:track)%00%(upstream:remotename)%00%(upstream:remoteref) refs/heads/master refs/remotes/master [8ms]
2023-05-06 16:37:34.383 [info] > git status -z -uall [12ms]
2023-05-06 16:38:08.563 [info] > git config --get commit.template [16ms]
2023-05-06 16:38:08.564 [info] > git for-each-ref --format=%(refname)%00%(upstream:short)%00%(objectname)%00%(upstream:track)%00%(upstream:remotename)%00%(upstream:remoteref) refs/heads/master refs/remotes/master [2ms]
2023-05-06 16:38:08.581 [info] > git status -z -uall [3ms]
2023-05-06 16:38:43.162 [info] > git config --get commit.template [17ms]
2023-05-06 16:38:43.165 [info] > git for-each-ref --format=%(refname)%00%(upstream:short)%00%(objectname)%00%(upstream:track)%00%(upstream:remotename)%00%(upstream:remoteref) refs/heads/master refs/remotes/master [4ms]
2023-05-06 16:38:43.190 [info] > git status -z -uall [8ms]
2023-05-06 16:39:10.682 [info] > git config --get commit.template [30ms]
2023-05-06 16:39:10.683 [info] > git for-each-ref --format=%(refname)%00%(upstream:short)%00%(objectname)%00%(upstream:track)%00%(upstream:remotename)%00%(upstream:remoteref) refs/heads/master refs/remotes/master [3ms]
2023-05-06 16:39:10.709 [info] > git status -z -uall [4ms]
2023-05-06 16:39:36.014 [info] > git config --get commit.template [24ms]
2023-05-06 16:39:36.016 [info] > git for-each-ref --format=%(refname)%00%(upstream:short)%00%(objectname)%00%(upstream:track)%00%(upstream:remotename)%00%(upstream:remoteref) refs/heads/master refs/remotes/master [4ms]
2023-05-06 16:39:36.042 [info] > git status -z -uall [5ms]
2023-05-06 16:39:44.735 [info] > git config --get commit.template [18ms]
2023-05-06 16:39:44.737 [info] > git for-each-ref --format=%(refname)%00%(upstream:short)%00%(objectname)%00%(upstream:track)%00%(upstream:remotename)%00%(upstream:remoteref) refs/heads/master refs/remotes/master [3ms]
2023-05-06 16:39:44.769 [info] > git status -z -uall [16ms]
2023-05-06 16:41:47.349 [info] > git config --get commit.template [19ms]
2023-05-06 16:41:47.352 [info] > git for-each-ref --format=%(refname)%00%(upstream:short)%00%(objectname)%00%(upstream:track)%00%(upstream:remotename)%00%(upstream:remoteref) refs/heads/master refs/remotes/master [4ms]
2023-05-06 16:41:47.387 [info] > git status -z -uall [19ms]
2023-05-06 16:42:20.171 [info] > git config --get commit.template [27ms]
2023-05-06 16:42:20.172 [info] > git for-each-ref --format=%(refname)%00%(upstream:short)%00%(objectname)%00%(upstream:track)%00%(upstream:remotename)%00%(upstream:remoteref) refs/heads/master refs/remotes/master [3ms]
2023-05-06 16:42:20.200 [info] > git status -z -uall [4ms]
2023-05-06 16:42:48.850 [info] > git config --get commit.template [1ms]
2023-05-06 16:42:48.863 [info] > git for-each-ref --format=%(refname)%00%(upstream:short)%00%(objectname)%00%(upstream:track)%00%(upstream:remotename)%00%(upstream:remoteref) refs/heads/master refs/remotes/master [2ms]
2023-05-06 16:42:48.876 [info] > git status -z -uall [2ms]
2023-05-06 16:42:58.523 [info] > git config --get commit.template [1ms]
2023-05-06 16:42:58.539 [info] > git for-each-ref --format=%(refname)%00%(upstream:short)%00%(objectname)%00%(upstream:track)%00%(upstream:remotename)%00%(upstream:remoteref) refs/heads/master refs/remotes/master [1ms]
2023-05-06 16:42:58.555 [info] > git status -z -uall [3ms]
2023-05-06 16:43:14.868 [info] > git config --get commit.template [1ms]
2023-05-06 16:43:14.883 [info] > git for-each-ref --format=%(refname)%00%(upstream:short)%00%(objectname)%00%(upstream:track)%00%(upstream:remotename)%00%(upstream:remoteref) refs/heads/master refs/remotes/master [2ms]
2023-05-06 16:43:14.899 [info] > git status -z -uall [2ms]
2023-05-06 16:44:10.309 [info] > git config --get commit.template [21ms]
2023-05-06 16:44:10.318 [info] > git for-each-ref --format=%(refname)%00%(upstream:short)%00%(objectname)%00%(upstream:track)%00%(upstream:remotename)%00%(upstream:remoteref) refs/heads/master refs/remotes/master [19ms]
2023-05-06 16:44:10.335 [info] > git status -z -uall [5ms]
2023-05-06 16:44:15.362 [info] > git config --get commit.template [1ms]
2023-05-06 16:44:15.378 [info] > git for-each-ref --format=%(refname)%00%(upstream:short)%00%(objectname)%00%(upstream:track)%00%(upstream:remotename)%00%(upstream:remoteref) refs/heads/master refs/remotes/master [2ms]
2023-05-06 16:44:15.395 [info] > git status -z -uall [2ms]
2023-05-06 16:44:29.676 [info] > git config --get commit.template [4ms]
2023-05-06 16:44:29.697 [info] > git for-each-ref --format=%(refname)%00%(upstream:short)%00%(objectname)%00%(upstream:track)%00%(upstream:remotename)%00%(upstream:remoteref) refs/heads/master refs/remotes/master [2ms]
2023-05-06 16:44:29.721 [info] > git status -z -uall [4ms]
2023-05-06 16:44:33.958 [info] > git ls-files --stage -- /home/naman/Desktop/Project/React Native/cpay/app/App.tsx [21ms]
2023-05-06 16:44:33.980 [info] > git ls-files --stage -- /home/naman/Desktop/Project/React Native/cpay/app/Components/ImageCarousel/CarouselItem.tsx [63ms]
2023-05-06 16:44:33.997 [info] > git cat-file -s 64a91bbe45c409e37159f91a058fe8cbbb0bbee1 [18ms]
2023-05-06 16:44:33.999 [info] > git ls-files --stage -- /home/naman/Desktop/Project/React Native/cpay/app/Navigation/AppNavigation.js [42ms]
2023-05-06 16:44:34.018 [info] > git cat-file -s 7230c2a6e44a8c19840a1d246f8abff6d7bc2118 [23ms]
2023-05-06 16:44:34.036 [info] > git cat-file -s 0bfd91ea8589ed89abfc6ccdac90ee705b1d656b [18ms]
2023-05-06 16:44:34.038 [info] > git show --textconv :app/App.tsx [3ms]
2023-05-06 16:44:34.078 [info] > git show --textconv :app/Components/ImageCarousel/CarouselItem.tsx [22ms]
2023-05-06 16:44:34.079 [info] > git show --textconv :app/Navigation/AppNavigation.js [2ms]
2023-05-06 16:44:34.747 [info] > git config --get commit.template [4ms]
2023-05-06 16:44:34.775 [info] > git for-each-ref --format=%(refname)%00%(upstream:short)%00%(objectname)%00%(upstream:track)%00%(upstream:remotename)%00%(upstream:remoteref) refs/heads/master refs/remotes/master [4ms]
2023-05-06 16:44:34.794 [info] > git status -z -uall [3ms]
2023-05-06 16:44:39.818 [info] > git config --get commit.template [2ms]
2023-05-06 16:44:39.836 [info] > git for-each-ref --format=%(refname)%00%(upstream:short)%00%(objectname)%00%(upstream:track)%00%(upstream:remotename)%00%(upstream:remoteref) refs/heads/master refs/remotes/master [1ms]
2023-05-06 16:44:39.856 [info] > git status -z -uall [4ms]
2023-05-06 16:44:44.952 [info] > git config --get commit.template [48ms]
2023-05-06 16:44:44.963 [info] > git for-each-ref --format=%(refname)%00%(upstream:short)%00%(objectname)%00%(upstream:track)%00%(upstream:remotename)%00%(upstream:remoteref) refs/heads/master refs/remotes/master [14ms]
2023-05-06 16:44:45.027 [info] > git status -z -uall [17ms]
2023-05-06 16:44:50.136 [info] > git config --get commit.template [27ms]
2023-05-06 16:44:50.182 [info] > git for-each-ref --format=%(refname)%00%(upstream:short)%00%(objectname)%00%(upstream:track)%00%(upstream:remotename)%00%(upstream:remoteref) refs/heads/master refs/remotes/master [56ms]
2023-05-06 16:44:50.242 [info] > git status -z -uall [18ms]
2023-05-06 16:44:55.388 [info] > git config --get commit.template [39ms]
2023-05-06 16:44:55.420 [info] > git for-each-ref --format=%(refname)%00%(upstream:short)%00%(objectname)%00%(upstream:track)%00%(upstream:remotename)%00%(upstream:remoteref) refs/heads/master refs/remotes/master [35ms]
2023-05-06 16:44:55.479 [info] > git status -z -uall [16ms]
2023-05-06 16:45:00.529 [info] > git config --get commit.template [26ms]
2023-05-06 16:45:00.533 [info] > git for-each-ref --format=%(refname)%00%(upstream:short)%00%(objectname)%00%(upstream:track)%00%(upstream:remotename)%00%(upstream:remoteref) refs/heads/master refs/remotes/master [5ms]
2023-05-06 16:45:00.566 [info] > git status -z -uall [6ms]
2023-05-06 16:45:05.632 [info] > git config --get commit.template [21ms]
2023-05-06 16:45:05.634 [info] > git for-each-ref --format=%(refname)%00%(upstream:short)%00%(objectname)%00%(upstream:track)%00%(upstream:remotename)%00%(upstream:remoteref) refs/heads/master refs/remotes/master [5ms]
2023-05-06 16:45:05.683 [info] > git status -z -uall [28ms]
2023-05-06 16:45:12.630 [info] > git config --get commit.template [22ms]
2023-05-06 16:45:12.635 [info] > git for-each-ref --format=%(refname)%00%(upstream:short)%00%(objectname)%00%(upstream:track)%00%(upstream:remotename)%00%(upstream:remoteref) refs/heads/master refs/remotes/master [5ms]
2023-05-06 16:45:12.660 [info] > git status -z -uall [6ms]
2023-05-06 16:45:34.348 [info] > git config --get commit.template [7857ms]
2023-05-06 16:45:35.166 [info] > git for-each-ref --format=%(refname)%00%(upstream:short)%00%(objectname)%00%(upstream:track)%00%(upstream:remotename)%00%(upstream:remoteref) refs/heads/master refs/remotes/master [247ms]
2023-05-06 16:45:35.270 [info] > git show --textconv :package.json [54ms]
2023-05-06 16:45:35.286 [info] > git ls-files --stage -- /home/naman/Desktop/Project/React Native/cpay/package.json [48ms]
2023-05-06 16:45:35.378 [info] > git status -z -uall [193ms]
2023-05-06 16:45:35.381 [info] > git cat-file -s ba275d495a09dd5b396de318d7d9ef50893ac9a0 [71ms]
