["INFO" - 5:08:48 PM] Extension Name: esbenp.prettier-vscode.
["INFO" - 5:08:48 PM] Extension Version: 9.12.0.
["DEBUG" - 5:08:48 PM] Enabling Prettier globally
{
  "languageSelector": [
    {
      "language": "javascript"
    },
    {
      "language": "mongo"
    },
    {
      "language": "javascriptreact"
    },
    {
      "language": "typescript"
    },
    {
      "language": "typescriptreact"
    },
    {
      "language": "json"
    },
    {
      "language": "jsonc"
    },
    {
      "language": "json5"
    },
    {
      "language": "css"
    },
    {
      "language": "postcss"
    },
    {
      "language": "less"
    },
    {
      "language": "scss"
    },
    {
      "language": "handlebars"
    },
    {
      "language": "graphql"
    },
    {
      "language": "markdown"
    },
    {
      "language": "mdx"
    },
    {
      "language": "html"
    },
    {
      "language": "vue"
    },
    {
      "language": "yaml"
    },
    {
      "language": "ansible"
    },
    {
      "language": "home-assistant"
    },
    {
      "language": "jsonc",
      "scheme": "vscode-userdata"
    }
  ],
  "rangeLanguageSelector": [
    {
      "language": "javascript"
    },
    {
      "language": "javascriptreact"
    },
    {
      "language": "typescript"
    },
    {
      "language": "typescriptreact"
    },
    {
      "language": "json"
    },
    {
      "language": "jsonc"
    },
    {
      "language": "graphql"
    }
  ]
}
["DEBUG" - 5:08:48 PM] Local prettier module path: '/home/naman/Desktop/Project/React Native/cpay/node_modules/prettier/index.js'
["DEBUG" - 5:08:48 PM] Using prettier version 2.8.7
["DEBUG" - 5:08:48 PM] Enabling Prettier for Workspace /home/naman/Desktop/Project/React Native/cpay
{
  "languageSelector": [
    {
      "pattern": "/home/naman/Desktop/Project/React Native/cpay/**/*.{js,_js,bones,cjs,es,es6,frag,gs,jake,javascript,jsb,jscad,jsfl,jslib,jsm,jspre,jss,mjs,njs,pac,sjs,ssjs,xsjs,xsjslib,wxs,js.flow,jsx,ts,cts,mts,tsx,importmap,json,4DForm,4DProject,avsc,geojson,gltf,har,ice,JSON-tmLanguage,mcmeta,tfstate,tfstate.backup,topojson,webapp,webmanifest,yy,yyp,jsonc,code-snippets,sublime-build,sublime-commands,sublime-completions,sublime-keymap,sublime-macro,sublime-menu,sublime-mousemap,sublime-project,sublime-settings,sublime-theme,sublime-workspace,sublime_metrics,sublime_session,json5,css,wxss,pcss,postcss,less,scss,handlebars,hbs,graphql,gql,graphqls,md,livemd,markdown,mdown,mdwn,mkd,mkdn,mkdown,ronn,scd,workbook,mdx,component.html,html,hta,htm,html.hl,inc,xht,xhtml,mjml,vue,yml,mir,reek,rviz,sublime-syntax,syntax,yaml,yaml-tmlanguage,yaml.sed,yml.mysql}",
      "scheme": "file"
    },
    {
      "language": "javascript"
    },
    {
      "language": "mongo"
    },
    {
      "language": "javascriptreact"
    },
    {
      "language": "typescript"
    },
    {
      "language": "typescriptreact"
    },
    {
      "language": "json"
    },
    {
      "language": "jsonc"
    },
    {
      "language": "json5"
    },
    {
      "language": "css"
    },
    {
      "language": "postcss"
    },
    {
      "language": "less"
    },
    {
      "language": "scss"
    },
    {
      "language": "handlebars"
    },
    {
      "language": "graphql"
    },
    {
      "language": "markdown"
    },
    {
      "language": "mdx"
    },
    {
      "language": "html"
    },
    {
      "language": "vue"
    },
    {
      "language": "yaml"
    },
    {
      "language": "ansible"
    },
    {
      "language": "home-assistant"
    },
    {
      "language": "jsonc",
      "scheme": "vscode-userdata"
    }
  ],
  "rangeLanguageSelector": [
    {
      "language": "javascript"
    },
    {
      "language": "javascriptreact"
    },
    {
      "language": "typescript"
    },
    {
      "language": "typescriptreact"
    },
    {
      "language": "json"
    },
    {
      "language": "jsonc"
    },
    {
      "language": "graphql"
    }
  ]
}
["DEBUG" - 5:09:32 PM] Local prettier module path: '/home/naman/Desktop/Project/React Native/cpay/node_modules/prettier/index.js'
["DEBUG" - 5:09:32 PM] Using prettier version 2.8.7
["DEBUG" - 5:34:08 PM] Local prettier module path: '/home/naman/Desktop/Project/React Native/cpay/node_modules/prettier/index.js'
["INFO" - 5:34:40 PM] Formatting vscode-userdata:/home/naman/.config/Code/User/profiles/7ea727a4/settings.json
["DEBUG" - 5:34:40 PM] Using bundled version of prettier.
["INFO" - 5:34:40 PM] File Info:
{
  "ignored": false,
  "inferredParser": "json"
}
["INFO" - 5:34:40 PM] No local configuration (i.e. .prettierrc or .editorconfig) detected, falling back to VS Code configuration
["INFO" - 5:34:40 PM] Prettier Options:
{
  "arrowParens": "always",
  "bracketSpacing": true,
  "endOfLine": "lf",
  "htmlWhitespaceSensitivity": "css",
  "insertPragma": false,
  "singleAttributePerLine": true,
  "bracketSameLine": false,
  "jsxBracketSameLine": false,
  "jsxSingleQuote": false,
  "printWidth": 220,
  "proseWrap": "preserve",
  "quoteProps": "as-needed",
  "requirePragma": false,
  "semi": false,
  "singleQuote": false,
  "tabWidth": 2,
  "trailingComma": "all",
  "useTabs": true,
  "vueIndentScriptAndStyle": false,
  "filepath": "/home/naman/.config/Code/User/profiles/7ea727a4/settings.json",
  "parser": "json"
}
["INFO" - 5:34:40 PM] Formatting completed in 96ms.
["DEBUG" - 5:36:06 PM] Local prettier module path: '/home/naman/Desktop/Project/React Native/cpay/node_modules/prettier/index.js'
["INFO" - 5:36:10 PM] Formatting vscode-userdata:/home/naman/.config/Code/User/profiles/7ea727a4/settings.json
["DEBUG" - 5:36:10 PM] Using bundled version of prettier.
["INFO" - 5:36:10 PM] File Info:
{
  "ignored": false,
  "inferredParser": "json"
}
["INFO" - 5:36:10 PM] No local configuration (i.e. .prettierrc or .editorconfig) detected, falling back to VS Code configuration
["INFO" - 5:36:10 PM] Prettier Options:
{
  "arrowParens": "always",
  "bracketSpacing": true,
  "endOfLine": "lf",
  "htmlWhitespaceSensitivity": "css",
  "insertPragma": false,
  "singleAttributePerLine": true,
  "bracketSameLine": false,
  "jsxBracketSameLine": false,
  "jsxSingleQuote": false,
  "printWidth": 220,
  "proseWrap": "preserve",
  "quoteProps": "as-needed",
  "requirePragma": false,
  "semi": false,
  "singleQuote": false,
  "tabWidth": 2,
  "trailingComma": "all",
  "useTabs": true,
  "vueIndentScriptAndStyle": false,
  "filepath": "/home/naman/.config/Code/User/profiles/7ea727a4/settings.json",
  "parser": "json"
}
["INFO" - 5:36:10 PM] Formatting completed in 456ms.
["INFO" - 5:37:37 PM] Formatting vscode-userdata:/home/naman/.config/Code/User/profiles/7ea727a4/settings.json
["DEBUG" - 5:37:37 PM] Using bundled version of prettier.
["INFO" - 5:37:37 PM] File Info:
{
  "ignored": false,
  "inferredParser": "json"
}
["INFO" - 5:37:37 PM] No local configuration (i.e. .prettierrc or .editorconfig) detected, falling back to VS Code configuration
["INFO" - 5:37:37 PM] Prettier Options:
{
  "arrowParens": "always",
  "bracketSpacing": true,
  "endOfLine": "lf",
  "htmlWhitespaceSensitivity": "css",
  "insertPragma": false,
  "singleAttributePerLine": true,
  "bracketSameLine": false,
  "jsxBracketSameLine": false,
  "jsxSingleQuote": false,
  "printWidth": 220,
  "proseWrap": "preserve",
  "quoteProps": "as-needed",
  "requirePragma": false,
  "semi": false,
  "singleQuote": false,
  "tabWidth": 2,
  "trailingComma": "all",
  "useTabs": true,
  "vueIndentScriptAndStyle": false,
  "filepath": "/home/naman/.config/Code/User/profiles/7ea727a4/settings.json",
  "parser": "json"
}
["INFO" - 5:37:37 PM] Formatting completed in 43ms.
["INFO" - 5:37:41 PM] Formatting vscode-userdata:/home/naman/.config/Code/User/profiles/7ea727a4/settings.json
["DEBUG" - 5:37:41 PM] Using bundled version of prettier.
["INFO" - 5:37:41 PM] File Info:
{
  "ignored": false,
  "inferredParser": "json"
}
["INFO" - 5:37:41 PM] No local configuration (i.e. .prettierrc or .editorconfig) detected, falling back to VS Code configuration
["INFO" - 5:37:41 PM] Prettier Options:
{
  "arrowParens": "always",
  "bracketSpacing": true,
  "endOfLine": "lf",
  "htmlWhitespaceSensitivity": "css",
  "insertPragma": false,
  "singleAttributePerLine": true,
  "bracketSameLine": false,
  "jsxBracketSameLine": false,
  "jsxSingleQuote": false,
  "printWidth": 220,
  "proseWrap": "preserve",
  "quoteProps": "as-needed",
  "requirePragma": false,
  "semi": false,
  "singleQuote": false,
  "tabWidth": 2,
  "trailingComma": "all",
  "useTabs": true,
  "vueIndentScriptAndStyle": false,
  "filepath": "/home/naman/.config/Code/User/profiles/7ea727a4/settings.json",
  "parser": "json"
}
["INFO" - 5:37:41 PM] Formatting completed in 29ms.
