2023-05-06 18:15:12.224 [info] Added views:workbench.panel.markers.view in workbench.panel.markers
2023-05-06 18:15:12.224 [info] Added views:workbench.panel.output in workbench.panel.output
2023-05-06 18:15:12.224 [info] Added views:terminal in terminal
2023-05-06 18:15:12.224 [info] Added views:workbench.scm in workbench.view.scm
2023-05-06 18:15:12.224 [info] Added views:workbench.view.search in workbench.view.search
2023-05-06 18:15:12.224 [info] Added views:workbench.explorer.fileView in workbench.view.explorer
2023-05-06 18:15:12.383 [info] Added views:workbench.debug.variablesView,workbench.debug.watchExpressionsView,workbench.debug.callStackView,workbench.debug.breakPointsView in workbench.view.debug
2023-05-06 18:15:12.581 [info] Added views:github.cweijan.mysql in workbench.view.extension.github-cweijan-mysql
2023-05-06 18:15:12.581 [info] Added views:github.cweijan.nosql in workbench.view.extension.github-cweijan-nosql
2023-05-06 18:15:12.582 [info] Added views:gitlens.views.home,gitlens.views.contributors in workbench.view.extension.gitlens
2023-05-06 18:15:12.587 [info] Added views:gitlens.views.commits,gitlens.views.commitDetails,gitlens.views.fileHistory,gitlens.views.branches,gitlens.views.remotes,gitlens.views.stashes,gitlens.views.tags,gitlens.views.searchAndCompare in workbench.view.scm
2023-05-06 18:15:12.588 [info] Added views:dockerContainers,dockerImages,dockerRegistries,dockerNetworks,dockerVolumes,vscode-docker.views.dockerContexts,vscode-docker.views.help in workbench.view.extension.dockerView
2023-05-06 18:15:12.589 [info] Added views:thunder-client-sidebar in workbench.view.extension.thunder-client
2023-05-06 18:15:12.824 [info] Added views:workbench.panel.repl.view in workbench.panel.repl
2023-05-06 18:15:12.829 [info] Removed views:workbench.debug.breakPointsView,workbench.debug.callStackView,workbench.debug.watchExpressionsView,workbench.debug.variablesView from workbench.view.debug
2023-05-06 18:15:12.830 [info] Added views:workbench.debug.welcome in workbench.view.debug
2023-05-06 18:15:13.000 [info] Added views:workbench.panel.comments in workbench.panel.comments
2023-05-06 18:15:13.535 [info] Added views:npm in workbench.view.explorer
2023-05-06 18:15:14.477 [info] Added views:tabnine-home in workbench.view.extension.tabnine-access
2023-05-06 18:15:14.483 [info] Added views:tabnine-notifications in workbench.view.extension.tabnine-access
2023-05-06 18:15:14.483 [info] Added views:tabnine-today in workbench.view.extension.tabnine-access
2023-05-06 18:15:15.964 [info] Added views:gitlens.views.timeline in workbench.view.extension.gitlensPanel
2023-05-06 18:15:15.966 [info] Added views:gitlens.views.worktrees in workbench.view.scm
2023-05-06 18:15:16.903 [info] Removed views:gitlens.views.timeline from workbench.view.extension.gitlensPanel
2023-05-06 18:15:16.926 [info] Added views:gitlens.views.timeline in workbench.view.explorer
2023-05-06 18:15:16.927 [info] Removed views:gitlens.views.contributors,gitlens.views.home from workbench.view.extension.gitlens
2023-05-06 18:15:16.954 [info] Added views:gitlens.views.home,gitlens.views.contributors in workbench.view.explorer
2023-05-06 18:15:16.974 [info] Removed views:gitlens.views.timeline,gitlens.views.contributors,gitlens.views.home from workbench.view.explorer
2023-05-06 18:15:16.975 [info] Removed views:gitlens.views.searchAndCompare,gitlens.views.worktrees,gitlens.views.tags,gitlens.views.stashes,gitlens.views.remotes,gitlens.views.branches,gitlens.views.fileHistory,gitlens.views.commitDetails,gitlens.views.commits from workbench.view.scm
2023-05-06 18:15:17.239 [info] Removed views:workbench.panel.repl.view from workbench.panel.repl
2023-05-06 18:15:17.369 [info] Added views:workbench.panel.repl.view in workbench.panel.repl
