2023-05-06 13:39:43.043 [info] /home/naman/.config/Code/User/profiles/7ea727a4/settings.json closed
2023-05-06 13:39:45.110 [info] Configuration changed
2023-05-06 13:39:45.708 [info] Configuration changed
2023-05-06 13:39:46.158 [info] /home/naman/.config/Code/User/settings.json closed
2023-05-06 13:39:46.356 [info] /home/naman/.config/Code/User/keybindings.json closed
2023-05-06 13:39:47.252 [info] /home/naman/.config/Code/User/profiles/7ea727a4/settings.json closed
2023-05-06 13:39:47.336 [info] /home/naman/.config/Code/User/profiles/7ea727a4/keybindings.json closed
2023-05-06 13:39:54.140 [info] Active editor: vscode-userdata:/home/naman/.config/Code/User/profiles/7ea727a4/settings.json
2023-05-06 13:39:56.339 [info] /home/naman/.config/Code/User/profiles/7ea727a4/settings.json closed
2023-05-06 13:39:56.406 [info] Active editor: file:///media/naman/New%20Volume/Projects/NestJs/harmonyApi/src/crypto/ethereum/account/account.service.ts
2023-05-06 13:40:04.646 [info] /home/naman/.config/Code/User/profiles/7ea727a4/settings.json closed
2023-05-06 13:40:04.673 [info] Configuration changed
2023-05-06 13:40:06.645 [info] Active editor: file:///media/naman/New%20Volume/Projects/NestJs/harmonyApi/src/crypto/ethereum/account/account.service.ts
2023-05-06 13:40:46.721 [info] /home/naman/.config/Code/User/profiles/7ea727a4/settings.json closed
2023-05-06 13:40:46.740 [info] Configuration changed
2023-05-06 13:40:47.627 [info] Active editor: file:///media/naman/New%20Volume/Projects/NestJs/harmonyApi/src/crypto/ethereum/account/account.service.ts
2023-05-06 13:41:09.242 [info] /home/naman/.config/Code/User/profiles/7ea727a4/settings.json closed
2023-05-06 13:41:09.261 [info] Configuration changed
2023-05-06 13:41:09.935 [info] /home/naman/.config/Code/User/profiles/7ea727a4/settings.json closed
2023-05-06 13:41:09.952 [info] Configuration changed
2023-05-06 13:41:29.267 [info] Active editor: file:///media/naman/New%20Volume/Projects/NestJs/harmonyApi/src/crypto/ethereum/account/account.service.ts
2023-05-06 13:41:31.319 [info] /home/naman/.config/Code/User/profiles/7ea727a4/settings.json closed
2023-05-06 13:41:31.365 [info] Configuration changed
2023-05-06 13:41:52.342 [info] Active editor: file:///media/naman/New%20Volume/Projects/NestJs/harmonyApi/src/crypto/ethereum/account/account.service.ts
2023-05-06 13:42:16.891 [info] Active editor: file:///media/naman/New%20Volume/Projects/NestJs/harmonyApi/src/crypto/ethereum/account/account.service.ts
2023-05-06 13:42:54.266 [info] /settings/profile closed
2023-05-06 13:42:54.367 [info] /settings/resourceLanguage closed
2023-05-06 13:42:54.399 [info] /launch closed
2023-05-06 13:42:54.400 [info] /token-styling closed
2023-05-06 13:42:54.401 [info] /textmate-colors closed
2023-05-06 13:42:54.406 [info] /workbench-colors closed
2023-05-06 13:43:58.752 [info] /home/naman/.config/Code/User/profiles/7ea727a4/keybindings.json closed
2023-05-06 13:44:01.487 [info] Active editor: file:///media/naman/New%20Volume/Projects/NestJs/harmonyApi/src/crypto/ethereum/account/account.service.ts
2023-05-06 13:44:02.182 [info] /home/naman/.config/Code/User/profiles/7ea727a4/settings.json closed
2023-05-06 13:44:02.225 [info] Configuration changed
2023-05-06 13:44:23.718 [warning] Ignoring slipped selection: [1324, 8; 1324, 8]
2023-05-06 13:44:23.873 [info] /home/naman/.config/Code/User/profiles/7ea727a4/settings.json closed
2023-05-06 13:44:23.904 [info] Configuration changed
2023-05-06 13:46:02.929 [warning] Ignoring slipped selection: [851, 22; 851, 22]
2023-05-06 13:46:54.083 [info] /home/naman/.config/Code/User/profiles/7ea727a4/keybindings.json closed
2023-05-06 13:46:58.381 [info] Active editor: file:///media/naman/New%20Volume/Projects/NestJs/harmonyApi/src/crypto/ethereum/account/account.service.ts
2023-05-06 13:47:00.028 [info] /home/naman/.config/Code/User/profiles/7ea727a4/settings.json closed
2023-05-06 13:47:00.072 [info] Configuration changed
2023-05-06 13:47:06.687 [info] /home/naman/.config/Code/User/profiles/7ea727a4/settings.json closed
2023-05-06 13:47:06.715 [info] Configuration changed
2023-05-06 13:50:00.339 [info] /home/naman/.config/Code/User/profiles/7ea727a4/keybindings.json closed
2023-05-06 13:50:05.383 [info] Active editor: file:///media/naman/New%20Volume/Projects/NestJs/harmonyApi/src/crypto/ethereum/account/account.service.ts
2023-05-06 13:50:15.484 [info] /home/naman/.config/Code/User/profiles/7ea727a4/settings.json closed
2023-05-06 13:50:15.528 [info] Configuration changed
2023-05-06 13:50:17.719 [info] /home/naman/.config/Code/User/profiles/7ea727a4/settings.json closed
2023-05-06 13:50:17.758 [info] Configuration changed
2023-05-06 13:50:37.847 [info] /home/naman/.config/Code/User/profiles/7ea727a4/keybindings.json closed
2023-05-06 13:50:42.913 [info] Active editor: file:///media/naman/New%20Volume/Projects/NestJs/harmonyApi/src/crypto/ethereum/account/account.service.ts
2023-05-06 13:50:55.184 [warning] invalid cursor position. [[1435, 8] | [1435, 8]].
2023-05-06 13:50:55.686 [warning] invalid cursor position. [[1436, 8] | [1436, 8]].
2023-05-06 13:51:20.649 [warning] invalid cursor position. [[1328, 8] | [1328, 8]].
2023-05-06 13:51:20.894 [warning] invalid cursor position. [[1336, 8] | [1336, 8]].
2023-05-06 13:51:21.951 [warning] invalid cursor position. [[1336, 8] | [1336, 8]].
2023-05-06 13:51:22.203 [warning] invalid cursor position. [[1328, 8] | [1328, 8]].
2023-05-06 13:51:22.345 [warning] invalid cursor position. [[1323, 8] | [1323, 8]].
2023-05-06 13:51:22.381 [warning] invalid cursor position. [[1322, 8] | [1322, 8]].
2023-05-06 13:51:22.445 [warning] invalid cursor position. [[1244, 8] | [1244, 8]].
2023-05-06 13:51:22.474 [warning] invalid cursor position. [[1243, 8] | [1243, 8]].
2023-05-06 13:51:22.564 [warning] invalid cursor position. [[1163, 8] | [1163, 8]].
2023-05-06 13:51:22.632 [warning] invalid cursor position. [[1162, 8] | [1162, 8]].
2023-05-06 13:51:22.683 [warning] invalid cursor position. [[1066, 8] | [1066, 8]].
2023-05-06 13:51:22.714 [warning] invalid cursor position. [[1065, 8] | [1065, 8]].
2023-05-06 13:51:22.771 [warning] invalid cursor position. [[969, 8] | [969, 8]].
2023-05-06 13:51:22.793 [warning] invalid cursor position. [[968, 8] | [968, 8]].
2023-05-06 13:51:22.847 [warning] invalid cursor position. [[853, 8] | [853, 8]].
2023-05-06 13:51:22.875 [warning] invalid cursor position. [[852, 8] | [852, 8]].
2023-05-06 13:51:22.935 [warning] invalid cursor position. [[850, 8] | [850, 8]].
2023-05-06 13:51:22.959 [warning] invalid cursor position. [[849, 8] | [849, 8]].
2023-05-06 13:51:23.089 [warning] invalid cursor position. [[844, 8] | [844, 8]].
2023-05-06 13:51:23.243 [warning] invalid cursor position. [[839, 8] | [839, 8]].
2023-05-06 13:51:24.070 [warning] invalid cursor position. [[815, 8] | [815, 8]].
2023-05-06 13:51:24.282 [warning] invalid cursor position. [[808, 8] | [808, 8]].
2023-05-06 13:51:24.598 [warning] invalid cursor position. [[798, 8] | [798, 8]].
2023-05-06 13:51:25.223 [info] /home/naman/.config/Code/User/profiles/7ea727a4/settings.json closed
2023-05-06 13:51:25.264 [info] Configuration changed
2023-05-06 13:51:28.156 [info] /media/naman/New Volume/Projects/NestJs/harmonyApi/src/crypto/ethereum/account/account.service.ts closed
2023-05-06 13:51:28.157 [info] /media/naman/New Volume/Projects/NestJs/harmonyApi/src/crypto/ethereum/account/account.service.ts.git closed
