2023-05-06 13:17:14.922 [info] Log level: Info
2023-05-06 13:17:14.922 [info] Validating found git in: "git"
2023-05-06 13:17:14.922 [info] Using git "2.39.2" from "git"
2023-05-06 13:17:14.922 [info] > git rev-parse --show-toplevel [20ms]
2023-05-06 13:17:14.922 [info] > git rev-parse --git-dir --git-common-dir [29ms]
2023-05-06 13:17:14.928 [info] Open repository: /media/naman/New Volume/Projects/NestJs/harmonyApi
2023-05-06 13:17:14.970 [info] > git rev-parse --show-toplevel [28ms]
2023-05-06 13:17:15.012 [info] > git rev-parse --show-toplevel [31ms]
2023-05-06 13:17:15.024 [info] > git config --get commit.template [54ms]
2023-05-06 13:17:15.035 [info] > git rev-parse --show-toplevel [12ms]
2023-05-06 13:17:15.059 [info] > git for-each-ref --format=%(refname)%00%(upstream:short)%00%(objectname)%00%(upstream:track)%00%(upstream:remotename)%00%(upstream:remoteref) refs/heads/main refs/remotes/main [8ms]
2023-05-06 13:17:15.520 [info] > git status -z -uall [451ms]
2023-05-06 13:17:15.628 [info] > git check-ignore -v -z --stdin [112ms]
2023-05-06 13:17:15.699 [info] > git config --get commit.template [75ms]
2023-05-06 13:17:15.770 [info] > git for-each-ref --format=%(refname)%00%(upstream:short)%00%(objectname)%00%(upstream:track)%00%(upstream:remotename)%00%(upstream:remoteref) refs/heads/main refs/remotes/main [41ms]
2023-05-06 13:17:15.993 [info] > git status -z -uall [209ms]
2023-05-06 13:17:26.793 [info] > git config --get commit.template [16ms]
2023-05-06 13:17:26.798 [info] > git for-each-ref --format=%(refname)%00%(upstream:short)%00%(objectname)%00%(upstream:track)%00%(upstream:remotename)%00%(upstream:remoteref) refs/heads/main refs/remotes/main [8ms]
2023-05-06 13:17:26.832 [info] > git status -z -uall [23ms]
2023-05-06 13:18:32.396 [info] > git config --get commit.template [22ms]
2023-05-06 13:18:32.402 [info] > git for-each-ref --format=%(refname)%00%(upstream:short)%00%(objectname)%00%(upstream:track)%00%(upstream:remotename)%00%(upstream:remoteref) refs/heads/main refs/remotes/main [8ms]
2023-05-06 13:18:32.445 [info] > git status -z -uall [26ms]
2023-05-06 13:19:18.262 [info] > git config --get commit.template [21ms]
2023-05-06 13:19:18.275 [info] > git for-each-ref --format=%(refname)%00%(upstream:short)%00%(objectname)%00%(upstream:track)%00%(upstream:remotename)%00%(upstream:remoteref) refs/heads/main refs/remotes/main [14ms]
2023-05-06 13:19:18.336 [info] > git status -z -uall [41ms]
2023-05-06 13:19:47.118 [info] > git config --get commit.template [15ms]
2023-05-06 13:19:47.126 [info] > git for-each-ref --format=%(refname)%00%(upstream:short)%00%(objectname)%00%(upstream:track)%00%(upstream:remotename)%00%(upstream:remoteref) refs/heads/main refs/remotes/main [8ms]
2023-05-06 13:19:47.167 [info] > git status -z -uall [29ms]
2023-05-06 13:20:23.189 [info] > git check-ignore -v -z --stdin [4ms]
2023-05-06 13:20:25.476 [info] > git show --textconv :src/crypto/ethereum/account/account.service.ts [54ms]
2023-05-06 13:20:25.484 [info] > git ls-files --stage -- /media/naman/New Volume/Projects/NestJs/harmonyApi/src/crypto/ethereum/account/account.service.ts [17ms]
2023-05-06 13:20:25.522 [info] > git cat-file -s d1817a87f9e3a29308c8bcf74073f276d7fc9c9c [8ms]
2023-05-06 13:20:41.229 [info] > git config --get commit.template [19ms]
2023-05-06 13:20:41.238 [info] > git for-each-ref --format=%(refname)%00%(upstream:short)%00%(objectname)%00%(upstream:track)%00%(upstream:remotename)%00%(upstream:remoteref) refs/heads/main refs/remotes/main [10ms]
2023-05-06 13:20:41.294 [info] > git status -z -uall [39ms]
2023-05-06 13:21:13.500 [info] > git config --get commit.template [30ms]
2023-05-06 13:21:13.516 [info] > git for-each-ref --format=%(refname)%00%(upstream:short)%00%(objectname)%00%(upstream:track)%00%(upstream:remotename)%00%(upstream:remoteref) refs/heads/main refs/remotes/main [21ms]
2023-05-06 13:21:13.585 [info] > git status -z -uall [40ms]
2023-05-06 13:21:25.635 [info] > git config --get commit.template [12ms]
2023-05-06 13:21:25.641 [info] > git for-each-ref --format=%(refname)%00%(upstream:short)%00%(objectname)%00%(upstream:track)%00%(upstream:remotename)%00%(upstream:remoteref) refs/heads/main refs/remotes/main [6ms]
2023-05-06 13:21:25.680 [info] > git status -z -uall [27ms]
2023-05-06 13:21:30.714 [info] > git config --get commit.template [16ms]
2023-05-06 13:21:30.721 [info] > git for-each-ref --format=%(refname)%00%(upstream:short)%00%(objectname)%00%(upstream:track)%00%(upstream:remotename)%00%(upstream:remoteref) refs/heads/main refs/remotes/main [7ms]
2023-05-06 13:21:30.764 [info] > git status -z -uall [24ms]
2023-05-06 13:22:19.549 [info] > git config --get commit.template [19ms]
2023-05-06 13:22:19.554 [info] > git for-each-ref --format=%(refname)%00%(upstream:short)%00%(objectname)%00%(upstream:track)%00%(upstream:remotename)%00%(upstream:remoteref) refs/heads/main refs/remotes/main [7ms]
2023-05-06 13:22:19.604 [info] > git status -z -uall [32ms]
2023-05-06 13:22:31.523 [info] > git config --get commit.template [14ms]
2023-05-06 13:22:31.532 [info] > git for-each-ref --format=%(refname)%00%(upstream:short)%00%(objectname)%00%(upstream:track)%00%(upstream:remotename)%00%(upstream:remoteref) refs/heads/main refs/remotes/main [10ms]
2023-05-06 13:22:31.570 [info] > git status -z -uall [25ms]
2023-05-06 13:26:14.359 [info] > git config --get commit.template [16ms]
2023-05-06 13:26:14.365 [info] > git for-each-ref --format=%(refname)%00%(upstream:short)%00%(objectname)%00%(upstream:track)%00%(upstream:remotename)%00%(upstream:remoteref) refs/heads/main refs/remotes/main [8ms]
2023-05-06 13:26:14.408 [info] > git status -z -uall [29ms]
2023-05-06 13:26:37.246 [info] > git config --get commit.template [17ms]
2023-05-06 13:26:37.252 [info] > git for-each-ref --format=%(refname)%00%(upstream:short)%00%(objectname)%00%(upstream:track)%00%(upstream:remotename)%00%(upstream:remoteref) refs/heads/main refs/remotes/main [8ms]
2023-05-06 13:26:37.290 [info] > git status -z -uall [26ms]
2023-05-06 13:26:59.996 [info] > git config --get commit.template [16ms]
2023-05-06 13:27:00.003 [info] > git for-each-ref --format=%(refname)%00%(upstream:short)%00%(objectname)%00%(upstream:track)%00%(upstream:remotename)%00%(upstream:remoteref) refs/heads/main refs/remotes/main [7ms]
2023-05-06 13:27:00.048 [info] > git status -z -uall [30ms]
2023-05-06 13:27:06.727 [info] > git config --get commit.template [18ms]
2023-05-06 13:27:06.735 [info] > git for-each-ref --format=%(refname)%00%(upstream:short)%00%(objectname)%00%(upstream:track)%00%(upstream:remotename)%00%(upstream:remoteref) refs/heads/main refs/remotes/main [8ms]
2023-05-06 13:27:06.783 [info] > git status -z -uall [30ms]
2023-05-06 13:27:27.701 [info] > git config --get commit.template [17ms]
2023-05-06 13:27:27.709 [info] > git for-each-ref --format=%(refname)%00%(upstream:short)%00%(objectname)%00%(upstream:track)%00%(upstream:remotename)%00%(upstream:remoteref) refs/heads/main refs/remotes/main [9ms]
2023-05-06 13:27:27.762 [info] > git status -z -uall [36ms]
2023-05-06 13:28:12.034 [info] > git config --get commit.template [19ms]
2023-05-06 13:28:12.041 [info] > git for-each-ref --format=%(refname)%00%(upstream:short)%00%(objectname)%00%(upstream:track)%00%(upstream:remotename)%00%(upstream:remoteref) refs/heads/main refs/remotes/main [10ms]
2023-05-06 13:28:12.091 [info] > git status -z -uall [35ms]
2023-05-06 13:28:19.063 [info] > git config --get commit.template [15ms]
2023-05-06 13:28:19.072 [info] > git for-each-ref --format=%(refname)%00%(upstream:short)%00%(objectname)%00%(upstream:track)%00%(upstream:remotename)%00%(upstream:remoteref) refs/heads/main refs/remotes/main [10ms]
2023-05-06 13:28:19.123 [info] > git status -z -uall [35ms]
2023-05-06 13:29:15.036 [info] > git config --get commit.template [23ms]
2023-05-06 13:29:15.043 [info] > git for-each-ref --format=%(refname)%00%(upstream:short)%00%(objectname)%00%(upstream:track)%00%(upstream:remotename)%00%(upstream:remoteref) refs/heads/main refs/remotes/main [8ms]
2023-05-06 13:29:15.088 [info] > git status -z -uall [31ms]
2023-05-06 13:29:25.147 [info] > git config --get commit.template [29ms]
2023-05-06 13:29:25.154 [info] > git for-each-ref --format=%(refname)%00%(upstream:short)%00%(objectname)%00%(upstream:track)%00%(upstream:remotename)%00%(upstream:remoteref) refs/heads/main refs/remotes/main [8ms]
2023-05-06 13:29:25.205 [info] > git status -z -uall [32ms]
2023-05-06 13:29:38.734 [info] > git config --get commit.template [14ms]
2023-05-06 13:29:38.740 [info] > git for-each-ref --format=%(refname)%00%(upstream:short)%00%(objectname)%00%(upstream:track)%00%(upstream:remotename)%00%(upstream:remoteref) refs/heads/main refs/remotes/main [7ms]
2023-05-06 13:29:38.778 [info] > git status -z -uall [26ms]
2023-05-06 13:30:05.402 [info] > git config --get commit.template [13ms]
2023-05-06 13:30:05.410 [info] > git for-each-ref --format=%(refname)%00%(upstream:short)%00%(objectname)%00%(upstream:track)%00%(upstream:remotename)%00%(upstream:remoteref) refs/heads/main refs/remotes/main [8ms]
2023-05-06 13:30:05.458 [info] > git status -z -uall [34ms]
2023-05-06 13:30:23.082 [info] > git config --get commit.template [19ms]
2023-05-06 13:30:23.090 [info] > git for-each-ref --format=%(refname)%00%(upstream:short)%00%(objectname)%00%(upstream:track)%00%(upstream:remotename)%00%(upstream:remoteref) refs/heads/main refs/remotes/main [9ms]
2023-05-06 13:30:23.140 [info] > git status -z -uall [37ms]
