2023-05-06 12:15:10.218 [info] Configuration changed
2023-05-06 12:15:10.902 [info] Configuration changed
2023-05-06 12:15:11.655 [info] Configuration changed
2023-05-06 12:15:12.627 [info] /home/naman/.config/Code/User/settings.json closed
2023-05-06 12:15:12.780 [info] /home/naman/.config/Code/User/keybindings.json closed
2023-05-06 12:15:13.783 [info] /home/naman/.config/Code/User/profiles/7ea727a4/settings.json closed
2023-05-06 12:15:13.830 [info] /home/naman/.config/Code/User/profiles/7ea727a4/keybindings.json closed
2023-05-06 12:15:20.932 [info] /home/naman/.config/Code/User/profiles/7ea727a4/settings.json closed
2023-05-06 12:15:20.960 [info] Configuration changed
2023-05-06 12:15:44.983 [info] Active editor: file:///home/naman/Desktop/Project/React%20Native/cpay/app/App.tsx
2023-05-06 12:15:45.517 [info] /home/naman/.config/Code/User/profiles/7ea727a4/settings.json closed
2023-05-06 12:17:40.680 [info] /home/naman/.config/Code/User/profiles/7ea727a4/settings.json closed
2023-05-06 12:17:40.719 [info] Configuration changed
2023-05-06 12:17:41.691 [info] /home/naman/.config/Code/User/profiles/7ea727a4/settings.json closed
2023-05-06 12:17:41.723 [info] Configuration changed
2023-05-06 12:18:13.831 [info] Active editor: file:///home/naman/Desktop/Project/React%20Native/cpay/app/Screens/HomeScreen/HomeScreen.tsx
2023-05-06 12:18:26.995 [info] /home/naman/.config/Code/User/profiles/7ea727a4/settings.json closed
2023-05-06 12:18:27.038 [info] Configuration changed
2023-05-06 12:18:57.440 [info] /home/naman/.config/Code/User/profiles/7ea727a4/settings.json closed
2023-05-06 12:18:57.499 [info] Configuration changed
2023-05-06 12:19:12.282 [info] /home/naman/.config/Code/User/profiles/7ea727a4/settings.json closed
2023-05-06 12:19:12.326 [info] Configuration changed
2023-05-06 12:19:54.982 [info] Active editor: file:///home/naman/Desktop/Project/React%20Native/cpay/app/Screens/OnBoardingScreens/OnBoardingScreen.tsx
2023-05-06 12:19:55.212 [info] /home/naman/.config/Code/User/profiles/7ea727a4/settings.json closed
2023-05-06 12:19:55.291 [info] Configuration changed
2023-05-06 12:20:13.180 [info] /home/naman/.config/Code/User/profiles/7ea727a4/settings.json closed
2023-05-06 12:20:13.223 [info] Configuration changed
2023-05-06 12:20:16.606 [info] /home/naman/.config/Code/User/profiles/7ea727a4/settings.json closed
2023-05-06 12:20:16.653 [info] Configuration changed
2023-05-06 12:20:27.980 [info] Active editor: file:///home/naman/Desktop/Project/React%20Native/cpay/app/Screens/OnBoardingScreens/ShowPrivateScreen.tsx
2023-05-06 12:20:44.550 [info] /home/naman/.config/Code/User/profiles/7ea727a4/settings.json closed
2023-05-06 12:20:44.601 [info] Configuration changed
2023-05-06 12:21:06.732 [info] /home/naman/Desktop/Project/React Native/cpay/app/App.tsx closed
2023-05-06 12:21:06.734 [info] /home/naman/Desktop/Project/React Native/cpay/app/App.tsx.git closed
2023-05-06 12:21:06.767 [info] Active editor: file:///home/naman/Desktop/Project/React%20Native/cpay/app/Screens/OnBoardingScreens/CreatePinScreen.tsx
2023-05-06 12:21:06.942 [info] /home/naman/.config/Code/User/profiles/7ea727a4/settings.json closed
2023-05-06 12:21:06.997 [info] Configuration changed
2023-05-06 12:21:23.094 [info] /home/naman/.config/Code/User/profiles/7ea727a4/settings.json closed
2023-05-06 12:21:23.144 [info] Configuration changed
2023-05-06 12:21:26.407 [info] Active editor: file:///home/naman/Desktop/Project/React%20Native/cpay/app/Screens/OnBoardingScreens/LegalScreen.jsx
2023-05-06 12:21:26.844 [info] /home/naman/.config/Code/User/profiles/7ea727a4/settings.json closed
2023-05-06 12:21:26.907 [info] Configuration changed
2023-05-06 12:21:44.544 [info] /home/naman/.config/Code/User/profiles/7ea727a4/settings.json closed
2023-05-06 12:21:44.594 [info] Configuration changed
2023-05-06 12:21:53.272 [info] /home/naman/.config/Code/User/profiles/7ea727a4/settings.json closed
2023-05-06 12:21:53.323 [info] Configuration changed
2023-05-06 12:21:56.601 [warning] invalid cursor position. [[8, 2] | [8, 2]].
2023-05-06 12:22:00.938 [info] /home/naman/.config/Code/User/profiles/7ea727a4/settings.json closed
2023-05-06 12:22:00.998 [info] Configuration changed
2023-05-06 12:22:16.917 [info] Active editor: file:///home/naman/Desktop/Project/React%20Native/cpay/app/Screens/OnBoardingScreens/ShowPrivateScreen.tsx
2023-05-06 12:22:23.810 [info] Active editor: file:///home/naman/Desktop/Project/React%20Native/cpay/app/Screens/OnBoardingScreens/VerifyPrivateKeyScreen.tsx
2023-05-06 12:22:23.978 [info] /home/naman/.config/Code/User/profiles/7ea727a4/settings.json closed
2023-05-06 12:22:24.038 [info] Configuration changed
2023-05-06 12:22:35.667 [info] /home/naman/.config/Code/User/profiles/7ea727a4/settings.json closed
2023-05-06 12:22:35.715 [info] Configuration changed
2023-05-06 12:23:00.008 [info] /home/naman/Desktop/Project/React Native/cpay/app/Themes/Metrics.ts closed
2023-05-06 12:23:03.755 [info] /home/naman/Desktop/Project/React Native/cpay/app/Screens/OnBoardingScreens/VerifyPrivateKeyScreen.tsx closed
2023-05-06 12:23:03.756 [info] /home/naman/Desktop/Project/React Native/cpay/app/Screens/OnBoardingScreens/VerifyPrivateKeyScreen.tsx.git closed
2023-05-06 12:23:03.765 [info] Active editor: file:///home/naman/Desktop/Project/React%20Native/cpay/app/Screens/OnBoardingScreens/ShowPrivateScreen.tsx
2023-05-06 12:23:14.363 [info] /home/naman/Desktop/Project/React Native/cpay/app/Screens/OnBoardingScreens/ShowPrivateScreen.tsx closed
2023-05-06 12:23:14.364 [info] /home/naman/Desktop/Project/React Native/cpay/app/Screens/OnBoardingScreens/ShowPrivateScreen.tsx.git closed
2023-05-06 12:23:14.372 [info] Active editor: file:///home/naman/Desktop/Project/React%20Native/cpay/app/Screens/OnBoardingScreens/LegalScreen.jsx
2023-05-06 12:23:19.601 [info] /home/naman/Desktop/Project/React Native/cpay/app/Screens/OnBoardingScreens/LegalScreen.jsx closed
2023-05-06 12:23:19.602 [info] /home/naman/Desktop/Project/React Native/cpay/app/Screens/OnBoardingScreens/LegalScreen.jsx.git closed
2023-05-06 12:23:19.639 [info] Active editor: file:///home/naman/Desktop/Project/React%20Native/cpay/app/Screens/OnBoardingScreens/CreatePinScreen.tsx
2023-05-06 12:23:20.411 [info] /home/naman/Desktop/Project/React Native/cpay/app/Screens/OnBoardingScreens/CreatePinScreen.tsx closed
2023-05-06 12:23:20.412 [info] /home/naman/Desktop/Project/React Native/cpay/app/Screens/OnBoardingScreens/CreatePinScreen.tsx.git closed
2023-05-06 12:23:20.424 [info] Active editor: file:///home/naman/Desktop/Project/React%20Native/cpay/app/Screens/OnBoardingScreens/OnBoardingScreen.tsx
2023-05-06 12:23:20.624 [info] /home/naman/.config/Code/User/profiles/7ea727a4/settings.json closed
2023-05-06 12:23:20.697 [info] Configuration changed
2023-05-06 12:23:21.293 [info] /home/naman/Desktop/Project/React Native/cpay/app/Screens/OnBoardingScreens/OnBoardingScreen.tsx closed
2023-05-06 12:23:21.294 [info] /home/naman/Desktop/Project/React Native/cpay/app/Screens/OnBoardingScreens/OnBoardingScreen.tsx.git closed
2023-05-06 12:23:21.304 [info] Active editor: file:///home/naman/Desktop/Project/React%20Native/cpay/app/Screens/HomeScreen/HomeScreen.tsx
2023-05-06 12:23:21.572 [info] /home/naman/.config/Code/User/profiles/7ea727a4/settings.json closed
2023-05-06 12:23:21.655 [info] Configuration changed
2023-05-06 12:23:43.645 [warning] invalid cursor position. [[12, 42] | [12, 10]].
2023-05-06 12:23:44.273 [warning] invalid cursor position. [[7, 10] | [7, 0]].
2023-05-06 12:23:50.702 [info] /home/naman/Desktop/Project/React Native/cpay/app/Screens/HomeScreen/HomeScreen.tsx closed
2023-05-06 12:23:50.703 [info] /home/naman/Desktop/Project/React Native/cpay/app/Screens/HomeScreen/HomeScreen.tsx.git closed
2023-05-06 12:23:55.937 [info] Active editor: vscode-terminal:/b76dfbc6b518cb8795013a4a41677cdc/2#accessible-buffer-
2023-05-06 12:23:56.013 [info] /home/naman/.config/Code/User/profiles/7ea727a4/settings.json closed
2023-05-06 12:23:56.057 [info] Configuration changed
2023-05-06 12:26:19.990 [info] Active editor: file:///home/naman/Desktop/Project/React%20Native/cpay/package.json
2023-05-06 12:26:22.272 [info] /home/naman/Desktop/Project/React Native/cpay/package.json closed
2023-05-06 12:26:22.310 [info] /home/naman/Desktop/Project/React Native/cpay/package.json.git closed
2023-05-06 12:28:41.970 [info] Active editor: file:///home/naman/Desktop/Project/React%20Native/cpay/app/Screens/HomeScreen/HomeScreen.tsx
2023-05-06 12:28:49.359 [warning] invalid cursor position. [[7, 6] | [7, 6]].
2023-05-06 12:28:49.481 [warning] invalid cursor position. [[3, 6] | [3, 6]].
2023-05-06 12:28:50.491 [warning] invalid cursor position. [[3, 6] | [3, 6]].
2023-05-06 12:28:50.611 [warning] invalid cursor position. [[7, 6] | [7, 6]].
2023-05-06 12:28:55.898 [warning] invalid cursor position. [[172, 6] | [172, 6]].
2023-05-06 12:28:55.940 [warning] invalid cursor position. [[173, 6] | [173, 6]].
2023-05-06 12:28:55.975 [warning] invalid cursor position. [[174, 6] | [174, 6]].
2023-05-06 12:28:56.056 [warning] invalid cursor position. [[176, 6] | [176, 6]].
2023-05-06 12:28:57.288 [warning] invalid cursor position. [[174, 6] | [174, 6]].
2023-05-06 12:28:57.327 [warning] invalid cursor position. [[173, 6] | [173, 6]].
2023-05-06 12:28:57.368 [warning] invalid cursor position. [[172, 6] | [172, 6]].
2023-05-06 12:29:02.513 [warning] invalid cursor position. [[7, 6] | [7, 6]].
2023-05-06 12:29:02.612 [warning] invalid cursor position. [[3, 6] | [3, 6]].
2023-05-06 12:29:04.482 [warning] invalid cursor position. [[3, 6] | [3, 6]].
2023-05-06 12:29:04.620 [warning] invalid cursor position. [[7, 6] | [7, 6]].
2023-05-06 12:29:20.093 [info] /vscode-extensions closed
2023-05-06 12:29:20.233 [info] /settings/configurationDefaults closed
2023-05-06 12:29:20.443 [info] /settings/resourceLanguage closed
2023-05-06 12:29:20.480 [info] /launch closed
2023-05-06 12:29:20.481 [info] /token-styling closed
2023-05-06 12:29:20.482 [info] /textmate-colors closed
2023-05-06 12:29:20.489 [info] /workbench-colors closed
2023-05-06 12:29:33.987 [warning] invalid cursor position. [[171, 22] | [171, 22]].
2023-05-06 12:29:44.400 [info] Active editor: file:///home/naman/Desktop/Project/React%20Native/cpay/node_modules/react-native/Libraries/Components/View/ViewPropTypes.d.ts
2023-05-06 12:29:48.931 [info] /home/naman/Desktop/Project/React Native/cpay/node_modules/react-native/Libraries/Components/View/ViewPropTypes.d.ts closed
2023-05-06 12:29:48.932 [info] /home/naman/Desktop/Project/React Native/cpay/node_modules/react-native/Libraries/Components/View/ViewPropTypes.d.ts.git closed
2023-05-06 12:29:48.938 [info] Active editor: file:///home/naman/Desktop/Project/React%20Native/cpay/app/Screens/HomeScreen/HomeScreen.tsx
2023-05-06 12:30:08.413 [warning] invalid cursor position. [[7, 6] | [7, 6]].
2023-05-06 12:30:08.669 [warning] invalid cursor position. [[7, 6] | [7, 6]].
2023-05-06 12:30:11.371 [warning] invalid cursor position. [[7, 6] | [7, 6]].
2023-05-06 12:30:11.495 [warning] invalid cursor position. [[3, 6] | [3, 6]].
2023-05-06 12:31:29.074 [info] Active editor: file:///home/naman/Desktop/Project/React%20Native/cpay/app/Screens/HomeScreen/component/TopBar.tsx
2023-05-06 12:32:22.381 [info] Active editor: file:///home/naman/Desktop/Project/React%20Native/cpay/app/Screens/HomeScreen/HomeScreen.tsx
2023-05-06 12:32:27.614 [info] /home/naman/Desktop/Project/React Native/cpay/app/Screens/HomeScreen/component/TopBar.tsx closed
2023-05-06 12:32:27.619 [info] /home/naman/Desktop/Project/React Native/cpay/app/Screens/HomeScreen/component/TopBar.tsx.git closed
