2023-05-06 17:08:48.898 [info] /home/naman/.config/Code/User/profiles/7ea727a4/settings.json closed
2023-05-06 17:08:48.898 [info] /home/naman/.config/Code/User/profiles/7ea727a4/settings.json closed
2023-05-06 17:08:48.898 [info] Configuration changed
2023-05-06 17:08:48.899 [info] Configuration changed
2023-05-06 17:08:49.358 [info] Configuration changed
2023-05-06 17:08:49.928 [info] Configuration changed
2023-05-06 17:08:51.709 [info] /home/naman/.config/Code/User/settings.json closed
2023-05-06 17:08:51.873 [info] /home/naman/.config/Code/User/keybindings.json closed
2023-05-06 17:08:52.911 [info] /home/naman/.config/Code/User/profiles/7ea727a4/settings.json closed
2023-05-06 17:08:52.947 [info] /home/naman/.config/Code/User/profiles/7ea727a4/keybindings.json closed
2023-05-06 17:09:08.579 [info] Configuration changed
2023-05-06 17:09:30.452 [info] Active editor: untitled:Untitled-1
2023-05-06 17:09:32.411 [info] Untitled-1 closed
2023-05-06 17:09:32.569 [info] Active editor: file:///home/naman/Desktop/Project/React%20Native/cpay/package.json
2023-05-06 17:11:46.813 [info] /vscode-extensions closed
2023-05-06 17:14:47.331 [info] /vscode-extensions closed
2023-05-06 17:17:47.643 [info] /vscode-extensions closed
2023-05-06 17:20:47.772 [info] /vscode-extensions closed
2023-05-06 17:23:47.935 [info] /vscode-extensions closed
2023-05-06 17:26:48.065 [info] /vscode-extensions closed
2023-05-06 17:29:48.180 [info] /vscode-extensions closed
2023-05-06 17:32:48.252 [info] /vscode-extensions closed
2023-05-06 17:34:08.298 [info] Active editor: file:///home/naman/Desktop/Project/React%20Native/cpay/app/Components/ImageCarousel/Slides.ts
2023-05-06 17:34:40.763 [info] /home/naman/.config/Code/User/profiles/7ea727a4/settings.json closed
2023-05-06 17:34:40.872 [info] Configuration changed
2023-05-06 17:35:48.474 [info] /vscode-extensions closed
2023-05-06 17:36:06.385 [info] Active editor: file:///home/naman/Desktop/Project/React%20Native/cpay/app/Components/ImageCarousel/CarouselItem.tsx
2023-05-06 17:36:11.457 [info] /home/naman/.config/Code/User/profiles/7ea727a4/settings.json closed
2023-05-06 17:36:11.589 [warning] invalid cursor position. [[16, 29] | [16, 29]].
2023-05-06 17:36:12.777 [info] Configuration changed
2023-05-06 17:36:23.817 [warning] invalid cursor position. [[17, 29] | [17, 29]].
2023-05-06 17:36:23.971 [warning] invalid cursor position. [[18, 29] | [18, 29]].
2023-05-06 17:36:24.056 [warning] invalid cursor position. [[19, 29] | [19, 29]].
2023-05-06 17:36:24.329 [warning] invalid cursor position. [[23, 29] | [23, 29]].
2023-05-06 17:36:24.378 [warning] invalid cursor position. [[24, 29] | [24, 29]].
2023-05-06 17:36:24.428 [warning] invalid cursor position. [[25, 29] | [25, 29]].
2023-05-06 17:36:24.487 [warning] invalid cursor position. [[26, 29] | [26, 29]].
2023-05-06 17:36:24.577 [warning] invalid cursor position. [[28, 29] | [28, 29]].
2023-05-06 17:36:24.625 [warning] invalid cursor position. [[29, 29] | [29, 29]].
2023-05-06 17:37:15.956 [warning] invalid cursor position. [[34, 29] | [34, 29]].
2023-05-06 17:37:16.156 [warning] invalid cursor position. [[35, 29] | [35, 29]].
2023-05-06 17:37:16.454 [warning] invalid cursor position. [[34, 29] | [34, 29]].
2023-05-06 17:37:17.098 [warning] invalid cursor position. [[29, 29] | [29, 29]].
2023-05-06 17:37:17.134 [warning] invalid cursor position. [[28, 29] | [28, 29]].
2023-05-06 17:37:17.215 [warning] invalid cursor position. [[26, 29] | [26, 29]].
2023-05-06 17:37:17.264 [warning] invalid cursor position. [[25, 29] | [25, 29]].
2023-05-06 17:37:17.324 [warning] invalid cursor position. [[24, 29] | [24, 29]].
2023-05-06 17:37:17.366 [warning] invalid cursor position. [[23, 29] | [23, 29]].
2023-05-06 17:37:17.513 [warning] invalid cursor position. [[19, 29] | [19, 29]].
2023-05-06 17:37:17.536 [warning] invalid cursor position. [[18, 29] | [18, 29]].
2023-05-06 17:37:17.558 [warning] invalid cursor position. [[17, 29] | [17, 29]].
2023-05-06 17:37:17.588 [warning] invalid cursor position. [[16, 29] | [16, 29]].
2023-05-06 17:37:17.637 [warning] invalid cursor position. [[17, 29] | [17, 29]].
2023-05-06 17:37:18.122 [warning] invalid cursor position. [[18, 29] | [18, 29]].
2023-05-06 17:37:18.167 [warning] invalid cursor position. [[19, 29] | [19, 29]].
2023-05-06 17:37:18.295 [warning] invalid cursor position. [[23, 29] | [23, 29]].
2023-05-06 17:37:19.835 [warning] invalid cursor position. [[19, 29] | [19, 29]].
2023-05-06 17:37:19.872 [warning] invalid cursor position. [[18, 29] | [18, 29]].
2023-05-06 17:37:19.925 [warning] invalid cursor position. [[17, 29] | [17, 29]].
2023-05-06 17:37:19.977 [warning] invalid cursor position. [[16, 29] | [16, 29]].
2023-05-06 17:37:20.092 [warning] invalid cursor position. [[12, 29] | [12, 29]].
2023-05-06 17:37:20.119 [warning] invalid cursor position. [[11, 29] | [11, 29]].
2023-05-06 17:37:20.194 [warning] invalid cursor position. [[9, 29] | [9, 29]].
2023-05-06 17:37:20.246 [warning] invalid cursor position. [[8, 29] | [8, 29]].
2023-05-06 17:37:20.329 [warning] invalid cursor position. [[5, 29] | [5, 29]].
2023-05-06 17:37:20.401 [warning] invalid cursor position. [[3, 29] | [3, 29]].
2023-05-06 17:37:20.472 [warning] invalid cursor position. [[0, 29] | [0, 29]].
2023-05-06 17:37:21.621 [warning] invalid cursor position. [[3, 29] | [3, 29]].
2023-05-06 17:37:21.680 [warning] invalid cursor position. [[5, 29] | [5, 29]].
2023-05-06 17:37:21.771 [warning] invalid cursor position. [[8, 29] | [8, 29]].
2023-05-06 17:37:21.805 [warning] invalid cursor position. [[9, 29] | [9, 29]].
2023-05-06 17:37:21.863 [warning] invalid cursor position. [[11, 29] | [11, 29]].
2023-05-06 17:37:21.890 [warning] invalid cursor position. [[12, 29] | [12, 29]].
2023-05-06 17:37:23.035 [warning] invalid cursor position. [[16, 29] | [16, 29]].
2023-05-06 17:37:23.073 [warning] invalid cursor position. [[17, 29] | [17, 29]].
2023-05-06 17:37:23.099 [warning] invalid cursor position. [[18, 29] | [18, 29]].
2023-05-06 17:37:23.132 [warning] invalid cursor position. [[19, 29] | [19, 29]].
2023-05-06 17:37:23.252 [warning] invalid cursor position. [[23, 29] | [23, 29]].
2023-05-06 17:37:23.302 [warning] invalid cursor position. [[24, 29] | [24, 29]].
2023-05-06 17:37:23.333 [warning] invalid cursor position. [[25, 29] | [25, 29]].
2023-05-06 17:37:23.380 [warning] invalid cursor position. [[26, 29] | [26, 29]].
2023-05-06 17:37:23.447 [warning] invalid cursor position. [[28, 29] | [28, 29]].
2023-05-06 17:37:23.478 [warning] invalid cursor position. [[29, 29] | [29, 29]].
2023-05-06 17:37:26.821 [warning] invalid cursor position. [[34, 29] | [34, 29]].
2023-05-06 17:37:28.316 [warning] invalid cursor position. [[32, 30] | [32, 30]].
2023-05-06 17:37:37.851 [info] /home/naman/.config/Code/User/profiles/7ea727a4/settings.json closed
2023-05-06 17:37:37.901 [info] Configuration changed
2023-05-06 17:37:41.555 [info] /home/naman/.config/Code/User/profiles/7ea727a4/settings.json closed
2023-05-06 17:37:41.604 [info] Configuration changed
