2023-05-06 12:50:08.026 [info] Log level: Info
2023-05-06 12:50:08.026 [info] Validating found git in: "git"
2023-05-06 12:50:08.026 [info] Using git "2.39.2" from "git"
2023-05-06 12:50:08.026 [info] > git rev-parse --show-toplevel [7ms]
2023-05-06 12:50:08.026 [info] > git rev-parse --git-dir --git-common-dir [6ms]
2023-05-06 12:50:08.026 [info] Open repository: /media/naman/New Volume/Projects/NestJs/harmonyApi
2023-05-06 12:50:08.026 [info] > git rev-parse --show-toplevel [46ms]
2023-05-06 12:50:08.026 [info] > git rev-parse --show-toplevel [8ms]
2023-05-06 12:50:08.026 [info] > git config --get commit.template [28ms]
2023-05-06 12:50:08.026 [info] > git rev-parse --show-toplevel [45ms]
2023-05-06 12:50:08.026 [info] > git for-each-ref --format=%(refname)%00%(upstream:short)%00%(objectname)%00%(upstream:track)%00%(upstream:remotename)%00%(upstream:remoteref) refs/heads/main refs/remotes/main [60ms]
2023-05-06 12:50:08.026 [info] > git status -z -uall [55ms]
2023-05-06 12:50:08.026 [info] > git config --get commit.template [15ms]
2023-05-06 12:50:08.026 [info] > git for-each-ref --format=%(refname)%00%(upstream:short)%00%(objectname)%00%(upstream:track)%00%(upstream:remotename)%00%(upstream:remoteref) refs/heads/main refs/remotes/main [10ms]
2023-05-06 12:50:08.026 [info] > git status -z -uall [555ms]
2023-05-06 12:50:08.026 [info] > git check-ignore -v -z --stdin [289ms]
2023-05-06 12:50:16.735 [info] Log level: Info
2023-05-06 12:50:16.735 [info] Validating found git in: "git"
2023-05-06 12:50:16.735 [info] Using git "2.39.2" from "git"
2023-05-06 12:50:16.737 [info] > git rev-parse --show-toplevel [8ms]
2023-05-06 12:50:16.761 [info] > git rev-parse --git-dir --git-common-dir [16ms]
2023-05-06 12:50:16.768 [info] Open repository: /media/naman/New Volume/Projects/NestJs/harmonyApi
2023-05-06 12:50:16.798 [info] > git rev-parse --show-toplevel [21ms]
2023-05-06 12:50:16.810 [info] > git rev-parse --show-toplevel [4ms]
2023-05-06 12:50:16.821 [info] > git config --get commit.template [24ms]
2023-05-06 12:50:16.834 [info] > git rev-parse --show-toplevel [15ms]
2023-05-06 12:50:17.248 [info] > git for-each-ref --format=%(refname)%00%(upstream:short)%00%(objectname)%00%(upstream:track)%00%(upstream:remotename)%00%(upstream:remoteref) refs/heads/main refs/remotes/main [419ms]
2023-05-06 12:50:17.339 [info] > git status -z -uall [81ms]
2023-05-06 12:50:17.378 [info] > git check-ignore -v -z --stdin [51ms]
2023-05-06 12:50:17.407 [info] > git config --get commit.template [31ms]
2023-05-06 12:50:17.462 [info] > git for-each-ref --format=%(refname)%00%(upstream:short)%00%(objectname)%00%(upstream:track)%00%(upstream:remotename)%00%(upstream:remoteref) refs/heads/main refs/remotes/main [34ms]
2023-05-06 12:50:17.674 [info] > git status -z -uall [201ms]
2023-05-06 12:50:18.557 [info] > git check-ignore -v -z --stdin [3ms]
2023-05-06 12:50:19.505 [info] > git check-ignore -v -z --stdin [3ms]
2023-05-06 12:50:22.546 [info] > git check-ignore -v -z --stdin [4ms]
2023-05-06 12:50:26.091 [info] > git check-ignore -v -z --stdin [4ms]
2023-05-06 12:50:28.010 [info] > git check-ignore -v -z --stdin [3ms]
2023-05-06 12:50:29.750 [info] > git show --textconv :src/entity/reward/RewardTrack.entity.ts [24ms]
2023-05-06 12:50:29.759 [info] > git ls-files --stage -- /media/naman/New Volume/Projects/NestJs/harmonyApi/src/entity/reward/RewardTrack.entity.ts [11ms]
2023-05-06 12:50:29.786 [info] > git cat-file -s 3bb6dd02ed37cbbf5fa9a541dca63e7c94fd1665 [9ms]
2023-05-06 12:51:09.831 [info] > git config --get commit.template [17ms]
2023-05-06 12:51:09.835 [info] > git for-each-ref --format=%(refname)%00%(upstream:short)%00%(objectname)%00%(upstream:track)%00%(upstream:remotename)%00%(upstream:remoteref) refs/heads/main refs/remotes/main [6ms]
2023-05-06 12:51:09.886 [info] > git status -z -uall [37ms]
2023-05-06 12:51:09.915 [info] > git ls-files --stage -- /media/naman/New Volume/Projects/NestJs/harmonyApi/src/entity/reward/RewardTrack.entity.ts [3ms]
2023-05-06 12:51:09.931 [info] > git cat-file -s 3bb6dd02ed37cbbf5fa9a541dca63e7c94fd1665 [5ms]
2023-05-06 12:51:09.954 [info] > git show --textconv :src/entity/reward/RewardTrack.entity.ts [6ms]
2023-05-06 12:52:15.186 [info] > git config --get commit.template [17ms]
2023-05-06 12:52:15.193 [info] > git for-each-ref --format=%(refname)%00%(upstream:short)%00%(objectname)%00%(upstream:track)%00%(upstream:remotename)%00%(upstream:remoteref) refs/heads/main refs/remotes/main [9ms]
2023-05-06 12:52:15.235 [info] > git status -z -uall [28ms]
2023-05-06 12:52:15.274 [info] > git ls-files --stage -- /media/naman/New Volume/Projects/NestJs/harmonyApi/src/entity/reward/RewardTrack.entity.ts [3ms]
2023-05-06 12:52:15.291 [info] > git cat-file -s 3bb6dd02ed37cbbf5fa9a541dca63e7c94fd1665 [4ms]
2023-05-06 12:52:15.313 [info] > git show --textconv :src/entity/reward/RewardTrack.entity.ts [5ms]
2023-05-06 12:52:23.969 [info] > git config --get commit.template [17ms]
2023-05-06 12:52:23.976 [info] > git for-each-ref --format=%(refname)%00%(upstream:short)%00%(objectname)%00%(upstream:track)%00%(upstream:remotename)%00%(upstream:remoteref) refs/heads/main refs/remotes/main [8ms]
2023-05-06 12:52:24.022 [info] > git status -z -uall [29ms]
2023-05-06 12:52:24.051 [info] > git ls-files --stage -- /media/naman/New Volume/Projects/NestJs/harmonyApi/src/entity/reward/RewardTrack.entity.ts [3ms]
2023-05-06 12:52:24.065 [info] > git cat-file -s 3bb6dd02ed37cbbf5fa9a541dca63e7c94fd1665 [5ms]
2023-05-06 12:52:24.081 [info] > git show --textconv :src/entity/reward/RewardTrack.entity.ts [5ms]
2023-05-06 12:52:29.252 [info] > git config --get commit.template [14ms]
2023-05-06 12:52:29.259 [info] > git for-each-ref --format=%(refname)%00%(upstream:short)%00%(objectname)%00%(upstream:track)%00%(upstream:remotename)%00%(upstream:remoteref) refs/heads/main refs/remotes/main [8ms]
2023-05-06 12:52:29.295 [info] > git status -z -uall [26ms]
2023-05-06 12:52:29.338 [info] > git ls-files --stage -- /media/naman/New Volume/Projects/NestJs/harmonyApi/src/entity/reward/RewardTrack.entity.ts [2ms]
2023-05-06 12:52:29.353 [info] > git cat-file -s 3bb6dd02ed37cbbf5fa9a541dca63e7c94fd1665 [4ms]
2023-05-06 12:52:29.385 [info] > git show --textconv :src/entity/reward/RewardTrack.entity.ts [6ms]
2023-05-06 12:52:31.883 [info] > git ls-files --stage -- /media/naman/New Volume/Projects/NestJs/harmonyApi/src/entity/reward/RewardTrack.entity.ts [6ms]
2023-05-06 12:52:31.907 [info] > git cat-file -s 3bb6dd02ed37cbbf5fa9a541dca63e7c94fd1665 [6ms]
2023-05-06 12:52:32.022 [info] > git show --textconv :src/entity/reward/RewardTrack.entity.ts [7ms]
2023-05-06 12:52:34.323 [info] > git config --get commit.template [11ms]
2023-05-06 12:52:34.328 [info] > git for-each-ref --format=%(refname)%00%(upstream:short)%00%(objectname)%00%(upstream:track)%00%(upstream:remotename)%00%(upstream:remoteref) refs/heads/main refs/remotes/main [6ms]
2023-05-06 12:52:34.373 [info] > git status -z -uall [33ms]
2023-05-06 12:52:41.071 [info] > git config --get commit.template [15ms]
2023-05-06 12:52:41.078 [info] > git for-each-ref --format=%(refname)%00%(upstream:short)%00%(objectname)%00%(upstream:track)%00%(upstream:remotename)%00%(upstream:remoteref) refs/heads/main refs/remotes/main [8ms]
2023-05-06 12:52:41.128 [info] > git status -z -uall [37ms]
2023-05-06 12:52:41.159 [info] > git ls-files --stage -- /media/naman/New Volume/Projects/NestJs/harmonyApi/src/entity/reward/RewardTrack.entity.ts [4ms]
2023-05-06 12:52:41.178 [info] > git cat-file -s 3bb6dd02ed37cbbf5fa9a541dca63e7c94fd1665 [5ms]
2023-05-06 12:52:41.196 [info] > git show --textconv :src/entity/reward/RewardTrack.entity.ts [7ms]
2023-05-06 12:52:54.475 [info] > git config --get commit.template [16ms]
2023-05-06 12:52:54.483 [info] > git for-each-ref --format=%(refname)%00%(upstream:short)%00%(objectname)%00%(upstream:track)%00%(upstream:remotename)%00%(upstream:remoteref) refs/heads/main refs/remotes/main [7ms]
2023-05-06 12:52:54.519 [info] > git status -z -uall [24ms]
2023-05-06 12:52:54.568 [info] > git ls-files --stage -- /media/naman/New Volume/Projects/NestJs/harmonyApi/src/entity/reward/RewardTrack.entity.ts [2ms]
2023-05-06 12:52:54.586 [info] > git cat-file -s 3bb6dd02ed37cbbf5fa9a541dca63e7c94fd1665 [5ms]
2023-05-06 12:52:54.609 [info] > git show --textconv :src/entity/reward/RewardTrack.entity.ts [6ms]
2023-05-06 12:52:56.238 [info] > git ls-files --stage -- /media/naman/New Volume/Projects/NestJs/harmonyApi/src/entity/reward/RewardTrack.entity.ts [6ms]
2023-05-06 12:52:56.259 [info] > git cat-file -s 3bb6dd02ed37cbbf5fa9a541dca63e7c94fd1665 [5ms]
2023-05-06 12:52:56.296 [info] > git show --textconv :src/entity/reward/RewardTrack.entity.ts [8ms]
2023-05-06 12:52:59.417 [info] > git ls-files --stage -- /media/naman/New Volume/Projects/NestJs/harmonyApi/src/entity/reward/RewardTrack.entity.ts [3ms]
2023-05-06 12:52:59.435 [info] > git cat-file -s 3bb6dd02ed37cbbf5fa9a541dca63e7c94fd1665 [4ms]
2023-05-06 12:52:59.456 [info] > git show --textconv :src/entity/reward/RewardTrack.entity.ts [6ms]
2023-05-06 12:52:59.557 [info] > git config --get commit.template [15ms]
2023-05-06 12:52:59.562 [info] > git for-each-ref --format=%(refname)%00%(upstream:short)%00%(objectname)%00%(upstream:track)%00%(upstream:remotename)%00%(upstream:remoteref) refs/heads/main refs/remotes/main [6ms]
2023-05-06 12:52:59.603 [info] > git status -z -uall [27ms]
2023-05-06 12:53:02.604 [info] > git ls-files --stage -- /media/naman/New Volume/Projects/NestJs/harmonyApi/src/entity/reward/RewardTrack.entity.ts [3ms]
2023-05-06 12:53:02.622 [info] > git cat-file -s 3bb6dd02ed37cbbf5fa9a541dca63e7c94fd1665 [5ms]
2023-05-06 12:53:02.645 [info] > git show --textconv :src/entity/reward/RewardTrack.entity.ts [8ms]
2023-05-06 12:53:04.313 [info] > git ls-files --stage -- /media/naman/New Volume/Projects/NestJs/harmonyApi/src/entity/reward/RewardTrack.entity.ts [3ms]
2023-05-06 12:53:04.330 [info] > git cat-file -s 3bb6dd02ed37cbbf5fa9a541dca63e7c94fd1665 [5ms]
2023-05-06 12:53:04.347 [info] > git show --textconv :src/entity/reward/RewardTrack.entity.ts [6ms]
2023-05-06 12:53:04.640 [info] > git config --get commit.template [14ms]
2023-05-06 12:53:04.647 [info] > git for-each-ref --format=%(refname)%00%(upstream:short)%00%(objectname)%00%(upstream:track)%00%(upstream:remotename)%00%(upstream:remoteref) refs/heads/main refs/remotes/main [8ms]
2023-05-06 12:53:04.682 [info] > git status -z -uall [21ms]
2023-05-06 12:53:12.005 [info] > git config --get commit.template [15ms]
2023-05-06 12:53:12.014 [info] > git for-each-ref --format=%(refname)%00%(upstream:short)%00%(objectname)%00%(upstream:track)%00%(upstream:remotename)%00%(upstream:remoteref) refs/heads/main refs/remotes/main [10ms]
2023-05-06 12:53:12.053 [info] > git status -z -uall [26ms]
2023-05-06 12:53:12.092 [info] > git ls-files --stage -- /media/naman/New Volume/Projects/NestJs/harmonyApi/src/entity/reward/RewardTrack.entity.ts [3ms]
2023-05-06 12:53:12.110 [info] > git cat-file -s 3bb6dd02ed37cbbf5fa9a541dca63e7c94fd1665 [5ms]
2023-05-06 12:53:12.132 [info] > git show --textconv :src/entity/reward/RewardTrack.entity.ts [6ms]
2023-05-06 12:53:17.089 [info] > git config --get commit.template [17ms]
2023-05-06 12:53:17.096 [info] > git for-each-ref --format=%(refname)%00%(upstream:short)%00%(objectname)%00%(upstream:track)%00%(upstream:remotename)%00%(upstream:remoteref) refs/heads/main refs/remotes/main [8ms]
2023-05-06 12:53:17.135 [info] > git status -z -uall [26ms]
2023-05-06 12:53:17.849 [info] > git ls-files --stage -- /media/naman/New Volume/Projects/NestJs/harmonyApi/src/entity/reward/RewardTrack.entity.ts [3ms]
2023-05-06 12:53:17.868 [info] > git cat-file -s f7515aff5a5cd8043aca2b7e14af25a519e99afe [5ms]
2023-05-06 12:53:17.891 [info] > git show --textconv :src/entity/reward/RewardTrack.entity.ts [6ms]
2023-05-06 12:53:22.169 [info] > git config --get commit.template [16ms]
2023-05-06 12:53:22.176 [info] > git for-each-ref --format=%(refname)%00%(upstream:short)%00%(objectname)%00%(upstream:track)%00%(upstream:remotename)%00%(upstream:remoteref) refs/heads/main refs/remotes/main [8ms]
2023-05-06 12:53:22.214 [info] > git status -z -uall [25ms]
2023-05-06 12:53:26.780 [info] > git ls-files --stage -- /media/naman/New Volume/Projects/NestJs/harmonyApi/src/entity/reward/RewardTrack.entity.ts [3ms]
2023-05-06 12:53:26.798 [info] > git cat-file -s f7515aff5a5cd8043aca2b7e14af25a519e99afe [5ms]
2023-05-06 12:53:26.819 [info] > git show --textconv :src/entity/reward/RewardTrack.entity.ts [6ms]
2023-05-06 12:53:27.247 [info] > git config --get commit.template [14ms]
2023-05-06 12:53:27.255 [info] > git for-each-ref --format=%(refname)%00%(upstream:short)%00%(objectname)%00%(upstream:track)%00%(upstream:remotename)%00%(upstream:remoteref) refs/heads/main refs/remotes/main [9ms]
2023-05-06 12:53:27.291 [info] > git status -z -uall [22ms]
2023-05-06 12:53:42.941 [info] > git config --get commit.template [16ms]
2023-05-06 12:53:42.950 [info] > git for-each-ref --format=%(refname)%00%(upstream:short)%00%(objectname)%00%(upstream:track)%00%(upstream:remotename)%00%(upstream:remoteref) refs/heads/main refs/remotes/main [10ms]
2023-05-06 12:53:42.997 [info] > git status -z -uall [32ms]
2023-05-06 12:53:43.077 [info] > git ls-files --stage -- /media/naman/New Volume/Projects/NestJs/harmonyApi/src/entity/reward/RewardTrack.entity.ts [4ms]
2023-05-06 12:53:43.096 [info] > git cat-file -s f7515aff5a5cd8043aca2b7e14af25a519e99afe [6ms]
2023-05-06 12:53:43.122 [info] > git show --textconv :src/entity/reward/RewardTrack.entity.ts [7ms]
2023-05-06 12:53:50.691 [info] > git config --get commit.template [15ms]
2023-05-06 12:53:50.697 [info] > git for-each-ref --format=%(refname)%00%(upstream:short)%00%(objectname)%00%(upstream:track)%00%(upstream:remotename)%00%(upstream:remoteref) refs/heads/main refs/remotes/main [8ms]
2023-05-06 12:53:50.733 [info] > git status -z -uall [21ms]
2023-05-06 12:53:50.776 [info] > git ls-files --stage -- /media/naman/New Volume/Projects/NestJs/harmonyApi/src/entity/reward/RewardTrack.entity.ts [3ms]
2023-05-06 12:53:50.798 [info] > git cat-file -s f7515aff5a5cd8043aca2b7e14af25a519e99afe [6ms]
2023-05-06 12:53:50.822 [info] > git show --textconv :src/entity/reward/RewardTrack.entity.ts [6ms]
