2023-05-06 18:15:29.867 [info] Log level: Info
2023-05-06 18:15:29.867 [info] Validating found git in: "git"
2023-05-06 18:15:29.867 [info] Using git "2.39.2" from "git"
2023-05-06 18:15:29.867 [info] > git rev-parse --show-toplevel [34ms]
2023-05-06 18:15:29.867 [info] > git rev-parse --git-dir --git-common-dir [20ms]
2023-05-06 18:15:29.867 [info] Open repository: /home/naman/Desktop/Project/React Native/cpay
2023-05-06 18:15:29.867 [info] > git rev-parse --show-toplevel [51ms]
2023-05-06 18:15:29.867 [info] > git rev-parse --show-toplevel [19ms]
2023-05-06 18:15:29.867 [info] > git config --get commit.template [64ms]
2023-05-06 18:15:29.869 [info] > git rev-parse --show-toplevel [11ms]
2023-05-06 18:15:29.921 [info] > git rev-parse --show-toplevel [36ms]
2023-05-06 18:15:29.961 [info] > git for-each-ref --format=%(refname)%00%(upstream:short)%00%(objectname)%00%(upstream:track)%00%(upstream:remotename)%00%(upstream:remoteref) refs/heads/master refs/remotes/master [55ms]
2023-05-06 18:15:30.563 [info] > git status -z -uall [586ms]
2023-05-06 18:15:30.563 [info] > git check-ignore -v -z --stdin [7ms]
2023-05-06 18:15:30.582 [info] > git rev-parse --show-toplevel [642ms]
2023-05-06 18:15:30.880 [info] > git rev-parse --show-toplevel [283ms]
2023-05-06 18:15:31.058 [info] > git rev-parse --show-toplevel [151ms]
2023-05-06 18:15:31.062 [info] > git config --get commit.template [236ms]
2023-05-06 18:15:31.174 [info] > git show --textconv :app/Components/ImageCarousel/CarouselItem.tsx [54ms]
2023-05-06 18:15:31.210 [info] > git for-each-ref --format=%(refname)%00%(upstream:short)%00%(objectname)%00%(upstream:track)%00%(upstream:remotename)%00%(upstream:remoteref) refs/heads/master refs/remotes/master [40ms]
2023-05-06 18:15:31.238 [info] > git ls-files --stage -- /home/naman/Desktop/Project/React Native/cpay/app/Components/ImageCarousel/CarouselItem.tsx [95ms]
2023-05-06 18:15:31.269 [info] > git status -z -uall [33ms]
2023-05-06 18:15:31.272 [info] > git cat-file -s 7230c2a6e44a8c19840a1d246f8abff6d7bc2118 [8ms]
2023-05-06 18:16:57.921 [info] > git config --get commit.template [17ms]
2023-05-06 18:16:57.938 [info] > git ls-files --stage -- /home/naman/Desktop/Project/React Native/cpay/app/Components/ImageCarousel/CarouselItem.tsx [1ms]
2023-05-06 18:16:57.949 [info] > git for-each-ref --format=%(refname)%00%(upstream:short)%00%(objectname)%00%(upstream:track)%00%(upstream:remotename)%00%(upstream:remoteref) refs/heads/master refs/remotes/master [30ms]
2023-05-06 18:16:57.964 [info] > git cat-file -s 7230c2a6e44a8c19840a1d246f8abff6d7bc2118 [15ms]
2023-05-06 18:16:57.966 [info] > git status -z -uall [3ms]
2023-05-06 18:16:57.988 [info] > git show --textconv :app/Components/ImageCarousel/CarouselItem.tsx [2ms]
2023-05-06 18:17:08.740 [info] > git config --get commit.template [27ms]
2023-05-06 18:17:08.742 [info] > git for-each-ref --format=%(refname)%00%(upstream:short)%00%(objectname)%00%(upstream:track)%00%(upstream:remotename)%00%(upstream:remoteref) refs/heads/master refs/remotes/master [4ms]
2023-05-06 18:17:08.764 [info] > git status -z -uall [4ms]
2023-05-06 18:17:12.340 [info] > git check-ignore -v -z --stdin [1ms]
2023-05-06 18:17:27.622 [info] > git show --textconv :app/Components/Buttons/GradientButton.ts [17ms]
2023-05-06 18:17:27.624 [info] > git ls-files --stage -- /home/naman/Desktop/Project/React Native/cpay/app/Components/Buttons/GradientButton.ts [4ms]
2023-05-06 18:17:27.856 [info] > git check-ignore -v -z --stdin [1ms]
2023-05-06 18:17:30.358 [info] > git config --get commit.template [19ms]
2023-05-06 18:17:30.358 [info] > git for-each-ref --format=%(refname)%00%(upstream:short)%00%(objectname)%00%(upstream:track)%00%(upstream:remotename)%00%(upstream:remoteref) refs/heads/master refs/remotes/master [1ms]
2023-05-06 18:17:30.374 [info] > git status -z -uall [2ms]
2023-05-06 18:17:39.873 [info] > git config --get commit.template [2ms]
2023-05-06 18:17:39.890 [info] > git for-each-ref --format=%(refname)%00%(upstream:short)%00%(objectname)%00%(upstream:track)%00%(upstream:remotename)%00%(upstream:remoteref) refs/heads/master refs/remotes/master [2ms]
2023-05-06 18:17:39.908 [info] > git status -z -uall [3ms]
2023-05-06 18:17:41.459 [info] > git check-ignore -v -z --stdin [1ms]
2023-05-06 18:17:44.888 [info] > git check-ignore -v -z --stdin [2ms]
2023-05-06 18:17:45.416 [info] > git config --get commit.template [2ms]
2023-05-06 18:17:45.433 [info] > git for-each-ref --format=%(refname)%00%(upstream:short)%00%(objectname)%00%(upstream:track)%00%(upstream:remotename)%00%(upstream:remoteref) refs/heads/master refs/remotes/master [1ms]
2023-05-06 18:17:45.451 [info] > git status -z -uall [3ms]
2023-05-06 18:17:46.247 [info] > git check-ignore -v -z --stdin [1ms]
2023-05-06 18:17:47.419 [info] > git show --textconv :app/Components/Loader/index.js [21ms]
2023-05-06 18:17:47.421 [info] > git ls-files --stage -- /home/naman/Desktop/Project/React Native/cpay/app/Components/Loader/index.js [3ms]
2023-05-06 18:17:54.625 [info] > git show --textconv :app/Components/Loader/index.ts [16ms]
2023-05-06 18:17:54.627 [info] > git ls-files --stage -- /home/naman/Desktop/Project/React Native/cpay/app/Components/Loader/index.ts [2ms]
2023-05-06 18:17:54.860 [info] > git check-ignore -v -z --stdin [4ms]
2023-05-06 18:17:55.450 [info] > git config --get commit.template [1ms]
2023-05-06 18:17:55.467 [info] > git for-each-ref --format=%(refname)%00%(upstream:short)%00%(objectname)%00%(upstream:track)%00%(upstream:remotename)%00%(upstream:remoteref) refs/heads/master refs/remotes/master [2ms]
2023-05-06 18:17:55.486 [info] > git status -z -uall [3ms]
2023-05-06 18:18:08.038 [info] > git check-ignore -v -z --stdin [2ms]
2023-05-06 18:18:08.633 [info] > git config --get commit.template [1ms]
2023-05-06 18:18:08.650 [info] > git for-each-ref --format=%(refname)%00%(upstream:short)%00%(objectname)%00%(upstream:track)%00%(upstream:remotename)%00%(upstream:remoteref) refs/heads/master refs/remotes/master [1ms]
2023-05-06 18:18:08.667 [info] > git status -z -uall [2ms]
2023-05-06 18:19:06.646 [info] > git config --get commit.template [1ms]
2023-05-06 18:19:06.667 [info] > git for-each-ref --format=%(refname)%00%(upstream:short)%00%(objectname)%00%(upstream:track)%00%(upstream:remotename)%00%(upstream:remoteref) refs/heads/master refs/remotes/master [3ms]
2023-05-06 18:19:06.686 [info] > git status -z -uall [2ms]
2023-05-06 18:19:40.387 [info] > git config --get commit.template [21ms]
2023-05-06 18:19:40.387 [info] > git for-each-ref --format=%(refname)%00%(upstream:short)%00%(objectname)%00%(upstream:track)%00%(upstream:remotename)%00%(upstream:remoteref) refs/heads/master refs/remotes/master [2ms]
2023-05-06 18:19:40.403 [info] > git status -z -uall [3ms]
2023-05-06 18:19:57.078 [info] > git config --get commit.template [2ms]
2023-05-06 18:19:57.107 [info] > git for-each-ref --format=%(refname)%00%(upstream:short)%00%(objectname)%00%(upstream:track)%00%(upstream:remotename)%00%(upstream:remoteref) refs/heads/master refs/remotes/master [3ms]
2023-05-06 18:19:57.130 [info] > git status -z -uall [6ms]
2023-05-06 18:20:24.606 [info] > git config --get commit.template [12ms]
2023-05-06 18:20:24.606 [info] > git for-each-ref --format=%(refname)%00%(upstream:short)%00%(objectname)%00%(upstream:track)%00%(upstream:remotename)%00%(upstream:remoteref) refs/heads/master refs/remotes/master [2ms]
2023-05-06 18:20:24.620 [info] > git status -z -uall [2ms]
2023-05-06 18:20:32.507 [info] > git config --get commit.template [2ms]
2023-05-06 18:20:32.533 [info] > git for-each-ref --format=%(refname)%00%(upstream:short)%00%(objectname)%00%(upstream:track)%00%(upstream:remotename)%00%(upstream:remoteref) refs/heads/master refs/remotes/master [3ms]
2023-05-06 18:20:32.556 [info] > git status -z -uall [3ms]
2023-05-06 18:20:38.609 [info] > git config --get commit.template [1ms]
2023-05-06 18:20:38.627 [info] > git for-each-ref --format=%(refname)%00%(upstream:short)%00%(objectname)%00%(upstream:track)%00%(upstream:remotename)%00%(upstream:remoteref) refs/heads/master refs/remotes/master [1ms]
2023-05-06 18:20:38.641 [info] > git status -z -uall [2ms]
2023-05-06 18:20:46.908 [info] > git config --get commit.template [2ms]
2023-05-06 18:20:46.927 [info] > git for-each-ref --format=%(refname)%00%(upstream:short)%00%(objectname)%00%(upstream:track)%00%(upstream:remotename)%00%(upstream:remoteref) refs/heads/master refs/remotes/master [1ms]
2023-05-06 18:20:46.945 [info] > git status -z -uall [3ms]
2023-05-06 18:20:58.565 [info] > git config --get commit.template [16ms]
2023-05-06 18:20:58.565 [info] > git for-each-ref --format=%(refname)%00%(upstream:short)%00%(objectname)%00%(upstream:track)%00%(upstream:remotename)%00%(upstream:remoteref) refs/heads/master refs/remotes/master [1ms]
2023-05-06 18:20:58.585 [info] > git status -z -uall [3ms]
2023-05-06 18:21:13.068 [info] > git config --get commit.template [17ms]
2023-05-06 18:21:13.068 [info] > git for-each-ref --format=%(refname)%00%(upstream:short)%00%(objectname)%00%(upstream:track)%00%(upstream:remotename)%00%(upstream:remoteref) refs/heads/master refs/remotes/master [1ms]
2023-05-06 18:21:13.086 [info] > git status -z -uall [2ms]
2023-05-06 18:21:20.548 [info] > git config --get commit.template [1ms]
2023-05-06 18:21:20.566 [info] > git for-each-ref --format=%(refname)%00%(upstream:short)%00%(objectname)%00%(upstream:track)%00%(upstream:remotename)%00%(upstream:remoteref) refs/heads/master refs/remotes/master [1ms]
2023-05-06 18:21:20.583 [info] > git status -z -uall [3ms]
2023-05-06 18:21:48.087 [info] > git config --get commit.template [1ms]
2023-05-06 18:21:48.105 [info] > git for-each-ref --format=%(refname)%00%(upstream:short)%00%(objectname)%00%(upstream:track)%00%(upstream:remotename)%00%(upstream:remoteref) refs/heads/master refs/remotes/master [1ms]
2023-05-06 18:21:48.122 [info] > git status -z -uall [3ms]
2023-05-06 18:21:56.525 [info] > git config --get commit.template [2ms]
2023-05-06 18:21:56.539 [info] > git for-each-ref --format=%(refname)%00%(upstream:short)%00%(objectname)%00%(upstream:track)%00%(upstream:remotename)%00%(upstream:remoteref) refs/heads/master refs/remotes/master [2ms]
2023-05-06 18:21:56.552 [info] > git status -z -uall [3ms]
2023-05-06 18:22:11.796 [info] > git config --get commit.template [1ms]
2023-05-06 18:22:11.813 [info] > git for-each-ref --format=%(refname)%00%(upstream:short)%00%(objectname)%00%(upstream:track)%00%(upstream:remotename)%00%(upstream:remoteref) refs/heads/master refs/remotes/master [1ms]
2023-05-06 18:22:11.830 [info] > git status -z -uall [2ms]
2023-05-06 18:22:40.777 [info] > git config --get commit.template [1ms]
2023-05-06 18:22:40.792 [info] > git for-each-ref --format=%(refname)%00%(upstream:short)%00%(objectname)%00%(upstream:track)%00%(upstream:remotename)%00%(upstream:remoteref) refs/heads/master refs/remotes/master [2ms]
2023-05-06 18:22:40.807 [info] > git status -z -uall [2ms]
2023-05-06 18:22:42.292 [info] > git show --textconv :app/Components/Buttons/index.ts [52ms]
2023-05-06 18:22:42.293 [info] > git ls-files --stage -- /home/naman/Desktop/Project/React Native/cpay/app/Components/Buttons/index.ts [32ms]
2023-05-06 18:22:42.323 [info] > git cat-file -s 55186fd7a65d0252e6c5d7e620187085da6a2700 [4ms]
2023-05-06 18:23:10.455 [info] > git config --get commit.template [3ms]
2023-05-06 18:23:10.478 [info] > git for-each-ref --format=%(refname)%00%(upstream:short)%00%(objectname)%00%(upstream:track)%00%(upstream:remotename)%00%(upstream:remoteref) refs/heads/master refs/remotes/master [3ms]
2023-05-06 18:23:10.495 [info] > git status -z -uall [3ms]
2023-05-06 18:23:24.471 [info] > git config --get commit.template [17ms]
2023-05-06 18:23:24.472 [info] > git for-each-ref --format=%(refname)%00%(upstream:short)%00%(objectname)%00%(upstream:track)%00%(upstream:remotename)%00%(upstream:remoteref) refs/heads/master refs/remotes/master [2ms]
2023-05-06 18:23:24.489 [info] > git status -z -uall [2ms]
2023-05-06 18:23:41.633 [info] > git config --get commit.template [1ms]
2023-05-06 18:23:41.649 [info] > git for-each-ref --format=%(refname)%00%(upstream:short)%00%(objectname)%00%(upstream:track)%00%(upstream:remotename)%00%(upstream:remoteref) refs/heads/master refs/remotes/master [2ms]
2023-05-06 18:23:41.666 [info] > git status -z -uall [2ms]
2023-05-06 18:23:54.759 [info] > git config --get commit.template [1ms]
2023-05-06 18:23:54.773 [info] > git for-each-ref --format=%(refname)%00%(upstream:short)%00%(objectname)%00%(upstream:track)%00%(upstream:remotename)%00%(upstream:remoteref) refs/heads/master refs/remotes/master [2ms]
2023-05-06 18:23:54.788 [info] > git status -z -uall [3ms]
2023-05-06 18:24:00.501 [info] > git config --get commit.template [19ms]
2023-05-06 18:24:00.502 [info] > git for-each-ref --format=%(refname)%00%(upstream:short)%00%(objectname)%00%(upstream:track)%00%(upstream:remotename)%00%(upstream:remoteref) refs/heads/master refs/remotes/master [2ms]
2023-05-06 18:24:00.526 [info] > git status -z -uall [3ms]
2023-05-06 18:24:04.600 [info] > git show --textconv :app/Components/ImageCarousel/Slides.ts [13ms]
2023-05-06 18:24:04.601 [info] > git ls-files --stage -- /home/naman/Desktop/Project/React Native/cpay/app/Components/ImageCarousel/Slides.ts [1ms]
2023-05-06 18:24:04.615 [info] > git cat-file -s c7798f8d009a0004156b66df0fb754a523fa97e8 [2ms]
2023-05-06 18:24:07.042 [info] > git show --textconv :app/App.tsx [25ms]
2023-05-06 18:24:07.044 [info] > git ls-files --stage -- /home/naman/Desktop/Project/React Native/cpay/app/App.tsx [3ms]
2023-05-06 18:24:07.060 [info] > git cat-file -s 64a91bbe45c409e37159f91a058fe8cbbb0bbee1 [1ms]
2023-05-06 18:24:07.365 [info] > git check-ignore -v -z --stdin [1ms]
2023-05-06 18:24:08.556 [info] > git show --textconv :app/Navigation/AppNavigation.js [17ms]
2023-05-06 18:24:08.557 [info] > git ls-files --stage -- /home/naman/Desktop/Project/React Native/cpay/app/Navigation/AppNavigation.js [1ms]
2023-05-06 18:24:08.575 [info] > git cat-file -s 0bfd91ea8589ed89abfc6ccdac90ee705b1d656b [3ms]
2023-05-06 18:24:28.692 [info] > git show --textconv :app/Screens/OnBoardingScreens/OnBoardingScreen.tsx [19ms]
2023-05-06 18:24:28.693 [info] > git ls-files --stage -- /home/naman/Desktop/Project/React Native/cpay/app/Screens/OnBoardingScreens/OnBoardingScreen.tsx [2ms]
2023-05-06 18:24:28.708 [info] > git cat-file -s 07c4a95289d4918d7f062572dd8ab8752dc20fdd [3ms]
2023-05-06 18:24:44.520 [info] > git config --get commit.template [14ms]
2023-05-06 18:24:44.521 [info] > git for-each-ref --format=%(refname)%00%(upstream:short)%00%(objectname)%00%(upstream:track)%00%(upstream:remotename)%00%(upstream:remoteref) refs/heads/master refs/remotes/master [2ms]
2023-05-06 18:24:44.535 [info] > git status -z -uall [2ms]
2023-05-06 18:24:54.511 [info] > git show --textconv :app/Components/Buttons/LinkButton.tsx [18ms]
2023-05-06 18:24:54.513 [info] > git ls-files --stage -- /home/naman/Desktop/Project/React Native/cpay/app/Components/Buttons/LinkButton.tsx [2ms]
2023-05-06 18:24:54.532 [info] > git cat-file -s 0832dda366db1a05e903af2774e869908a0682b7 [1ms]
2023-05-06 18:25:04.998 [info] > git config --get commit.template [2ms]
2023-05-06 18:25:05.014 [info] > git for-each-ref --format=%(refname)%00%(upstream:short)%00%(objectname)%00%(upstream:track)%00%(upstream:remotename)%00%(upstream:remoteref) refs/heads/master refs/remotes/master [2ms]
2023-05-06 18:25:05.031 [info] > git status -z -uall [2ms]
2023-05-06 18:25:22.153 [info] > git config --get commit.template [1ms]
2023-05-06 18:25:22.165 [info] > git for-each-ref --format=%(refname)%00%(upstream:short)%00%(objectname)%00%(upstream:track)%00%(upstream:remotename)%00%(upstream:remoteref) refs/heads/master refs/remotes/master [1ms]
2023-05-06 18:25:22.179 [info] > git status -z -uall [2ms]
2023-05-06 18:25:34.077 [info] > git config --get commit.template [1ms]
2023-05-06 18:25:34.093 [info] > git for-each-ref --format=%(refname)%00%(upstream:short)%00%(objectname)%00%(upstream:track)%00%(upstream:remotename)%00%(upstream:remoteref) refs/heads/master refs/remotes/master [2ms]
2023-05-06 18:25:34.110 [info] > git status -z -uall [2ms]
2023-05-06 18:25:39.747 [info] > git show --textconv :app/Components/Buttons/ButtonStyles.ts [20ms]
2023-05-06 18:25:39.749 [info] > git ls-files --stage -- /home/naman/Desktop/Project/React Native/cpay/app/Components/Buttons/ButtonStyles.ts [3ms]
2023-05-06 18:25:39.767 [info] > git cat-file -s 5975781f4d1c2eee72845ea9906693a3c302c9a7 [2ms]
2023-05-06 18:26:20.693 [info] > git config --get commit.template [1ms]
2023-05-06 18:26:20.713 [info] > git for-each-ref --format=%(refname)%00%(upstream:short)%00%(objectname)%00%(upstream:track)%00%(upstream:remotename)%00%(upstream:remoteref) refs/heads/master refs/remotes/master [1ms]
2023-05-06 18:26:20.732 [info] > git status -z -uall [3ms]
2023-05-06 18:26:27.264 [info] > git config --get commit.template [2ms]
2023-05-06 18:26:27.284 [info] > git for-each-ref --format=%(refname)%00%(upstream:short)%00%(objectname)%00%(upstream:track)%00%(upstream:remotename)%00%(upstream:remoteref) refs/heads/master refs/remotes/master [2ms]
2023-05-06 18:26:27.303 [info] > git status -z -uall [2ms]
2023-05-06 18:26:33.519 [info] > git config --get commit.template [1ms]
2023-05-06 18:26:33.538 [info] > git for-each-ref --format=%(refname)%00%(upstream:short)%00%(objectname)%00%(upstream:track)%00%(upstream:remotename)%00%(upstream:remoteref) refs/heads/master refs/remotes/master [2ms]
2023-05-06 18:26:33.557 [info] > git status -z -uall [3ms]
2023-05-06 18:28:52.819 [info] > git show --textconv :app/Themes/Colors.ts [16ms]
2023-05-06 18:28:52.820 [info] > git ls-files --stage -- /home/naman/Desktop/Project/React Native/cpay/app/Themes/Colors.ts [2ms]
2023-05-06 18:28:52.835 [info] > git cat-file -s d0b185149af6c41b35725b9cfca73b5a902ce887 [2ms]
2023-05-06 18:28:53.068 [info] > git check-ignore -v -z --stdin [1ms]
2023-05-06 18:29:21.612 [info] > git config --get commit.template [13ms]
2023-05-06 18:29:21.612 [info] > git for-each-ref --format=%(refname)%00%(upstream:short)%00%(objectname)%00%(upstream:track)%00%(upstream:remotename)%00%(upstream:remoteref) refs/heads/master refs/remotes/master [1ms]
2023-05-06 18:29:21.628 [info] > git status -z -uall [2ms]
2023-05-06 18:30:17.863 [info] > git config --get commit.template [15ms]
2023-05-06 18:30:17.863 [info] > git for-each-ref --format=%(refname)%00%(upstream:short)%00%(objectname)%00%(upstream:track)%00%(upstream:remotename)%00%(upstream:remoteref) refs/heads/master refs/remotes/master [1ms]
2023-05-06 18:30:17.878 [info] > git status -z -uall [3ms]
2023-05-06 18:30:23.718 [info] > git show --textconv :app/Themes/Colors.ts [15ms]
2023-05-06 18:30:23.721 [info] > git ls-files --stage -- /home/naman/Desktop/Project/React Native/cpay/app/Themes/Colors.ts [2ms]
2023-05-06 18:30:23.752 [info] > git cat-file -s d0b185149af6c41b35725b9cfca73b5a902ce887 [17ms]
2023-05-06 18:30:44.088 [info] > git config --get commit.template [4ms]
2023-05-06 18:30:44.113 [info] > git for-each-ref --format=%(refname)%00%(upstream:short)%00%(objectname)%00%(upstream:track)%00%(upstream:remotename)%00%(upstream:remoteref) refs/heads/master refs/remotes/master [1ms]
2023-05-06 18:30:44.135 [info] > git status -z -uall [5ms]
2023-05-06 18:33:17.829 [info] > git config --get commit.template [24ms]
2023-05-06 18:33:17.830 [info] > git for-each-ref --format=%(refname)%00%(upstream:short)%00%(objectname)%00%(upstream:track)%00%(upstream:remotename)%00%(upstream:remoteref) refs/heads/master refs/remotes/master [3ms]
2023-05-06 18:33:17.855 [info] > git status -z -uall [3ms]
2023-05-06 18:33:24.346 [info] > git config --get commit.template [14ms]
2023-05-06 18:33:24.347 [info] > git for-each-ref --format=%(refname)%00%(upstream:short)%00%(objectname)%00%(upstream:track)%00%(upstream:remotename)%00%(upstream:remoteref) refs/heads/master refs/remotes/master [1ms]
2023-05-06 18:33:24.363 [info] > git status -z -uall [3ms]
2023-05-06 18:34:00.897 [info] > git config --get commit.template [1ms]
2023-05-06 18:34:00.914 [info] > git for-each-ref --format=%(refname)%00%(upstream:short)%00%(objectname)%00%(upstream:track)%00%(upstream:remotename)%00%(upstream:remoteref) refs/heads/master refs/remotes/master [1ms]
2023-05-06 18:34:00.931 [info] > git status -z -uall [3ms]
2023-05-06 18:34:22.154 [info] > git config --get commit.template [14ms]
2023-05-06 18:34:22.155 [info] > git for-each-ref --format=%(refname)%00%(upstream:short)%00%(objectname)%00%(upstream:track)%00%(upstream:remotename)%00%(upstream:remoteref) refs/heads/master refs/remotes/master [1ms]
2023-05-06 18:34:22.169 [info] > git status -z -uall [2ms]
2023-05-06 18:34:40.772 [info] > git config --get commit.template [2ms]
2023-05-06 18:34:40.789 [info] > git for-each-ref --format=%(refname)%00%(upstream:short)%00%(objectname)%00%(upstream:track)%00%(upstream:remotename)%00%(upstream:remoteref) refs/heads/master refs/remotes/master [1ms]
2023-05-06 18:34:40.806 [info] > git status -z -uall [3ms]
2023-05-06 18:37:01.775 [info] > git config --get commit.template [17ms]
2023-05-06 18:37:01.778 [info] > git for-each-ref --format=%(refname)%00%(upstream:short)%00%(objectname)%00%(upstream:track)%00%(upstream:remotename)%00%(upstream:remoteref) refs/heads/master refs/remotes/master [4ms]
2023-05-06 18:37:01.798 [info] > git status -z -uall [3ms]
2023-05-06 18:37:13.887 [info] > git config --get commit.template [16ms]
2023-05-06 18:37:13.888 [info] > git for-each-ref --format=%(refname)%00%(upstream:short)%00%(objectname)%00%(upstream:track)%00%(upstream:remotename)%00%(upstream:remoteref) refs/heads/master refs/remotes/master [1ms]
2023-05-06 18:37:13.903 [info] > git status -z -uall [3ms]
2023-05-06 18:41:44.521 [info] > git show --textconv :app/Components/Buttons/ButtonPropTypes.ts [33ms]
2023-05-06 18:41:44.523 [info] > git ls-files --stage -- /home/naman/Desktop/Project/React Native/cpay/app/Components/Buttons/ButtonPropTypes.ts [3ms]
2023-05-06 18:41:44.545 [info] > git cat-file -s d4d2b48a18d634087387a0aaa08642a750296470 [3ms]
2023-05-06 18:41:54.395 [info] > git show --textconv :app/Components/Buttons/MainButton.tsx [17ms]
2023-05-06 18:41:54.396 [info] > git ls-files --stage -- /home/naman/Desktop/Project/React Native/cpay/app/Components/Buttons/MainButton.tsx [2ms]
2023-05-06 18:41:54.416 [info] > git cat-file -s a9f01c1d57defed804319a25868e3123db53e5a7 [3ms]
2023-05-06 18:42:09.213 [info] > git config --get commit.template [1ms]
2023-05-06 18:42:09.231 [info] > git for-each-ref --format=%(refname)%00%(upstream:short)%00%(objectname)%00%(upstream:track)%00%(upstream:remotename)%00%(upstream:remoteref) refs/heads/master refs/remotes/master [2ms]
2023-05-06 18:42:09.250 [info] > git status -z -uall [3ms]
2023-05-06 18:48:33.081 [info] > git show --textconv :app/Components/Buttons/MainButton.tsx [18ms]
2023-05-06 18:48:33.083 [info] > git ls-files --stage -- /home/naman/Desktop/Project/React Native/cpay/app/Components/Buttons/MainButton.tsx [1ms]
2023-05-06 18:48:33.099 [info] > git cat-file -s a9f01c1d57defed804319a25868e3123db53e5a7 [3ms]
2023-05-06 18:48:39.423 [info] > git show --textconv :app/Components/Buttons/index.ts [16ms]
2023-05-06 18:48:39.424 [info] > git ls-files --stage -- /home/naman/Desktop/Project/React Native/cpay/app/Components/Buttons/index.ts [2ms]
2023-05-06 18:48:39.441 [info] > git cat-file -s 55186fd7a65d0252e6c5d7e620187085da6a2700 [2ms]
2023-05-06 18:48:59.505 [info] > git config --get commit.template [2ms]
2023-05-06 18:48:59.519 [info] > git for-each-ref --format=%(refname)%00%(upstream:short)%00%(objectname)%00%(upstream:track)%00%(upstream:remotename)%00%(upstream:remoteref) refs/heads/master refs/remotes/master [2ms]
2023-05-06 18:48:59.533 [info] > git status -z -uall [2ms]
2023-05-06 18:54:09.446 [info] > git show --textconv :app/Constant/index.ts [16ms]
2023-05-06 18:54:09.448 [info] > git ls-files --stage -- /home/naman/Desktop/Project/React Native/cpay/app/Constant/index.ts [1ms]
2023-05-06 18:54:09.462 [info] > git cat-file -s 0e5cad1fe9d71b0481657d66e5ff91e106ec13fb [2ms]
2023-05-06 18:54:31.412 [info] > git config --get commit.template [1ms]
2023-05-06 18:54:31.431 [info] > git for-each-ref --format=%(refname)%00%(upstream:short)%00%(objectname)%00%(upstream:track)%00%(upstream:remotename)%00%(upstream:remoteref) refs/heads/master refs/remotes/master [1ms]
2023-05-06 18:54:31.449 [info] > git status -z -uall [2ms]
2023-05-06 18:56:22.633 [info] > git show --textconv :app/Constant/PropsTypes.ts [15ms]
2023-05-06 18:56:22.634 [info] > git ls-files --stage -- /home/naman/Desktop/Project/React Native/cpay/app/Constant/PropsTypes.ts [2ms]
2023-05-06 18:56:22.650 [info] > git cat-file -s 3a61e067df898fab23c2759f369afed4b3a650fa [1ms]
2023-05-06 18:56:33.069 [info] > git show --textconv :app/Constant/ScreenKeys.ts [17ms]
2023-05-06 18:56:33.070 [info] > git ls-files --stage -- /home/naman/Desktop/Project/React Native/cpay/app/Constant/ScreenKeys.ts [2ms]
2023-05-06 18:56:33.086 [info] > git cat-file -s 891aa592699cf49b549788849d13fcb376267150 [3ms]
2023-05-06 18:57:13.032 [info] > git show --textconv :app/Components/Buttons/ButtonPropTypes.ts [18ms]
2023-05-06 18:57:13.034 [info] > git ls-files --stage -- /home/naman/Desktop/Project/React Native/cpay/app/Components/Buttons/ButtonPropTypes.ts [2ms]
2023-05-06 18:57:13.053 [info] > git cat-file -s d4d2b48a18d634087387a0aaa08642a750296470 [3ms]
2023-05-06 18:57:30.871 [info] > git config --get commit.template [18ms]
2023-05-06 18:57:30.872 [info] > git for-each-ref --format=%(refname)%00%(upstream:short)%00%(objectname)%00%(upstream:track)%00%(upstream:remotename)%00%(upstream:remoteref) refs/heads/master refs/remotes/master [2ms]
2023-05-06 18:57:30.891 [info] > git status -z -uall [2ms]
2023-05-06 18:57:37.334 [info] > git config --get commit.template [14ms]
2023-05-06 18:57:37.335 [info] > git for-each-ref --format=%(refname)%00%(upstream:short)%00%(objectname)%00%(upstream:track)%00%(upstream:remotename)%00%(upstream:remoteref) refs/heads/master refs/remotes/master [2ms]
2023-05-06 18:57:37.351 [info] > git status -z -uall [3ms]
2023-05-06 18:57:45.230 [info] > git config --get commit.template [1ms]
2023-05-06 18:57:45.251 [info] > git for-each-ref --format=%(refname)%00%(upstream:short)%00%(objectname)%00%(upstream:track)%00%(upstream:remotename)%00%(upstream:remoteref) refs/heads/master refs/remotes/master [1ms]
2023-05-06 18:57:45.272 [info] > git status -z -uall [3ms]
2023-05-06 18:57:54.835 [info] > git config --get commit.template [15ms]
2023-05-06 18:57:54.846 [info] > git for-each-ref --format=%(refname)%00%(upstream:short)%00%(objectname)%00%(upstream:track)%00%(upstream:remotename)%00%(upstream:remoteref) refs/heads/master refs/remotes/master [12ms]
2023-05-06 18:57:54.891 [info] > git status -z -uall [27ms]
2023-05-06 18:58:09.892 [info] > git config --get commit.template [2ms]
2023-05-06 18:58:09.914 [info] > git for-each-ref --format=%(refname)%00%(upstream:short)%00%(objectname)%00%(upstream:track)%00%(upstream:remotename)%00%(upstream:remoteref) refs/heads/master refs/remotes/master [1ms]
2023-05-06 18:58:09.929 [info] > git status -z -uall [2ms]
2023-05-06 18:58:18.785 [info] > git config --get commit.template [19ms]
2023-05-06 18:58:18.786 [info] > git for-each-ref --format=%(refname)%00%(upstream:short)%00%(objectname)%00%(upstream:track)%00%(upstream:remotename)%00%(upstream:remoteref) refs/heads/master refs/remotes/master [2ms]
2023-05-06 18:58:18.805 [info] > git status -z -uall [3ms]
2023-05-06 18:58:47.730 [info] > git config --get commit.template [1ms]
2023-05-06 18:58:47.747 [info] > git for-each-ref --format=%(refname)%00%(upstream:short)%00%(objectname)%00%(upstream:track)%00%(upstream:remotename)%00%(upstream:remoteref) refs/heads/master refs/remotes/master [2ms]
2023-05-06 18:58:47.764 [info] > git status -z -uall [2ms]
2023-05-06 18:58:56.013 [info] > git show --textconv :app/Components/Buttons/GradientButton.ts [20ms]
2023-05-06 18:58:56.016 [info] > git ls-files --stage -- /home/naman/Desktop/Project/React Native/cpay/app/Components/Buttons/GradientButton.ts [4ms]
2023-05-06 18:58:57.420 [info] > git show --textconv :app/Components/Buttons/LinkButton.tsx [30ms]
2023-05-06 18:58:57.423 [info] > git ls-files --stage -- /home/naman/Desktop/Project/React Native/cpay/app/Components/Buttons/LinkButton.tsx [4ms]
2023-05-06 18:58:57.454 [info] > git cat-file -s 0832dda366db1a05e903af2774e869908a0682b7 [4ms]
2023-05-06 18:59:06.945 [info] > git config --get commit.template [2ms]
2023-05-06 18:59:06.959 [info] > git for-each-ref --format=%(refname)%00%(upstream:short)%00%(objectname)%00%(upstream:track)%00%(upstream:remotename)%00%(upstream:remoteref) refs/heads/master refs/remotes/master [1ms]
2023-05-06 18:59:06.975 [info] > git status -z -uall [3ms]
2023-05-06 18:59:28.323 [info] > git config --get commit.template [1ms]
2023-05-06 18:59:28.339 [info] > git for-each-ref --format=%(refname)%00%(upstream:short)%00%(objectname)%00%(upstream:track)%00%(upstream:remotename)%00%(upstream:remoteref) refs/heads/master refs/remotes/master [2ms]
2023-05-06 18:59:28.355 [info] > git status -z -uall [2ms]
2023-05-06 18:59:40.170 [info] > git config --get commit.template [16ms]
2023-05-06 18:59:40.172 [info] > git for-each-ref --format=%(refname)%00%(upstream:short)%00%(objectname)%00%(upstream:track)%00%(upstream:remotename)%00%(upstream:remoteref) refs/heads/master refs/remotes/master [2ms]
2023-05-06 18:59:40.188 [info] > git status -z -uall [3ms]
2023-05-06 18:59:48.146 [info] > git config --get commit.template [2ms]
2023-05-06 18:59:48.165 [info] > git for-each-ref --format=%(refname)%00%(upstream:short)%00%(objectname)%00%(upstream:track)%00%(upstream:remotename)%00%(upstream:remoteref) refs/heads/master refs/remotes/master [2ms]
2023-05-06 18:59:48.185 [info] > git status -z -uall [3ms]
2023-05-06 18:59:53.234 [info] > git config --get commit.template [21ms]
2023-05-06 18:59:53.236 [info] > git for-each-ref --format=%(refname)%00%(upstream:short)%00%(objectname)%00%(upstream:track)%00%(upstream:remotename)%00%(upstream:remoteref) refs/heads/master refs/remotes/master [1ms]
2023-05-06 18:59:53.259 [info] > git status -z -uall [4ms]
2023-05-06 18:59:53.823 [info] > git show --textconv :app/Components/Buttons/GradientButton.ts [20ms]
2023-05-06 18:59:53.846 [info] > git ls-files --stage -- /home/naman/Desktop/Project/React Native/cpay/app/Components/Buttons/GradientButton.ts [24ms]
2023-05-06 18:59:54.643 [info] > git show --textconv :app/Components/Buttons/ButtonStyles.ts [19ms]
2023-05-06 18:59:54.644 [info] > git ls-files --stage -- /home/naman/Desktop/Project/React Native/cpay/app/Components/Buttons/ButtonStyles.ts [1ms]
2023-05-06 18:59:54.661 [info] > git cat-file -s 5975781f4d1c2eee72845ea9906693a3c302c9a7 [1ms]
2023-05-06 19:04:28.638 [info] > git config --get commit.template [17ms]
2023-05-06 19:04:28.638 [info] > git for-each-ref --format=%(refname)%00%(upstream:short)%00%(objectname)%00%(upstream:track)%00%(upstream:remotename)%00%(upstream:remoteref) refs/heads/master refs/remotes/master [2ms]
2023-05-06 19:04:28.664 [info] > git status -z -uall [10ms]
2023-05-06 19:18:47.631 [info] > git show --textconv :app/Components/ImageCarousel/CarouselPropTypes.ts [18ms]
2023-05-06 19:18:47.632 [info] > git ls-files --stage -- /home/naman/Desktop/Project/React Native/cpay/app/Components/ImageCarousel/CarouselPropTypes.ts [2ms]
2023-05-06 19:18:47.648 [info] > git cat-file -s 7dda9654ea70ebdb2767f755ca13563f8723171b [1ms]
2023-05-06 19:18:58.589 [info] > git config --get commit.template [1ms]
2023-05-06 19:18:58.605 [info] > git for-each-ref --format=%(refname)%00%(upstream:short)%00%(objectname)%00%(upstream:track)%00%(upstream:remotename)%00%(upstream:remoteref) refs/heads/master refs/remotes/master [2ms]
2023-05-06 19:18:58.623 [info] > git status -z -uall [3ms]
2023-05-06 19:19:39.226 [info] > git config --get commit.template [23ms]
2023-05-06 19:19:39.229 [info] > git for-each-ref --format=%(refname)%00%(upstream:short)%00%(objectname)%00%(upstream:track)%00%(upstream:remotename)%00%(upstream:remoteref) refs/heads/master refs/remotes/master [4ms]
2023-05-06 19:19:39.272 [info] > git status -z -uall [28ms]
2023-05-06 19:19:39.273 [info] > git show --textconv :app/Components/ImageCarousel/CarouselStyles.ts [15ms]
2023-05-06 19:19:39.275 [info] > git ls-files --stage -- /home/naman/Desktop/Project/React Native/cpay/app/Components/ImageCarousel/CarouselStyles.ts [3ms]
2023-05-06 19:19:39.291 [info] > git cat-file -s 15afd24c7ba6e1886ec4fc27227d6efe816bbee9 [1ms]
2023-05-06 19:19:41.189 [info] > git show --textconv :app/Components/ImageCarousel/CarouselItem.tsx [13ms]
2023-05-06 19:19:41.190 [info] > git ls-files --stage -- /home/naman/Desktop/Project/React Native/cpay/app/Components/ImageCarousel/CarouselItem.tsx [1ms]
2023-05-06 19:19:41.206 [info] > git cat-file -s 7230c2a6e44a8c19840a1d246f8abff6d7bc2118 [3ms]
2023-05-06 19:19:42.032 [info] > git show --textconv :app/Components/ImageCarousel/CarouselIndicator.tsx [17ms]
2023-05-06 19:19:42.035 [info] > git ls-files --stage -- /home/naman/Desktop/Project/React Native/cpay/app/Components/ImageCarousel/CarouselIndicator.tsx [4ms]
2023-05-06 19:19:42.052 [info] > git cat-file -s 6125a725800df7904da66441a1b810cb7075d6fe [1ms]
2023-05-06 19:19:43.008 [info] > git show --textconv :app/Components/ImageCarousel/ImageCarousel.tsx [20ms]
2023-05-06 19:19:43.010 [info] > git ls-files --stage -- /home/naman/Desktop/Project/React Native/cpay/app/Components/ImageCarousel/ImageCarousel.tsx [3ms]
2023-05-06 19:19:43.032 [info] > git cat-file -s 13f190b928bd794dd5ca8fb46058649ae1a47686 [3ms]
2023-05-06 19:19:57.758 [info] > git show --textconv :app/Components/ImageCarousel/Slides.ts [15ms]
2023-05-06 19:19:57.759 [info] > git ls-files --stage -- /home/naman/Desktop/Project/React Native/cpay/app/Components/ImageCarousel/Slides.ts [1ms]
2023-05-06 19:19:57.773 [info] > git cat-file -s c7798f8d009a0004156b66df0fb754a523fa97e8 [2ms]
2023-05-06 19:20:23.106 [info] > git config --get commit.template [20ms]
2023-05-06 19:20:23.107 [info] > git for-each-ref --format=%(refname)%00%(upstream:short)%00%(objectname)%00%(upstream:track)%00%(upstream:remotename)%00%(upstream:remoteref) refs/heads/master refs/remotes/master [2ms]
2023-05-06 19:20:23.122 [info] > git status -z -uall [2ms]
2023-05-06 19:20:33.865 [info] > git config --get commit.template [1ms]
2023-05-06 19:20:33.884 [info] > git for-each-ref --format=%(refname)%00%(upstream:short)%00%(objectname)%00%(upstream:track)%00%(upstream:remotename)%00%(upstream:remoteref) refs/heads/master refs/remotes/master [2ms]
2023-05-06 19:20:33.903 [info] > git status -z -uall [3ms]
2023-05-06 19:24:19.318 [info] > git check-ignore -v -z --stdin [1ms]
2023-05-06 19:24:28.691 [info] > git config --get commit.template [1ms]
2023-05-06 19:24:28.708 [info] > git for-each-ref --format=%(refname)%00%(upstream:short)%00%(objectname)%00%(upstream:track)%00%(upstream:remotename)%00%(upstream:remoteref) refs/heads/master refs/remotes/master [1ms]
2023-05-06 19:24:28.725 [info] > git status -z -uall [2ms]
2023-05-06 19:24:37.415 [info] > git config --get commit.template [1ms]
2023-05-06 19:24:37.431 [info] > git for-each-ref --format=%(refname)%00%(upstream:short)%00%(objectname)%00%(upstream:track)%00%(upstream:remotename)%00%(upstream:remoteref) refs/heads/master refs/remotes/master [2ms]
2023-05-06 19:24:37.450 [info] > git status -z -uall [3ms]
2023-05-06 19:24:44.526 [info] > git config --get commit.template [18ms]
2023-05-06 19:24:44.527 [info] > git for-each-ref --format=%(refname)%00%(upstream:short)%00%(objectname)%00%(upstream:track)%00%(upstream:remotename)%00%(upstream:remoteref) refs/heads/master refs/remotes/master [2ms]
2023-05-06 19:24:44.547 [info] > git status -z -uall [3ms]
2023-05-06 19:24:49.770 [info] > git config --get commit.template [1ms]
2023-05-06 19:24:49.788 [info] > git for-each-ref --format=%(refname)%00%(upstream:short)%00%(objectname)%00%(upstream:track)%00%(upstream:remotename)%00%(upstream:remoteref) refs/heads/master refs/remotes/master [2ms]
2023-05-06 19:24:49.808 [info] > git status -z -uall [3ms]
2023-05-06 19:24:54.829 [info] > git config --get commit.template [1ms]
2023-05-06 19:24:54.847 [info] > git for-each-ref --format=%(refname)%00%(upstream:short)%00%(objectname)%00%(upstream:track)%00%(upstream:remotename)%00%(upstream:remoteref) refs/heads/master refs/remotes/master [2ms]
2023-05-06 19:24:54.864 [info] > git status -z -uall [2ms]
2023-05-06 19:24:59.906 [info] > git config --get commit.template [20ms]
2023-05-06 19:24:59.907 [info] > git for-each-ref --format=%(refname)%00%(upstream:short)%00%(objectname)%00%(upstream:track)%00%(upstream:remotename)%00%(upstream:remoteref) refs/heads/master refs/remotes/master [2ms]
2023-05-06 19:24:59.929 [info] > git status -z -uall [3ms]
2023-05-06 19:25:04.946 [info] > git config --get commit.template [1ms]
2023-05-06 19:25:04.963 [info] > git for-each-ref --format=%(refname)%00%(upstream:short)%00%(objectname)%00%(upstream:track)%00%(upstream:remotename)%00%(upstream:remoteref) refs/heads/master refs/remotes/master [1ms]
2023-05-06 19:25:04.981 [info] > git status -z -uall [3ms]
2023-05-06 19:25:10.015 [info] > git config --get commit.template [15ms]
2023-05-06 19:25:10.015 [info] > git for-each-ref --format=%(refname)%00%(upstream:short)%00%(objectname)%00%(upstream:track)%00%(upstream:remotename)%00%(upstream:remoteref) refs/heads/master refs/remotes/master [1ms]
2023-05-06 19:25:10.030 [info] > git status -z -uall [2ms]
2023-05-06 19:25:15.064 [info] > git config --get commit.template [13ms]
2023-05-06 19:25:15.064 [info] > git for-each-ref --format=%(refname)%00%(upstream:short)%00%(objectname)%00%(upstream:track)%00%(upstream:remotename)%00%(upstream:remoteref) refs/heads/master refs/remotes/master [1ms]
2023-05-06 19:25:15.082 [info] > git status -z -uall [3ms]
2023-05-06 19:25:20.112 [info] > git config --get commit.template [15ms]
2023-05-06 19:25:20.113 [info] > git for-each-ref --format=%(refname)%00%(upstream:short)%00%(objectname)%00%(upstream:track)%00%(upstream:remotename)%00%(upstream:remoteref) refs/heads/master refs/remotes/master [1ms]
2023-05-06 19:25:20.129 [info] > git status -z -uall [3ms]
2023-05-06 19:25:25.151 [info] > git config --get commit.template [2ms]
2023-05-06 19:25:25.168 [info] > git for-each-ref --format=%(refname)%00%(upstream:short)%00%(objectname)%00%(upstream:track)%00%(upstream:remotename)%00%(upstream:remoteref) refs/heads/master refs/remotes/master [2ms]
2023-05-06 19:25:25.186 [info] > git status -z -uall [2ms]
2023-05-06 19:26:17.194 [info] > git config --get commit.template [1ms]
2023-05-06 19:26:17.210 [info] > git for-each-ref --format=%(refname)%00%(upstream:short)%00%(objectname)%00%(upstream:track)%00%(upstream:remotename)%00%(upstream:remoteref) refs/heads/master refs/remotes/master [1ms]
2023-05-06 19:26:17.225 [info] > git status -z -uall [2ms]
2023-05-06 19:26:52.557 [info] > git config --get commit.template [17ms]
2023-05-06 19:26:52.557 [info] > git for-each-ref --format=%(refname)%00%(upstream:short)%00%(objectname)%00%(upstream:track)%00%(upstream:remotename)%00%(upstream:remoteref) refs/heads/master refs/remotes/master [1ms]
2023-05-06 19:26:52.572 [info] > git status -z -uall [2ms]
2023-05-06 19:33:13.714 [info] > git show --textconv :app/Components/Loader/index.ts [22ms]
2023-05-06 19:33:13.718 [info] > git ls-files --stage -- /home/naman/Desktop/Project/React Native/cpay/app/Components/Loader/index.ts [5ms]
