2023-05-06 12:50:05.749 [info] Added views:workbench.panel.markers.view in workbench.panel.markers
2023-05-06 12:50:05.749 [info] Added views:workbench.panel.output in workbench.panel.output
2023-05-06 12:50:05.749 [info] Added views:terminal in terminal
2023-05-06 12:50:05.749 [info] Added views:workbench.scm in workbench.view.scm
2023-05-06 12:50:05.749 [info] Added views:workbench.view.search in workbench.view.search
2023-05-06 12:50:05.749 [info] Added views:workbench.explorer.fileView in workbench.view.explorer
2023-05-06 12:50:05.911 [info] Added views:workbench.debug.variablesView,workbench.debug.watchExpressionsView,workbench.debug.callStackView,workbench.debug.breakPointsView in workbench.view.debug
2023-05-06 12:50:06.098 [info] Added views:github.cweijan.mysql in workbench.view.extension.github-cweijan-mysql
2023-05-06 12:50:06.099 [info] Added views:github.cweijan.nosql in workbench.view.extension.github-cweijan-nosql
2023-05-06 12:50:06.100 [info] Added views:gitlens.views.home,gitlens.views.contributors in workbench.view.extension.gitlens
2023-05-06 12:50:06.102 [info] Added views:gitlens.views.commits,gitlens.views.commitDetails,gitlens.views.fileHistory,gitlens.views.branches,gitlens.views.remotes,gitlens.views.stashes,gitlens.views.tags,gitlens.views.searchAndCompare in workbench.view.scm
2023-05-06 12:50:06.102 [info] Added views:dockerContainers,dockerImages,dockerRegistries,dockerNetworks,dockerVolumes,vscode-docker.views.dockerContexts,vscode-docker.views.help in workbench.view.extension.dockerView
2023-05-06 12:50:06.103 [info] Added views:thunder-client-sidebar in workbench.view.extension.thunder-client
2023-05-06 12:50:06.312 [info] Added views:workbench.panel.repl.view in workbench.panel.repl
2023-05-06 12:50:06.315 [info] Removed views:workbench.debug.breakPointsView,workbench.debug.callStackView,workbench.debug.watchExpressionsView,workbench.debug.variablesView from workbench.view.debug
2023-05-06 12:50:06.315 [info] Added views:workbench.debug.welcome in workbench.view.debug
2023-05-06 12:50:06.452 [info] Added views:workbench.panel.comments in workbench.panel.comments
2023-05-06 12:50:07.146 [info] Added views:npm in workbench.view.explorer
2023-05-06 12:50:08.053 [info] Added views:tabnine-home in workbench.view.extension.tabnine-access
2023-05-06 12:50:08.054 [info] Added views:tabnine-notifications in workbench.view.extension.tabnine-access
2023-05-06 12:50:08.055 [info] Added views:tabnine-today in workbench.view.extension.tabnine-access
2023-05-06 12:50:09.575 [info] Added views:gitlens.views.timeline in workbench.view.extension.gitlensPanel
2023-05-06 12:50:09.578 [info] Added views:gitlens.views.worktrees in workbench.view.scm
2023-05-06 12:50:15.087 [info] Removed views:npm from workbench.view.explorer
2023-05-06 12:50:15.653 [info] Removed views:gitlens.views.timeline from workbench.view.extension.gitlensPanel
2023-05-06 12:50:15.677 [info] Added views:gitlens.views.timeline in workbench.view.explorer
2023-05-06 12:50:15.678 [info] Removed views:gitlens.views.contributors,gitlens.views.home from workbench.view.extension.gitlens
2023-05-06 12:50:15.704 [info] Added views:gitlens.views.home,gitlens.views.contributors in workbench.view.explorer
2023-05-06 12:50:15.723 [info] Removed views:gitlens.views.timeline,gitlens.views.contributors,gitlens.views.home from workbench.view.explorer
2023-05-06 12:50:15.725 [info] Removed views:gitlens.views.searchAndCompare,gitlens.views.worktrees,gitlens.views.tags,gitlens.views.stashes,gitlens.views.remotes,gitlens.views.branches,gitlens.views.fileHistory,gitlens.views.commitDetails,gitlens.views.commits from workbench.view.scm
2023-05-06 12:50:16.001 [info] Removed views:workbench.panel.repl.view from workbench.panel.repl
2023-05-06 12:50:16.197 [info] Added views:workbench.panel.repl.view in workbench.panel.repl
