2023-05-06 12:54:55.758 [info] Log level: Info
2023-05-06 12:54:55.758 [info] Validating found git in: "git"
2023-05-06 12:54:55.758 [info] Using git "2.39.2" from "git"
2023-05-06 12:54:55.758 [info] > git rev-parse --show-toplevel [14ms]
2023-05-06 12:54:55.764 [info] > git rev-parse --git-dir --git-common-dir [41ms]
2023-05-06 12:54:55.782 [info] Open repository: /media/naman/New Volume/Projects/NestJs/NFCEventsAPI
2023-05-06 12:54:55.854 [info] > git rev-parse --show-toplevel [60ms]
2023-05-06 12:54:55.884 [info] > git rev-parse --show-toplevel [17ms]
2023-05-06 12:54:55.896 [info] > git config --get commit.template [42ms]
2023-05-06 12:54:55.912 [info] > git rev-parse --show-toplevel [17ms]
2023-05-06 12:54:55.943 [info] > git rev-parse --show-toplevel [21ms]
2023-05-06 12:54:55.962 [info] > git for-each-ref --format=%(refname)%00%(upstream:short)%00%(objectname)%00%(upstream:track)%00%(upstream:remotename)%00%(upstream:remoteref) refs/heads/pharse2 refs/remotes/pharse2 [23ms]
2023-05-06 12:54:56.023 [info] > git status -z -uall [45ms]
2023-05-06 12:54:56.055 [info] > git config --get commit.template [10ms]
2023-05-06 12:54:56.556 [info] > git for-each-ref --format=%(refname)%00%(upstream:short)%00%(objectname)%00%(upstream:track)%00%(upstream:remotename)%00%(upstream:remoteref) refs/heads/pharse2 refs/remotes/pharse2 [493ms]
2023-05-06 12:54:56.733 [info] > git check-ignore -v -z --stdin [181ms]
2023-05-06 12:54:56.734 [info] > git status -z -uall [164ms]
2023-05-06 12:55:04.645 [info] Log level: Info
2023-05-06 12:55:04.645 [info] Validating found git in: "git"
2023-05-06 12:55:04.645 [info] Using git "2.39.2" from "git"
2023-05-06 12:55:04.647 [info] > git rev-parse --show-toplevel [8ms]
2023-05-06 12:55:04.670 [info] > git rev-parse --git-dir --git-common-dir [13ms]
2023-05-06 12:55:04.678 [info] Open repository: /media/naman/New Volume/Projects/NestJs/NFCEventsAPI
2023-05-06 12:55:04.700 [info] > git rev-parse --show-toplevel [13ms]
2023-05-06 12:55:04.729 [info] > git rev-parse --show-toplevel [20ms]
2023-05-06 12:55:04.738 [info] > git config --get commit.template [39ms]
2023-05-06 12:55:04.752 [info] > git rev-parse --show-toplevel [15ms]
2023-05-06 12:55:04.764 [info] > git for-each-ref --format=%(refname)%00%(upstream:short)%00%(objectname)%00%(upstream:track)%00%(upstream:remotename)%00%(upstream:remoteref) refs/heads/pharse2 refs/remotes/pharse2 [13ms]
2023-05-06 12:55:04.780 [info] > git rev-parse --show-toplevel [18ms]
2023-05-06 12:55:05.200 [info] > git status -z -uall [425ms]
2023-05-06 12:55:05.286 [info] > git check-ignore -v -z --stdin [30ms]
2023-05-06 12:55:05.288 [info] > git config --get commit.template [13ms]
2023-05-06 12:55:05.374 [info] > git for-each-ref --format=%(refname)%00%(upstream:short)%00%(objectname)%00%(upstream:track)%00%(upstream:remotename)%00%(upstream:remoteref) refs/heads/pharse2 refs/remotes/pharse2 [24ms]
2023-05-06 12:55:05.445 [info] > git status -z -uall [59ms]
2023-05-06 12:55:07.736 [info] > git config --get commit.template [16ms]
2023-05-06 12:55:07.746 [info] > git for-each-ref --format=%(refname)%00%(upstream:short)%00%(objectname)%00%(upstream:track)%00%(upstream:remotename)%00%(upstream:remoteref) refs/heads/pharse2 refs/remotes/pharse2 [11ms]
2023-05-06 12:55:07.797 [info] > git status -z -uall [38ms]
2023-05-06 12:55:13.460 [info] > git config --get commit.template [12ms]
2023-05-06 12:55:13.470 [info] > git for-each-ref --format=%(refname)%00%(upstream:short)%00%(objectname)%00%(upstream:track)%00%(upstream:remotename)%00%(upstream:remoteref) refs/heads/pharse2 refs/remotes/pharse2 [11ms]
2023-05-06 12:55:13.508 [info] > git status -z -uall [25ms]
2023-05-06 12:55:24.677 [info] > git config --get commit.template [18ms]
2023-05-06 12:55:24.686 [info] > git for-each-ref --format=%(refname)%00%(upstream:short)%00%(objectname)%00%(upstream:track)%00%(upstream:remotename)%00%(upstream:remoteref) refs/heads/pharse2 refs/remotes/pharse2 [10ms]
2023-05-06 12:55:24.714 [info] > git status -z -uall [17ms]
2023-05-06 12:57:27.129 [info] > git config --get commit.template [17ms]
2023-05-06 12:57:27.137 [info] > git for-each-ref --format=%(refname)%00%(upstream:short)%00%(objectname)%00%(upstream:track)%00%(upstream:remotename)%00%(upstream:remoteref) refs/heads/pharse2 refs/remotes/pharse2 [12ms]
2023-05-06 12:57:27.175 [info] > git status -z -uall [23ms]
2023-05-06 12:57:46.069 [info] > git config --get commit.template [13ms]
2023-05-06 12:57:46.079 [info] > git for-each-ref --format=%(refname)%00%(upstream:short)%00%(objectname)%00%(upstream:track)%00%(upstream:remotename)%00%(upstream:remoteref) refs/heads/pharse2 refs/remotes/pharse2 [11ms]
2023-05-06 12:57:46.110 [info] > git status -z -uall [18ms]
2023-05-06 13:00:31.398 [info] > git config --get commit.template [10ms]
2023-05-06 13:00:31.405 [info] > git for-each-ref --format=%(refname)%00%(upstream:short)%00%(objectname)%00%(upstream:track)%00%(upstream:remotename)%00%(upstream:remoteref) refs/heads/pharse2 refs/remotes/pharse2 [8ms]
2023-05-06 13:00:31.434 [info] > git status -z -uall [19ms]
2023-05-06 13:01:08.796 [warning] getRemotes() - ENOENT: no such file or directory, open '/media/naman/New Volume/Projects/NestJs/NFCEventsAPI/.git/config'
2023-05-06 13:01:08.809 [warning] ENOENT: no such file or directory, open '/media/naman/New Volume/Projects/NestJs/NFCEventsAPI/.git/HEAD'
2023-05-06 13:01:08.823 [info] > git remote --verbose [26ms]
2023-05-06 13:01:08.823 [info] fatal: not a git repository (or any parent up to mount point /media/naman)
Stopping at filesystem boundary (GIT_DISCOVERY_ACROSS_FILESYSTEM not set).
2023-05-06 13:01:08.839 [warning] ENOENT: no such file or directory, open '/media/naman/New Volume/Projects/NestJs/NFCEventsAPI/.git/HEAD'
2023-05-06 13:01:08.849 [warning] getRemotes() - ENOENT: no such file or directory, open '/media/naman/New Volume/Projects/NestJs/NFCEventsAPI/.git/config'
2023-05-06 13:01:08.860 [info] > git config --get commit.template [38ms]
2023-05-06 13:01:08.861 [info] > git symbolic-ref --short HEAD [51ms]
2023-05-06 13:01:08.861 [info] fatal: not a git repository (or any parent up to mount point /media/naman)
Stopping at filesystem boundary (GIT_DISCOVERY_ACROSS_FILESYSTEM not set).
2023-05-06 13:01:08.872 [info] > git config --get commit.template [13ms]
2023-05-06 13:01:08.872 [info] > git remote --verbose [23ms]
2023-05-06 13:01:08.872 [info] fatal: not a git repository (or any parent up to mount point /media/naman)
Stopping at filesystem boundary (GIT_DISCOVERY_ACROSS_FILESYSTEM not set).
2023-05-06 13:01:08.873 [info] > git symbolic-ref --short HEAD [33ms]
2023-05-06 13:01:08.873 [info] fatal: not a git repository (or any parent up to mount point /media/naman)
Stopping at filesystem boundary (GIT_DISCOVERY_ACROSS_FILESYSTEM not set).
2023-05-06 13:01:08.887 [info] > git rev-parse HEAD [17ms]
2023-05-06 13:01:08.887 [info] fatal: not a git repository (or any parent up to mount point /media/naman)
Stopping at filesystem boundary (GIT_DISCOVERY_ACROSS_FILESYSTEM not set).
2023-05-06 13:01:08.889 [info] > git rev-parse HEAD [3ms]
2023-05-06 13:01:08.889 [info] fatal: not a git repository (or any parent up to mount point /media/naman)
Stopping at filesystem boundary (GIT_DISCOVERY_ACROSS_FILESYSTEM not set).
