["INFO" - 3:35:59 PM] Extension Name: esbenp.prettier-vscode.
["INFO" - 3:35:59 PM] Extension Version: 9.12.0.
["DEBUG" - 3:35:59 PM] Enabling Prettier globally
{
  "languageSelector": [
    {
      "language": "javascript"
    },
    {
      "language": "mongo"
    },
    {
      "language": "javascriptreact"
    },
    {
      "language": "typescript"
    },
    {
      "language": "typescriptreact"
    },
    {
      "language": "json"
    },
    {
      "language": "jsonc"
    },
    {
      "language": "json5"
    },
    {
      "language": "css"
    },
    {
      "language": "postcss"
    },
    {
      "language": "less"
    },
    {
      "language": "scss"
    },
    {
      "language": "handlebars"
    },
    {
      "language": "graphql"
    },
    {
      "language": "markdown"
    },
    {
      "language": "mdx"
    },
    {
      "language": "html"
    },
    {
      "language": "vue"
    },
    {
      "language": "yaml"
    },
    {
      "language": "ansible"
    },
    {
      "language": "home-assistant"
    },
    {
      "language": "jsonc",
      "scheme": "vscode-userdata"
    }
  ],
  "rangeLanguageSelector": [
    {
      "language": "javascript"
    },
    {
      "language": "javascriptreact"
    },
    {
      "language": "typescript"
    },
    {
      "language": "typescriptreact"
    },
    {
      "language": "json"
    },
    {
      "language": "jsonc"
    },
    {
      "language": "graphql"
    }
  ]
}
["DEBUG" - 3:35:59 PM] Local prettier module path: '/home/naman/Desktop/Project/React Native/cpay/node_modules/prettier/index.js'
["DEBUG" - 3:35:59 PM] Using prettier version 2.8.7
["DEBUG" - 3:35:59 PM] Enabling Prettier for Workspace /home/naman/Desktop/Project/React Native/cpay
{
  "languageSelector": [
    {
      "pattern": "/home/naman/Desktop/Project/React Native/cpay/**/*.{js,_js,bones,cjs,es,es6,frag,gs,jake,javascript,jsb,jscad,jsfl,jslib,jsm,jspre,jss,mjs,njs,pac,sjs,ssjs,xsjs,xsjslib,wxs,js.flow,jsx,ts,cts,mts,tsx,importmap,json,4DForm,4DProject,avsc,geojson,gltf,har,ice,JSON-tmLanguage,mcmeta,tfstate,tfstate.backup,topojson,webapp,webmanifest,yy,yyp,jsonc,code-snippets,sublime-build,sublime-commands,sublime-completions,sublime-keymap,sublime-macro,sublime-menu,sublime-mousemap,sublime-project,sublime-settings,sublime-theme,sublime-workspace,sublime_metrics,sublime_session,json5,css,wxss,pcss,postcss,less,scss,handlebars,hbs,graphql,gql,graphqls,md,livemd,markdown,mdown,mdwn,mkd,mkdn,mkdown,ronn,scd,workbook,mdx,component.html,html,hta,htm,html.hl,inc,xht,xhtml,mjml,vue,yml,mir,reek,rviz,sublime-syntax,syntax,yaml,yaml-tmlanguage,yaml.sed,yml.mysql}",
      "scheme": "file"
    },
    {
      "language": "javascript"
    },
    {
      "language": "mongo"
    },
    {
      "language": "javascriptreact"
    },
    {
      "language": "typescript"
    },
    {
      "language": "typescriptreact"
    },
    {
      "language": "json"
    },
    {
      "language": "jsonc"
    },
    {
      "language": "json5"
    },
    {
      "language": "css"
    },
    {
      "language": "postcss"
    },
    {
      "language": "less"
    },
    {
      "language": "scss"
    },
    {
      "language": "handlebars"
    },
    {
      "language": "graphql"
    },
    {
      "language": "markdown"
    },
    {
      "language": "mdx"
    },
    {
      "language": "html"
    },
    {
      "language": "vue"
    },
    {
      "language": "yaml"
    },
    {
      "language": "ansible"
    },
    {
      "language": "home-assistant"
    },
    {
      "language": "jsonc",
      "scheme": "vscode-userdata"
    }
  ],
  "rangeLanguageSelector": [
    {
      "language": "javascript"
    },
    {
      "language": "javascriptreact"
    },
    {
      "language": "typescript"
    },
    {
      "language": "typescriptreact"
    },
    {
      "language": "json"
    },
    {
      "language": "jsonc"
    },
    {
      "language": "graphql"
    }
  ]
}
["DEBUG" - 3:36:01 PM] Local prettier module path: '/home/naman/Desktop/Project/React Native/cpay/node_modules/prettier/index.js'
["DEBUG" - 3:36:01 PM] Using prettier version 2.8.7
["INFO" - 3:36:09 PM] Formatting vscode-userdata:/home/naman/.config/Code/User/profiles/7ea727a4/settings.json
["DEBUG" - 3:36:09 PM] Using bundled version of prettier.
["INFO" - 3:36:09 PM] File Info:
{
  "ignored": false,
  "inferredParser": "json"
}
["INFO" - 3:36:09 PM] No local configuration (i.e. .prettierrc or .editorconfig) detected, falling back to VS Code configuration
["INFO" - 3:36:09 PM] Prettier Options:
{
  "arrowParens": "always",
  "bracketSpacing": true,
  "endOfLine": "lf",
  "htmlWhitespaceSensitivity": "css",
  "insertPragma": false,
  "singleAttributePerLine": true,
  "bracketSameLine": false,
  "jsxBracketSameLine": false,
  "jsxSingleQuote": false,
  "printWidth": 220,
  "proseWrap": "preserve",
  "quoteProps": "as-needed",
  "requirePragma": false,
  "semi": false,
  "singleQuote": false,
  "tabWidth": 2,
  "trailingComma": "all",
  "useTabs": true,
  "vueIndentScriptAndStyle": false,
  "filepath": "/home/naman/.config/Code/User/profiles/7ea727a4/settings.json",
  "parser": "json"
}
["INFO" - 3:36:09 PM] Formatting completed in 86ms.
["DEBUG" - 3:39:12 PM] Local prettier module path: '/home/naman/Desktop/Project/React Native/cpay/node_modules/prettier/index.js'
["DEBUG" - 3:40:22 PM] Local prettier module path: '/home/naman/Desktop/Project/React Native/cpay/node_modules/prettier/index.js'
["INFO" - 3:40:22 PM] Formatting vscode-userdata:/home/naman/.config/Code/User/profiles/7ea727a4/settings.json
["DEBUG" - 3:40:22 PM] Using bundled version of prettier.
["INFO" - 3:40:22 PM] File Info:
{
  "ignored": false,
  "inferredParser": "json"
}
["INFO" - 3:40:22 PM] No local configuration (i.e. .prettierrc or .editorconfig) detected, falling back to VS Code configuration
["INFO" - 3:40:22 PM] Prettier Options:
{
  "arrowParens": "always",
  "bracketSpacing": true,
  "endOfLine": "lf",
  "htmlWhitespaceSensitivity": "css",
  "insertPragma": false,
  "singleAttributePerLine": true,
  "bracketSameLine": false,
  "jsxBracketSameLine": false,
  "jsxSingleQuote": false,
  "printWidth": 220,
  "proseWrap": "preserve",
  "quoteProps": "as-needed",
  "requirePragma": false,
  "semi": false,
  "singleQuote": false,
  "tabWidth": 2,
  "trailingComma": "all",
  "useTabs": true,
  "vueIndentScriptAndStyle": false,
  "filepath": "/home/naman/.config/Code/User/profiles/7ea727a4/settings.json",
  "parser": "json"
}
["INFO" - 3:40:22 PM] Formatting completed in 42ms.
["DEBUG" - 3:40:35 PM] Local prettier module path: '/home/naman/Desktop/Project/React Native/cpay/node_modules/prettier/index.js'
["DEBUG" - 3:40:39 PM] Local prettier module path: '/home/naman/Desktop/Project/React Native/cpay/node_modules/prettier/index.js'
["INFO" - 3:40:39 PM] Formatting vscode-userdata:/home/naman/.config/Code/User/profiles/7ea727a4/settings.json
["DEBUG" - 3:40:39 PM] Using bundled version of prettier.
["INFO" - 3:40:39 PM] File Info:
{
  "ignored": false,
  "inferredParser": "json"
}
["INFO" - 3:40:39 PM] No local configuration (i.e. .prettierrc or .editorconfig) detected, falling back to VS Code configuration
["INFO" - 3:40:39 PM] Prettier Options:
{
  "arrowParens": "always",
  "bracketSpacing": true,
  "endOfLine": "lf",
  "htmlWhitespaceSensitivity": "css",
  "insertPragma": false,
  "singleAttributePerLine": true,
  "bracketSameLine": false,
  "jsxBracketSameLine": false,
  "jsxSingleQuote": false,
  "printWidth": 220,
  "proseWrap": "preserve",
  "quoteProps": "as-needed",
  "requirePragma": false,
  "semi": false,
  "singleQuote": false,
  "tabWidth": 2,
  "trailingComma": "all",
  "useTabs": true,
  "vueIndentScriptAndStyle": false,
  "filepath": "/home/naman/.config/Code/User/profiles/7ea727a4/settings.json",
  "parser": "json"
}
["INFO" - 3:40:39 PM] Formatting completed in 43ms.
["DEBUG" - 3:40:42 PM] Local prettier module path: '/home/naman/Desktop/Project/React Native/cpay/node_modules/prettier/index.js'
["INFO" - 3:40:42 PM] Formatting vscode-userdata:/home/naman/.config/Code/User/profiles/7ea727a4/settings.json
["DEBUG" - 3:40:42 PM] Using bundled version of prettier.
["INFO" - 3:40:42 PM] File Info:
{
  "ignored": false,
  "inferredParser": "json"
}
["INFO" - 3:40:42 PM] No local configuration (i.e. .prettierrc or .editorconfig) detected, falling back to VS Code configuration
["INFO" - 3:40:42 PM] Prettier Options:
{
  "arrowParens": "always",
  "bracketSpacing": true,
  "endOfLine": "lf",
  "htmlWhitespaceSensitivity": "css",
  "insertPragma": false,
  "singleAttributePerLine": true,
  "bracketSameLine": false,
  "jsxBracketSameLine": false,
  "jsxSingleQuote": false,
  "printWidth": 220,
  "proseWrap": "preserve",
  "quoteProps": "as-needed",
  "requirePragma": false,
  "semi": false,
  "singleQuote": false,
  "tabWidth": 2,
  "trailingComma": "all",
  "useTabs": true,
  "vueIndentScriptAndStyle": false,
  "filepath": "/home/naman/.config/Code/User/profiles/7ea727a4/settings.json",
  "parser": "json"
}
["INFO" - 3:40:42 PM] Formatting completed in 48ms.
["INFO" - 3:41:22 PM] Formatting vscode-userdata:/home/naman/.config/Code/User/profiles/7ea727a4/settings.json
["DEBUG" - 3:41:22 PM] Using bundled version of prettier.
["INFO" - 3:41:22 PM] File Info:
{
  "ignored": false,
  "inferredParser": "json"
}
["INFO" - 3:41:22 PM] No local configuration (i.e. .prettierrc or .editorconfig) detected, falling back to VS Code configuration
["INFO" - 3:41:22 PM] Prettier Options:
{
  "arrowParens": "always",
  "bracketSpacing": true,
  "endOfLine": "lf",
  "htmlWhitespaceSensitivity": "css",
  "insertPragma": false,
  "singleAttributePerLine": true,
  "bracketSameLine": false,
  "jsxBracketSameLine": false,
  "jsxSingleQuote": false,
  "printWidth": 220,
  "proseWrap": "preserve",
  "quoteProps": "as-needed",
  "requirePragma": false,
  "semi": false,
  "singleQuote": false,
  "tabWidth": 2,
  "trailingComma": "all",
  "useTabs": true,
  "vueIndentScriptAndStyle": false,
  "filepath": "/home/naman/.config/Code/User/profiles/7ea727a4/settings.json",
  "parser": "json"
}
["INFO" - 3:41:22 PM] Formatting completed in 29ms.
["DEBUG" - 3:43:45 PM] Local prettier module path: '/home/naman/Desktop/Project/React Native/cpay/node_modules/prettier/index.js'
["DEBUG" - 3:43:51 PM] Local prettier module path: '/home/naman/Desktop/Project/React Native/cpay/node_modules/prettier/index.js'
["DEBUG" - 3:43:55 PM] Local prettier module path: '/home/naman/Desktop/Project/React Native/cpay/node_modules/prettier/index.js'
["INFO" - 3:44:04 PM] Formatting vscode-userdata:/home/naman/.config/Code/User/profiles/7ea727a4/settings.json
["DEBUG" - 3:44:04 PM] Using bundled version of prettier.
["INFO" - 3:44:04 PM] File Info:
{
  "ignored": false,
  "inferredParser": "json"
}
["INFO" - 3:44:04 PM] No local configuration (i.e. .prettierrc or .editorconfig) detected, falling back to VS Code configuration
["INFO" - 3:44:04 PM] Prettier Options:
{
  "arrowParens": "always",
  "bracketSpacing": true,
  "endOfLine": "lf",
  "htmlWhitespaceSensitivity": "css",
  "insertPragma": false,
  "singleAttributePerLine": true,
  "bracketSameLine": false,
  "jsxBracketSameLine": false,
  "jsxSingleQuote": false,
  "printWidth": 220,
  "proseWrap": "preserve",
  "quoteProps": "as-needed",
  "requirePragma": false,
  "semi": false,
  "singleQuote": false,
  "tabWidth": 2,
  "trailingComma": "all",
  "useTabs": true,
  "vueIndentScriptAndStyle": false,
  "filepath": "/home/naman/.config/Code/User/profiles/7ea727a4/settings.json",
  "parser": "json"
}
["INFO" - 3:44:04 PM] Formatting completed in 50ms.
["DEBUG" - 3:45:24 PM] Local prettier module path: '/home/naman/Desktop/Project/React Native/cpay/node_modules/prettier/index.js'
["INFO" - 3:45:24 PM] Formatting vscode-userdata:/home/naman/.config/Code/User/profiles/7ea727a4/settings.json
["DEBUG" - 3:45:24 PM] Using bundled version of prettier.
["INFO" - 3:45:24 PM] File Info:
{
  "ignored": false,
  "inferredParser": "json"
}
["INFO" - 3:45:24 PM] No local configuration (i.e. .prettierrc or .editorconfig) detected, falling back to VS Code configuration
["INFO" - 3:45:24 PM] Prettier Options:
{
  "arrowParens": "always",
  "bracketSpacing": true,
  "endOfLine": "lf",
  "htmlWhitespaceSensitivity": "css",
  "insertPragma": false,
  "singleAttributePerLine": true,
  "bracketSameLine": false,
  "jsxBracketSameLine": false,
  "jsxSingleQuote": false,
  "printWidth": 220,
  "proseWrap": "preserve",
  "quoteProps": "as-needed",
  "requirePragma": false,
  "semi": false,
  "singleQuote": false,
  "tabWidth": 2,
  "trailingComma": "all",
  "useTabs": true,
  "vueIndentScriptAndStyle": false,
  "filepath": "/home/naman/.config/Code/User/profiles/7ea727a4/settings.json",
  "parser": "json"
}
["INFO" - 3:45:24 PM] Formatting completed in 33ms.
["DEBUG" - 3:45:26 PM] Local prettier module path: '/home/naman/Desktop/Project/React Native/cpay/node_modules/prettier/index.js'
["INFO" - 3:45:26 PM] Formatting vscode-userdata:/home/naman/.config/Code/User/profiles/7ea727a4/settings.json
["DEBUG" - 3:45:26 PM] Using bundled version of prettier.
["INFO" - 3:45:26 PM] File Info:
{
  "ignored": false,
  "inferredParser": "json"
}
["INFO" - 3:45:26 PM] No local configuration (i.e. .prettierrc or .editorconfig) detected, falling back to VS Code configuration
["INFO" - 3:45:26 PM] Prettier Options:
{
  "arrowParens": "always",
  "bracketSpacing": true,
  "endOfLine": "lf",
  "htmlWhitespaceSensitivity": "css",
  "insertPragma": false,
  "singleAttributePerLine": true,
  "bracketSameLine": false,
  "jsxBracketSameLine": false,
  "jsxSingleQuote": false,
  "printWidth": 220,
  "proseWrap": "preserve",
  "quoteProps": "as-needed",
  "requirePragma": false,
  "semi": false,
  "singleQuote": false,
  "tabWidth": 2,
  "trailingComma": "all",
  "useTabs": true,
  "vueIndentScriptAndStyle": false,
  "filepath": "/home/naman/.config/Code/User/profiles/7ea727a4/settings.json",
  "parser": "json"
}
["INFO" - 3:45:26 PM] Formatting completed in 42ms.
["DEBUG" - 3:45:33 PM] Local prettier module path: '/home/naman/Desktop/Project/React Native/cpay/node_modules/prettier/index.js'
["DEBUG" - 3:45:50 PM] Local prettier module path: '/home/naman/Desktop/Project/React Native/cpay/node_modules/prettier/index.js'
["DEBUG" - 3:45:57 PM] Local prettier module path: '/home/naman/Desktop/Project/React Native/cpay/node_modules/prettier/index.js'
["DEBUG" - 3:48:51 PM] Local prettier module path: '/home/naman/Desktop/Project/React Native/cpay/node_modules/prettier/index.js'
["DEBUG" - 3:49:27 PM] Local prettier module path: '/home/naman/Desktop/Project/React Native/cpay/node_modules/prettier/index.js'
["DEBUG" - 3:50:34 PM] Local prettier module path: '/home/naman/Desktop/Project/React Native/cpay/node_modules/prettier/index.js'
["INFO" - 3:51:39 PM] Formatting file:///home/naman/Desktop/Project/React%20Native/cpay/app/Components/CryptoInfo/CryptoInfo.tsx
["INFO" - 3:51:40 PM] Using config file at '/home/naman/Desktop/Project/React Native/cpay/.prettierrc.js'
["DEBUG" - 3:51:40 PM] Local prettier module path: '/home/naman/Desktop/Project/React Native/cpay/node_modules/prettier/index.js'
["INFO" - 3:51:40 PM] Using ignore file (if present) at /home/naman/Desktop/Project/React Native/cpay/.prettierignore
["INFO" - 3:51:40 PM] File Info:
{
  "ignored": false,
  "inferredParser": "typescript"
}
["INFO" - 3:51:40 PM] Detected local configuration (i.e. .prettierrc or .editorconfig), VS Code configuration will not be used
["INFO" - 3:51:40 PM] Prettier Options:
{
  "filepath": "/home/naman/Desktop/Project/React Native/cpay/app/Components/CryptoInfo/CryptoInfo.tsx",
  "parser": "typescript",
  "arrowParens": "avoid",
  "bracketSameLine": true,
  "bracketSpacing": false,
  "singleQuote": true,
  "trailingComma": "all"
}
["INFO" - 3:51:40 PM] Formatting completed in 860ms.
["DEBUG" - 3:52:02 PM] Local prettier module path: '/home/naman/Desktop/Project/React Native/cpay/node_modules/prettier/index.js'
["DEBUG" - 3:52:32 PM] Local prettier module path: '/home/naman/Desktop/Project/React Native/cpay/node_modules/prettier/index.js'
["DEBUG" - 3:52:37 PM] Local prettier module path: '/home/naman/Desktop/Project/React Native/cpay/node_modules/prettier/index.js'
["DEBUG" - 3:52:38 PM] Local prettier module path: '/home/naman/Desktop/Project/React Native/cpay/node_modules/prettier/index.js'
["DEBUG" - 3:52:48 PM] Local prettier module path: '/home/naman/Desktop/Project/React Native/cpay/node_modules/prettier/index.js'
["DEBUG" - 3:52:49 PM] Local prettier module path: '/home/naman/Desktop/Project/React Native/cpay/node_modules/prettier/index.js'
["DEBUG" - 3:52:50 PM] Local prettier module path: '/home/naman/Desktop/Project/React Native/cpay/node_modules/prettier/index.js'
["DEBUG" - 3:53:18 PM] Local prettier module path: '/home/naman/Desktop/Project/React Native/cpay/node_modules/prettier/index.js'
["DEBUG" - 3:53:39 PM] Local prettier module path: '/home/naman/Desktop/Project/React Native/cpay/node_modules/prettier/index.js'
["DEBUG" - 3:53:48 PM] Local prettier module path: '/home/naman/Desktop/Project/React Native/cpay/node_modules/prettier/index.js'
["DEBUG" - 3:53:50 PM] Local prettier module path: '/home/naman/Desktop/Project/React Native/cpay/node_modules/prettier/index.js'
["DEBUG" - 3:53:54 PM] Local prettier module path: '/home/naman/Desktop/Project/React Native/cpay/node_modules/prettier/index.js'
["INFO" - 3:54:00 PM] Formatting vscode-userdata:/home/naman/.config/Code/User/profiles/7ea727a4/settings.json
["DEBUG" - 3:54:00 PM] Using bundled version of prettier.
["INFO" - 3:54:00 PM] File Info:
{
  "ignored": false,
  "inferredParser": "json"
}
["INFO" - 3:54:00 PM] No local configuration (i.e. .prettierrc or .editorconfig) detected, falling back to VS Code configuration
["INFO" - 3:54:00 PM] Prettier Options:
{
  "arrowParens": "always",
  "bracketSpacing": true,
  "endOfLine": "lf",
  "htmlWhitespaceSensitivity": "css",
  "insertPragma": false,
  "singleAttributePerLine": true,
  "bracketSameLine": false,
  "jsxBracketSameLine": false,
  "jsxSingleQuote": false,
  "printWidth": 220,
  "proseWrap": "preserve",
  "quoteProps": "as-needed",
  "requirePragma": false,
  "semi": false,
  "singleQuote": false,
  "tabWidth": 2,
  "trailingComma": "all",
  "useTabs": true,
  "vueIndentScriptAndStyle": false,
  "filepath": "/home/naman/.config/Code/User/profiles/7ea727a4/settings.json",
  "parser": "json"
}
["INFO" - 3:54:00 PM] Formatting completed in 42ms.
["INFO" - 3:54:01 PM] Formatting vscode-userdata:/home/naman/.config/Code/User/profiles/7ea727a4/settings.json
["DEBUG" - 3:54:01 PM] Using bundled version of prettier.
["INFO" - 3:54:01 PM] File Info:
{
  "ignored": false,
  "inferredParser": "json"
}
["INFO" - 3:54:01 PM] No local configuration (i.e. .prettierrc or .editorconfig) detected, falling back to VS Code configuration
["INFO" - 3:54:01 PM] Prettier Options:
{
  "arrowParens": "always",
  "bracketSpacing": true,
  "endOfLine": "lf",
  "htmlWhitespaceSensitivity": "css",
  "insertPragma": false,
  "singleAttributePerLine": true,
  "bracketSameLine": false,
  "jsxBracketSameLine": false,
  "jsxSingleQuote": false,
  "printWidth": 220,
  "proseWrap": "preserve",
  "quoteProps": "as-needed",
  "requirePragma": false,
  "semi": false,
  "singleQuote": false,
  "tabWidth": 2,
  "trailingComma": "all",
  "useTabs": true,
  "vueIndentScriptAndStyle": false,
  "filepath": "/home/naman/.config/Code/User/profiles/7ea727a4/settings.json",
  "parser": "json"
}
["INFO" - 3:54:01 PM] Formatting completed in 46ms.
["DEBUG" - 3:54:07 PM] Local prettier module path: '/home/naman/Desktop/Project/React Native/cpay/node_modules/prettier/index.js'
["INFO" - 3:54:17 PM] Formatting vscode-userdata:/home/naman/.config/Code/User/profiles/7ea727a4/settings.json
["DEBUG" - 3:54:17 PM] Using bundled version of prettier.
["INFO" - 3:54:17 PM] File Info:
{
  "ignored": false,
  "inferredParser": "json"
}
["INFO" - 3:54:17 PM] No local configuration (i.e. .prettierrc or .editorconfig) detected, falling back to VS Code configuration
["INFO" - 3:54:17 PM] Prettier Options:
{
  "arrowParens": "always",
  "bracketSpacing": true,
  "endOfLine": "lf",
  "htmlWhitespaceSensitivity": "css",
  "insertPragma": false,
  "singleAttributePerLine": true,
  "bracketSameLine": false,
  "jsxBracketSameLine": false,
  "jsxSingleQuote": false,
  "printWidth": 220,
  "proseWrap": "preserve",
  "quoteProps": "as-needed",
  "requirePragma": false,
  "semi": false,
  "singleQuote": false,
  "tabWidth": 2,
  "trailingComma": "all",
  "useTabs": true,
  "vueIndentScriptAndStyle": false,
  "filepath": "/home/naman/.config/Code/User/profiles/7ea727a4/settings.json",
  "parser": "json"
}
["INFO" - 3:54:17 PM] Formatting completed in 43ms.
["INFO" - 3:55:56 PM] Formatting file:///home/naman/Desktop/Project/React%20Native/cpay/app/Components/ImageCarousel/CarouselItem.tsx
["INFO" - 3:55:56 PM] Using config file at '/home/naman/Desktop/Project/React Native/cpay/.prettierrc.js'
["DEBUG" - 3:55:56 PM] Local prettier module path: '/home/naman/Desktop/Project/React Native/cpay/node_modules/prettier/index.js'
["INFO" - 3:55:56 PM] Using ignore file (if present) at /home/naman/Desktop/Project/React Native/cpay/.prettierignore
["INFO" - 3:55:56 PM] File Info:
{
  "ignored": false,
  "inferredParser": "typescript"
}
["INFO" - 3:55:56 PM] Detected local configuration (i.e. .prettierrc or .editorconfig), VS Code configuration will not be used
["INFO" - 3:55:56 PM] Prettier Options:
{
  "filepath": "/home/naman/Desktop/Project/React Native/cpay/app/Components/ImageCarousel/CarouselItem.tsx",
  "parser": "typescript",
  "arrowParens": "avoid",
  "bracketSameLine": true,
  "bracketSpacing": false,
  "singleQuote": true,
  "trailingComma": "all"
}
["INFO" - 3:55:56 PM] Formatting completed in 58ms.
["DEBUG" - 3:56:14 PM] Local prettier module path: '/home/naman/Desktop/Project/React Native/cpay/node_modules/prettier/index.js'
["INFO" - 3:56:14 PM] Formatting vscode-userdata:/home/naman/.config/Code/User/profiles/7ea727a4/settings.json
["DEBUG" - 3:56:14 PM] Using bundled version of prettier.
["INFO" - 3:56:14 PM] File Info:
{
  "ignored": false,
  "inferredParser": "json"
}
["INFO" - 3:56:14 PM] No local configuration (i.e. .prettierrc or .editorconfig) detected, falling back to VS Code configuration
["INFO" - 3:56:14 PM] Prettier Options:
{
  "arrowParens": "always",
  "bracketSpacing": true,
  "endOfLine": "lf",
  "htmlWhitespaceSensitivity": "css",
  "insertPragma": false,
  "singleAttributePerLine": true,
  "bracketSameLine": false,
  "jsxBracketSameLine": false,
  "jsxSingleQuote": false,
  "printWidth": 220,
  "proseWrap": "preserve",
  "quoteProps": "as-needed",
  "requirePragma": false,
  "semi": false,
  "singleQuote": false,
  "tabWidth": 2,
  "trailingComma": "all",
  "useTabs": true,
  "vueIndentScriptAndStyle": false,
  "filepath": "/home/naman/.config/Code/User/profiles/7ea727a4/settings.json",
  "parser": "json"
}
["INFO" - 3:56:14 PM] Formatting completed in 26ms.
["DEBUG" - 3:56:16 PM] Local prettier module path: '/home/naman/Desktop/Project/React Native/cpay/node_modules/prettier/index.js'
["INFO" - 3:56:16 PM] Formatting vscode-userdata:/home/naman/.config/Code/User/profiles/7ea727a4/settings.json
["DEBUG" - 3:56:16 PM] Using bundled version of prettier.
["INFO" - 3:56:16 PM] File Info:
{
  "ignored": false,
  "inferredParser": "json"
}
["INFO" - 3:56:16 PM] No local configuration (i.e. .prettierrc or .editorconfig) detected, falling back to VS Code configuration
["INFO" - 3:56:16 PM] Prettier Options:
{
  "arrowParens": "always",
  "bracketSpacing": true,
  "endOfLine": "lf",
  "htmlWhitespaceSensitivity": "css",
  "insertPragma": false,
  "singleAttributePerLine": true,
  "bracketSameLine": false,
  "jsxBracketSameLine": false,
  "jsxSingleQuote": false,
  "printWidth": 220,
  "proseWrap": "preserve",
  "quoteProps": "as-needed",
  "requirePragma": false,
  "semi": false,
  "singleQuote": false,
  "tabWidth": 2,
  "trailingComma": "all",
  "useTabs": true,
  "vueIndentScriptAndStyle": false,
  "filepath": "/home/naman/.config/Code/User/profiles/7ea727a4/settings.json",
  "parser": "json"
}
["INFO" - 3:56:16 PM] Formatting completed in 25ms.
["INFO" - 3:57:33 PM] Formatting file:///home/naman/Desktop/Project/React%20Native/cpay/app/Components/ImageCarousel/CarouselItem.tsx
["INFO" - 3:57:33 PM] Using config file at '/home/naman/Desktop/Project/React Native/cpay/.prettierrc.js'
["DEBUG" - 3:57:33 PM] Local prettier module path: '/home/naman/Desktop/Project/React Native/cpay/node_modules/prettier/index.js'
["INFO" - 3:57:33 PM] Using ignore file (if present) at /home/naman/Desktop/Project/React Native/cpay/.prettierignore
["INFO" - 3:57:33 PM] File Info:
{
  "ignored": false,
  "inferredParser": "typescript"
}
["INFO" - 3:57:33 PM] Detected local configuration (i.e. .prettierrc or .editorconfig), VS Code configuration will not be used
["INFO" - 3:57:33 PM] Prettier Options:
{
  "filepath": "/home/naman/Desktop/Project/React Native/cpay/app/Components/ImageCarousel/CarouselItem.tsx",
  "parser": "typescript",
  "arrowParens": "avoid",
  "bracketSameLine": true,
  "bracketSpacing": false,
  "singleQuote": true,
  "trailingComma": "all"
}
["INFO" - 3:57:33 PM] Formatting completed in 19ms.
["INFO" - 3:58:01 PM] Formatting file:///home/naman/Desktop/Project/React%20Native/cpay/app/Components/ImageCarousel/CarouselItem.tsx
["INFO" - 3:58:01 PM] Using config file at '/home/naman/Desktop/Project/React Native/cpay/.prettierrc.js'
["DEBUG" - 3:58:01 PM] Local prettier module path: '/home/naman/Desktop/Project/React Native/cpay/node_modules/prettier/index.js'
["INFO" - 3:58:01 PM] Using ignore file (if present) at /home/naman/Desktop/Project/React Native/cpay/.prettierignore
["INFO" - 3:58:01 PM] File Info:
{
  "ignored": false,
  "inferredParser": "typescript"
}
["INFO" - 3:58:01 PM] Detected local configuration (i.e. .prettierrc or .editorconfig), VS Code configuration will not be used
["INFO" - 3:58:01 PM] Prettier Options:
{
  "filepath": "/home/naman/Desktop/Project/React Native/cpay/app/Components/ImageCarousel/CarouselItem.tsx",
  "parser": "typescript",
  "arrowParens": "avoid",
  "bracketSameLine": true,
  "bracketSpacing": false,
  "singleQuote": true,
  "trailingComma": "all"
}
["INFO" - 3:58:01 PM] Formatting completed in 28ms.
["DEBUG" - 3:59:48 PM] Local prettier module path: '/home/naman/Desktop/Project/React Native/cpay/node_modules/prettier/index.js'
["INFO" - 3:59:48 PM] Formatting vscode-userdata:/home/naman/.config/Code/User/profiles/7ea727a4/settings.json
["DEBUG" - 3:59:48 PM] Using bundled version of prettier.
["INFO" - 3:59:48 PM] File Info:
{
  "ignored": false,
  "inferredParser": "json"
}
["INFO" - 3:59:48 PM] No local configuration (i.e. .prettierrc or .editorconfig) detected, falling back to VS Code configuration
["INFO" - 3:59:48 PM] Prettier Options:
{
  "arrowParens": "always",
  "bracketSpacing": true,
  "endOfLine": "lf",
  "htmlWhitespaceSensitivity": "css",
  "insertPragma": false,
  "singleAttributePerLine": true,
  "bracketSameLine": false,
  "jsxBracketSameLine": false,
  "jsxSingleQuote": false,
  "printWidth": 220,
  "proseWrap": "preserve",
  "quoteProps": "as-needed",
  "requirePragma": false,
  "semi": false,
  "singleQuote": false,
  "tabWidth": 2,
  "trailingComma": "all",
  "useTabs": true,
  "vueIndentScriptAndStyle": false,
  "filepath": "/home/naman/.config/Code/User/profiles/7ea727a4/settings.json",
  "parser": "json"
}
["INFO" - 3:59:48 PM] Formatting completed in 28ms.
["INFO" - 4:00:08 PM] Formatting vscode-userdata:/home/naman/.config/Code/User/profiles/7ea727a4/settings.json
["DEBUG" - 4:00:08 PM] Using bundled version of prettier.
["INFO" - 4:00:08 PM] File Info:
{
  "ignored": false,
  "inferredParser": "json"
}
["INFO" - 4:00:08 PM] No local configuration (i.e. .prettierrc or .editorconfig) detected, falling back to VS Code configuration
["INFO" - 4:00:08 PM] Prettier Options:
{
  "arrowParens": "always",
  "bracketSpacing": true,
  "endOfLine": "lf",
  "htmlWhitespaceSensitivity": "css",
  "insertPragma": false,
  "singleAttributePerLine": true,
  "bracketSameLine": false,
  "jsxBracketSameLine": false,
  "jsxSingleQuote": false,
  "printWidth": 220,
  "proseWrap": "preserve",
  "quoteProps": "as-needed",
  "requirePragma": false,
  "semi": false,
  "singleQuote": false,
  "tabWidth": 2,
  "trailingComma": "all",
  "useTabs": true,
  "vueIndentScriptAndStyle": false,
  "filepath": "/home/naman/.config/Code/User/profiles/7ea727a4/settings.json",
  "parser": "json"
}
["INFO" - 4:00:08 PM] Formatting completed in 25ms.
["DEBUG" - 4:01:33 PM] Local prettier module path: '/home/naman/Desktop/Project/React Native/cpay/node_modules/prettier/index.js'
["INFO" - 4:01:33 PM] Formatting vscode-userdata:/home/naman/.config/Code/User/profiles/7ea727a4/settings.json
["DEBUG" - 4:01:33 PM] Using bundled version of prettier.
["INFO" - 4:01:33 PM] File Info:
{
  "ignored": false,
  "inferredParser": "json"
}
["INFO" - 4:01:33 PM] No local configuration (i.e. .prettierrc or .editorconfig) detected, falling back to VS Code configuration
["INFO" - 4:01:33 PM] Prettier Options:
{
  "arrowParens": "always",
  "bracketSpacing": true,
  "endOfLine": "lf",
  "htmlWhitespaceSensitivity": "css",
  "insertPragma": false,
  "singleAttributePerLine": true,
  "bracketSameLine": false,
  "jsxBracketSameLine": false,
  "jsxSingleQuote": false,
  "printWidth": 220,
  "proseWrap": "preserve",
  "quoteProps": "as-needed",
  "requirePragma": false,
  "semi": false,
  "singleQuote": false,
  "tabWidth": 2,
  "trailingComma": "all",
  "useTabs": true,
  "vueIndentScriptAndStyle": false,
  "filepath": "/home/naman/.config/Code/User/profiles/7ea727a4/settings.json",
  "parser": "json"
}
["INFO" - 4:01:33 PM] Formatting completed in 29ms.
["INFO" - 4:01:37 PM] Formatting vscode-userdata:/home/naman/.config/Code/User/profiles/7ea727a4/settings.json
["DEBUG" - 4:01:37 PM] Using bundled version of prettier.
["INFO" - 4:01:37 PM] File Info:
{
  "ignored": false,
  "inferredParser": "json"
}
["INFO" - 4:01:37 PM] No local configuration (i.e. .prettierrc or .editorconfig) detected, falling back to VS Code configuration
["INFO" - 4:01:37 PM] Prettier Options:
{
  "arrowParens": "always",
  "bracketSpacing": true,
  "endOfLine": "lf",
  "htmlWhitespaceSensitivity": "css",
  "insertPragma": false,
  "singleAttributePerLine": true,
  "bracketSameLine": false,
  "jsxBracketSameLine": false,
  "jsxSingleQuote": false,
  "printWidth": 220,
  "proseWrap": "preserve",
  "quoteProps": "as-needed",
  "requirePragma": false,
  "semi": false,
  "singleQuote": false,
  "tabWidth": 2,
  "trailingComma": "all",
  "useTabs": true,
  "vueIndentScriptAndStyle": false,
  "filepath": "/home/naman/.config/Code/User/profiles/7ea727a4/settings.json",
  "parser": "json"
}
["INFO" - 4:01:37 PM] Formatting completed in 25ms.
["DEBUG" - 4:01:42 PM] Local prettier module path: '/home/naman/Desktop/Project/React Native/cpay/node_modules/prettier/index.js'
["INFO" - 4:01:42 PM] Formatting vscode-userdata:/home/naman/.config/Code/User/profiles/7ea727a4/settings.json
["DEBUG" - 4:01:42 PM] Using bundled version of prettier.
["INFO" - 4:01:42 PM] File Info:
{
  "ignored": false,
  "inferredParser": "json"
}
["INFO" - 4:01:42 PM] No local configuration (i.e. .prettierrc or .editorconfig) detected, falling back to VS Code configuration
["INFO" - 4:01:42 PM] Prettier Options:
{
  "arrowParens": "always",
  "bracketSpacing": true,
  "endOfLine": "lf",
  "htmlWhitespaceSensitivity": "css",
  "insertPragma": false,
  "singleAttributePerLine": true,
  "bracketSameLine": false,
  "jsxBracketSameLine": false,
  "jsxSingleQuote": false,
  "printWidth": 220,
  "proseWrap": "preserve",
  "quoteProps": "as-needed",
  "requirePragma": false,
  "semi": false,
  "singleQuote": false,
  "tabWidth": 2,
  "trailingComma": "all",
  "useTabs": true,
  "vueIndentScriptAndStyle": false,
  "filepath": "/home/naman/.config/Code/User/profiles/7ea727a4/settings.json",
  "parser": "json"
}
["INFO" - 4:01:42 PM] Formatting completed in 31ms.
["INFO" - 4:01:48 PM] Formatting file:///home/naman/Desktop/Project/React%20Native/cpay/app/App.tsx
["INFO" - 4:01:48 PM] Using config file at '/home/naman/Desktop/Project/React Native/cpay/.prettierrc.js'
["DEBUG" - 4:01:48 PM] Local prettier module path: '/home/naman/Desktop/Project/React Native/cpay/node_modules/prettier/index.js'
["INFO" - 4:01:48 PM] Using ignore file (if present) at /home/naman/Desktop/Project/React Native/cpay/.prettierignore
["INFO" - 4:01:48 PM] File Info:
{
  "ignored": false,
  "inferredParser": "typescript"
}
["INFO" - 4:01:48 PM] Detected local configuration (i.e. .prettierrc or .editorconfig), VS Code configuration will not be used
["INFO" - 4:01:48 PM] Prettier Options:
{
  "filepath": "/home/naman/Desktop/Project/React Native/cpay/app/App.tsx",
  "parser": "typescript",
  "arrowParens": "avoid",
  "bracketSameLine": true,
  "bracketSpacing": false,
  "singleQuote": true,
  "trailingComma": "all"
}
["INFO" - 4:01:48 PM] Formatting completed in 37ms.
["INFO" - 4:01:58 PM] Formatting file:///home/naman/Desktop/Project/React%20Native/cpay/app/App.tsx
["INFO" - 4:01:58 PM] Using config file at '/home/naman/Desktop/Project/React Native/cpay/.prettierrc.js'
["DEBUG" - 4:01:58 PM] Local prettier module path: '/home/naman/Desktop/Project/React Native/cpay/node_modules/prettier/index.js'
["INFO" - 4:01:58 PM] Using ignore file (if present) at /home/naman/Desktop/Project/React Native/cpay/.prettierignore
["INFO" - 4:01:58 PM] File Info:
{
  "ignored": false,
  "inferredParser": "typescript"
}
["INFO" - 4:01:58 PM] Detected local configuration (i.e. .prettierrc or .editorconfig), VS Code configuration will not be used
["INFO" - 4:01:58 PM] Prettier Options:
{
  "filepath": "/home/naman/Desktop/Project/React Native/cpay/app/App.tsx",
  "parser": "typescript",
  "arrowParens": "avoid",
  "bracketSameLine": true,
  "bracketSpacing": false,
  "singleQuote": true,
  "trailingComma": "all"
}
["INFO" - 4:01:58 PM] Formatting completed in 21ms.
["INFO" - 4:04:48 PM] Formatting vscode-userdata:/home/naman/.config/Code/User/profiles/7ea727a4/settings.json
["DEBUG" - 4:04:48 PM] Using bundled version of prettier.
["INFO" - 4:04:48 PM] File Info:
{
  "ignored": false,
  "inferredParser": "json"
}
["INFO" - 4:04:48 PM] No local configuration (i.e. .prettierrc or .editorconfig) detected, falling back to VS Code configuration
["INFO" - 4:04:48 PM] Prettier Options:
{
  "arrowParens": "always",
  "bracketSpacing": true,
  "endOfLine": "lf",
  "htmlWhitespaceSensitivity": "css",
  "insertPragma": false,
  "singleAttributePerLine": true,
  "bracketSameLine": false,
  "jsxBracketSameLine": false,
  "jsxSingleQuote": false,
  "printWidth": 220,
  "proseWrap": "preserve",
  "quoteProps": "as-needed",
  "requirePragma": false,
  "semi": false,
  "singleQuote": false,
  "tabWidth": 2,
  "trailingComma": "all",
  "useTabs": true,
  "vueIndentScriptAndStyle": false,
  "filepath": "/home/naman/.config/Code/User/profiles/7ea727a4/settings.json",
  "parser": "json"
}
["INFO" - 4:04:48 PM] Formatting completed in 27ms.
["DEBUG" - 4:05:07 PM] Local prettier module path: '/home/naman/Desktop/Project/React Native/cpay/node_modules/prettier/index.js'
["INFO" - 4:05:14 PM] Formatting vscode-userdata:/home/naman/.config/Code/User/profiles/7ea727a4/settings.json
["DEBUG" - 4:05:14 PM] Using bundled version of prettier.
["INFO" - 4:05:14 PM] File Info:
{
  "ignored": false,
  "inferredParser": "json"
}
["INFO" - 4:05:14 PM] No local configuration (i.e. .prettierrc or .editorconfig) detected, falling back to VS Code configuration
["INFO" - 4:05:14 PM] Prettier Options:
{
  "arrowParens": "always",
  "bracketSpacing": true,
  "endOfLine": "lf",
  "htmlWhitespaceSensitivity": "css",
  "insertPragma": false,
  "singleAttributePerLine": true,
  "bracketSameLine": false,
  "jsxBracketSameLine": false,
  "jsxSingleQuote": false,
  "printWidth": 220,
  "proseWrap": "preserve",
  "quoteProps": "as-needed",
  "requirePragma": false,
  "semi": false,
  "singleQuote": false,
  "tabWidth": 2,
  "trailingComma": "all",
  "useTabs": true,
  "vueIndentScriptAndStyle": false,
  "filepath": "/home/naman/.config/Code/User/profiles/7ea727a4/settings.json",
  "parser": "json"
}
["INFO" - 4:05:14 PM] Formatting completed in 41ms.
["DEBUG" - 4:34:49 PM] Local prettier module path: '/home/naman/Desktop/Project/React Native/cpay/node_modules/prettier/index.js'
["INFO" - 4:34:49 PM] Formatting vscode-userdata:/home/naman/.config/Code/User/profiles/7ea727a4/settings.json
["DEBUG" - 4:34:49 PM] Using bundled version of prettier.
["INFO" - 4:34:49 PM] File Info:
{
  "ignored": false,
  "inferredParser": "json"
}
["INFO" - 4:34:49 PM] No local configuration (i.e. .prettierrc or .editorconfig) detected, falling back to VS Code configuration
["INFO" - 4:34:49 PM] Prettier Options:
{
  "arrowParens": "always",
  "bracketSpacing": true,
  "endOfLine": "lf",
  "htmlWhitespaceSensitivity": "css",
  "insertPragma": false,
  "singleAttributePerLine": true,
  "bracketSameLine": false,
  "jsxBracketSameLine": false,
  "jsxSingleQuote": false,
  "printWidth": 220,
  "proseWrap": "preserve",
  "quoteProps": "as-needed",
  "requirePragma": false,
  "semi": false,
  "singleQuote": false,
  "tabWidth": 2,
  "trailingComma": "all",
  "useTabs": true,
  "vueIndentScriptAndStyle": false,
  "filepath": "/home/naman/.config/Code/User/profiles/7ea727a4/settings.json",
  "parser": "json"
}
["INFO" - 4:34:49 PM] Formatting completed in 41ms.
["DEBUG" - 4:34:51 PM] Local prettier module path: '/home/naman/Desktop/Project/React Native/cpay/node_modules/prettier/index.js'
["INFO" - 4:34:51 PM] Formatting vscode-userdata:/home/naman/.config/Code/User/profiles/7ea727a4/settings.json
["DEBUG" - 4:34:51 PM] Using bundled version of prettier.
["INFO" - 4:34:51 PM] File Info:
{
  "ignored": false,
  "inferredParser": "json"
}
["INFO" - 4:34:51 PM] No local configuration (i.e. .prettierrc or .editorconfig) detected, falling back to VS Code configuration
["INFO" - 4:34:51 PM] Prettier Options:
{
  "arrowParens": "always",
  "bracketSpacing": true,
  "endOfLine": "lf",
  "htmlWhitespaceSensitivity": "css",
  "insertPragma": false,
  "singleAttributePerLine": true,
  "bracketSameLine": false,
  "jsxBracketSameLine": false,
  "jsxSingleQuote": false,
  "printWidth": 220,
  "proseWrap": "preserve",
  "quoteProps": "as-needed",
  "requirePragma": false,
  "semi": false,
  "singleQuote": false,
  "tabWidth": 2,
  "trailingComma": "all",
  "useTabs": true,
  "vueIndentScriptAndStyle": false,
  "filepath": "/home/naman/.config/Code/User/profiles/7ea727a4/settings.json",
  "parser": "json"
}
["INFO" - 4:34:51 PM] Formatting completed in 32ms.
["DEBUG" - 4:34:57 PM] Local prettier module path: '/home/naman/Desktop/Project/React Native/cpay/node_modules/prettier/index.js'
["INFO" - 4:34:57 PM] Formatting vscode-userdata:/home/naman/.config/Code/User/profiles/7ea727a4/settings.json
["DEBUG" - 4:34:57 PM] Using bundled version of prettier.
["INFO" - 4:34:57 PM] File Info:
{
  "ignored": false,
  "inferredParser": "json"
}
["INFO" - 4:34:57 PM] No local configuration (i.e. .prettierrc or .editorconfig) detected, falling back to VS Code configuration
["INFO" - 4:34:57 PM] Prettier Options:
{
  "arrowParens": "always",
  "bracketSpacing": true,
  "endOfLine": "lf",
  "htmlWhitespaceSensitivity": "css",
  "insertPragma": false,
  "singleAttributePerLine": true,
  "bracketSameLine": false,
  "jsxBracketSameLine": false,
  "jsxSingleQuote": false,
  "printWidth": 220,
  "proseWrap": "preserve",
  "quoteProps": "as-needed",
  "requirePragma": false,
  "semi": false,
  "singleQuote": false,
  "tabWidth": 2,
  "trailingComma": "all",
  "useTabs": true,
  "vueIndentScriptAndStyle": false,
  "filepath": "/home/naman/.config/Code/User/profiles/7ea727a4/settings.json",
  "parser": "json"
}
["INFO" - 4:34:57 PM] Formatting completed in 37ms.
["INFO" - 4:35:29 PM] Formatting vscode-userdata:/home/naman/.config/Code/User/profiles/7ea727a4/settings.json
["DEBUG" - 4:35:29 PM] Using bundled version of prettier.
["INFO" - 4:35:29 PM] File Info:
{
  "ignored": false,
  "inferredParser": "json"
}
["INFO" - 4:35:29 PM] No local configuration (i.e. .prettierrc or .editorconfig) detected, falling back to VS Code configuration
["INFO" - 4:35:29 PM] Prettier Options:
{
  "arrowParens": "always",
  "bracketSpacing": true,
  "endOfLine": "lf",
  "htmlWhitespaceSensitivity": "css",
  "insertPragma": false,
  "singleAttributePerLine": true,
  "bracketSameLine": false,
  "jsxBracketSameLine": false,
  "jsxSingleQuote": false,
  "printWidth": 220,
  "proseWrap": "preserve",
  "quoteProps": "as-needed",
  "requirePragma": false,
  "semi": false,
  "singleQuote": false,
  "tabWidth": 2,
  "trailingComma": "all",
  "useTabs": true,
  "vueIndentScriptAndStyle": false,
  "filepath": "/home/naman/.config/Code/User/profiles/7ea727a4/settings.json",
  "parser": "json"
}
["INFO" - 4:35:29 PM] Formatting completed in 36ms.
["INFO" - 4:35:30 PM] Formatting vscode-userdata:/home/naman/.config/Code/User/profiles/7ea727a4/settings.json
["DEBUG" - 4:35:30 PM] Using bundled version of prettier.
["INFO" - 4:35:30 PM] File Info:
{
  "ignored": false,
  "inferredParser": "json"
}
["INFO" - 4:35:30 PM] No local configuration (i.e. .prettierrc or .editorconfig) detected, falling back to VS Code configuration
["INFO" - 4:35:30 PM] Prettier Options:
{
  "arrowParens": "always",
  "bracketSpacing": true,
  "endOfLine": "lf",
  "htmlWhitespaceSensitivity": "css",
  "insertPragma": false,
  "singleAttributePerLine": true,
  "bracketSameLine": false,
  "jsxBracketSameLine": false,
  "jsxSingleQuote": false,
  "printWidth": 220,
  "proseWrap": "preserve",
  "quoteProps": "as-needed",
  "requirePragma": false,
  "semi": false,
  "singleQuote": false,
  "tabWidth": 2,
  "trailingComma": "all",
  "useTabs": true,
  "vueIndentScriptAndStyle": false,
  "filepath": "/home/naman/.config/Code/User/profiles/7ea727a4/settings.json",
  "parser": "json"
}
["INFO" - 4:35:30 PM] Formatting completed in 22ms.
["DEBUG" - 4:35:40 PM] Local prettier module path: '/home/naman/Desktop/Project/React Native/cpay/node_modules/prettier/index.js'
["INFO" - 4:35:40 PM] Formatting vscode-userdata:/home/naman/.config/Code/User/profiles/7ea727a4/settings.json
["DEBUG" - 4:35:40 PM] Using bundled version of prettier.
["INFO" - 4:35:40 PM] File Info:
{
  "ignored": false,
  "inferredParser": "json"
}
["INFO" - 4:35:40 PM] No local configuration (i.e. .prettierrc or .editorconfig) detected, falling back to VS Code configuration
["INFO" - 4:35:40 PM] Prettier Options:
{
  "arrowParens": "always",
  "bracketSpacing": true,
  "endOfLine": "lf",
  "htmlWhitespaceSensitivity": "css",
  "insertPragma": false,
  "singleAttributePerLine": true,
  "bracketSameLine": false,
  "jsxBracketSameLine": false,
  "jsxSingleQuote": false,
  "printWidth": 220,
  "proseWrap": "preserve",
  "quoteProps": "as-needed",
  "requirePragma": false,
  "semi": false,
  "singleQuote": false,
  "tabWidth": 2,
  "trailingComma": "all",
  "useTabs": true,
  "vueIndentScriptAndStyle": false,
  "filepath": "/home/naman/.config/Code/User/profiles/7ea727a4/settings.json",
  "parser": "json"
}
["INFO" - 4:35:40 PM] Formatting completed in 35ms.
["INFO" - 4:36:52 PM] Formatting file:///home/naman/Desktop/Project/React%20Native/cpay/app/Navigation/AppNavigation.js
["INFO" - 4:36:52 PM] Using config file at '/home/naman/Desktop/Project/React Native/cpay/.prettierrc.js'
["DEBUG" - 4:36:52 PM] Local prettier module path: '/home/naman/Desktop/Project/React Native/cpay/node_modules/prettier/index.js'
["INFO" - 4:36:52 PM] Using ignore file (if present) at /home/naman/Desktop/Project/React Native/cpay/.prettierignore
["INFO" - 4:36:52 PM] File Info:
{
  "ignored": false,
  "inferredParser": "babel"
}
["INFO" - 4:36:52 PM] Detected local configuration (i.e. .prettierrc or .editorconfig), VS Code configuration will not be used
["INFO" - 4:36:52 PM] Prettier Options:
{
  "filepath": "/home/naman/Desktop/Project/React Native/cpay/app/Navigation/AppNavigation.js",
  "parser": "babel",
  "arrowParens": "avoid",
  "bracketSameLine": true,
  "bracketSpacing": false,
  "singleQuote": true,
  "trailingComma": "all"
}
["INFO" - 4:36:52 PM] Formatting completed in 39ms.
["INFO" - 4:37:16 PM] Formatting vscode-userdata:/home/naman/.config/Code/User/profiles/7ea727a4/settings.json
["DEBUG" - 4:37:16 PM] Using bundled version of prettier.
["INFO" - 4:37:16 PM] File Info:
{
  "ignored": false,
  "inferredParser": "json"
}
["INFO" - 4:37:16 PM] No local configuration (i.e. .prettierrc or .editorconfig) detected, falling back to VS Code configuration
["INFO" - 4:37:16 PM] Prettier Options:
{
  "arrowParens": "always",
  "bracketSpacing": true,
  "endOfLine": "lf",
  "htmlWhitespaceSensitivity": "css",
  "insertPragma": false,
  "singleAttributePerLine": true,
  "bracketSameLine": false,
  "jsxBracketSameLine": false,
  "jsxSingleQuote": false,
  "printWidth": 220,
  "proseWrap": "preserve",
  "quoteProps": "as-needed",
  "requirePragma": false,
  "semi": false,
  "singleQuote": false,
  "tabWidth": 2,
  "trailingComma": "all",
  "useTabs": true,
  "vueIndentScriptAndStyle": false,
  "filepath": "/home/naman/.config/Code/User/profiles/7ea727a4/settings.json",
  "parser": "json"
}
["INFO" - 4:37:16 PM] Formatting completed in 25ms.
["INFO" - 4:37:18 PM] Formatting vscode-userdata:/home/naman/.config/Code/User/profiles/7ea727a4/settings.json
["DEBUG" - 4:37:18 PM] Using bundled version of prettier.
["INFO" - 4:37:18 PM] File Info:
{
  "ignored": false,
  "inferredParser": "json"
}
["INFO" - 4:37:18 PM] No local configuration (i.e. .prettierrc or .editorconfig) detected, falling back to VS Code configuration
["INFO" - 4:37:18 PM] Prettier Options:
{
  "arrowParens": "always",
  "bracketSpacing": true,
  "endOfLine": "lf",
  "htmlWhitespaceSensitivity": "css",
  "insertPragma": false,
  "singleAttributePerLine": true,
  "bracketSameLine": false,
  "jsxBracketSameLine": false,
  "jsxSingleQuote": false,
  "printWidth": 220,
  "proseWrap": "preserve",
  "quoteProps": "as-needed",
  "requirePragma": false,
  "semi": false,
  "singleQuote": false,
  "tabWidth": 2,
  "trailingComma": "all",
  "useTabs": true,
  "vueIndentScriptAndStyle": false,
  "filepath": "/home/naman/.config/Code/User/profiles/7ea727a4/settings.json",
  "parser": "json"
}
["INFO" - 4:37:18 PM] Formatting completed in 20ms.
["INFO" - 4:37:20 PM] Formatting vscode-userdata:/home/naman/.config/Code/User/profiles/7ea727a4/settings.json
["DEBUG" - 4:37:20 PM] Using bundled version of prettier.
["INFO" - 4:37:20 PM] File Info:
{
  "ignored": false,
  "inferredParser": "json"
}
["INFO" - 4:37:20 PM] No local configuration (i.e. .prettierrc or .editorconfig) detected, falling back to VS Code configuration
["INFO" - 4:37:20 PM] Prettier Options:
{
  "arrowParens": "always",
  "bracketSpacing": true,
  "endOfLine": "lf",
  "htmlWhitespaceSensitivity": "css",
  "insertPragma": false,
  "singleAttributePerLine": true,
  "bracketSameLine": false,
  "jsxBracketSameLine": false,
  "jsxSingleQuote": false,
  "printWidth": 220,
  "proseWrap": "preserve",
  "quoteProps": "as-needed",
  "requirePragma": false,
  "semi": false,
  "singleQuote": false,
  "tabWidth": 2,
  "trailingComma": "all",
  "useTabs": true,
  "vueIndentScriptAndStyle": false,
  "filepath": "/home/naman/.config/Code/User/profiles/7ea727a4/settings.json",
  "parser": "json"
}
["INFO" - 4:37:20 PM] Formatting completed in 18ms.
["INFO" - 4:37:33 PM] Formatting file:///home/naman/Desktop/Project/React%20Native/cpay/app/Navigation/AppNavigation.js
["INFO" - 4:37:33 PM] Using config file at '/home/naman/Desktop/Project/React Native/cpay/.prettierrc.js'
["DEBUG" - 4:37:33 PM] Local prettier module path: '/home/naman/Desktop/Project/React Native/cpay/node_modules/prettier/index.js'
["INFO" - 4:37:33 PM] Using ignore file (if present) at /home/naman/Desktop/Project/React Native/cpay/.prettierignore
["INFO" - 4:37:33 PM] File Info:
{
  "ignored": false,
  "inferredParser": "babel"
}
["INFO" - 4:37:33 PM] Detected local configuration (i.e. .prettierrc or .editorconfig), VS Code configuration will not be used
["INFO" - 4:37:33 PM] Prettier Options:
{
  "filepath": "/home/naman/Desktop/Project/React Native/cpay/app/Navigation/AppNavigation.js",
  "parser": "babel",
  "arrowParens": "avoid",
  "bracketSameLine": true,
  "bracketSpacing": false,
  "singleQuote": true,
  "trailingComma": "all"
}
["INFO" - 4:37:33 PM] Formatting completed in 22ms.
["DEBUG" - 4:37:39 PM] Local prettier module path: '/home/naman/Desktop/Project/React Native/cpay/node_modules/prettier/index.js'
["DEBUG" - 4:37:41 PM] Local prettier module path: '/home/naman/Desktop/Project/React Native/cpay/node_modules/prettier/index.js'
["INFO" - 4:37:41 PM] Formatting vscode-userdata:/home/naman/.config/Code/User/profiles/7ea727a4/settings.json
["DEBUG" - 4:37:41 PM] Using bundled version of prettier.
["INFO" - 4:37:41 PM] File Info:
{
  "ignored": false,
  "inferredParser": "json"
}
["INFO" - 4:37:41 PM] No local configuration (i.e. .prettierrc or .editorconfig) detected, falling back to VS Code configuration
["INFO" - 4:37:41 PM] Prettier Options:
{
  "arrowParens": "always",
  "bracketSpacing": true,
  "endOfLine": "lf",
  "htmlWhitespaceSensitivity": "css",
  "insertPragma": false,
  "singleAttributePerLine": true,
  "bracketSameLine": false,
  "jsxBracketSameLine": false,
  "jsxSingleQuote": false,
  "printWidth": 220,
  "proseWrap": "preserve",
  "quoteProps": "as-needed",
  "requirePragma": false,
  "semi": false,
  "singleQuote": false,
  "tabWidth": 2,
  "trailingComma": "all",
  "useTabs": true,
  "vueIndentScriptAndStyle": false,
  "filepath": "/home/naman/.config/Code/User/profiles/7ea727a4/settings.json",
  "parser": "json"
}
["INFO" - 4:37:41 PM] Formatting completed in 29ms.
["INFO" - 4:37:51 PM] Formatting vscode-userdata:/home/naman/.config/Code/User/profiles/7ea727a4/settings.json
["DEBUG" - 4:37:51 PM] Using bundled version of prettier.
["INFO" - 4:37:51 PM] File Info:
{
  "ignored": false,
  "inferredParser": "json"
}
["INFO" - 4:37:51 PM] No local configuration (i.e. .prettierrc or .editorconfig) detected, falling back to VS Code configuration
["INFO" - 4:37:51 PM] Prettier Options:
{
  "arrowParens": "always",
  "bracketSpacing": true,
  "endOfLine": "lf",
  "htmlWhitespaceSensitivity": "css",
  "insertPragma": false,
  "singleAttributePerLine": true,
  "bracketSameLine": false,
  "jsxBracketSameLine": false,
  "jsxSingleQuote": false,
  "printWidth": 220,
  "proseWrap": "preserve",
  "quoteProps": "as-needed",
  "requirePragma": false,
  "semi": false,
  "singleQuote": false,
  "tabWidth": 2,
  "trailingComma": "all",
  "useTabs": true,
  "vueIndentScriptAndStyle": false,
  "filepath": "/home/naman/.config/Code/User/profiles/7ea727a4/settings.json",
  "parser": "json"
}
["INFO" - 4:37:52 PM] Formatting completed in 33ms.
["INFO" - 4:38:07 PM] Formatting file:///home/naman/Desktop/Project/React%20Native/cpay/app/App.tsx
["INFO" - 4:38:07 PM] Using config file at '/home/naman/Desktop/Project/React Native/cpay/.prettierrc.js'
["DEBUG" - 4:38:07 PM] Local prettier module path: '/home/naman/Desktop/Project/React Native/cpay/node_modules/prettier/index.js'
["INFO" - 4:38:07 PM] Using ignore file (if present) at /home/naman/Desktop/Project/React Native/cpay/.prettierignore
["INFO" - 4:38:07 PM] File Info:
{
  "ignored": false,
  "inferredParser": "typescript"
}
["INFO" - 4:38:07 PM] Detected local configuration (i.e. .prettierrc or .editorconfig), VS Code configuration will not be used
["INFO" - 4:38:07 PM] Prettier Options:
{
  "filepath": "/home/naman/Desktop/Project/React Native/cpay/app/App.tsx",
  "parser": "typescript",
  "arrowParens": "avoid",
  "bracketSameLine": true,
  "bracketSpacing": false,
  "singleQuote": true,
  "trailingComma": "all"
}
["INFO" - 4:38:07 PM] Formatting completed in 28ms.
["DEBUG" - 4:38:41 PM] Local prettier module path: '/home/naman/Desktop/Project/React Native/cpay/node_modules/prettier/index.js'
["INFO" - 4:39:09 PM] Formatting file:///home/naman/Desktop/Project/React%20Native/cpay/app/Navigation/AppNavigation.js
["INFO" - 4:39:09 PM] Using config file at '/home/naman/Desktop/Project/React Native/cpay/.prettierrc.js'
["DEBUG" - 4:39:09 PM] Local prettier module path: '/home/naman/Desktop/Project/React Native/cpay/node_modules/prettier/index.js'
["INFO" - 4:39:09 PM] Using ignore file (if present) at /home/naman/Desktop/Project/React Native/cpay/.prettierignore
["INFO" - 4:39:09 PM] File Info:
{
  "ignored": false,
  "inferredParser": "babel"
}
["INFO" - 4:39:09 PM] Detected local configuration (i.e. .prettierrc or .editorconfig), VS Code configuration will not be used
["INFO" - 4:39:09 PM] Prettier Options:
{
  "filepath": "/home/naman/Desktop/Project/React Native/cpay/app/Navigation/AppNavigation.js",
  "parser": "babel",
  "arrowParens": "avoid",
  "bracketSameLine": true,
  "bracketSpacing": false,
  "singleQuote": true,
  "trailingComma": "all"
}
["INFO" - 4:39:09 PM] Formatting completed in 15ms.
["INFO" - 4:39:43 PM] Formatting file:///home/naman/Desktop/Project/React%20Native/cpay/app/Navigation/AppNavigation.js
["INFO" - 4:39:43 PM] Using config file at '/home/naman/Desktop/Project/React Native/cpay/.prettierrc.js'
["DEBUG" - 4:39:43 PM] Local prettier module path: '/home/naman/Desktop/Project/React Native/cpay/node_modules/prettier/index.js'
["INFO" - 4:39:43 PM] Using ignore file (if present) at /home/naman/Desktop/Project/React Native/cpay/.prettierignore
["INFO" - 4:39:43 PM] File Info:
{
  "ignored": false,
  "inferredParser": "babel"
}
["INFO" - 4:39:43 PM] Detected local configuration (i.e. .prettierrc or .editorconfig), VS Code configuration will not be used
["INFO" - 4:39:43 PM] Prettier Options:
{
  "filepath": "/home/naman/Desktop/Project/React Native/cpay/app/Navigation/AppNavigation.js",
  "parser": "babel",
  "arrowParens": "avoid",
  "bracketSameLine": true,
  "bracketSpacing": false,
  "singleQuote": true,
  "trailingComma": "all"
}
["INFO" - 4:39:43 PM] Formatting completed in 13ms.
["DEBUG" - 4:40:02 PM] Local prettier module path: '/home/naman/Desktop/Project/React Native/cpay/node_modules/prettier/index.js'
["DEBUG" - 4:40:03 PM] Local prettier module path: '/home/naman/Desktop/Project/React Native/cpay/node_modules/prettier/index.js'
["INFO" - 4:42:18 PM] Formatting file:///home/naman/Desktop/Project/React%20Native/cpay/app/App.tsx
["INFO" - 4:42:18 PM] Using config file at '/home/naman/Desktop/Project/React Native/cpay/.prettierrc.js'
["DEBUG" - 4:42:18 PM] Local prettier module path: '/home/naman/Desktop/Project/React Native/cpay/node_modules/prettier/index.js'
["INFO" - 4:42:18 PM] Using ignore file (if present) at /home/naman/Desktop/Project/React Native/cpay/.prettierignore
["INFO" - 4:42:18 PM] File Info:
{
  "ignored": false,
  "inferredParser": "typescript"
}
["INFO" - 4:42:18 PM] Detected local configuration (i.e. .prettierrc or .editorconfig), VS Code configuration will not be used
["INFO" - 4:42:18 PM] Prettier Options:
{
  "filepath": "/home/naman/Desktop/Project/React Native/cpay/app/App.tsx",
  "parser": "typescript",
  "arrowParens": "avoid",
  "bracketSameLine": true,
  "bracketSpacing": false,
  "singleQuote": true,
  "trailingComma": "all"
}
["INFO" - 4:42:19 PM] Formatting completed in 25ms.
["DEBUG" - 4:42:44 PM] Local prettier module path: '/home/naman/Desktop/Project/React Native/cpay/node_modules/prettier/index.js'
["DEBUG" - 4:42:53 PM] Local prettier module path: '/home/naman/Desktop/Project/React Native/cpay/node_modules/prettier/index.js'
["INFO" - 4:43:13 PM] Formatting file:///home/naman/Desktop/Project/React%20Native/cpay/app/App.tsx
["INFO" - 4:43:13 PM] Using config file at '/home/naman/Desktop/Project/React Native/cpay/.prettierrc.js'
["DEBUG" - 4:43:13 PM] Local prettier module path: '/home/naman/Desktop/Project/React Native/cpay/node_modules/prettier/index.js'
["INFO" - 4:43:13 PM] Using ignore file (if present) at /home/naman/Desktop/Project/React Native/cpay/.prettierignore
["INFO" - 4:43:13 PM] File Info:
{
  "ignored": false,
  "inferredParser": "typescript"
}
["INFO" - 4:43:13 PM] Detected local configuration (i.e. .prettierrc or .editorconfig), VS Code configuration will not be used
["INFO" - 4:43:13 PM] Prettier Options:
{
  "filepath": "/home/naman/Desktop/Project/React Native/cpay/app/App.tsx",
  "parser": "typescript",
  "arrowParens": "avoid",
  "bracketSameLine": true,
  "bracketSpacing": false,
  "singleQuote": true,
  "trailingComma": "all"
}
["INFO" - 4:43:13 PM] Formatting completed in 18ms.
["DEBUG" - 4:45:25 PM] Local prettier module path: '/home/naman/Desktop/Project/React Native/cpay/node_modules/prettier/index.js'
["INFO" - 4:45:34 PM] Formatting vscode-userdata:/home/naman/.config/Code/User/profiles/7ea727a4/settings.json
["DEBUG" - 4:45:35 PM] Using bundled version of prettier.
["INFO" - 4:45:35 PM] File Info:
{
  "ignored": false,
  "inferredParser": "json"
}
["INFO" - 4:45:35 PM] No local configuration (i.e. .prettierrc or .editorconfig) detected, falling back to VS Code configuration
["INFO" - 4:45:35 PM] Prettier Options:
{
  "arrowParens": "always",
  "bracketSpacing": true,
  "endOfLine": "lf",
  "htmlWhitespaceSensitivity": "css",
  "insertPragma": false,
  "singleAttributePerLine": true,
  "bracketSameLine": false,
  "jsxBracketSameLine": false,
  "jsxSingleQuote": false,
  "printWidth": 220,
  "proseWrap": "preserve",
  "quoteProps": "as-needed",
  "requirePragma": false,
  "semi": false,
  "singleQuote": false,
  "tabWidth": 2,
  "trailingComma": "all",
  "useTabs": true,
  "vueIndentScriptAndStyle": false,
  "filepath": "/home/naman/.config/Code/User/profiles/7ea727a4/settings.json",
  "parser": "json"
}
["INFO" - 4:45:35 PM] Formatting completed in 1053ms.
