2023-05-06 13:39:40.304 [warning] Via 'product.json#extensionEnabledApiProposals' extension 'ms-vscode.vscode-selfhost-test-provider' wants API proposal 'testContinuousRun' but that proposal DOES NOT EXIST. Likely, the proposal has been finalized (check 'vscode.d.ts') or was abandoned.
2023-05-06 13:39:40.955 [error] Extension 'tabnine.tabnine-vscode' wants API proposal 'inlineCompletions' but that proposal DOES NOT EXIST. Likely, the proposal has been finalized (check 'vscode.d.ts') or was abandoned.
2023-05-06 13:39:44.303 [error] [Extension Host] (node:51945) Warning: Setting the NODE_TLS_REJECT_UNAUTHORIZED environment variable to '0' makes TLS connections and HTTPS requests insecure by disabling certificate verification.
(Use `exe --trace-warnings ...` to show where the warning was created)
2023-05-06 13:39:45.535 [error] [Extension Host] Error: Binary request timed out. {"State":{}}
	at Timeout._onTimeout (/home/naman/.vscode/extensions/tabnine.tabnine-vscode-3.6.46/out/extension.js:17:33113)
	at listOnTimeout (node:internal/timers:559:17)
	at process.processTimers (node:internal/timers:502:7)
2023-05-06 13:39:45.883 [info] [perf] Render performance baseline is 154ms
2023-05-06 13:39:57.952 [warning] SettingsEditor2: Settings not included in settingsLayout.ts: interactiveEditor.editMode, accessibility.verbosity.diff-editor, accessibility.verbosity.terminal
2023-05-06 13:40:27.942 [error] Request textDocument/codeAction failed with message: Command failed: pnpm root -g
/bin/sh: 1: pnpm: not found
: Error: Request textDocument/codeAction failed with message: Command failed: pnpm root -g
/bin/sh: 1: pnpm: not found

	at /home/naman/.vscode/extensions/dbaeumer.vscode-eslint-2.4.0/client/out/extension.js:1:47599
	at ie (/home/naman/.vscode/extensions/dbaeumer.vscode-eslint-2.4.0/client/out/extension.js:1:47893)
	at /home/naman/.vscode/extensions/dbaeumer.vscode-eslint-2.4.0/client/out/extension.js:1:42677
	at Immediate.<anonymous> (/home/naman/.vscode/extensions/dbaeumer.vscode-eslint-2.4.0/client/out/extension.js:1:42697)
	at process.processImmediate (node:internal/timers:466:21)
2023-05-06 13:47:05.172 [error] [Extension Host] Error: Binary request timed out. {"State":{}}
	at Timeout._onTimeout (/home/naman/.vscode/extensions/tabnine.tabnine-vscode-3.6.46/out/extension.js:17:33113)
	at listOnTimeout (node:internal/timers:559:17)
	at process.processTimers (node:internal/timers:502:7)
2023-05-06 13:48:25.159 [error] [Extension Host] Error: Binary request timed out. {"State":{}}
	at Timeout._onTimeout (/home/naman/.vscode/extensions/tabnine.tabnine-vscode-3.6.46/out/extension.js:17:33113)
	at listOnTimeout (node:internal/timers:559:17)
	at process.processTimers (node:internal/timers:502:7)
