2023-05-03 17:46:44 Creating MySQL connection for 1683116204806
2023-05-03 17:46:46 Closing conneciton 1683116204806
2023-05-03 17:46:46 Creating MySQL connection for 1683116204806
2023-05-03 17:46:46 Creating MySQL connection for 1683116204806
2023-05-03 17:47:03 Execute sql fail : SELECT * FROM `challange` LIMIT 100 WHERE `id` = 58
2023-05-03 17:47:03 Error: You have an error in your SQL syntax; check the manual that corresponds to your MySQL server version for the right syntax to use near 'WHERE `id` = 58' at line 1
	at AN.asError (/home/naman/.vscode/extensions/cweijan.vscode-mysql-client2-6.4.1/out/extension.js:117820:47)
	at _m.execute (/home/naman/.vscode/extensions/cweijan.vscode-mysql-client2-6.4.1/out/extension.js:119314:19)
	at xC.handlePacket (/home/naman/.vscode/extensions/cweijan.vscode-mysql-client2-6.4.1/out/extension.js:123249:21)
	at Vh.onPacket (/home/naman/.vscode/extensions/cweijan.vscode-mysql-client2-6.4.1/out/extension.js:123074:14)
	at Vh.executeStart (/home/naman/.vscode/extensions/cweijan.vscode-mysql-client2-6.4.1/out/extension.js:117939:73)
	at Socket.<anonymous> (/home/naman/.vscode/extensions/cweijan.vscode-mysql-client2-6.4.1/out/extension.js:123076:118)
	at Socket.emit (node:events:526:28)
	at addChunk (node:internal/streams/readable:315:12)
	at readableAddChunk (node:internal/streams/readable:289:9)
	at Readable.push (node:internal/streams/readable:228:10)
	at TCP.onStreamRead (node:internal/stream_base_commons:190:23)
2023-05-06 13:54:01 Creating MySQL connection for 1683361441657
2023-05-06 13:54:02 Closing conneciton 1683361441657
2023-05-06 13:54:02 Creating MySQL connection for 1683361441657
2023-05-06 13:54:02 Creating MySQL connection for 1683361441657
2023-05-06 15:37:28 Creating MySQL connection for 1683361441657
2023-05-06 19:24:09 Creating MySQL connection for 1683361441657
