2023-05-06 12:15:10.127 [info] Log level: Info
2023-05-06 12:15:10.127 [info] Validating found git in: "git"
2023-05-06 12:15:10.127 [info] Using git "2.39.2" from "git"
2023-05-06 12:15:10.127 [info] > git rev-parse --show-toplevel [8ms]
2023-05-06 12:15:10.127 [info] > git rev-parse --git-dir --git-common-dir [50ms]
2023-05-06 12:15:10.127 [info] Open repository: /home/naman/Desktop/Project/React Native/cpay
2023-05-06 12:15:10.127 [info] > git rev-parse --show-toplevel [89ms]
2023-05-06 12:15:10.127 [info] > git rev-parse --show-toplevel [52ms]
2023-05-06 12:15:10.127 [info] > git config --get commit.template [82ms]
2023-05-06 12:15:10.129 [info] > git rev-parse --show-toplevel [8ms]
2023-05-06 12:15:10.151 [info] > git rev-parse --show-toplevel [12ms]
2023-05-06 12:15:10.167 [info] > git rev-parse --show-toplevel [3ms]
2023-05-06 12:15:10.177 [info] > git for-each-ref --format=%(refname)%00%(upstream:short)%00%(objectname)%00%(upstream:track)%00%(upstream:remotename)%00%(upstream:remoteref) refs/heads/master refs/remotes/master [27ms]
2023-05-06 12:15:10.193 [info] > git status -z -uall [6ms]
2023-05-06 12:15:10.200 [info] > git rev-parse --show-toplevel [23ms]
2023-05-06 12:15:10.240 [info] > git config --get commit.template [4ms]
2023-05-06 12:15:10.956 [info] > git check-ignore -v -z --stdin [179ms]
2023-05-06 12:15:11.019 [info] > git for-each-ref --format=%(refname)%00%(upstream:short)%00%(objectname)%00%(upstream:track)%00%(upstream:remotename)%00%(upstream:remoteref) refs/heads/master refs/remotes/master [74ms]
2023-05-06 12:15:11.063 [info] > git status -z -uall [24ms]
2023-05-06 12:15:11.948 [info] > git check-ignore -v -z --stdin [5ms]
2023-05-06 12:15:30.858 [info] > git config --get commit.template [2ms]
2023-05-06 12:15:30.874 [info] > git for-each-ref --format=%(refname)%00%(upstream:short)%00%(objectname)%00%(upstream:track)%00%(upstream:remotename)%00%(upstream:remoteref) refs/heads/master refs/remotes/master [1ms]
2023-05-06 12:15:30.890 [info] > git status -z -uall [2ms]
2023-05-06 12:15:45.175 [info] > git show --textconv :app/App.tsx [23ms]
2023-05-06 12:15:45.181 [info] > git ls-files --stage -- /home/naman/Desktop/Project/React Native/cpay/app/App.tsx [7ms]
2023-05-06 12:15:45.212 [info] > git cat-file -s 439bdc629634b7c35186cf29885b38b413188a17 [4ms]
2023-05-06 12:18:14.093 [info] > git show --textconv :app/Screens/HomeScreen/HomeScreen.tsx [13ms]
2023-05-06 12:18:14.094 [info] > git ls-files --stage -- /home/naman/Desktop/Project/React Native/cpay/app/Screens/HomeScreen/HomeScreen.tsx [2ms]
2023-05-06 12:18:14.108 [info] > git cat-file -s 559f62c77ef987c133c3f05e6a07c144099cb471 [3ms]
2023-05-06 12:18:14.322 [info] > git check-ignore -v -z --stdin [1ms]
2023-05-06 12:18:38.539 [info] > git config --get commit.template [1ms]
2023-05-06 12:18:38.548 [info] > git for-each-ref --format=%(refname)%00%(upstream:short)%00%(objectname)%00%(upstream:track)%00%(upstream:remotename)%00%(upstream:remoteref) refs/heads/master refs/remotes/master [1ms]
2023-05-06 12:18:38.560 [info] > git status -z -uall [2ms]
2023-05-06 12:18:46.629 [info] > git config --get commit.template [1ms]
2023-05-06 12:18:46.644 [info] > git for-each-ref --format=%(refname)%00%(upstream:short)%00%(objectname)%00%(upstream:track)%00%(upstream:remotename)%00%(upstream:remoteref) refs/heads/master refs/remotes/master [1ms]
2023-05-06 12:18:46.662 [info] > git status -z -uall [3ms]
2023-05-06 12:19:05.676 [info] > git config --get commit.template [3ms]
2023-05-06 12:19:05.692 [info] > git for-each-ref --format=%(refname)%00%(upstream:short)%00%(objectname)%00%(upstream:track)%00%(upstream:remotename)%00%(upstream:remoteref) refs/heads/master refs/remotes/master [3ms]
2023-05-06 12:19:05.703 [info] > git status -z -uall [2ms]
2023-05-06 12:19:40.147 [info] > git config --get commit.template [1ms]
2023-05-06 12:19:40.162 [info] > git for-each-ref --format=%(refname)%00%(upstream:short)%00%(objectname)%00%(upstream:track)%00%(upstream:remotename)%00%(upstream:remoteref) refs/heads/master refs/remotes/master [1ms]
2023-05-06 12:19:40.174 [info] > git status -z -uall [2ms]
2023-05-06 12:19:55.264 [info] > git show --textconv :app/Screens/OnBoardingScreens/OnBoardingScreen.tsx [15ms]
2023-05-06 12:19:55.265 [info] > git ls-files --stage -- /home/naman/Desktop/Project/React Native/cpay/app/Screens/OnBoardingScreens/OnBoardingScreen.tsx [1ms]
2023-05-06 12:19:55.294 [info] > git cat-file -s 8b1d54b677c1971f2da89709f2a37e4b810e0419 [17ms]
2023-05-06 12:19:55.480 [info] > git check-ignore -v -z --stdin [2ms]
2023-05-06 12:20:21.368 [info] > git check-ignore -v -z --stdin [1ms]
2023-05-06 12:20:23.970 [info] > git config --get commit.template [1ms]
2023-05-06 12:20:23.984 [info] > git for-each-ref --format=%(refname)%00%(upstream:short)%00%(objectname)%00%(upstream:track)%00%(upstream:remotename)%00%(upstream:remoteref) refs/heads/master refs/remotes/master [1ms]
2023-05-06 12:20:23.999 [info] > git status -z -uall [2ms]
2023-05-06 12:20:28.234 [info] > git show --textconv :app/Screens/OnBoardingScreens/ShowPrivateScreen.tsx [17ms]
2023-05-06 12:20:28.234 [info] > git ls-files --stage -- /home/naman/Desktop/Project/React Native/cpay/app/Screens/OnBoardingScreens/ShowPrivateScreen.tsx [1ms]
2023-05-06 12:20:28.246 [info] > git cat-file -s c8452dee25691e07759873c17ab99e7d5781c2f6 [2ms]
2023-05-06 12:20:38.969 [info] > git config --get commit.template [17ms]
2023-05-06 12:20:38.970 [info] > git for-each-ref --format=%(refname)%00%(upstream:short)%00%(objectname)%00%(upstream:track)%00%(upstream:remotename)%00%(upstream:remoteref) refs/heads/master refs/remotes/master [2ms]
2023-05-06 12:20:38.985 [info] > git status -z -uall [2ms]
2023-05-06 12:20:50.984 [info] > git config --get commit.template [2ms]
2023-05-06 12:20:51.001 [info] > git for-each-ref --format=%(refname)%00%(upstream:short)%00%(objectname)%00%(upstream:track)%00%(upstream:remotename)%00%(upstream:remoteref) refs/heads/master refs/remotes/master [2ms]
2023-05-06 12:20:51.016 [info] > git status -z -uall [2ms]
2023-05-06 12:20:57.352 [info] > git config --get commit.template [1ms]
2023-05-06 12:20:57.367 [info] > git for-each-ref --format=%(refname)%00%(upstream:short)%00%(objectname)%00%(upstream:track)%00%(upstream:remotename)%00%(upstream:remoteref) refs/heads/master refs/remotes/master [2ms]
2023-05-06 12:20:57.382 [info] > git status -z -uall [2ms]
2023-05-06 12:21:07.097 [info] > git show --textconv :app/Screens/OnBoardingScreens/CreatePinScreen.tsx [20ms]
2023-05-06 12:21:07.098 [info] > git ls-files --stage -- /home/naman/Desktop/Project/React Native/cpay/app/Screens/OnBoardingScreens/CreatePinScreen.tsx [2ms]
2023-05-06 12:21:07.117 [info] > git cat-file -s 66be915802d88ebbf10ab9002d45db8a7f7fe519 [3ms]
2023-05-06 12:21:08.210 [info] > git config --get commit.template [2ms]
2023-05-06 12:21:08.224 [info] > git for-each-ref --format=%(refname)%00%(upstream:short)%00%(objectname)%00%(upstream:track)%00%(upstream:remotename)%00%(upstream:remoteref) refs/heads/master refs/remotes/master [1ms]
2023-05-06 12:21:08.239 [info] > git status -z -uall [2ms]
2023-05-06 12:21:26.811 [info] > git show --textconv :app/Screens/OnBoardingScreens/LegalScreen.jsx [25ms]
2023-05-06 12:21:26.815 [info] > git ls-files --stage -- /home/naman/Desktop/Project/React Native/cpay/app/Screens/OnBoardingScreens/LegalScreen.jsx [5ms]
2023-05-06 12:21:26.849 [info] > git cat-file -s ab39febac42dca574fdfdc8425d501a7cd07a929 [8ms]
2023-05-06 12:21:29.493 [info] > git for-each-ref --format=%(refname)%00%(upstream:short)%00%(objectname)%00%(upstream:track)%00%(upstream:remotename)%00%(upstream:remoteref) refs/heads/master refs/remotes/master [2ms]
2023-05-06 12:21:29.493 [info] > git config --get commit.template [15ms]
2023-05-06 12:21:29.511 [info] > git status -z -uall [2ms]
2023-05-06 12:22:02.176 [info] > git config --get commit.template [2ms]
2023-05-06 12:22:02.196 [info] > git for-each-ref --format=%(refname)%00%(upstream:short)%00%(objectname)%00%(upstream:track)%00%(upstream:remotename)%00%(upstream:remoteref) refs/heads/master refs/remotes/master [2ms]
2023-05-06 12:22:02.211 [info] > git status -z -uall [3ms]
2023-05-06 12:22:07.230 [info] > git config --get commit.template [1ms]
2023-05-06 12:22:07.245 [info] > git for-each-ref --format=%(refname)%00%(upstream:short)%00%(objectname)%00%(upstream:track)%00%(upstream:remotename)%00%(upstream:remoteref) refs/heads/master refs/remotes/master [1ms]
2023-05-06 12:22:07.261 [info] > git status -z -uall [2ms]
2023-05-06 12:22:24.165 [info] > git show --textconv :app/Screens/OnBoardingScreens/VerifyPrivateKeyScreen.tsx [25ms]
2023-05-06 12:22:24.168 [info] > git ls-files --stage -- /home/naman/Desktop/Project/React Native/cpay/app/Screens/OnBoardingScreens/VerifyPrivateKeyScreen.tsx [9ms]
2023-05-06 12:22:24.187 [info] > git cat-file -s 8fc8aa0622abf7d97ec0095f7994135f1665351a [4ms]
2023-05-06 12:22:42.087 [info] > git config --get commit.template [2ms]
2023-05-06 12:22:42.109 [info] > git for-each-ref --format=%(refname)%00%(upstream:short)%00%(objectname)%00%(upstream:track)%00%(upstream:remotename)%00%(upstream:remoteref) refs/heads/master refs/remotes/master [1ms]
2023-05-06 12:22:42.129 [info] > git status -z -uall [3ms]
2023-05-06 12:22:48.984 [info] > git check-ignore -v -z --stdin [1ms]
2023-05-06 12:22:49.853 [info] > git check-ignore -v -z --stdin [1ms]
2023-05-06 12:22:53.012 [info] > git check-ignore -v -z --stdin [2ms]
2023-05-06 12:23:01.898 [info] > git config --get commit.template [12ms]
2023-05-06 12:23:01.899 [info] > git for-each-ref --format=%(refname)%00%(upstream:short)%00%(objectname)%00%(upstream:track)%00%(upstream:remotename)%00%(upstream:remoteref) refs/heads/master refs/remotes/master [2ms]
2023-05-06 12:23:01.912 [info] > git status -z -uall [2ms]
2023-05-06 12:23:22.063 [info] > git check-ignore -v -z --stdin [1ms]
2023-05-06 12:23:32.831 [info] > git check-ignore -v -z --stdin [4ms]
2023-05-06 12:23:33.851 [info] > git check-ignore -v -z --stdin [2ms]
2023-05-06 12:23:39.779 [info] > git check-ignore -v -z --stdin [1ms]
2023-05-06 12:23:41.527 [info] > git check-ignore -v -z --stdin [1ms]
2023-05-06 12:24:15.432 [info] > git config --get commit.template [1ms]
2023-05-06 12:24:15.446 [info] > git for-each-ref --format=%(refname)%00%(upstream:short)%00%(objectname)%00%(upstream:track)%00%(upstream:remotename)%00%(upstream:remoteref) refs/heads/master refs/remotes/master [1ms]
2023-05-06 12:24:15.460 [info] > git status -z -uall [2ms]
2023-05-06 12:24:27.417 [info] > git for-each-ref --format=%(refname)%00%(upstream:short)%00%(objectname)%00%(upstream:track)%00%(upstream:remotename)%00%(upstream:remoteref) refs/heads/master refs/remotes/master [2ms]
2023-05-06 12:24:27.417 [info] > git config --get commit.template [17ms]
2023-05-06 12:24:27.436 [info] > git status -z -uall [3ms]
2023-05-06 12:24:32.455 [info] > git config --get commit.template [1ms]
2023-05-06 12:24:32.465 [info] > git for-each-ref --format=%(refname)%00%(upstream:short)%00%(objectname)%00%(upstream:track)%00%(upstream:remotename)%00%(upstream:remoteref) refs/heads/master refs/remotes/master [1ms]
2023-05-06 12:24:32.479 [info] > git status -z -uall [3ms]
2023-05-06 12:24:37.505 [info] > git config --get commit.template [11ms]
2023-05-06 12:24:37.505 [info] > git for-each-ref --format=%(refname)%00%(upstream:short)%00%(objectname)%00%(upstream:track)%00%(upstream:remotename)%00%(upstream:remoteref) refs/heads/master refs/remotes/master [1ms]
2023-05-06 12:24:37.517 [info] > git status -z -uall [2ms]
2023-05-06 12:25:13.393 [info] > git config --get commit.template [11ms]
2023-05-06 12:25:13.393 [info] > git for-each-ref --format=%(refname)%00%(upstream:short)%00%(objectname)%00%(upstream:track)%00%(upstream:remotename)%00%(upstream:remoteref) refs/heads/master refs/remotes/master [1ms]
2023-05-06 12:25:13.406 [info] > git status -z -uall [3ms]
2023-05-06 12:25:26.728 [info] > git config --get commit.template [1ms]
2023-05-06 12:25:26.742 [info] > git for-each-ref --format=%(refname)%00%(upstream:short)%00%(objectname)%00%(upstream:track)%00%(upstream:remotename)%00%(upstream:remoteref) refs/heads/master refs/remotes/master [0ms]
2023-05-06 12:25:26.757 [info] > git status -z -uall [2ms]
2023-05-06 12:26:09.890 [info] > git check-ignore -v -z --stdin [1ms]
2023-05-06 12:26:20.332 [info] > git show --textconv :package.json [18ms]
2023-05-06 12:26:20.335 [info] > git ls-files --stage -- /home/naman/Desktop/Project/React Native/cpay/package.json [5ms]
2023-05-06 12:26:20.382 [info] > git cat-file -s ba275d495a09dd5b396de318d7d9ef50893ac9a0 [28ms]
2023-05-06 12:28:42.241 [info] > git show --textconv :app/Screens/HomeScreen/HomeScreen.tsx [18ms]
2023-05-06 12:28:42.243 [info] > git ls-files --stage -- /home/naman/Desktop/Project/React Native/cpay/app/Screens/HomeScreen/HomeScreen.tsx [6ms]
2023-05-06 12:28:42.259 [info] > git cat-file -s e3cd0c9eeb31a1ca178a1a7b419e1315b351f126 [3ms]
2023-05-06 12:29:44.662 [info] > git show --textconv :node_modules/react-native/Libraries/Components/View/ViewPropTypes.d.ts [13ms]
2023-05-06 12:29:44.663 [info] > git ls-files --stage -- /home/naman/Desktop/Project/React Native/cpay/node_modules/react-native/Libraries/Components/View/ViewPropTypes.d.ts [2ms]
2023-05-06 12:29:44.893 [info] > git check-ignore -v -z --stdin [1ms]
2023-05-06 12:31:03.037 [info] > git check-ignore -v -z --stdin [1ms]
2023-05-06 12:31:03.607 [info] > git config --get commit.template [14ms]
2023-05-06 12:31:03.607 [info] > git for-each-ref --format=%(refname)%00%(upstream:short)%00%(objectname)%00%(upstream:track)%00%(upstream:remotename)%00%(upstream:remoteref) refs/heads/master refs/remotes/master [1ms]
2023-05-06 12:31:03.623 [info] > git status -z -uall [3ms]
2023-05-06 12:31:29.327 [info] > git show --textconv :app/Screens/HomeScreen/component/TopBar.tsx [17ms]
2023-05-06 12:31:29.328 [info] > git ls-files --stage -- /home/naman/Desktop/Project/React Native/cpay/app/Screens/HomeScreen/component/TopBar.tsx [2ms]
2023-05-06 12:31:29.615 [info] > git check-ignore -v -z --stdin [2ms]
2023-05-06 12:31:30.150 [info] > git config --get commit.template [2ms]
2023-05-06 12:31:30.173 [info] > git for-each-ref --format=%(refname)%00%(upstream:short)%00%(objectname)%00%(upstream:track)%00%(upstream:remotename)%00%(upstream:remoteref) refs/heads/master refs/remotes/master [7ms]
2023-05-06 12:31:30.204 [info] > git status -z -uall [5ms]
2023-05-06 12:32:28.704 [info] > git config --get commit.template [1ms]
2023-05-06 12:32:28.718 [info] > git for-each-ref --format=%(refname)%00%(upstream:short)%00%(objectname)%00%(upstream:track)%00%(upstream:remotename)%00%(upstream:remoteref) refs/heads/master refs/remotes/master [1ms]
2023-05-06 12:32:28.734 [info] > git status -z -uall [2ms]
