2023-05-06 18:15:13.121 [info] Reading sessions from keychain...
2023-05-06 18:15:13.121 [info] Getting sessions for all scopes...
2023-05-06 18:15:13.121 [info] Getting sessions for user:email...
2023-05-06 18:15:13.121 [info] Getting sessions for user:email...
2023-05-06 18:15:13.121 [info] Got stored sessions!
2023-05-06 18:15:13.121 [info] Got 2 verified sessions.
2023-05-06 18:15:13.121 [info] Got 2 sessions for ...
2023-05-06 18:15:13.121 [info] Got 1 sessions for user:email...
2023-05-06 18:15:13.121 [info] Got 1 sessions for user:email...
2023-05-06 18:15:13.121 [info] Getting sessions for all scopes...
2023-05-06 18:15:13.121 [info] Got 2 sessions for ...
2023-05-06 18:15:14.422 [info] Getting sessions for all scopes...
2023-05-06 18:15:14.423 [info] Got 2 sessions for ...
2023-05-06 18:15:14.424 [info] Getting sessions for all scopes...
2023-05-06 18:15:14.424 [info] Got 2 sessions for ...
2023-05-06 18:15:14.567 [info] Getting sessions for read:user,repo,user:email...
2023-05-06 18:15:14.567 [info] Got 0 sessions for read:user,repo,user:email...
2023-05-06 18:15:15.646 [info] Getting user info...
2023-05-06 18:15:16.058 [info] Got account info!
2023-05-06 18:15:17.464 [info] Reading sessions from keychain...
2023-05-06 18:15:17.464 [info] Getting sessions for all scopes...
2023-05-06 18:15:17.464 [info] Getting sessions for user:email...
2023-05-06 18:15:17.464 [info] Getting sessions for all scopes...
2023-05-06 18:15:17.464 [info] Got stored sessions!
2023-05-06 18:15:17.464 [info] Got 2 verified sessions.
2023-05-06 18:15:17.464 [info] Got 2 sessions for ...
2023-05-06 18:15:17.464 [info] Got 1 sessions for user:email...
2023-05-06 18:15:17.464 [info] Got 2 sessions for ...
2023-05-06 18:15:17.476 [info] Getting sessions for user:email...
2023-05-06 18:15:17.476 [info] Got 1 sessions for user:email...
2023-05-06 18:15:17.477 [info] Getting sessions for all scopes...
2023-05-06 18:15:17.477 [info] Got 2 sessions for ...
2023-05-06 18:15:18.919 [info] Getting sessions for all scopes...
2023-05-06 18:15:18.919 [info] Got 2 sessions for ...
2023-05-06 18:15:19.458 [info] Getting user info...
2023-05-06 18:15:19.873 [info] Got account info!
