2023-05-06 17:08:48.899 [info] Log level: Info
2023-05-06 17:08:48.899 [info] Validating found git in: "git"
2023-05-06 17:08:48.899 [info] Using git "2.39.2" from "git"
2023-05-06 17:08:48.899 [info] > git rev-parse --show-toplevel [14ms]
2023-05-06 17:08:48.899 [info] > git rev-parse --git-dir --git-common-dir [41ms]
2023-05-06 17:08:48.899 [info] Open repository: /home/naman/Desktop/Project/React Native/cpay
2023-05-06 17:08:48.899 [info] > git rev-parse --show-toplevel [916ms]
2023-05-06 17:08:48.899 [info] > git rev-parse --show-toplevel [254ms]
2023-05-06 17:08:48.899 [info] > git config --get commit.template [308ms]
2023-05-06 17:08:48.901 [info] > git rev-parse --show-toplevel [11ms]
2023-05-06 17:08:48.959 [info] > git rev-parse --show-toplevel [38ms]
2023-05-06 17:08:48.993 [info] > git rev-parse --show-toplevel [9ms]
2023-05-06 17:08:49.016 [info] > git for-each-ref --format=%(refname)%00%(upstream:short)%00%(objectname)%00%(upstream:track)%00%(upstream:remotename)%00%(upstream:remoteref) refs/heads/master refs/remotes/master [60ms]
2023-05-06 17:08:49.058 [info] > git status -z -uall [16ms]
2023-05-06 17:08:49.075 [info] > git rev-parse --show-toplevel [59ms]
2023-05-06 17:08:49.179 [info] > git check-ignore -v -z --stdin [55ms]
2023-05-06 17:08:49.195 [info] > git config --get commit.template [48ms]
2023-05-06 17:08:49.252 [info] > git for-each-ref --format=%(refname)%00%(upstream:short)%00%(objectname)%00%(upstream:track)%00%(upstream:remotename)%00%(upstream:remoteref) refs/heads/master refs/remotes/master [28ms]
2023-05-06 17:08:49.273 [info] > git status -z -uall [5ms]
2023-05-06 17:08:50.694 [info] > git show --textconv :package.json [56ms]
2023-05-06 17:08:50.695 [info] > git ls-files --stage -- /home/naman/Desktop/Project/React Native/cpay/package.json [12ms]
2023-05-06 17:08:50.911 [info] > git cat-file -s ba275d495a09dd5b396de318d7d9ef50893ac9a0 [175ms]
2023-05-06 17:08:53.608 [info] > git config --get commit.template [21ms]
2023-05-06 17:08:53.610 [info] > git for-each-ref --format=%(refname)%00%(upstream:short)%00%(objectname)%00%(upstream:track)%00%(upstream:remotename)%00%(upstream:remoteref) refs/heads/master refs/remotes/master [2ms]
2023-05-06 17:08:53.626 [info] > git status -z -uall [2ms]
2023-05-06 17:08:53.700 [info] > git ls-files --stage -- /home/naman/Desktop/Project/React Native/cpay/package.json [2ms]
2023-05-06 17:08:53.729 [info] > git cat-file -s ba275d495a09dd5b396de318d7d9ef50893ac9a0 [8ms]
2023-05-06 17:08:53.750 [info] > git show --textconv :package.json [2ms]
2023-05-06 17:09:02.719 [info] > git check-ignore -v -z --stdin [1ms]
2023-05-06 17:09:28.466 [info] > git config --get commit.template [24ms]
2023-05-06 17:09:28.614 [info] > git for-each-ref --format=%(refname)%00%(upstream:short)%00%(objectname)%00%(upstream:track)%00%(upstream:remotename)%00%(upstream:remoteref) refs/heads/master refs/remotes/master [20ms]
2023-05-06 17:09:28.692 [info] > git status -z -uall [51ms]
2023-05-06 17:09:33.892 [info] > git config --get commit.template [34ms]
2023-05-06 17:09:33.897 [info] > git for-each-ref --format=%(refname)%00%(upstream:short)%00%(objectname)%00%(upstream:track)%00%(upstream:remotename)%00%(upstream:remoteref) refs/heads/master refs/remotes/master [8ms]
2023-05-06 17:09:33.946 [info] > git status -z -uall [20ms]
2023-05-06 17:09:39.005 [info] > git config --get commit.template [6ms]
2023-05-06 17:09:39.027 [info] > git for-each-ref --format=%(refname)%00%(upstream:short)%00%(objectname)%00%(upstream:track)%00%(upstream:remotename)%00%(upstream:remoteref) refs/heads/master refs/remotes/master [3ms]
2023-05-06 17:09:39.054 [info] > git status -z -uall [7ms]
2023-05-06 17:10:05.084 [info] > git config --get commit.template [13ms]
2023-05-06 17:10:05.088 [info] > git for-each-ref --format=%(refname)%00%(upstream:short)%00%(objectname)%00%(upstream:track)%00%(upstream:remotename)%00%(upstream:remoteref) refs/heads/master refs/remotes/master [8ms]
2023-05-06 17:10:05.109 [info] > git status -z -uall [10ms]
2023-05-06 17:10:10.126 [info] > git config --get commit.template [1ms]
2023-05-06 17:10:10.141 [info] > git for-each-ref --format=%(refname)%00%(upstream:short)%00%(objectname)%00%(upstream:track)%00%(upstream:remotename)%00%(upstream:remoteref) refs/heads/master refs/remotes/master [3ms]
2023-05-06 17:10:10.157 [info] > git status -z -uall [3ms]
2023-05-06 17:34:08.652 [info] > git show --textconv :app/Components/ImageCarousel/Slides.ts [63ms]
2023-05-06 17:34:08.653 [info] > git check-ignore -v -z --stdin [24ms]
2023-05-06 17:34:08.655 [info] > git ls-files --stage -- /home/naman/Desktop/Project/React Native/cpay/app/Components/ImageCarousel/Slides.ts [47ms]
2023-05-06 17:34:08.712 [info] > git cat-file -s c7798f8d009a0004156b66df0fb754a523fa97e8 [28ms]
2023-05-06 17:35:04.525 [info] > git config --get commit.template [98ms]
2023-05-06 17:35:04.575 [info] > git for-each-ref --format=%(refname)%00%(upstream:short)%00%(objectname)%00%(upstream:track)%00%(upstream:remotename)%00%(upstream:remoteref) refs/heads/master refs/remotes/master [114ms]
2023-05-06 17:35:04.715 [info] > git status -z -uall [111ms]
2023-05-06 17:35:52.475 [info] > git config --get commit.template [28ms]
2023-05-06 17:35:52.493 [info] > git for-each-ref --format=%(refname)%00%(upstream:short)%00%(objectname)%00%(upstream:track)%00%(upstream:remotename)%00%(upstream:remoteref) refs/heads/master refs/remotes/master [20ms]
2023-05-06 17:35:52.557 [info] > git status -z -uall [48ms]
2023-05-06 17:36:08.441 [info] > git ls-files --stage -- /home/naman/Desktop/Project/React Native/cpay/app/Components/ImageCarousel/CarouselItem.tsx [24ms]
2023-05-06 17:36:08.504 [info] > git show --textconv :app/Components/ImageCarousel/CarouselItem.tsx [150ms]
2023-05-06 17:36:08.538 [info] > git cat-file -s 7230c2a6e44a8c19840a1d246f8abff6d7bc2118 [37ms]
2023-05-06 17:37:41.835 [info] > git config --get commit.template [12ms]
2023-05-06 17:37:41.838 [info] > git for-each-ref --format=%(refname)%00%(upstream:short)%00%(objectname)%00%(upstream:track)%00%(upstream:remotename)%00%(upstream:remoteref) refs/heads/master refs/remotes/master [5ms]
2023-05-06 17:37:41.852 [info] > git status -z -uall [4ms]
