2023-05-06 12:15:09.372 [info] Extension host with pid 18722 started
2023-05-06 12:15:09.372 [info] Skipping acquiring lock for /home/naman/.config/Code/User/workspaceStorage/b76dfbc6b518cb8795013a4a41677cdc.
2023-05-06 12:15:09.461 [info] ExtensionService#_doActivateExtension vscode.git-base, startup: true, activationEvent: '*', root cause: vscode.git
2023-05-06 12:15:09.466 [info] ExtensionService#_doActivateExtension naumovs.color-highlight, startup: true, activationEvent: '*'
2023-05-06 12:15:09.472 [info] ExtensionService#_doActivateExtension TabNine.tabnine-vscode, startup: true, activationEvent: '*'
2023-05-06 12:15:09.495 [info] ExtensionService#_doActivateExtension vscodevim.vim, startup: true, activationEvent: '*'
2023-05-06 12:15:09.544 [info] ExtensionService#_doActivateExtension vscode.npm, startup: true, activationEvent: 'workspaceContains:package.json'
2023-05-06 12:15:09.632 [info] ExtensionService#_doActivateExtension vscode.git, startup: true, activationEvent: '*'
2023-05-06 12:15:09.666 [info] ExtensionService#_doActivateExtension vscode.github, startup: true, activationEvent: '*'
2023-05-06 12:15:09.724 [info] ExtensionService#_doActivateExtension vscode.json-language-features, startup: false, activationEvent: 'onLanguage:jsonc'
2023-05-06 12:15:09.763 [info] ExtensionService#_doActivateExtension vscode.typescript-language-features, startup: false, activationEvent: 'onLanguage:jsonc'
2023-05-06 12:15:09.782 [info] ExtensionService#_doActivateExtension vscode.emmet, startup: false, activationEvent: 'onLanguage'
2023-05-06 12:15:09.905 [info] ExtensionService#_doActivateExtension vscode.microsoft-authentication, startup: false, activationEvent: 'onAuthenticationRequest:microsoft'
2023-05-06 12:15:10.191 [info] Eager extensions activated
2023-05-06 12:15:10.243 [info] ExtensionService#_doActivateExtension vscode.debug-auto-launch, startup: false, activationEvent: 'onStartupFinished'
2023-05-06 12:15:10.247 [info] ExtensionService#_doActivateExtension vscode.merge-conflict, startup: false, activationEvent: 'onStartupFinished'
2023-05-06 12:15:10.260 [info] ExtensionService#_doActivateExtension aaron-bond.better-comments, startup: false, activationEvent: 'onStartupFinished'
2023-05-06 12:15:10.270 [info] ExtensionService#_doActivateExtension cweijan.vscode-mysql-client2, startup: false, activationEvent: 'onStartupFinished'
2023-05-06 12:15:10.473 [info] ExtensionService#_doActivateExtension dbaeumer.vscode-eslint, startup: false, activationEvent: 'onStartupFinished'
2023-05-06 12:15:10.492 [info] ExtensionService#_doActivateExtension dsznajder.es7-react-js-snippets, startup: false, activationEvent: 'onStartupFinished'
2023-05-06 12:15:10.701 [info] ExtensionService#_doActivateExtension esbenp.prettier-vscode, startup: false, activationEvent: 'onStartupFinished'
2023-05-06 12:15:10.740 [info] ExtensionService#_doActivateExtension usernamehw.errorlens, startup: false, activationEvent: 'onStartupFinished'
2023-05-06 12:15:10.744 [info] ExtensionService#_doActivateExtension vscode-icons-team.vscode-icons, startup: false, activationEvent: 'onStartupFinished'
2023-05-06 12:15:10.958 [info] ExtensionService#_doActivateExtension vscode.github-authentication, startup: false, activationEvent: 'onAuthenticationRequest:github'
2023-05-06 12:18:45.125 [error] [dbaeumer.vscode-eslint] provider FAILED
2023-05-06 12:18:45.126 [error] Error: Request textDocument/codeAction failed with message: Command failed: pnpm root -g
/bin/sh: 1: pnpm: not found

	at /home/naman/.vscode/extensions/dbaeumer.vscode-eslint-2.4.0/client/out/extension.js:1:47599
	at ie (/home/naman/.vscode/extensions/dbaeumer.vscode-eslint-2.4.0/client/out/extension.js:1:47893)
	at /home/naman/.vscode/extensions/dbaeumer.vscode-eslint-2.4.0/client/out/extension.js:1:42677
	at Immediate.<anonymous> (/home/naman/.vscode/extensions/dbaeumer.vscode-eslint-2.4.0/client/out/extension.js:1:42697)
	at process.processImmediate (node:internal/timers:466:21)
2023-05-06 12:19:38.940 [error] [dbaeumer.vscode-eslint] provider FAILED
2023-05-06 12:19:38.940 [error] Error: Request textDocument/codeAction failed with message: Command failed: pnpm root -g
/bin/sh: 1: pnpm: not found

	at /home/naman/.vscode/extensions/dbaeumer.vscode-eslint-2.4.0/client/out/extension.js:1:47599
	at ie (/home/naman/.vscode/extensions/dbaeumer.vscode-eslint-2.4.0/client/out/extension.js:1:47893)
	at /home/naman/.vscode/extensions/dbaeumer.vscode-eslint-2.4.0/client/out/extension.js:1:42677
	at Immediate.<anonymous> (/home/naman/.vscode/extensions/dbaeumer.vscode-eslint-2.4.0/client/out/extension.js:1:42697)
	at process.processImmediate (node:internal/timers:466:21)
2023-05-06 12:22:05.948 [error] [dbaeumer.vscode-eslint] provider FAILED
2023-05-06 12:22:05.948 [error] Error: Request textDocument/codeAction failed with message: Command failed: pnpm root -g
/bin/sh: 1: pnpm: not found

	at /home/naman/.vscode/extensions/dbaeumer.vscode-eslint-2.4.0/client/out/extension.js:1:47599
	at ie (/home/naman/.vscode/extensions/dbaeumer.vscode-eslint-2.4.0/client/out/extension.js:1:47893)
	at /home/naman/.vscode/extensions/dbaeumer.vscode-eslint-2.4.0/client/out/extension.js:1:42677
	at Immediate.<anonymous> (/home/naman/.vscode/extensions/dbaeumer.vscode-eslint-2.4.0/client/out/extension.js:1:42697)
	at process.processImmediate (node:internal/timers:466:21)
2023-05-06 12:23:00.011 [info] ExtensionService#_doActivateExtension svelte.svelte-vscode, startup: false, activationEvent: 'onLanguage:typescript'
2023-05-06 12:23:00.641 [error] [dbaeumer.vscode-eslint] provider FAILED
2023-05-06 12:23:00.642 [error] Error: Request textDocument/codeAction failed with message: Command failed: pnpm root -g
/bin/sh: 1: pnpm: not found

	at /home/naman/.vscode/extensions/dbaeumer.vscode-eslint-2.4.0/client/out/extension.js:1:47599
	at ie (/home/naman/.vscode/extensions/dbaeumer.vscode-eslint-2.4.0/client/out/extension.js:1:47893)
	at /home/naman/.vscode/extensions/dbaeumer.vscode-eslint-2.4.0/client/out/extension.js:1:42677
	at Immediate.<anonymous> (/home/naman/.vscode/extensions/dbaeumer.vscode-eslint-2.4.0/client/out/extension.js:1:42697)
	at process.processImmediate (node:internal/timers:466:21)
2023-05-06 12:23:10.503 [error] [dbaeumer.vscode-eslint] provider FAILED
2023-05-06 12:23:10.504 [error] Error: Request textDocument/codeAction failed with message: Command failed: pnpm root -g
/bin/sh: 1: pnpm: not found

	at /home/naman/.vscode/extensions/dbaeumer.vscode-eslint-2.4.0/client/out/extension.js:1:47599
	at ie (/home/naman/.vscode/extensions/dbaeumer.vscode-eslint-2.4.0/client/out/extension.js:1:47893)
	at /home/naman/.vscode/extensions/dbaeumer.vscode-eslint-2.4.0/client/out/extension.js:1:42677
	at Immediate.<anonymous> (/home/naman/.vscode/extensions/dbaeumer.vscode-eslint-2.4.0/client/out/extension.js:1:42697)
	at process.processImmediate (node:internal/timers:466:21)
2023-05-06 12:23:13.308 [error] [dbaeumer.vscode-eslint] provider FAILED
2023-05-06 12:23:13.308 [error] Error: Request textDocument/codeAction failed with message: Command failed: pnpm root -g
/bin/sh: 1: pnpm: not found

	at /home/naman/.vscode/extensions/dbaeumer.vscode-eslint-2.4.0/client/out/extension.js:1:47599
	at ie (/home/naman/.vscode/extensions/dbaeumer.vscode-eslint-2.4.0/client/out/extension.js:1:47893)
	at /home/naman/.vscode/extensions/dbaeumer.vscode-eslint-2.4.0/client/out/extension.js:1:42677
	at Immediate.<anonymous> (/home/naman/.vscode/extensions/dbaeumer.vscode-eslint-2.4.0/client/out/extension.js:1:42697)
	at process.processImmediate (node:internal/timers:466:21)
2023-05-06 12:26:20.058 [info] ExtensionService#_doActivateExtension vscode.extension-editing, startup: false, activationEvent: 'onLanguage:json'
2023-05-06 12:27:18.225 [info] ExtensionService#_doActivateExtension tobias-z.vscode-harpoon, startup: false, activationEvent: 'onCommand:vscode-harpoon.addEditor1'
2023-05-06 12:29:44.418 [warning] TextEditor is closed/disposed
2023-05-06 12:29:44.418 [warning] TextEditor is closed/disposed
2023-05-06 12:30:20.007 [info] ExtensionService#_doActivateExtension patbenatar.advanced-new-file, startup: false, activationEvent: 'onCommand:extension.advancedNewFile'
2023-05-06 12:32:40.329 [info] Extension host terminating: renderer closed the MessagePort
2023-05-06 12:32:40.369 [error] TypeError: r.some is not a function
	at d.saveToDisk (/home/naman/.vscode/extensions/vscodevim.vim-1.25.2/out/extension.js:2:669912)
	at t.deactivate (/home/naman/.vscode/extensions/vscodevim.vim-1.25.2/out/extension.js:2:213764)
	at v.Y (/snap/code/127/usr/share/code/resources/app/out/vs/workbench/api/node/extensionHostProcess.js:112:10974)
	at /snap/code/127/usr/share/code/resources/app/out/vs/workbench/api/node/extensionHostProcess.js:112:9157
	at Array.map (<anonymous>)
	at v.R (/snap/code/127/usr/share/code/resources/app/out/vs/workbench/api/node/extensionHostProcess.js:112:9144)
	at v.terminate (/snap/code/127/usr/share/code/resources/app/out/vs/workbench/api/node/extensionHostProcess.js:112:9415)
	at d.terminate (/snap/code/127/usr/share/code/resources/app/out/vs/workbench/api/node/extensionHostProcess.js:116:1544)
	at g (/snap/code/127/usr/share/code/resources/app/out/vs/workbench/api/node/extensionHostProcess.js:126:34439)
	at MessagePortMain.<anonymous> (/snap/code/127/usr/share/code/resources/app/out/vs/workbench/api/node/extensionHostProcess.js:126:30578)
	at MessagePortMain.emit (node:events:513:28)
	at MessagePortMain._internalPort.emit (node:electron/js2c/utility_init:2:367)
2023-05-06 12:32:40.371 [error] Canceled: Canceled
	at new l (/snap/code/127/usr/share/code/resources/app/out/vs/workbench/api/node/extensionHostProcess.js:98:104563)
	at a.O (/snap/code/127/usr/share/code/resources/app/out/vs/workbench/api/node/extensionHostProcess.js:110:11657)
	at H.<computed>.V.charCodeAt.H.<computed> (/snap/code/127/usr/share/code/resources/app/out/vs/workbench/api/node/extensionHostProcess.js:110:8947)
	at e.ExtHostCommands.g (/snap/code/127/usr/share/code/resources/app/out/vs/workbench/api/node/extensionHostProcess.js:98:124729)
	at e.ExtHostCommands.executeCommand (/snap/code/127/usr/share/code/resources/app/out/vs/workbench/api/node/extensionHostProcess.js:98:124105)
	at C.registerCommand.description (/snap/code/127/usr/share/code/resources/app/out/vs/workbench/api/node/extensionHostProcess.js:98:123398)
	at e.ExtHostCommands.h (/snap/code/127/usr/share/code/resources/app/out/vs/workbench/api/node/extensionHostProcess.js:98:125315)
	at e.ExtHostCommands.g (/snap/code/127/usr/share/code/resources/app/out/vs/workbench/api/node/extensionHostProcess.js:98:124205)
	at e.ExtHostCommands.executeCommand (/snap/code/127/usr/share/code/resources/app/out/vs/workbench/api/node/extensionHostProcess.js:98:124105)
	at Object.executeCommand (/snap/code/127/usr/share/code/resources/app/out/vs/workbench/api/node/extensionHostProcess.js:116:24043)
	at D (/snap/code/127/usr/share/code/resources/app/extensions/git/dist/main.js:2:1259661)
	at v.invoke (/snap/code/127/usr/share/code/resources/app/out/vs/workbench/api/node/extensionHostProcess.js:63:145)
	at h.deliver (/snap/code/127/usr/share/code/resources/app/out/vs/workbench/api/node/extensionHostProcess.js:63:2121)
	at i.fire (/snap/code/127/usr/share/code/resources/app/out/vs/workbench/api/node/extensionHostProcess.js:63:1729)
	at Object.m [as dispose] (/snap/code/127/usr/share/code/resources/app/extensions/git/dist/main.js:2:1274494)
	at /snap/code/127/usr/share/code/resources/app/extensions/git/dist/main.js:2:1278940
	at Array.forEach (<anonymous>)
	at g.dispose (/snap/code/127/usr/share/code/resources/app/extensions/git/dist/main.js:2:1278926)
	at t.<anonymous> (/snap/code/127/usr/share/code/resources/app/out/vs/workbench/api/node/extensionHostProcess.js:96:12369)
	at t.dispose (/snap/code/127/usr/share/code/resources/app/out/vs/workbench/api/node/extensionHostProcess.js:96:12504)
	at t.<anonymous> (/snap/code/127/usr/share/code/resources/app/extensions/git/dist/main.js:2:1261791)
	at t.dispose (/snap/code/127/usr/share/code/resources/app/out/vs/workbench/api/node/extensionHostProcess.js:96:12504)
	at T (/snap/code/127/usr/share/code/resources/app/out/vs/workbench/api/node/extensionHostProcess.js:10:12080)
	at v.Y (/snap/code/127/usr/share/code/resources/app/out/vs/workbench/api/node/extensionHostProcess.js:112:11173)
	at /snap/code/127/usr/share/code/resources/app/out/vs/workbench/api/node/extensionHostProcess.js:112:9157
	at Array.map (<anonymous>)
	at v.R (/snap/code/127/usr/share/code/resources/app/out/vs/workbench/api/node/extensionHostProcess.js:112:9144)
	at v.terminate (/snap/code/127/usr/share/code/resources/app/out/vs/workbench/api/node/extensionHostProcess.js:112:9415)
	at d.terminate (/snap/code/127/usr/share/code/resources/app/out/vs/workbench/api/node/extensionHostProcess.js:116:1544)
	at g (/snap/code/127/usr/share/code/resources/app/out/vs/workbench/api/node/extensionHostProcess.js:126:34439)
	at MessagePortMain.<anonymous> (/snap/code/127/usr/share/code/resources/app/out/vs/workbench/api/node/extensionHostProcess.js:126:30578)
	at MessagePortMain.emit (node:events:513:28)
	at MessagePortMain._internalPort.emit (node:electron/js2c/utility_init:2:367) setContext undefined
2023-05-06 12:32:40.373 [error] Canceled: Canceled
	at new l (/snap/code/127/usr/share/code/resources/app/out/vs/workbench/api/node/extensionHostProcess.js:98:104563)
	at a.O (/snap/code/127/usr/share/code/resources/app/out/vs/workbench/api/node/extensionHostProcess.js:110:11657)
	at H.<computed>.V.charCodeAt.H.<computed> (/snap/code/127/usr/share/code/resources/app/out/vs/workbench/api/node/extensionHostProcess.js:110:8947)
	at e.ExtHostCommands.g (/snap/code/127/usr/share/code/resources/app/out/vs/workbench/api/node/extensionHostProcess.js:98:124729)
	at e.ExtHostCommands.executeCommand (/snap/code/127/usr/share/code/resources/app/out/vs/workbench/api/node/extensionHostProcess.js:98:124105)
	at C.registerCommand.description (/snap/code/127/usr/share/code/resources/app/out/vs/workbench/api/node/extensionHostProcess.js:98:123398)
	at e.ExtHostCommands.h (/snap/code/127/usr/share/code/resources/app/out/vs/workbench/api/node/extensionHostProcess.js:98:125315)
	at e.ExtHostCommands.g (/snap/code/127/usr/share/code/resources/app/out/vs/workbench/api/node/extensionHostProcess.js:98:124205)
	at e.ExtHostCommands.executeCommand (/snap/code/127/usr/share/code/resources/app/out/vs/workbench/api/node/extensionHostProcess.js:98:124105)
	at Object.executeCommand (/snap/code/127/usr/share/code/resources/app/out/vs/workbench/api/node/extensionHostProcess.js:116:24043)
	at Object.dispose (/home/naman/.vscode/extensions/tabnine.tabnine-vscode-3.6.46/out/extension.js:17:101310)
	at /home/naman/.vscode/extensions/tabnine.tabnine-vscode-3.6.46/out/extension.js:17:30354
	at Array.forEach (<anonymous>)
	at f (/home/naman/.vscode/extensions/tabnine.tabnine-vscode-3.6.46/out/extension.js:17:30339)
	at Object.dispose (/home/naman/.vscode/extensions/tabnine.tabnine-vscode-3.6.46/out/extension.js:17:29757)
	at T (/snap/code/127/usr/share/code/resources/app/out/vs/workbench/api/node/extensionHostProcess.js:10:12080)
	at v.Y (/snap/code/127/usr/share/code/resources/app/out/vs/workbench/api/node/extensionHostProcess.js:112:11173)
	at /snap/code/127/usr/share/code/resources/app/out/vs/workbench/api/node/extensionHostProcess.js:112:9157
	at Array.map (<anonymous>)
	at v.R (/snap/code/127/usr/share/code/resources/app/out/vs/workbench/api/node/extensionHostProcess.js:112:9144)
	at v.terminate (/snap/code/127/usr/share/code/resources/app/out/vs/workbench/api/node/extensionHostProcess.js:112:9415)
	at d.terminate (/snap/code/127/usr/share/code/resources/app/out/vs/workbench/api/node/extensionHostProcess.js:116:1544)
	at g (/snap/code/127/usr/share/code/resources/app/out/vs/workbench/api/node/extensionHostProcess.js:126:34439)
	at MessagePortMain.<anonymous> (/snap/code/127/usr/share/code/resources/app/out/vs/workbench/api/node/extensionHostProcess.js:126:30578)
	at MessagePortMain.emit (node:events:513:28)
	at MessagePortMain._internalPort.emit (node:electron/js2c/utility_init:2:367) setContext undefined
2023-05-06 12:32:41.367 [info] Extension host with pid 18722 exiting with code 0
