2023-05-06 18:15:12.721 [info] Extension host with pid 55579 started
2023-05-06 18:15:12.721 [info] Skipping acquiring lock for /home/naman/.config/Code/User/workspaceStorage/e7b09beebf6f3813d1fb07d38016c740.
2023-05-06 18:15:12.823 [info] ExtensionService#_doActivateExtension vscode.microsoft-authentication, startup: false, activationEvent: 'onAuthenticationRequest:microsoft'
2023-05-06 18:15:12.840 [info] ExtensionService#_doActivateExtension vscode.github-authentication, startup: false, activationEvent: 'onAuthenticationRequest:github'
2023-05-06 18:15:12.880 [info] ExtensionService#_doActivateExtension vscode.git-base, startup: true, activationEvent: '*', root cause: vscode.git
2023-05-06 18:15:12.882 [info] ExtensionService#_doActivateExtension naumovs.color-highlight, startup: true, activationEvent: '*'
2023-05-06 18:15:12.890 [info] ExtensionService#_doActivateExtension TabNine.tabnine-vscode, startup: true, activationEvent: '*'
2023-05-06 18:15:12.910 [info] ExtensionService#_doActivateExtension vscodevim.vim, startup: true, activationEvent: '*'
2023-05-06 18:15:12.973 [info] ExtensionService#_doActivateExtension vscode.npm, startup: true, activationEvent: 'workspaceContains:package.json'
2023-05-06 18:15:13.067 [info] ExtensionService#_doActivateExtension vscode.git, startup: true, activationEvent: '*'
2023-05-06 18:15:13.089 [info] ExtensionService#_doActivateExtension vscode.github, startup: true, activationEvent: '*'
2023-05-06 18:15:13.159 [info] ExtensionService#_doActivateExtension vscode.json-language-features, startup: false, activationEvent: 'onLanguage:jsonc'
2023-05-06 18:15:13.184 [info] ExtensionService#_doActivateExtension vscode.typescript-language-features, startup: false, activationEvent: 'onLanguage:jsonc'
2023-05-06 18:15:13.206 [info] ExtensionService#_doActivateExtension vscode.emmet, startup: false, activationEvent: 'onLanguage'
2023-05-06 18:15:13.522 [info] Eager extensions activated
2023-05-06 18:15:13.542 [info] ExtensionService#_doActivateExtension vscode.debug-auto-launch, startup: false, activationEvent: 'onStartupFinished'
2023-05-06 18:15:13.557 [info] ExtensionService#_doActivateExtension vscode.merge-conflict, startup: false, activationEvent: 'onStartupFinished'
2023-05-06 18:15:13.564 [info] ExtensionService#_doActivateExtension aaron-bond.better-comments, startup: false, activationEvent: 'onStartupFinished'
2023-05-06 18:15:13.579 [info] ExtensionService#_doActivateExtension cweijan.vscode-mysql-client2, startup: false, activationEvent: 'onStartupFinished'
2023-05-06 18:15:13.785 [info] ExtensionService#_doActivateExtension dbaeumer.vscode-eslint, startup: false, activationEvent: 'onStartupFinished'
2023-05-06 18:15:13.793 [info] ExtensionService#_doActivateExtension dsznajder.es7-react-js-snippets, startup: false, activationEvent: 'onStartupFinished'
2023-05-06 18:15:13.958 [info] ExtensionService#_doActivateExtension eamodio.gitlens, startup: false, activationEvent: 'onStartupFinished'
2023-05-06 18:15:13.994 [info] ExtensionService#_doActivateExtension esbenp.prettier-vscode, startup: false, activationEvent: 'onStartupFinished'
2023-05-06 18:15:14.038 [info] ExtensionService#_doActivateExtension usernamehw.errorlens, startup: false, activationEvent: 'onStartupFinished'
2023-05-06 18:15:14.042 [info] ExtensionService#_doActivateExtension vscode-icons-team.vscode-icons, startup: false, activationEvent: 'onStartupFinished'
2023-05-06 18:15:16.418 [info] Extension host terminating: renderer closed the MessagePort
2023-05-06 18:15:16.444 [error] Canceled: Canceled
	at new l (/snap/code/127/usr/share/code/resources/app/out/vs/workbench/api/node/extensionHostProcess.js:98:104563)
	at a.O (/snap/code/127/usr/share/code/resources/app/out/vs/workbench/api/node/extensionHostProcess.js:110:11657)
	at H.<computed>.V.charCodeAt.H.<computed> (/snap/code/127/usr/share/code/resources/app/out/vs/workbench/api/node/extensionHostProcess.js:110:8947)
	at e.ExtHostCommands.g (/snap/code/127/usr/share/code/resources/app/out/vs/workbench/api/node/extensionHostProcess.js:98:124729)
	at e.ExtHostCommands.executeCommand (/snap/code/127/usr/share/code/resources/app/out/vs/workbench/api/node/extensionHostProcess.js:98:124105)
	at C.registerCommand.description (/snap/code/127/usr/share/code/resources/app/out/vs/workbench/api/node/extensionHostProcess.js:98:123398)
	at e.ExtHostCommands.h (/snap/code/127/usr/share/code/resources/app/out/vs/workbench/api/node/extensionHostProcess.js:98:125315)
	at e.ExtHostCommands.g (/snap/code/127/usr/share/code/resources/app/out/vs/workbench/api/node/extensionHostProcess.js:98:124205)
	at e.ExtHostCommands.executeCommand (/snap/code/127/usr/share/code/resources/app/out/vs/workbench/api/node/extensionHostProcess.js:98:124105)
	at Object.executeCommand (/snap/code/127/usr/share/code/resources/app/out/vs/workbench/api/node/extensionHostProcess.js:116:24043)
	at D (/snap/code/127/usr/share/code/resources/app/extensions/git/dist/main.js:2:1259661)
	at v.invoke (/snap/code/127/usr/share/code/resources/app/out/vs/workbench/api/node/extensionHostProcess.js:63:145)
	at h.deliver (/snap/code/127/usr/share/code/resources/app/out/vs/workbench/api/node/extensionHostProcess.js:63:2121)
	at i.fire (/snap/code/127/usr/share/code/resources/app/out/vs/workbench/api/node/extensionHostProcess.js:63:1729)
	at Object.m [as dispose] (/snap/code/127/usr/share/code/resources/app/extensions/git/dist/main.js:2:1274494)
	at /snap/code/127/usr/share/code/resources/app/extensions/git/dist/main.js:2:1278940
	at Array.forEach (<anonymous>)
	at g.dispose (/snap/code/127/usr/share/code/resources/app/extensions/git/dist/main.js:2:1278926)
	at t.<anonymous> (/snap/code/127/usr/share/code/resources/app/out/vs/workbench/api/node/extensionHostProcess.js:96:12369)
	at t.dispose (/snap/code/127/usr/share/code/resources/app/out/vs/workbench/api/node/extensionHostProcess.js:96:12504)
	at t.<anonymous> (/snap/code/127/usr/share/code/resources/app/extensions/git/dist/main.js:2:1261791)
	at t.dispose (/snap/code/127/usr/share/code/resources/app/out/vs/workbench/api/node/extensionHostProcess.js:96:12504)
	at T (/snap/code/127/usr/share/code/resources/app/out/vs/workbench/api/node/extensionHostProcess.js:10:12080)
	at v.Y (/snap/code/127/usr/share/code/resources/app/out/vs/workbench/api/node/extensionHostProcess.js:112:11173)
	at /snap/code/127/usr/share/code/resources/app/out/vs/workbench/api/node/extensionHostProcess.js:112:9157
	at Array.map (<anonymous>)
	at v.R (/snap/code/127/usr/share/code/resources/app/out/vs/workbench/api/node/extensionHostProcess.js:112:9144)
	at v.terminate (/snap/code/127/usr/share/code/resources/app/out/vs/workbench/api/node/extensionHostProcess.js:112:9415)
	at d.terminate (/snap/code/127/usr/share/code/resources/app/out/vs/workbench/api/node/extensionHostProcess.js:116:1544)
	at g (/snap/code/127/usr/share/code/resources/app/out/vs/workbench/api/node/extensionHostProcess.js:126:34439)
	at MessagePortMain.<anonymous> (/snap/code/127/usr/share/code/resources/app/out/vs/workbench/api/node/extensionHostProcess.js:126:30578)
	at MessagePortMain.emit (node:events:513:28)
	at MessagePortMain._internalPort.emit (node:electron/js2c/utility_init:2:367) setContext undefined
2023-05-06 18:15:16.446 [error] Canceled: Canceled
	at new l (/snap/code/127/usr/share/code/resources/app/out/vs/workbench/api/node/extensionHostProcess.js:98:104563)
	at a.O (/snap/code/127/usr/share/code/resources/app/out/vs/workbench/api/node/extensionHostProcess.js:110:11657)
	at H.<computed>.V.charCodeAt.H.<computed> (/snap/code/127/usr/share/code/resources/app/out/vs/workbench/api/node/extensionHostProcess.js:110:8947)
	at e.ExtHostCommands.g (/snap/code/127/usr/share/code/resources/app/out/vs/workbench/api/node/extensionHostProcess.js:98:124729)
	at e.ExtHostCommands.executeCommand (/snap/code/127/usr/share/code/resources/app/out/vs/workbench/api/node/extensionHostProcess.js:98:124105)
	at C.registerCommand.description (/snap/code/127/usr/share/code/resources/app/out/vs/workbench/api/node/extensionHostProcess.js:98:123398)
	at e.ExtHostCommands.h (/snap/code/127/usr/share/code/resources/app/out/vs/workbench/api/node/extensionHostProcess.js:98:125315)
	at e.ExtHostCommands.g (/snap/code/127/usr/share/code/resources/app/out/vs/workbench/api/node/extensionHostProcess.js:98:124205)
	at e.ExtHostCommands.executeCommand (/snap/code/127/usr/share/code/resources/app/out/vs/workbench/api/node/extensionHostProcess.js:98:124105)
	at Object.executeCommand (/snap/code/127/usr/share/code/resources/app/out/vs/workbench/api/node/extensionHostProcess.js:116:24043)
	at g (/home/naman/.vscode/extensions/eamodio.gitlens-13.5.0/dist/gitlens.js:1:868259)
	at c (/home/naman/.vscode/extensions/eamodio.gitlens-13.5.0/dist/gitlens.js:1:608698)
	at ActionRunners._updateContextKeys (/home/naman/.vscode/extensions/eamodio.gitlens-13.5.0/dist/gitlens.js:1:37566)
	at s (/home/naman/.vscode/extensions/eamodio.gitlens-13.5.0/dist/gitlens.js:1:35985)
	at RegisteredActionRunner.unregister (/home/naman/.vscode/extensions/eamodio.gitlens-13.5.0/dist/gitlens.js:1:36129)
	at RegisteredActionRunner.dispose (/home/naman/.vscode/extensions/eamodio.gitlens-13.5.0/dist/gitlens.js:1:34794)
	at ActionRunners.dispose (/home/naman/.vscode/extensions/eamodio.gitlens-13.5.0/dist/gitlens.js:1:35571)
	at T (/snap/code/127/usr/share/code/resources/app/out/vs/workbench/api/node/extensionHostProcess.js:10:12080)
	at v.Y (/snap/code/127/usr/share/code/resources/app/out/vs/workbench/api/node/extensionHostProcess.js:112:11173)
	at /snap/code/127/usr/share/code/resources/app/out/vs/workbench/api/node/extensionHostProcess.js:112:9157
	at Array.map (<anonymous>)
	at v.R (/snap/code/127/usr/share/code/resources/app/out/vs/workbench/api/node/extensionHostProcess.js:112:9144)
	at v.terminate (/snap/code/127/usr/share/code/resources/app/out/vs/workbench/api/node/extensionHostProcess.js:112:9415)
	at d.terminate (/snap/code/127/usr/share/code/resources/app/out/vs/workbench/api/node/extensionHostProcess.js:116:1544)
	at g (/snap/code/127/usr/share/code/resources/app/out/vs/workbench/api/node/extensionHostProcess.js:126:34439)
	at MessagePortMain.<anonymous> (/snap/code/127/usr/share/code/resources/app/out/vs/workbench/api/node/extensionHostProcess.js:126:30578)
	at MessagePortMain.emit (node:events:513:28)
	at MessagePortMain._internalPort.emit (node:electron/js2c/utility_init:2:367) setContext undefined
2023-05-06 18:15:16.448 [error] Canceled: Canceled
	at new l (/snap/code/127/usr/share/code/resources/app/out/vs/workbench/api/node/extensionHostProcess.js:98:104563)
	at a.O (/snap/code/127/usr/share/code/resources/app/out/vs/workbench/api/node/extensionHostProcess.js:110:11657)
	at H.<computed>.V.charCodeAt.H.<computed> (/snap/code/127/usr/share/code/resources/app/out/vs/workbench/api/node/extensionHostProcess.js:110:8947)
	at e.ExtHostCommands.g (/snap/code/127/usr/share/code/resources/app/out/vs/workbench/api/node/extensionHostProcess.js:98:124729)
	at e.ExtHostCommands.executeCommand (/snap/code/127/usr/share/code/resources/app/out/vs/workbench/api/node/extensionHostProcess.js:98:124105)
	at C.registerCommand.description (/snap/code/127/usr/share/code/resources/app/out/vs/workbench/api/node/extensionHostProcess.js:98:123398)
	at e.ExtHostCommands.h (/snap/code/127/usr/share/code/resources/app/out/vs/workbench/api/node/extensionHostProcess.js:98:125315)
	at e.ExtHostCommands.g (/snap/code/127/usr/share/code/resources/app/out/vs/workbench/api/node/extensionHostProcess.js:98:124205)
	at e.ExtHostCommands.executeCommand (/snap/code/127/usr/share/code/resources/app/out/vs/workbench/api/node/extensionHostProcess.js:98:124105)
	at Object.executeCommand (/snap/code/127/usr/share/code/resources/app/out/vs/workbench/api/node/extensionHostProcess.js:116:24043)
	at g (/home/naman/.vscode/extensions/eamodio.gitlens-13.5.0/dist/gitlens.js:1:868259)
	at c (/home/naman/.vscode/extensions/eamodio.gitlens-13.5.0/dist/gitlens.js:1:608698)
	at ActionRunners._updateContextKeys (/home/naman/.vscode/extensions/eamodio.gitlens-13.5.0/dist/gitlens.js:1:37566)
	at s (/home/naman/.vscode/extensions/eamodio.gitlens-13.5.0/dist/gitlens.js:1:35985)
	at RegisteredActionRunner.unregister (/home/naman/.vscode/extensions/eamodio.gitlens-13.5.0/dist/gitlens.js:1:36129)
	at RegisteredActionRunner.dispose (/home/naman/.vscode/extensions/eamodio.gitlens-13.5.0/dist/gitlens.js:1:34794)
	at ActionRunners.dispose (/home/naman/.vscode/extensions/eamodio.gitlens-13.5.0/dist/gitlens.js:1:35571)
	at T (/snap/code/127/usr/share/code/resources/app/out/vs/workbench/api/node/extensionHostProcess.js:10:12080)
	at v.Y (/snap/code/127/usr/share/code/resources/app/out/vs/workbench/api/node/extensionHostProcess.js:112:11173)
	at /snap/code/127/usr/share/code/resources/app/out/vs/workbench/api/node/extensionHostProcess.js:112:9157
	at Array.map (<anonymous>)
	at v.R (/snap/code/127/usr/share/code/resources/app/out/vs/workbench/api/node/extensionHostProcess.js:112:9144)
	at v.terminate (/snap/code/127/usr/share/code/resources/app/out/vs/workbench/api/node/extensionHostProcess.js:112:9415)
	at d.terminate (/snap/code/127/usr/share/code/resources/app/out/vs/workbench/api/node/extensionHostProcess.js:116:1544)
	at g (/snap/code/127/usr/share/code/resources/app/out/vs/workbench/api/node/extensionHostProcess.js:126:34439)
	at MessagePortMain.<anonymous> (/snap/code/127/usr/share/code/resources/app/out/vs/workbench/api/node/extensionHostProcess.js:126:30578)
	at MessagePortMain.emit (node:events:513:28)
	at MessagePortMain._internalPort.emit (node:electron/js2c/utility_init:2:367) setContext undefined
2023-05-06 18:15:16.450 [error] Canceled: Canceled
	at new l (/snap/code/127/usr/share/code/resources/app/out/vs/workbench/api/node/extensionHostProcess.js:98:104563)
	at a.O (/snap/code/127/usr/share/code/resources/app/out/vs/workbench/api/node/extensionHostProcess.js:110:11657)
	at H.<computed>.V.charCodeAt.H.<computed> (/snap/code/127/usr/share/code/resources/app/out/vs/workbench/api/node/extensionHostProcess.js:110:8947)
	at e.ExtHostCommands.g (/snap/code/127/usr/share/code/resources/app/out/vs/workbench/api/node/extensionHostProcess.js:98:124729)
	at e.ExtHostCommands.executeCommand (/snap/code/127/usr/share/code/resources/app/out/vs/workbench/api/node/extensionHostProcess.js:98:124105)
	at C.registerCommand.description (/snap/code/127/usr/share/code/resources/app/out/vs/workbench/api/node/extensionHostProcess.js:98:123398)
	at e.ExtHostCommands.h (/snap/code/127/usr/share/code/resources/app/out/vs/workbench/api/node/extensionHostProcess.js:98:125315)
	at e.ExtHostCommands.g (/snap/code/127/usr/share/code/resources/app/out/vs/workbench/api/node/extensionHostProcess.js:98:124205)
	at e.ExtHostCommands.executeCommand (/snap/code/127/usr/share/code/resources/app/out/vs/workbench/api/node/extensionHostProcess.js:98:124105)
	at Object.executeCommand (/snap/code/127/usr/share/code/resources/app/out/vs/workbench/api/node/extensionHostProcess.js:116:24043)
	at g (/home/naman/.vscode/extensions/eamodio.gitlens-13.5.0/dist/gitlens.js:1:868259)
	at c (/home/naman/.vscode/extensions/eamodio.gitlens-13.5.0/dist/gitlens.js:1:608698)
	at ActionRunners._updateContextKeys (/home/naman/.vscode/extensions/eamodio.gitlens-13.5.0/dist/gitlens.js:1:37566)
	at s (/home/naman/.vscode/extensions/eamodio.gitlens-13.5.0/dist/gitlens.js:1:35985)
	at RegisteredActionRunner.unregister (/home/naman/.vscode/extensions/eamodio.gitlens-13.5.0/dist/gitlens.js:1:36129)
	at RegisteredActionRunner.dispose (/home/naman/.vscode/extensions/eamodio.gitlens-13.5.0/dist/gitlens.js:1:34794)
	at ActionRunners.dispose (/home/naman/.vscode/extensions/eamodio.gitlens-13.5.0/dist/gitlens.js:1:35571)
	at T (/snap/code/127/usr/share/code/resources/app/out/vs/workbench/api/node/extensionHostProcess.js:10:12080)
	at v.Y (/snap/code/127/usr/share/code/resources/app/out/vs/workbench/api/node/extensionHostProcess.js:112:11173)
	at /snap/code/127/usr/share/code/resources/app/out/vs/workbench/api/node/extensionHostProcess.js:112:9157
	at Array.map (<anonymous>)
	at v.R (/snap/code/127/usr/share/code/resources/app/out/vs/workbench/api/node/extensionHostProcess.js:112:9144)
	at v.terminate (/snap/code/127/usr/share/code/resources/app/out/vs/workbench/api/node/extensionHostProcess.js:112:9415)
	at d.terminate (/snap/code/127/usr/share/code/resources/app/out/vs/workbench/api/node/extensionHostProcess.js:116:1544)
	at g (/snap/code/127/usr/share/code/resources/app/out/vs/workbench/api/node/extensionHostProcess.js:126:34439)
	at MessagePortMain.<anonymous> (/snap/code/127/usr/share/code/resources/app/out/vs/workbench/api/node/extensionHostProcess.js:126:30578)
	at MessagePortMain.emit (node:events:513:28)
	at MessagePortMain._internalPort.emit (node:electron/js2c/utility_init:2:367) setContext undefined
2023-05-06 18:15:16.452 [error] Canceled: Canceled
	at new l (/snap/code/127/usr/share/code/resources/app/out/vs/workbench/api/node/extensionHostProcess.js:98:104563)
	at a.O (/snap/code/127/usr/share/code/resources/app/out/vs/workbench/api/node/extensionHostProcess.js:110:11657)
	at H.<computed>.V.charCodeAt.H.<computed> (/snap/code/127/usr/share/code/resources/app/out/vs/workbench/api/node/extensionHostProcess.js:110:8947)
	at e.ExtHostCommands.g (/snap/code/127/usr/share/code/resources/app/out/vs/workbench/api/node/extensionHostProcess.js:98:124729)
	at e.ExtHostCommands.executeCommand (/snap/code/127/usr/share/code/resources/app/out/vs/workbench/api/node/extensionHostProcess.js:98:124105)
	at C.registerCommand.description (/snap/code/127/usr/share/code/resources/app/out/vs/workbench/api/node/extensionHostProcess.js:98:123398)
	at e.ExtHostCommands.h (/snap/code/127/usr/share/code/resources/app/out/vs/workbench/api/node/extensionHostProcess.js:98:125315)
	at e.ExtHostCommands.g (/snap/code/127/usr/share/code/resources/app/out/vs/workbench/api/node/extensionHostProcess.js:98:124205)
	at e.ExtHostCommands.executeCommand (/snap/code/127/usr/share/code/resources/app/out/vs/workbench/api/node/extensionHostProcess.js:98:124105)
	at Object.executeCommand (/snap/code/127/usr/share/code/resources/app/out/vs/workbench/api/node/extensionHostProcess.js:116:24043)
	at g (/home/naman/.vscode/extensions/eamodio.gitlens-13.5.0/dist/gitlens.js:1:868259)
	at c (/home/naman/.vscode/extensions/eamodio.gitlens-13.5.0/dist/gitlens.js:1:608698)
	at ActionRunners._updateContextKeys (/home/naman/.vscode/extensions/eamodio.gitlens-13.5.0/dist/gitlens.js:1:37566)
	at s (/home/naman/.vscode/extensions/eamodio.gitlens-13.5.0/dist/gitlens.js:1:35985)
	at RegisteredActionRunner.unregister (/home/naman/.vscode/extensions/eamodio.gitlens-13.5.0/dist/gitlens.js:1:36129)
	at RegisteredActionRunner.dispose (/home/naman/.vscode/extensions/eamodio.gitlens-13.5.0/dist/gitlens.js:1:34794)
	at Object.dispose (/home/naman/.vscode/extensions/eamodio.gitlens-13.5.0/dist/gitlens.js:1:36226)
	at T (/snap/code/127/usr/share/code/resources/app/out/vs/workbench/api/node/extensionHostProcess.js:10:12080)
	at v.Y (/snap/code/127/usr/share/code/resources/app/out/vs/workbench/api/node/extensionHostProcess.js:112:11173)
	at /snap/code/127/usr/share/code/resources/app/out/vs/workbench/api/node/extensionHostProcess.js:112:9157
	at Array.map (<anonymous>)
	at v.R (/snap/code/127/usr/share/code/resources/app/out/vs/workbench/api/node/extensionHostProcess.js:112:9144)
	at v.terminate (/snap/code/127/usr/share/code/resources/app/out/vs/workbench/api/node/extensionHostProcess.js:112:9415)
	at d.terminate (/snap/code/127/usr/share/code/resources/app/out/vs/workbench/api/node/extensionHostProcess.js:116:1544)
	at g (/snap/code/127/usr/share/code/resources/app/out/vs/workbench/api/node/extensionHostProcess.js:126:34439)
	at MessagePortMain.<anonymous> (/snap/code/127/usr/share/code/resources/app/out/vs/workbench/api/node/extensionHostProcess.js:126:30578)
	at MessagePortMain.emit (node:events:513:28)
	at MessagePortMain._internalPort.emit (node:electron/js2c/utility_init:2:367) setContext undefined
2023-05-06 18:15:16.454 [error] Canceled: Canceled
	at new l (/snap/code/127/usr/share/code/resources/app/out/vs/workbench/api/node/extensionHostProcess.js:98:104563)
	at a.O (/snap/code/127/usr/share/code/resources/app/out/vs/workbench/api/node/extensionHostProcess.js:110:11657)
	at H.<computed>.V.charCodeAt.H.<computed> (/snap/code/127/usr/share/code/resources/app/out/vs/workbench/api/node/extensionHostProcess.js:110:8947)
	at e.ExtHostCommands.g (/snap/code/127/usr/share/code/resources/app/out/vs/workbench/api/node/extensionHostProcess.js:98:124729)
	at e.ExtHostCommands.executeCommand (/snap/code/127/usr/share/code/resources/app/out/vs/workbench/api/node/extensionHostProcess.js:98:124105)
	at C.registerCommand.description (/snap/code/127/usr/share/code/resources/app/out/vs/workbench/api/node/extensionHostProcess.js:98:123398)
	at e.ExtHostCommands.h (/snap/code/127/usr/share/code/resources/app/out/vs/workbench/api/node/extensionHostProcess.js:98:125315)
	at e.ExtHostCommands.g (/snap/code/127/usr/share/code/resources/app/out/vs/workbench/api/node/extensionHostProcess.js:98:124205)
	at e.ExtHostCommands.executeCommand (/snap/code/127/usr/share/code/resources/app/out/vs/workbench/api/node/extensionHostProcess.js:98:124105)
	at Object.executeCommand (/snap/code/127/usr/share/code/resources/app/out/vs/workbench/api/node/extensionHostProcess.js:116:24043)
	at g (/home/naman/.vscode/extensions/eamodio.gitlens-13.5.0/dist/gitlens.js:1:868259)
	at c (/home/naman/.vscode/extensions/eamodio.gitlens-13.5.0/dist/gitlens.js:1:608698)
	at ActionRunners._updateContextKeys (/home/naman/.vscode/extensions/eamodio.gitlens-13.5.0/dist/gitlens.js:1:37566)
	at s (/home/naman/.vscode/extensions/eamodio.gitlens-13.5.0/dist/gitlens.js:1:35985)
	at RegisteredActionRunner.unregister (/home/naman/.vscode/extensions/eamodio.gitlens-13.5.0/dist/gitlens.js:1:36129)
	at RegisteredActionRunner.dispose (/home/naman/.vscode/extensions/eamodio.gitlens-13.5.0/dist/gitlens.js:1:34794)
	at Object.dispose (/home/naman/.vscode/extensions/eamodio.gitlens-13.5.0/dist/gitlens.js:1:36226)
	at T (/snap/code/127/usr/share/code/resources/app/out/vs/workbench/api/node/extensionHostProcess.js:10:12080)
	at v.Y (/snap/code/127/usr/share/code/resources/app/out/vs/workbench/api/node/extensionHostProcess.js:112:11173)
	at /snap/code/127/usr/share/code/resources/app/out/vs/workbench/api/node/extensionHostProcess.js:112:9157
	at Array.map (<anonymous>)
	at v.R (/snap/code/127/usr/share/code/resources/app/out/vs/workbench/api/node/extensionHostProcess.js:112:9144)
	at v.terminate (/snap/code/127/usr/share/code/resources/app/out/vs/workbench/api/node/extensionHostProcess.js:112:9415)
	at d.terminate (/snap/code/127/usr/share/code/resources/app/out/vs/workbench/api/node/extensionHostProcess.js:116:1544)
	at g (/snap/code/127/usr/share/code/resources/app/out/vs/workbench/api/node/extensionHostProcess.js:126:34439)
	at MessagePortMain.<anonymous> (/snap/code/127/usr/share/code/resources/app/out/vs/workbench/api/node/extensionHostProcess.js:126:30578)
	at MessagePortMain.emit (node:events:513:28)
	at MessagePortMain._internalPort.emit (node:electron/js2c/utility_init:2:367) setContext undefined
2023-05-06 18:15:16.455 [error] Canceled: Canceled
	at new l (/snap/code/127/usr/share/code/resources/app/out/vs/workbench/api/node/extensionHostProcess.js:98:104563)
	at a.O (/snap/code/127/usr/share/code/resources/app/out/vs/workbench/api/node/extensionHostProcess.js:110:11657)
	at H.<computed>.V.charCodeAt.H.<computed> (/snap/code/127/usr/share/code/resources/app/out/vs/workbench/api/node/extensionHostProcess.js:110:8947)
	at e.ExtHostCommands.g (/snap/code/127/usr/share/code/resources/app/out/vs/workbench/api/node/extensionHostProcess.js:98:124729)
	at e.ExtHostCommands.executeCommand (/snap/code/127/usr/share/code/resources/app/out/vs/workbench/api/node/extensionHostProcess.js:98:124105)
	at C.registerCommand.description (/snap/code/127/usr/share/code/resources/app/out/vs/workbench/api/node/extensionHostProcess.js:98:123398)
	at e.ExtHostCommands.h (/snap/code/127/usr/share/code/resources/app/out/vs/workbench/api/node/extensionHostProcess.js:98:125315)
	at e.ExtHostCommands.g (/snap/code/127/usr/share/code/resources/app/out/vs/workbench/api/node/extensionHostProcess.js:98:124205)
	at e.ExtHostCommands.executeCommand (/snap/code/127/usr/share/code/resources/app/out/vs/workbench/api/node/extensionHostProcess.js:98:124105)
	at Object.executeCommand (/snap/code/127/usr/share/code/resources/app/out/vs/workbench/api/node/extensionHostProcess.js:116:24043)
	at g (/home/naman/.vscode/extensions/eamodio.gitlens-13.5.0/dist/gitlens.js:1:868259)
	at c (/home/naman/.vscode/extensions/eamodio.gitlens-13.5.0/dist/gitlens.js:1:608698)
	at ActionRunners._updateContextKeys (/home/naman/.vscode/extensions/eamodio.gitlens-13.5.0/dist/gitlens.js:1:37566)
	at s (/home/naman/.vscode/extensions/eamodio.gitlens-13.5.0/dist/gitlens.js:1:35985)
	at RegisteredActionRunner.unregister (/home/naman/.vscode/extensions/eamodio.gitlens-13.5.0/dist/gitlens.js:1:36129)
	at RegisteredActionRunner.dispose (/home/naman/.vscode/extensions/eamodio.gitlens-13.5.0/dist/gitlens.js:1:34794)
	at Object.dispose (/home/naman/.vscode/extensions/eamodio.gitlens-13.5.0/dist/gitlens.js:1:36226)
	at T (/snap/code/127/usr/share/code/resources/app/out/vs/workbench/api/node/extensionHostProcess.js:10:12080)
	at v.Y (/snap/code/127/usr/share/code/resources/app/out/vs/workbench/api/node/extensionHostProcess.js:112:11173)
	at /snap/code/127/usr/share/code/resources/app/out/vs/workbench/api/node/extensionHostProcess.js:112:9157
	at Array.map (<anonymous>)
	at v.R (/snap/code/127/usr/share/code/resources/app/out/vs/workbench/api/node/extensionHostProcess.js:112:9144)
	at v.terminate (/snap/code/127/usr/share/code/resources/app/out/vs/workbench/api/node/extensionHostProcess.js:112:9415)
	at d.terminate (/snap/code/127/usr/share/code/resources/app/out/vs/workbench/api/node/extensionHostProcess.js:116:1544)
	at g (/snap/code/127/usr/share/code/resources/app/out/vs/workbench/api/node/extensionHostProcess.js:126:34439)
	at MessagePortMain.<anonymous> (/snap/code/127/usr/share/code/resources/app/out/vs/workbench/api/node/extensionHostProcess.js:126:30578)
	at MessagePortMain.emit (node:events:513:28)
	at MessagePortMain._internalPort.emit (node:electron/js2c/utility_init:2:367) setContext undefined
2023-05-06 18:15:16.457 [error] Canceled: Canceled
	at new l (/snap/code/127/usr/share/code/resources/app/out/vs/workbench/api/node/extensionHostProcess.js:98:104563)
	at a.O (/snap/code/127/usr/share/code/resources/app/out/vs/workbench/api/node/extensionHostProcess.js:110:11657)
	at H.<computed>.V.charCodeAt.H.<computed> (/snap/code/127/usr/share/code/resources/app/out/vs/workbench/api/node/extensionHostProcess.js:110:8947)
	at e.ExtHostCommands.g (/snap/code/127/usr/share/code/resources/app/out/vs/workbench/api/node/extensionHostProcess.js:98:124729)
	at e.ExtHostCommands.executeCommand (/snap/code/127/usr/share/code/resources/app/out/vs/workbench/api/node/extensionHostProcess.js:98:124105)
	at C.registerCommand.description (/snap/code/127/usr/share/code/resources/app/out/vs/workbench/api/node/extensionHostProcess.js:98:123398)
	at e.ExtHostCommands.h (/snap/code/127/usr/share/code/resources/app/out/vs/workbench/api/node/extensionHostProcess.js:98:125315)
	at e.ExtHostCommands.g (/snap/code/127/usr/share/code/resources/app/out/vs/workbench/api/node/extensionHostProcess.js:98:124205)
	at e.ExtHostCommands.executeCommand (/snap/code/127/usr/share/code/resources/app/out/vs/workbench/api/node/extensionHostProcess.js:98:124105)
	at Object.executeCommand (/snap/code/127/usr/share/code/resources/app/out/vs/workbench/api/node/extensionHostProcess.js:116:24043)
	at Object.dispose (/home/naman/.vscode/extensions/tabnine.tabnine-vscode-3.6.46/out/extension.js:17:101310)
	at /home/naman/.vscode/extensions/tabnine.tabnine-vscode-3.6.46/out/extension.js:17:30354
	at Array.forEach (<anonymous>)
	at f (/home/naman/.vscode/extensions/tabnine.tabnine-vscode-3.6.46/out/extension.js:17:30339)
	at Object.dispose (/home/naman/.vscode/extensions/tabnine.tabnine-vscode-3.6.46/out/extension.js:17:29757)
	at T (/snap/code/127/usr/share/code/resources/app/out/vs/workbench/api/node/extensionHostProcess.js:10:12080)
	at v.Y (/snap/code/127/usr/share/code/resources/app/out/vs/workbench/api/node/extensionHostProcess.js:112:11173)
	at /snap/code/127/usr/share/code/resources/app/out/vs/workbench/api/node/extensionHostProcess.js:112:9157
	at Array.map (<anonymous>)
	at v.R (/snap/code/127/usr/share/code/resources/app/out/vs/workbench/api/node/extensionHostProcess.js:112:9144)
	at v.terminate (/snap/code/127/usr/share/code/resources/app/out/vs/workbench/api/node/extensionHostProcess.js:112:9415)
	at d.terminate (/snap/code/127/usr/share/code/resources/app/out/vs/workbench/api/node/extensionHostProcess.js:116:1544)
	at g (/snap/code/127/usr/share/code/resources/app/out/vs/workbench/api/node/extensionHostProcess.js:126:34439)
	at MessagePortMain.<anonymous> (/snap/code/127/usr/share/code/resources/app/out/vs/workbench/api/node/extensionHostProcess.js:126:30578)
	at MessagePortMain.emit (node:events:513:28)
	at MessagePortMain._internalPort.emit (node:electron/js2c/utility_init:2:367) setContext undefined
2023-05-06 18:15:16.761 [info] Extension host with pid 55579 exiting with code 0
2023-05-06 18:15:17.347 [info] Extension host with pid 56243 started
2023-05-06 18:15:17.347 [info] Skipping acquiring lock for /home/naman/.config/Code/User/workspaceStorage/e7b09beebf6f3813d1fb07d38016c740.
2023-05-06 18:15:17.367 [info] ExtensionService#_doActivateExtension vscode.microsoft-authentication, startup: false, activationEvent: 'onAuthenticationRequest:microsoft'
2023-05-06 18:15:17.383 [info] ExtensionService#_doActivateExtension vscode.github-authentication, startup: false, activationEvent: 'onAuthenticationRequest:github'
2023-05-06 18:15:17.394 [info] ExtensionService#_doActivateExtension vscode.json-language-features, startup: false, activationEvent: 'onLanguage:jsonc'
2023-05-06 18:15:17.408 [info] ExtensionService#_doActivateExtension vscode.typescript-language-features, startup: false, activationEvent: 'onLanguage:jsonc'
2023-05-06 18:15:17.422 [info] ExtensionService#_doActivateExtension vscode.emmet, startup: false, activationEvent: 'onLanguage'
2023-05-06 18:15:17.676 [info] ExtensionService#_doActivateExtension vscode.git-base, startup: true, activationEvent: '*', root cause: vscode.git
2023-05-06 18:15:17.680 [info] ExtensionService#_doActivateExtension naumovs.color-highlight, startup: true, activationEvent: '*'
2023-05-06 18:15:17.692 [info] ExtensionService#_doActivateExtension TabNine.tabnine-vscode, startup: true, activationEvent: '*'
2023-05-06 18:15:17.713 [info] ExtensionService#_doActivateExtension vscodevim.vim, startup: true, activationEvent: '*'
2023-05-06 18:15:17.751 [info] ExtensionService#_doActivateExtension vscode.npm, startup: true, activationEvent: 'workspaceContains:package.json'
2023-05-06 18:15:17.837 [info] ExtensionService#_doActivateExtension vscode.git, startup: true, activationEvent: '*'
2023-05-06 18:15:17.858 [info] ExtensionService#_doActivateExtension vscode.github, startup: true, activationEvent: '*'
2023-05-06 18:15:18.059 [info] Eager extensions activated
2023-05-06 18:15:18.075 [info] ExtensionService#_doActivateExtension vscode.debug-auto-launch, startup: false, activationEvent: 'onStartupFinished'
2023-05-06 18:15:18.077 [info] ExtensionService#_doActivateExtension vscode.merge-conflict, startup: false, activationEvent: 'onStartupFinished'
2023-05-06 18:15:18.086 [info] ExtensionService#_doActivateExtension aaron-bond.better-comments, startup: false, activationEvent: 'onStartupFinished'
2023-05-06 18:15:18.092 [info] ExtensionService#_doActivateExtension cweijan.vscode-mysql-client2, startup: false, activationEvent: 'onStartupFinished'
2023-05-06 18:15:18.270 [info] ExtensionService#_doActivateExtension dbaeumer.vscode-eslint, startup: false, activationEvent: 'onStartupFinished'
2023-05-06 18:15:18.278 [info] ExtensionService#_doActivateExtension dsznajder.es7-react-js-snippets, startup: false, activationEvent: 'onStartupFinished'
2023-05-06 18:15:18.447 [info] ExtensionService#_doActivateExtension esbenp.prettier-vscode, startup: false, activationEvent: 'onStartupFinished'
2023-05-06 18:15:18.472 [info] ExtensionService#_doActivateExtension usernamehw.errorlens, startup: false, activationEvent: 'onStartupFinished'
2023-05-06 18:15:18.474 [info] ExtensionService#_doActivateExtension vscode-icons-team.vscode-icons, startup: false, activationEvent: 'onStartupFinished'
2023-05-06 18:15:37.040 [info] ExtensionService#_doActivateExtension vscode.extension-editing, startup: false, activationEvent: 'onLanguage:json'
2023-05-06 18:16:51.337 [info] ExtensionService#_doActivateExtension svelte.svelte-vscode, startup: false, activationEvent: 'onLanguage:javascript'
2023-05-06 18:24:21.823 [info] Extension host terminating: renderer closed the MessagePort
2023-05-06 18:24:21.849 [error] Canceled: Canceled
	at new l (/snap/code/127/usr/share/code/resources/app/out/vs/workbench/api/node/extensionHostProcess.js:98:104563)
	at a.O (/snap/code/127/usr/share/code/resources/app/out/vs/workbench/api/node/extensionHostProcess.js:110:11657)
	at H.<computed>.V.charCodeAt.H.<computed> (/snap/code/127/usr/share/code/resources/app/out/vs/workbench/api/node/extensionHostProcess.js:110:8947)
	at e.ExtHostCommands.g (/snap/code/127/usr/share/code/resources/app/out/vs/workbench/api/node/extensionHostProcess.js:98:124729)
	at e.ExtHostCommands.executeCommand (/snap/code/127/usr/share/code/resources/app/out/vs/workbench/api/node/extensionHostProcess.js:98:124105)
	at C.registerCommand.description (/snap/code/127/usr/share/code/resources/app/out/vs/workbench/api/node/extensionHostProcess.js:98:123398)
	at e.ExtHostCommands.h (/snap/code/127/usr/share/code/resources/app/out/vs/workbench/api/node/extensionHostProcess.js:98:125315)
	at e.ExtHostCommands.g (/snap/code/127/usr/share/code/resources/app/out/vs/workbench/api/node/extensionHostProcess.js:98:124205)
	at e.ExtHostCommands.executeCommand (/snap/code/127/usr/share/code/resources/app/out/vs/workbench/api/node/extensionHostProcess.js:98:124105)
	at Object.executeCommand (/snap/code/127/usr/share/code/resources/app/out/vs/workbench/api/node/extensionHostProcess.js:116:24043)
	at D (/snap/code/127/usr/share/code/resources/app/extensions/git/dist/main.js:2:1259661)
	at v.invoke (/snap/code/127/usr/share/code/resources/app/out/vs/workbench/api/node/extensionHostProcess.js:63:145)
	at h.deliver (/snap/code/127/usr/share/code/resources/app/out/vs/workbench/api/node/extensionHostProcess.js:63:2121)
	at i.fire (/snap/code/127/usr/share/code/resources/app/out/vs/workbench/api/node/extensionHostProcess.js:63:1729)
	at Object.m [as dispose] (/snap/code/127/usr/share/code/resources/app/extensions/git/dist/main.js:2:1274494)
	at /snap/code/127/usr/share/code/resources/app/extensions/git/dist/main.js:2:1278940
	at Array.forEach (<anonymous>)
	at g.dispose (/snap/code/127/usr/share/code/resources/app/extensions/git/dist/main.js:2:1278926)
	at t.<anonymous> (/snap/code/127/usr/share/code/resources/app/out/vs/workbench/api/node/extensionHostProcess.js:96:12369)
	at t.dispose (/snap/code/127/usr/share/code/resources/app/out/vs/workbench/api/node/extensionHostProcess.js:96:12504)
	at t.<anonymous> (/snap/code/127/usr/share/code/resources/app/extensions/git/dist/main.js:2:1261791)
	at t.dispose (/snap/code/127/usr/share/code/resources/app/out/vs/workbench/api/node/extensionHostProcess.js:96:12504)
	at T (/snap/code/127/usr/share/code/resources/app/out/vs/workbench/api/node/extensionHostProcess.js:10:12080)
	at v.Y (/snap/code/127/usr/share/code/resources/app/out/vs/workbench/api/node/extensionHostProcess.js:112:11173)
	at /snap/code/127/usr/share/code/resources/app/out/vs/workbench/api/node/extensionHostProcess.js:112:9157
	at Array.map (<anonymous>)
	at v.R (/snap/code/127/usr/share/code/resources/app/out/vs/workbench/api/node/extensionHostProcess.js:112:9144)
	at v.terminate (/snap/code/127/usr/share/code/resources/app/out/vs/workbench/api/node/extensionHostProcess.js:112:9415)
	at d.terminate (/snap/code/127/usr/share/code/resources/app/out/vs/workbench/api/node/extensionHostProcess.js:116:1544)
	at g (/snap/code/127/usr/share/code/resources/app/out/vs/workbench/api/node/extensionHostProcess.js:126:34439)
	at MessagePortMain.<anonymous> (/snap/code/127/usr/share/code/resources/app/out/vs/workbench/api/node/extensionHostProcess.js:126:30578)
	at MessagePortMain.emit (node:events:513:28)
	at MessagePortMain._internalPort.emit (node:electron/js2c/utility_init:2:367) setContext undefined
2023-05-06 18:24:21.850 [error] Canceled: Canceled
	at new l (/snap/code/127/usr/share/code/resources/app/out/vs/workbench/api/node/extensionHostProcess.js:98:104563)
	at a.O (/snap/code/127/usr/share/code/resources/app/out/vs/workbench/api/node/extensionHostProcess.js:110:11657)
	at H.<computed>.V.charCodeAt.H.<computed> (/snap/code/127/usr/share/code/resources/app/out/vs/workbench/api/node/extensionHostProcess.js:110:8947)
	at e.ExtHostCommands.g (/snap/code/127/usr/share/code/resources/app/out/vs/workbench/api/node/extensionHostProcess.js:98:124729)
	at e.ExtHostCommands.executeCommand (/snap/code/127/usr/share/code/resources/app/out/vs/workbench/api/node/extensionHostProcess.js:98:124105)
	at C.registerCommand.description (/snap/code/127/usr/share/code/resources/app/out/vs/workbench/api/node/extensionHostProcess.js:98:123398)
	at e.ExtHostCommands.h (/snap/code/127/usr/share/code/resources/app/out/vs/workbench/api/node/extensionHostProcess.js:98:125315)
	at e.ExtHostCommands.g (/snap/code/127/usr/share/code/resources/app/out/vs/workbench/api/node/extensionHostProcess.js:98:124205)
	at e.ExtHostCommands.executeCommand (/snap/code/127/usr/share/code/resources/app/out/vs/workbench/api/node/extensionHostProcess.js:98:124105)
	at Object.executeCommand (/snap/code/127/usr/share/code/resources/app/out/vs/workbench/api/node/extensionHostProcess.js:116:24043)
	at Object.dispose (/home/naman/.vscode/extensions/tabnine.tabnine-vscode-3.6.46/out/extension.js:17:101310)
	at /home/naman/.vscode/extensions/tabnine.tabnine-vscode-3.6.46/out/extension.js:17:30354
	at Array.forEach (<anonymous>)
	at f (/home/naman/.vscode/extensions/tabnine.tabnine-vscode-3.6.46/out/extension.js:17:30339)
	at Object.dispose (/home/naman/.vscode/extensions/tabnine.tabnine-vscode-3.6.46/out/extension.js:17:29757)
	at T (/snap/code/127/usr/share/code/resources/app/out/vs/workbench/api/node/extensionHostProcess.js:10:12080)
	at v.Y (/snap/code/127/usr/share/code/resources/app/out/vs/workbench/api/node/extensionHostProcess.js:112:11173)
	at /snap/code/127/usr/share/code/resources/app/out/vs/workbench/api/node/extensionHostProcess.js:112:9157
	at Array.map (<anonymous>)
	at v.R (/snap/code/127/usr/share/code/resources/app/out/vs/workbench/api/node/extensionHostProcess.js:112:9144)
	at v.terminate (/snap/code/127/usr/share/code/resources/app/out/vs/workbench/api/node/extensionHostProcess.js:112:9415)
	at d.terminate (/snap/code/127/usr/share/code/resources/app/out/vs/workbench/api/node/extensionHostProcess.js:116:1544)
	at g (/snap/code/127/usr/share/code/resources/app/out/vs/workbench/api/node/extensionHostProcess.js:126:34439)
	at MessagePortMain.<anonymous> (/snap/code/127/usr/share/code/resources/app/out/vs/workbench/api/node/extensionHostProcess.js:126:30578)
	at MessagePortMain.emit (node:events:513:28)
	at MessagePortMain._internalPort.emit (node:electron/js2c/utility_init:2:367) setContext undefined
2023-05-06 18:24:22.848 [info] Extension host with pid 56243 exiting with code 0
