2023-05-06 18:15:13.497 [info] Log level: Info
2023-05-06 18:15:13.498 [info] Validating found git in: "git"
2023-05-06 18:15:13.498 [info] Using git "2.39.2" from "git"
2023-05-06 18:15:13.498 [info] > git rev-parse --show-toplevel [5ms]
2023-05-06 18:15:13.498 [info] > git rev-parse --git-dir --git-common-dir [33ms]
2023-05-06 18:15:13.498 [info] Open repository: /home/naman/Desktop/Project/React Native/galaxyTiktok
2023-05-06 18:15:13.498 [info] > git rev-parse --show-toplevel [21ms]
2023-05-06 18:15:13.498 [info] > git rev-parse --show-toplevel [2ms]
2023-05-06 18:15:13.498 [info] > git config --get commit.template [24ms]
2023-05-06 18:15:13.498 [info] > git rev-parse --show-toplevel [16ms]
2023-05-06 18:15:13.498 [info] > git rev-parse --show-toplevel [33ms]
2023-05-06 18:15:13.505 [info] > git for-each-ref --format=%(refname)%00%(upstream:short)%00%(objectname)%00%(upstream:track)%00%(upstream:remotename)%00%(upstream:remoteref) refs/heads/master refs/remotes/master [36ms]
2023-05-06 18:15:14.083 [info] > git status -z -uall [566ms]
2023-05-06 18:15:14.083 [info] > git check-ignore -v -z --stdin [4ms]
2023-05-06 18:15:14.419 [info] > git config --get commit.template [118ms]
2023-05-06 18:15:14.456 [info] > git for-each-ref --format=%(refname)%00%(upstream:short)%00%(objectname)%00%(upstream:track)%00%(upstream:remotename)%00%(upstream:remoteref) refs/heads/master refs/remotes/master [3ms]
2023-05-06 18:15:14.568 [info] > git status -z -uall [99ms]
2023-05-06 18:15:17.953 [info] Log level: Info
2023-05-06 18:15:17.953 [info] Validating found git in: "git"
2023-05-06 18:15:17.953 [info] Using git "2.39.2" from "git"
2023-05-06 18:15:17.954 [info] > git rev-parse --show-toplevel [6ms]
2023-05-06 18:15:17.977 [info] > git rev-parse --git-dir --git-common-dir [15ms]
2023-05-06 18:15:17.983 [info] Open repository: /home/naman/Desktop/Project/React Native/galaxyTiktok
2023-05-06 18:15:18.014 [info] > git rev-parse --show-toplevel [21ms]
2023-05-06 18:15:18.027 [info] > git rev-parse --show-toplevel [4ms]
2023-05-06 18:15:18.035 [info] > git config --get commit.template [21ms]
2023-05-06 18:15:18.036 [info] > git rev-parse --show-toplevel [2ms]
2023-05-06 18:15:18.061 [info] > git for-each-ref --format=%(refname)%00%(upstream:short)%00%(objectname)%00%(upstream:track)%00%(upstream:remotename)%00%(upstream:remoteref) refs/heads/master refs/remotes/master [6ms]
2023-05-06 18:15:18.073 [info] > git rev-parse --show-toplevel [27ms]
2023-05-06 18:15:18.492 [info] > git status -z -uall [420ms]
2023-05-06 18:15:18.624 [info] > git check-ignore -v -z --stdin [59ms]
2023-05-06 18:15:18.626 [info] > git config --get commit.template [39ms]
2023-05-06 18:15:18.666 [info] > git for-each-ref --format=%(refname)%00%(upstream:short)%00%(objectname)%00%(upstream:track)%00%(upstream:remotename)%00%(upstream:remoteref) refs/heads/master refs/remotes/master [3ms]
2023-05-06 18:15:18.915 [info] > git status -z -uall [239ms]
2023-05-06 18:15:46.499 [info] > git for-each-ref --sort -committerdate --format %(refname) %(objectname) %(*objectname) [3ms]
2023-05-06 18:15:51.304 [info] > git for-each-ref --format %(refname:short)%00%(upstream:short) refs/heads [1ms]
2023-05-06 18:15:51.498 [info] > git checkout -q --track origin/release1 [179ms]
2023-05-06 18:15:51.527 [info] > git config --get commit.template [15ms]
2023-05-06 18:15:51.528 [info] > git for-each-ref --format=%(refname)%00%(upstream:short)%00%(objectname)%00%(upstream:track)%00%(upstream:remotename)%00%(upstream:remoteref) refs/heads/release1 refs/remotes/release1 [1ms]
2023-05-06 18:15:51.578 [info] > git status -z -uall [38ms]
2023-05-06 18:15:52.440 [info] > git check-ignore -v -z --stdin [1ms]
2023-05-06 18:16:37.840 [info] > git config --get commit.template [1ms]
2023-05-06 18:16:37.859 [info] > git for-each-ref --format=%(refname)%00%(upstream:short)%00%(objectname)%00%(upstream:track)%00%(upstream:remotename)%00%(upstream:remoteref) refs/heads/release1 refs/remotes/release1 [1ms]
2023-05-06 18:16:37.914 [info] > git status -z -uall [38ms]
2023-05-06 18:16:39.478 [info] > git for-each-ref --sort -committerdate --format %(refname) %(objectname) %(*objectname) [1ms]
2023-05-06 18:16:41.316 [info] > git for-each-ref --sort -committerdate --format %(refname) %(objectname) %(*objectname) [2ms]
2023-05-06 18:16:41.625 [info] > git for-each-ref --sort -committerdate --format %(refname) %(objectname) %(*objectname) [2ms]
2023-05-06 18:16:43.526 [info] > git for-each-ref --format %(refname:short)%00%(upstream:short) refs/heads [2ms]
2023-05-06 18:16:43.584 [info] > git checkout -q release1 [38ms]
2023-05-06 18:16:43.615 [info] > git config --get commit.template [16ms]
2023-05-06 18:16:43.638 [info] > git for-each-ref --format=%(refname)%00%(upstream:short)%00%(objectname)%00%(upstream:track)%00%(upstream:remotename)%00%(upstream:remoteref) refs/heads/release1 refs/remotes/release1 [25ms]
2023-05-06 18:16:43.654 [info] > git status -z -uall [4ms]
2023-05-06 18:16:44.731 [info] > git config --get commit.template [2ms]
2023-05-06 18:16:44.746 [info] > git for-each-ref --format=%(refname)%00%(upstream:short)%00%(objectname)%00%(upstream:track)%00%(upstream:remotename)%00%(upstream:remoteref) refs/heads/release1 refs/remotes/release1 [2ms]
2023-05-06 18:16:44.763 [info] > git status -z -uall [4ms]
2023-05-06 18:16:47.408 [info] > git check-ignore -v -z --stdin [1ms]
2023-05-06 18:16:48.963 [info] > git check-ignore -v -z --stdin [1ms]
2023-05-06 18:16:50.311 [info] > git check-ignore -v -z --stdin [1ms]
2023-05-06 18:16:51.640 [info] > git show --textconv :src/components/CustomButton/index.js [18ms]
2023-05-06 18:16:51.640 [info] > git ls-files --stage -- /home/naman/Desktop/Project/React Native/galaxyTiktok/src/components/CustomButton/index.js [2ms]
2023-05-06 18:16:51.723 [info] > git cat-file -s 64758180127593b9611860e52fbb1d2449ebe5bd [69ms]
2023-05-06 18:17:37.424 [info] > git check-ignore -v -z --stdin [5ms]
