2023-05-06 13:17:14.879 [info] Configuration changed
2023-05-06 13:17:14.879 [info] Configuration changed
2023-05-06 13:17:15.569 [info] Configuration changed
2023-05-06 13:17:15.583 [info] Configuration changed
2023-05-06 13:17:17.219 [info] /home/naman/.config/Code/User/settings.json closed
2023-05-06 13:17:17.459 [info] /home/naman/.config/Code/User/keybindings.json closed
2023-05-06 13:17:18.416 [info] /home/naman/.config/Code/User/profiles/7ea727a4/settings.json closed
2023-05-06 13:17:18.452 [info] /home/naman/.config/Code/User/profiles/7ea727a4/keybindings.json closed
2023-05-06 13:17:18.978 [info] /home/naman/.config/Code/User/profiles/7ea727a4/settings.json closed
2023-05-06 13:17:19.005 [info] Configuration changed
2023-05-06 13:20:25.000 [info] Active editor: file:///media/naman/New%20Volume/Projects/NestJs/harmonyApi/src/crypto/ethereum/account/account.service.ts
2023-05-06 13:20:25.520 [info] /home/naman/.config/Code/User/profiles/7ea727a4/settings.json closed
2023-05-06 13:21:18.388 [info] /home/naman/.config/Code/User/profiles/7ea727a4/settings.json closed
2023-05-06 13:21:18.468 [info] Configuration changed
2023-05-06 13:21:52.113 [info] /home/naman/.config/Code/User/profiles/7ea727a4/settings.json closed
2023-05-06 13:21:52.145 [info] Configuration changed
2023-05-06 13:21:52.285 [info] /home/naman/.config/Code/User/profiles/7ea727a4/settings.json closed
2023-05-06 13:21:52.319 [info] Configuration changed
2023-05-06 13:21:58.045 [info] /home/naman/.config/Code/User/profiles/7ea727a4/settings.json closed
2023-05-06 13:21:58.091 [info] Configuration changed
2023-05-06 13:21:58.952 [warning] invalid cursor position. [[1436, 7] | [1436, 7]].
2023-05-06 13:21:58.972 [warning] invalid cursor position. [[1435, 7] | [1435, 7]].
2023-05-06 13:21:59.044 [warning] invalid cursor position. [[1323, 7] | [1323, 7]].
2023-05-06 13:21:59.078 [warning] invalid cursor position. [[1322, 7] | [1322, 7]].
2023-05-06 13:21:59.151 [warning] invalid cursor position. [[1320, 7] | [1320, 7]].
2023-05-06 13:21:59.168 [warning] invalid cursor position. [[1319, 7] | [1319, 7]].
2023-05-06 13:21:59.468 [warning] invalid cursor position. [[1309, 7] | [1309, 7]].
2023-05-06 13:22:00.987 [warning] invalid cursor position. [[1294, 7] | [1294, 7]].
2023-05-06 13:22:01.063 [warning] invalid cursor position. [[1292, 7] | [1292, 7]].
2023-05-06 13:22:02.258 [warning] invalid cursor position. [[1276, 7] | [1276, 7]].
2023-05-06 13:22:02.676 [warning] invalid cursor position. [[1264, 7] | [1264, 7]].
2023-05-06 13:22:03.589 [warning] invalid cursor position. [[1261, 7] | [1261, 7]].
2023-05-06 13:22:03.739 [warning] invalid cursor position. [[1257, 7] | [1257, 7]].
2023-05-06 13:22:03.999 [warning] invalid cursor position. [[1252, 7] | [1252, 7]].
2023-05-06 13:22:04.105 [warning] invalid cursor position. [[1250, 7] | [1250, 7]].
2023-05-06 13:22:04.772 [warning] invalid cursor position. [[1244, 7] | [1244, 7]].
2023-05-06 13:22:04.817 [warning] invalid cursor position. [[1243, 7] | [1243, 7]].
2023-05-06 13:22:04.893 [warning] invalid cursor position. [[1241, 7] | [1241, 7]].
2023-05-06 13:22:04.928 [warning] invalid cursor position. [[1240, 7] | [1240, 7]].
2023-05-06 13:22:05.993 [warning] invalid cursor position. [[1240, 7] | [1240, 7]].
2023-05-06 13:22:06.031 [warning] invalid cursor position. [[1241, 7] | [1241, 7]].
2023-05-06 13:22:06.107 [warning] invalid cursor position. [[1243, 7] | [1243, 7]].
2023-05-06 13:22:06.143 [warning] invalid cursor position. [[1244, 7] | [1244, 7]].
2023-05-06 13:22:06.370 [warning] invalid cursor position. [[1250, 7] | [1250, 7]].
2023-05-06 13:22:06.930 [warning] invalid cursor position. [[1250, 7] | [1250, 7]].
2023-05-06 13:22:42.483 [warning] invalid cursor position. [[1436, 2] | [1436, 2]].
2023-05-06 13:22:42.575 [warning] invalid cursor position. [[1433, 2] | [1433, 2]].
2023-05-06 13:22:43.495 [warning] invalid cursor position. [[1405, 2] | [1405, 2]].
2023-05-06 13:22:43.719 [warning] invalid cursor position. [[1398, 2] | [1398, 2]].
2023-05-06 13:22:44.167 [warning] invalid cursor position. [[1388, 2] | [1388, 2]].
2023-05-06 13:22:44.461 [warning] invalid cursor position. [[1380, 2] | [1380, 2]].
2023-05-06 13:22:44.539 [warning] invalid cursor position. [[1378, 2] | [1378, 2]].
2023-05-06 13:22:45.318 [warning] invalid cursor position. [[1359, 2] | [1359, 2]].
2023-05-06 13:22:45.691 [warning] invalid cursor position. [[1348, 2] | [1348, 2]].
2023-05-06 13:22:46.058 [warning] invalid cursor position. [[1336, 2] | [1336, 2]].
2023-05-06 13:22:46.451 [warning] invalid cursor position. [[1328, 2] | [1328, 2]].
2023-05-06 13:22:46.607 [warning] invalid cursor position. [[1323, 2] | [1323, 2]].
2023-05-06 13:22:47.279 [warning] invalid cursor position. [[1323, 2] | [1323, 2]].
2023-05-06 13:22:52.536 [warning] invalid cursor position. [[1323, 2] | [1323, 2]].
2023-05-06 13:22:53.138 [warning] invalid cursor position. [[1320, 2] | [1320, 2]].
2023-05-06 13:22:53.452 [warning] invalid cursor position. [[1309, 2] | [1309, 2]].
2023-05-06 13:22:53.653 [warning] invalid cursor position. [[1309, 2] | [1309, 2]].
2023-05-06 13:22:54.366 [warning] invalid cursor position. [[1309, 2] | [1309, 2]].
2023-05-06 13:22:55.388 [warning] invalid cursor position. [[1294, 2] | [1294, 2]].
2023-05-06 13:22:55.458 [warning] invalid cursor position. [[1292, 2] | [1292, 2]].
2023-05-06 13:22:55.934 [warning] invalid cursor position. [[1276, 2] | [1276, 2]].
2023-05-06 13:22:56.867 [warning] invalid cursor position. [[1264, 2] | [1264, 2]].
2023-05-06 13:22:56.958 [warning] invalid cursor position. [[1261, 2] | [1261, 2]].
2023-05-06 13:22:57.088 [warning] invalid cursor position. [[1257, 2] | [1257, 2]].
2023-05-06 13:22:57.253 [warning] invalid cursor position. [[1252, 2] | [1252, 2]].
2023-05-06 13:22:57.332 [warning] invalid cursor position. [[1250, 2] | [1250, 2]].
2023-05-06 13:22:57.553 [warning] invalid cursor position. [[1244, 2] | [1244, 2]].
2023-05-06 13:22:57.664 [warning] invalid cursor position. [[1241, 2] | [1241, 2]].
2023-05-06 13:23:00.423 [warning] invalid cursor position. [[1241, 2] | [1241, 2]].
2023-05-06 13:23:00.982 [warning] invalid cursor position. [[1244, 2] | [1244, 2]].
2023-05-06 13:23:02.981 [warning] invalid cursor position. [[1244, 2] | [1244, 2]].
2023-05-06 13:23:03.570 [warning] invalid cursor position. [[1241, 2] | [1241, 2]].
2023-05-06 13:23:03.885 [warning] invalid cursor position. [[1230, 2] | [1230, 2]].
2023-05-06 13:23:04.231 [warning] invalid cursor position. [[1219, 2] | [1219, 2]].
2023-05-06 13:23:04.504 [warning] invalid cursor position. [[1212, 2] | [1212, 2]].
2023-05-06 13:23:04.570 [warning] invalid cursor position. [[1210, 2] | [1210, 2]].
2023-05-06 13:23:05.018 [warning] invalid cursor position. [[1194, 2] | [1194, 2]].
2023-05-06 13:23:05.383 [warning] invalid cursor position. [[1182, 2] | [1182, 2]].
2023-05-06 13:23:05.444 [warning] invalid cursor position. [[1180, 2] | [1180, 2]].
2023-05-06 13:23:10.565 [warning] invalid cursor position. [[1178, 2] | [1178, 2]].
2023-05-06 13:23:10.655 [warning] invalid cursor position. [[1176, 2] | [1176, 2]].
2023-05-06 13:23:10.813 [warning] invalid cursor position. [[1171, 2] | [1171, 2]].
2023-05-06 13:23:10.881 [warning] invalid cursor position. [[1169, 2] | [1169, 2]].
2023-05-06 13:23:11.097 [warning] invalid cursor position. [[1163, 2] | [1163, 2]].
2023-05-06 13:23:11.192 [warning] invalid cursor position. [[1160, 2] | [1160, 2]].
2023-05-06 13:23:12.077 [warning] invalid cursor position. [[1160, 2] | [1160, 2]].
2023-05-06 13:23:12.599 [warning] invalid cursor position. [[1163, 2] | [1163, 2]].
2023-05-06 13:23:14.189 [warning] invalid cursor position. [[1163, 2] | [1163, 2]].
2023-05-06 13:23:14.759 [warning] invalid cursor position. [[1160, 2] | [1160, 2]].
2023-05-06 13:23:15.089 [warning] invalid cursor position. [[1149, 2] | [1149, 2]].
2023-05-06 13:23:15.584 [warning] invalid cursor position. [[1137, 2] | [1137, 2]].
2023-05-06 13:23:15.932 [warning] invalid cursor position. [[1127, 2] | [1127, 2]].
2023-05-06 13:23:16.175 [warning] invalid cursor position. [[1120, 2] | [1120, 2]].
2023-05-06 13:23:16.253 [warning] invalid cursor position. [[1118, 2] | [1118, 2]].
2023-05-06 13:23:17.288 [warning] invalid cursor position. [[1099, 2] | [1099, 2]].
2023-05-06 13:23:17.690 [warning] invalid cursor position. [[1087, 2] | [1087, 2]].
2023-05-06 13:23:17.799 [warning] invalid cursor position. [[1085, 2] | [1085, 2]].
2023-05-06 13:23:17.885 [warning] invalid cursor position. [[1083, 2] | [1083, 2]].
2023-05-06 13:23:17.996 [warning] invalid cursor position. [[1079, 2] | [1079, 2]].
2023-05-06 13:23:18.154 [warning] invalid cursor position. [[1074, 2] | [1074, 2]].
2023-05-06 13:23:18.224 [warning] invalid cursor position. [[1072, 2] | [1072, 2]].
2023-05-06 13:23:18.395 [warning] invalid cursor position. [[1066, 2] | [1066, 2]].
2023-05-06 13:23:18.493 [warning] invalid cursor position. [[1063, 2] | [1063, 2]].
2023-05-06 13:23:18.833 [warning] invalid cursor position. [[1052, 2] | [1052, 2]].
2023-05-06 13:23:19.170 [warning] invalid cursor position. [[1040, 2] | [1040, 2]].
2023-05-06 13:23:20.123 [warning] invalid cursor position. [[1040, 2] | [1040, 2]].
2023-05-06 13:23:20.487 [warning] invalid cursor position. [[1052, 2] | [1052, 2]].
2023-05-06 13:23:20.832 [warning] invalid cursor position. [[1063, 2] | [1063, 2]].
2023-05-06 13:23:21.264 [warning] invalid cursor position. [[1066, 2] | [1066, 2]].
2023-05-06 13:23:22.938 [warning] invalid cursor position. [[1066, 2] | [1066, 2]].
2023-05-06 13:23:23.506 [warning] invalid cursor position. [[1063, 2] | [1063, 2]].
2023-05-06 13:23:23.842 [warning] invalid cursor position. [[1052, 2] | [1052, 2]].
2023-05-06 13:23:24.255 [warning] invalid cursor position. [[1040, 2] | [1040, 2]].
2023-05-06 13:23:24.550 [warning] invalid cursor position. [[1030, 2] | [1030, 2]].
2023-05-06 13:23:24.779 [warning] invalid cursor position. [[1023, 2] | [1023, 2]].
2023-05-06 13:23:24.840 [warning] invalid cursor position. [[1021, 2] | [1021, 2]].
2023-05-06 13:23:25.496 [warning] invalid cursor position. [[1002, 2] | [1002, 2]].
2023-05-06 13:23:25.931 [warning] invalid cursor position. [[990, 2] | [990, 2]].
2023-05-06 13:23:26.049 [warning] invalid cursor position. [[988, 2] | [988, 2]].
2023-05-06 13:23:26.144 [warning] invalid cursor position. [[986, 2] | [986, 2]].
2023-05-06 13:23:26.296 [warning] invalid cursor position. [[982, 2] | [982, 2]].
2023-05-06 13:23:26.467 [warning] invalid cursor position. [[977, 2] | [977, 2]].
2023-05-06 13:23:26.531 [warning] invalid cursor position. [[977, 2] | [977, 2]].
2023-05-06 13:23:27.472 [warning] invalid cursor position. [[975, 2] | [975, 2]].
2023-05-06 13:23:27.680 [warning] invalid cursor position. [[969, 2] | [969, 2]].
2023-05-06 13:23:27.782 [warning] invalid cursor position. [[966, 2] | [966, 2]].
2023-05-06 13:23:28.660 [warning] invalid cursor position. [[966, 2] | [966, 2]].
2023-05-06 13:23:28.756 [warning] invalid cursor position. [[969, 2] | [969, 2]].
2023-05-06 13:23:30.497 [warning] invalid cursor position. [[969, 2] | [969, 2]].
2023-05-06 13:23:31.063 [warning] invalid cursor position. [[966, 2] | [966, 2]].
2023-05-06 13:23:31.554 [warning] invalid cursor position. [[951, 2] | [951, 2]].
2023-05-06 13:23:31.943 [warning] invalid cursor position. [[938, 2] | [938, 2]].
2023-05-06 13:23:32.217 [warning] invalid cursor position. [[931, 2] | [931, 2]].
2023-05-06 13:23:32.626 [warning] invalid cursor position. [[921, 2] | [921, 2]].
2023-05-06 13:23:32.880 [warning] invalid cursor position. [[914, 2] | [914, 2]].
2023-05-06 13:23:32.956 [warning] invalid cursor position. [[912, 2] | [912, 2]].
2023-05-06 13:23:33.709 [warning] invalid cursor position. [[893, 2] | [893, 2]].
2023-05-06 13:23:34.088 [warning] invalid cursor position. [[882, 2] | [882, 2]].
2023-05-06 13:23:34.525 [warning] invalid cursor position. [[870, 2] | [870, 2]].
2023-05-06 13:23:34.589 [warning] invalid cursor position. [[868, 2] | [868, 2]].
2023-05-06 13:23:34.652 [warning] invalid cursor position. [[866, 2] | [866, 2]].
2023-05-06 13:23:34.710 [warning] invalid cursor position. [[864, 2] | [864, 2]].
2023-05-06 13:23:34.867 [warning] invalid cursor position. [[859, 2] | [859, 2]].
2023-05-06 13:23:35.093 [warning] invalid cursor position. [[853, 2] | [853, 2]].
2023-05-06 13:23:35.234 [warning] invalid cursor position. [[850, 2] | [850, 2]].
2023-05-06 13:23:35.402 [warning] invalid cursor position. [[844, 2] | [844, 2]].
2023-05-06 13:23:36.221 [warning] invalid cursor position. [[844, 2] | [844, 2]].
2023-05-06 13:23:36.399 [warning] invalid cursor position. [[850, 2] | [850, 2]].
2023-05-06 13:23:36.498 [warning] invalid cursor position. [[853, 2] | [853, 2]].
2023-05-06 13:23:38.235 [warning] invalid cursor position. [[853, 2] | [853, 2]].
2023-05-06 13:23:38.807 [warning] invalid cursor position. [[850, 2] | [850, 2]].
2023-05-06 13:23:38.986 [warning] invalid cursor position. [[844, 2] | [844, 2]].
2023-05-06 13:23:39.139 [warning] invalid cursor position. [[839, 2] | [839, 2]].
2023-05-06 13:23:39.913 [warning] invalid cursor position. [[815, 2] | [815, 2]].
2023-05-06 13:23:40.163 [warning] invalid cursor position. [[808, 2] | [808, 2]].
2023-05-06 13:23:40.501 [warning] invalid cursor position. [[798, 2] | [798, 2]].
2023-05-06 13:23:40.725 [warning] invalid cursor position. [[791, 2] | [791, 2]].
2023-05-06 13:23:40.784 [warning] invalid cursor position. [[789, 2] | [789, 2]].
2023-05-06 13:23:41.040 [warning] invalid cursor position. [[783, 2] | [783, 2]].
2023-05-06 13:23:41.209 [warning] invalid cursor position. [[778, 2] | [778, 2]].
2023-05-06 13:23:41.337 [warning] invalid cursor position. [[774, 2] | [774, 2]].
2023-05-06 13:23:41.430 [warning] invalid cursor position. [[771, 2] | [771, 2]].
2023-05-06 13:23:41.818 [warning] invalid cursor position. [[759, 2] | [759, 2]].
2023-05-06 13:23:41.890 [warning] invalid cursor position. [[757, 2] | [757, 2]].
2023-05-06 13:23:42.030 [warning] invalid cursor position. [[753, 2] | [753, 2]].
2023-05-06 13:23:42.096 [warning] invalid cursor position. [[751, 2] | [751, 2]].
2023-05-06 13:23:42.422 [warning] invalid cursor position. [[739, 2] | [739, 2]].
2023-05-06 13:23:42.719 [warning] invalid cursor position. [[731, 2] | [731, 2]].
2023-05-06 13:23:42.940 [warning] invalid cursor position. [[724, 2] | [724, 2]].
2023-05-06 13:23:43.267 [warning] invalid cursor position. [[713, 2] | [713, 2]].
2023-05-06 13:23:43.486 [warning] invalid cursor position. [[706, 2] | [706, 2]].
2023-05-06 13:23:43.599 [warning] invalid cursor position. [[702, 2] | [702, 2]].
2023-05-06 13:23:43.839 [warning] invalid cursor position. [[702, 2] | [702, 2]].
2023-05-06 13:23:44.469 [warning] invalid cursor position. [[706, 2] | [706, 2]].
2023-05-06 13:23:44.735 [warning] invalid cursor position. [[713, 2] | [713, 2]].
2023-05-06 13:23:45.063 [warning] invalid cursor position. [[724, 2] | [724, 2]].
2023-05-06 13:23:45.276 [warning] invalid cursor position. [[731, 2] | [731, 2]].
2023-05-06 13:23:45.467 [warning] invalid cursor position. [[739, 2] | [739, 2]].
2023-05-06 13:23:49.321 [warning] invalid cursor position. [[739, 2] | [739, 2]].
2023-05-06 13:23:49.591 [warning] invalid cursor position. [[731, 2] | [731, 2]].
2023-05-06 13:23:49.792 [warning] invalid cursor position. [[724, 2] | [724, 2]].
2023-05-06 13:23:50.160 [warning] invalid cursor position. [[713, 2] | [713, 2]].
2023-05-06 13:23:50.380 [warning] invalid cursor position. [[706, 2] | [706, 2]].
2023-05-06 13:23:50.458 [warning] invalid cursor position. [[702, 2] | [702, 2]].
2023-05-06 13:23:50.522 [warning] invalid cursor position. [[700, 2] | [700, 2]].
2023-05-06 13:23:50.799 [warning] invalid cursor position. [[691, 2] | [691, 2]].
2023-05-06 13:23:50.934 [warning] invalid cursor position. [[687, 2] | [687, 2]].
2023-05-06 13:23:51.098 [warning] invalid cursor position. [[683, 2] | [683, 2]].
2023-05-06 13:23:51.219 [warning] invalid cursor position. [[679, 2] | [679, 2]].
2023-05-06 13:23:51.286 [warning] invalid cursor position. [[677, 2] | [677, 2]].
2023-05-06 13:23:51.342 [warning] invalid cursor position. [[675, 2] | [675, 2]].
2023-05-06 13:23:51.414 [warning] invalid cursor position. [[672, 2] | [672, 2]].
2023-05-06 13:23:51.506 [warning] invalid cursor position. [[669, 2] | [669, 2]].
2023-05-06 13:23:51.571 [warning] invalid cursor position. [[667, 2] | [667, 2]].
2023-05-06 13:23:51.637 [warning] invalid cursor position. [[665, 2] | [665, 2]].
2023-05-06 13:23:51.701 [warning] invalid cursor position. [[663, 2] | [663, 2]].
2023-05-06 13:23:51.755 [warning] invalid cursor position. [[661, 2] | [661, 2]].
2023-05-06 13:23:52.419 [warning] invalid cursor position. [[661, 2] | [661, 2]].
2023-05-06 13:23:52.491 [warning] invalid cursor position. [[663, 2] | [663, 2]].
2023-05-06 13:23:52.555 [warning] invalid cursor position. [[665, 2] | [665, 2]].
2023-05-06 13:23:52.615 [warning] invalid cursor position. [[667, 2] | [667, 2]].
2023-05-06 13:23:52.677 [warning] invalid cursor position. [[669, 2] | [669, 2]].
2023-05-06 13:23:52.757 [warning] invalid cursor position. [[672, 2] | [672, 2]].
2023-05-06 13:23:52.859 [warning] invalid cursor position. [[675, 2] | [675, 2]].
2023-05-06 13:23:53.209 [warning] invalid cursor position. [[677, 2] | [677, 2]].
2023-05-06 13:23:53.592 [warning] invalid cursor position. [[679, 2] | [679, 2]].
2023-05-06 13:23:55.224 [warning] invalid cursor position. [[679, 2] | [679, 2]].
2023-05-06 13:23:55.758 [warning] invalid cursor position. [[677, 2] | [677, 2]].
2023-05-06 13:23:55.825 [warning] invalid cursor position. [[675, 2] | [675, 2]].
2023-05-06 13:23:55.937 [warning] invalid cursor position. [[672, 2] | [672, 2]].
2023-05-06 13:23:56.017 [warning] invalid cursor position. [[669, 2] | [669, 2]].
2023-05-06 13:23:56.064 [warning] invalid cursor position. [[667, 2] | [667, 2]].
2023-05-06 13:23:56.133 [warning] invalid cursor position. [[665, 2] | [665, 2]].
2023-05-06 13:23:56.192 [warning] invalid cursor position. [[663, 2] | [663, 2]].
2023-05-06 13:23:56.255 [warning] invalid cursor position. [[661, 2] | [661, 2]].
2023-05-06 13:23:56.340 [warning] invalid cursor position. [[658, 2] | [658, 2]].
2023-05-06 13:23:56.444 [warning] invalid cursor position. [[655, 2] | [655, 2]].
2023-05-06 13:23:56.494 [warning] invalid cursor position. [[653, 2] | [653, 2]].
2023-05-06 13:23:56.990 [warning] invalid cursor position. [[637, 2] | [637, 2]].
2023-05-06 13:24:00.468 [warning] invalid cursor position. [[637, 3] | [637, 3]].
2023-05-06 13:24:03.607 [warning] invalid cursor position. [[491, 74] | [491, 74]].
2023-05-06 13:24:04.105 [warning] invalid cursor position. [[490, 74] | [490, 74]].
2023-05-06 13:24:04.156 [warning] invalid cursor position. [[489, 74] | [489, 74]].
2023-05-06 13:24:04.185 [warning] invalid cursor position. [[488, 74] | [488, 74]].
2023-05-06 13:24:04.205 [warning] invalid cursor position. [[487, 74] | [487, 74]].
2023-05-06 13:24:04.239 [warning] invalid cursor position. [[486, 74] | [486, 74]].
2023-05-06 13:24:04.276 [warning] invalid cursor position. [[485, 74] | [485, 74]].
2023-05-06 13:24:04.317 [warning] invalid cursor position. [[484, 74] | [484, 74]].
2023-05-06 13:24:04.355 [warning] invalid cursor position. [[483, 74] | [483, 74]].
2023-05-06 13:24:04.387 [warning] invalid cursor position. [[482, 74] | [482, 74]].
2023-05-06 13:24:04.416 [warning] invalid cursor position. [[481, 74] | [481, 74]].
2023-05-06 13:24:04.437 [warning] invalid cursor position. [[480, 74] | [480, 74]].
2023-05-06 13:24:04.471 [warning] invalid cursor position. [[479, 74] | [479, 74]].
2023-05-06 13:24:04.505 [warning] invalid cursor position. [[478, 74] | [478, 74]].
2023-05-06 13:24:04.540 [warning] invalid cursor position. [[477, 74] | [477, 74]].
2023-05-06 13:24:04.574 [warning] invalid cursor position. [[476, 74] | [476, 74]].
2023-05-06 13:24:04.588 [warning] invalid cursor position. [[475, 74] | [475, 74]].
2023-05-06 13:24:04.625 [warning] invalid cursor position. [[474, 74] | [474, 74]].
2023-05-06 13:24:04.655 [warning] invalid cursor position. [[473, 74] | [473, 74]].
2023-05-06 13:24:04.687 [warning] invalid cursor position. [[472, 74] | [472, 74]].
2023-05-06 13:24:04.734 [warning] invalid cursor position. [[471, 74] | [471, 74]].
2023-05-06 13:24:04.787 [warning] invalid cursor position. [[470, 74] | [470, 74]].
2023-05-06 13:24:04.839 [warning] invalid cursor position. [[469, 74] | [469, 74]].
2023-05-06 13:24:04.920 [warning] invalid cursor position. [[467, 74] | [467, 74]].
2023-05-06 13:24:04.960 [warning] invalid cursor position. [[466, 74] | [466, 74]].
2023-05-06 13:24:05.000 [warning] invalid cursor position. [[465, 74] | [465, 74]].
2023-05-06 13:24:05.039 [warning] invalid cursor position. [[464, 74] | [464, 74]].
2023-05-06 13:24:05.073 [warning] invalid cursor position. [[463, 74] | [463, 74]].
2023-05-06 13:24:05.098 [warning] invalid cursor position. [[462, 74] | [462, 74]].
2023-05-06 13:24:05.133 [warning] invalid cursor position. [[461, 74] | [461, 74]].
2023-05-06 13:24:05.165 [warning] invalid cursor position. [[460, 74] | [460, 74]].
2023-05-06 13:24:05.203 [warning] invalid cursor position. [[459, 74] | [459, 74]].
2023-05-06 13:24:05.232 [warning] invalid cursor position. [[458, 74] | [458, 74]].
2023-05-06 13:24:05.265 [warning] invalid cursor position. [[457, 74] | [457, 74]].
2023-05-06 13:24:05.307 [warning] invalid cursor position. [[456, 74] | [456, 74]].
2023-05-06 13:24:05.362 [warning] invalid cursor position. [[455, 74] | [455, 74]].
2023-05-06 13:24:05.414 [warning] invalid cursor position. [[454, 74] | [454, 74]].
2023-05-06 13:24:05.458 [warning] invalid cursor position. [[453, 74] | [453, 74]].
2023-05-06 13:24:05.518 [warning] invalid cursor position. [[452, 74] | [452, 74]].
2023-05-06 13:24:05.575 [warning] invalid cursor position. [[451, 74] | [451, 74]].
2023-05-06 13:24:05.616 [warning] invalid cursor position. [[450, 74] | [450, 74]].
2023-05-06 13:24:05.665 [warning] invalid cursor position. [[449, 74] | [449, 74]].
2023-05-06 13:24:05.692 [warning] invalid cursor position. [[448, 74] | [448, 74]].
2023-05-06 13:24:05.731 [warning] invalid cursor position. [[447, 74] | [447, 74]].
2023-05-06 13:24:05.765 [warning] invalid cursor position. [[446, 74] | [446, 74]].
2023-05-06 13:24:05.794 [warning] invalid cursor position. [[445, 74] | [445, 74]].
2023-05-06 13:24:05.840 [warning] invalid cursor position. [[444, 74] | [444, 74]].
2023-05-06 13:24:05.887 [warning] invalid cursor position. [[443, 74] | [443, 74]].
2023-05-06 13:24:05.965 [warning] invalid cursor position. [[441, 74] | [441, 74]].
2023-05-06 13:24:06.001 [warning] invalid cursor position. [[440, 74] | [440, 74]].
2023-05-06 13:24:06.054 [warning] invalid cursor position. [[439, 74] | [439, 74]].
2023-05-06 13:24:06.095 [warning] invalid cursor position. [[438, 74] | [438, 74]].
2023-05-06 13:24:06.148 [warning] invalid cursor position. [[437, 74] | [437, 74]].
2023-05-06 13:24:06.194 [warning] invalid cursor position. [[436, 74] | [436, 74]].
2023-05-06 13:24:06.236 [warning] invalid cursor position. [[435, 74] | [435, 74]].
2023-05-06 13:24:06.296 [warning] invalid cursor position. [[434, 74] | [434, 74]].
2023-05-06 13:24:06.359 [warning] invalid cursor position. [[433, 74] | [433, 74]].
2023-05-06 13:24:06.413 [warning] invalid cursor position. [[432, 74] | [432, 74]].
2023-05-06 13:24:06.464 [warning] invalid cursor position. [[431, 74] | [431, 74]].
2023-05-06 13:24:06.519 [warning] invalid cursor position. [[430, 74] | [430, 74]].
2023-05-06 13:24:06.566 [warning] invalid cursor position. [[429, 74] | [429, 74]].
2023-05-06 13:24:06.607 [warning] invalid cursor position. [[428, 74] | [428, 74]].
2023-05-06 13:24:06.643 [warning] invalid cursor position. [[427, 74] | [427, 74]].
2023-05-06 13:24:06.682 [warning] invalid cursor position. [[426, 74] | [426, 74]].
2023-05-06 13:24:06.721 [warning] invalid cursor position. [[425, 74] | [425, 74]].
2023-05-06 13:24:06.766 [warning] invalid cursor position. [[424, 74] | [424, 74]].
2023-05-06 13:24:06.792 [warning] invalid cursor position. [[423, 74] | [423, 74]].
2023-05-06 13:24:06.823 [warning] invalid cursor position. [[422, 74] | [422, 74]].
2023-05-06 13:24:06.858 [warning] invalid cursor position. [[421, 74] | [421, 74]].
2023-05-06 13:24:06.886 [warning] invalid cursor position. [[420, 74] | [420, 74]].
2023-05-06 13:24:06.917 [warning] invalid cursor position. [[419, 74] | [419, 74]].
2023-05-06 13:24:06.947 [warning] invalid cursor position. [[418, 74] | [418, 74]].
2023-05-06 13:24:06.985 [warning] invalid cursor position. [[417, 74] | [417, 74]].
2023-05-06 13:24:07.011 [warning] invalid cursor position. [[416, 74] | [416, 74]].
2023-05-06 13:24:07.059 [warning] invalid cursor position. [[415, 74] | [415, 74]].
2023-05-06 13:24:07.117 [warning] invalid cursor position. [[414, 74] | [414, 74]].
2023-05-06 13:24:07.163 [warning] invalid cursor position. [[413, 74] | [413, 74]].
2023-05-06 13:24:07.196 [warning] invalid cursor position. [[412, 74] | [412, 74]].
2023-05-06 13:24:07.224 [warning] invalid cursor position. [[411, 74] | [411, 74]].
2023-05-06 13:24:07.258 [warning] invalid cursor position. [[410, 74] | [410, 74]].
2023-05-06 13:24:07.292 [warning] invalid cursor position. [[409, 74] | [409, 74]].
2023-05-06 13:24:07.327 [warning] invalid cursor position. [[408, 74] | [408, 74]].
2023-05-06 13:24:07.356 [warning] invalid cursor position. [[407, 74] | [407, 74]].
2023-05-06 13:24:07.393 [warning] invalid cursor position. [[406, 74] | [406, 74]].
2023-05-06 13:24:07.418 [warning] invalid cursor position. [[405, 74] | [405, 74]].
2023-05-06 13:24:07.448 [warning] invalid cursor position. [[404, 74] | [404, 74]].
2023-05-06 13:24:07.479 [warning] invalid cursor position. [[403, 74] | [403, 74]].
2023-05-06 13:24:07.511 [warning] invalid cursor position. [[402, 74] | [402, 74]].
2023-05-06 13:24:07.543 [warning] invalid cursor position. [[401, 74] | [401, 74]].
2023-05-06 13:24:07.578 [warning] invalid cursor position. [[400, 74] | [400, 74]].
2023-05-06 13:24:07.621 [warning] invalid cursor position. [[399, 74] | [399, 74]].
2023-05-06 13:24:07.658 [warning] invalid cursor position. [[398, 74] | [398, 74]].
2023-05-06 13:24:07.690 [warning] invalid cursor position. [[397, 74] | [397, 74]].
2023-05-06 13:24:07.723 [warning] invalid cursor position. [[396, 74] | [396, 74]].
2023-05-06 13:24:07.756 [warning] invalid cursor position. [[395, 74] | [395, 74]].
2023-05-06 13:24:07.787 [warning] invalid cursor position. [[394, 74] | [394, 74]].
2023-05-06 13:24:07.817 [warning] invalid cursor position. [[393, 74] | [393, 74]].
2023-05-06 13:24:07.848 [warning] invalid cursor position. [[392, 74] | [392, 74]].
2023-05-06 13:24:07.887 [warning] invalid cursor position. [[391, 74] | [391, 74]].
2023-05-06 13:24:07.924 [warning] invalid cursor position. [[390, 74] | [390, 74]].
2023-05-06 13:24:07.978 [warning] invalid cursor position. [[389, 74] | [389, 74]].
2023-05-06 13:24:08.047 [warning] invalid cursor position. [[388, 74] | [388, 74]].
2023-05-06 13:24:08.093 [warning] invalid cursor position. [[387, 74] | [387, 74]].
2023-05-06 13:24:08.120 [warning] invalid cursor position. [[386, 74] | [386, 74]].
2023-05-06 13:24:08.151 [warning] invalid cursor position. [[385, 74] | [385, 74]].
2023-05-06 13:24:08.187 [warning] invalid cursor position. [[384, 74] | [384, 74]].
2023-05-06 13:24:08.224 [warning] invalid cursor position. [[383, 74] | [383, 74]].
2023-05-06 13:24:08.265 [warning] invalid cursor position. [[382, 74] | [382, 74]].
2023-05-06 13:24:08.302 [warning] invalid cursor position. [[381, 74] | [381, 74]].
2023-05-06 13:24:08.369 [warning] invalid cursor position. [[379, 74] | [379, 74]].
2023-05-06 13:24:08.404 [warning] invalid cursor position. [[378, 74] | [378, 74]].
2023-05-06 13:24:08.438 [warning] invalid cursor position. [[377, 74] | [377, 74]].
2023-05-06 13:24:08.481 [warning] invalid cursor position. [[376, 74] | [376, 74]].
2023-05-06 13:24:08.516 [warning] invalid cursor position. [[375, 74] | [375, 74]].
2023-05-06 13:24:13.506 [warning] invalid cursor position. [[401, 2] | [401, 2]].
2023-05-06 13:24:14.084 [warning] invalid cursor position. [[398, 2] | [398, 2]].
2023-05-06 13:24:14.416 [warning] invalid cursor position. [[387, 2] | [387, 2]].
2023-05-06 13:24:14.787 [warning] invalid cursor position. [[375, 2] | [375, 2]].
2023-05-06 13:24:15.110 [warning] invalid cursor position. [[365, 2] | [365, 2]].
2023-05-06 13:24:15.321 [warning] invalid cursor position. [[358, 2] | [358, 2]].
2023-05-06 13:24:15.407 [warning] invalid cursor position. [[356, 2] | [356, 2]].
2023-05-06 13:24:15.988 [warning] invalid cursor position. [[336, 2] | [336, 2]].
2023-05-06 13:24:16.048 [warning] invalid cursor position. [[334, 2] | [334, 2]].
2023-05-06 13:24:16.426 [warning] invalid cursor position. [[322, 2] | [322, 2]].
2023-05-06 13:24:16.567 [warning] invalid cursor position. [[317, 2] | [317, 2]].
2023-05-06 13:24:16.919 [warning] invalid cursor position. [[305, 2] | [305, 2]].
2023-05-06 13:24:17.131 [warning] invalid cursor position. [[300, 2] | [300, 2]].
2023-05-06 13:24:18.634 [warning] invalid cursor position. [[300, 2] | [300, 2]].
2023-05-06 13:24:18.795 [warning] invalid cursor position. [[305, 2] | [305, 2]].
2023-05-06 13:24:20.741 [warning] invalid cursor position. [[305, 2] | [305, 2]].
2023-05-06 13:24:21.389 [warning] invalid cursor position. [[300, 2] | [300, 2]].
2023-05-06 13:24:22.025 [warning] invalid cursor position. [[280, 2] | [280, 2]].
2023-05-06 13:24:22.165 [warning] invalid cursor position. [[275, 2] | [275, 2]].
2023-05-06 13:24:22.787 [warning] invalid cursor position. [[257, 2] | [257, 2]].
2023-05-06 13:24:23.126 [warning] invalid cursor position. [[245, 2] | [245, 2]].
2023-05-06 13:24:24.777 [warning] invalid cursor position. [[232, 2] | [232, 2]].
2023-05-06 13:24:24.878 [warning] invalid cursor position. [[229, 2] | [229, 2]].
2023-05-06 13:24:25.717 [warning] invalid cursor position. [[229, 2] | [229, 2]].
2023-05-06 13:24:25.809 [warning] invalid cursor position. [[232, 2] | [232, 2]].
2023-05-06 13:24:27.617 [warning] invalid cursor position. [[232, 2] | [232, 2]].
2023-05-06 13:24:28.191 [warning] invalid cursor position. [[229, 2] | [229, 2]].
2023-05-06 13:24:28.371 [warning] invalid cursor position. [[223, 2] | [223, 2]].
2023-05-06 13:24:28.552 [warning] invalid cursor position. [[218, 2] | [218, 2]].
2023-05-06 13:24:28.904 [warning] invalid cursor position. [[206, 2] | [206, 2]].
2023-05-06 13:24:29.076 [warning] invalid cursor position. [[200, 2] | [200, 2]].
2023-05-06 13:24:29.482 [warning] invalid cursor position. [[189, 2] | [189, 2]].
2023-05-06 13:24:29.708 [warning] invalid cursor position. [[182, 2] | [182, 2]].
2023-05-06 13:24:30.039 [warning] invalid cursor position. [[170, 2] | [170, 2]].
2023-05-06 13:24:30.103 [warning] invalid cursor position. [[168, 2] | [168, 2]].
2023-05-06 13:24:30.459 [warning] invalid cursor position. [[155, 2] | [155, 2]].
2023-05-06 13:24:31.558 [warning] invalid cursor position. [[155, 2] | [155, 2]].
2023-05-06 13:24:33.537 [warning] invalid cursor position. [[155, 2] | [155, 2]].
2023-05-06 13:24:34.310 [warning] invalid cursor position. [[148, 2] | [148, 2]].
2023-05-06 13:24:34.433 [warning] invalid cursor position. [[144, 2] | [144, 2]].
2023-05-06 13:24:34.735 [warning] invalid cursor position. [[135, 2] | [135, 2]].
2023-05-06 13:24:34.959 [warning] invalid cursor position. [[127, 2] | [127, 2]].
2023-05-06 13:24:35.436 [warning] invalid cursor position. [[113, 2] | [113, 2]].
2023-05-06 13:24:35.594 [warning] invalid cursor position. [[109, 2] | [109, 2]].
2023-05-06 13:24:35.921 [warning] invalid cursor position. [[98, 2] | [98, 2]].
2023-05-06 13:24:39.671 [warning] invalid cursor position. [[113, 2] | [113, 2]].
2023-05-06 13:24:41.486 [warning] invalid cursor position. [[144, 2] | [144, 2]].
2023-05-06 13:24:42.891 [warning] invalid cursor position. [[144, 2] | [144, 2]].
2023-05-06 13:24:43.470 [warning] invalid cursor position. [[113, 2] | [113, 2]].
2023-05-06 13:24:43.587 [warning] invalid cursor position. [[98, 2] | [98, 2]].
2023-05-06 13:24:44.016 [warning] invalid cursor position. [[86, 2] | [86, 2]].
2023-05-06 13:24:44.155 [warning] invalid cursor position. [[82, 2] | [82, 2]].
2023-05-06 13:24:45.316 [warning] invalid cursor position. [[82, 2] | [82, 2]].
2023-05-06 13:24:45.441 [warning] invalid cursor position. [[86, 2] | [86, 2]].
2023-05-06 13:25:41.784 [warning] invalid cursor position. [[86, 2] | [86, 2]].
2023-05-06 13:25:42.391 [warning] invalid cursor position. [[82, 2] | [82, 2]].
2023-05-06 13:25:42.946 [warning] invalid cursor position. [[65, 2] | [65, 2]].
2023-05-06 13:25:43.228 [warning] invalid cursor position. [[58, 2] | [58, 2]].
2023-05-06 13:25:44.415 [warning] invalid cursor position. [[58, 2] | [58, 2]].
2023-05-06 13:25:46.708 [warning] invalid cursor position. [[86, 2] | [86, 2]].
2023-05-06 13:25:46.807 [warning] invalid cursor position. [[98, 2] | [98, 2]].
2023-05-06 13:25:46.939 [warning] invalid cursor position. [[113, 2] | [113, 2]].
2023-05-06 13:25:47.031 [warning] invalid cursor position. [[144, 2] | [144, 2]].
2023-05-06 13:25:47.113 [warning] invalid cursor position. [[155, 2] | [155, 2]].
2023-05-06 13:25:47.189 [warning] invalid cursor position. [[232, 2] | [232, 2]].
2023-05-06 13:25:47.279 [warning] invalid cursor position. [[305, 2] | [305, 2]].
2023-05-06 13:25:47.355 [warning] invalid cursor position. [[401, 2] | [401, 2]].
2023-05-06 13:25:47.444 [warning] invalid cursor position. [[491, 2] | [491, 2]].
2023-05-06 13:25:47.544 [warning] invalid cursor position. [[679, 2] | [679, 2]].
2023-05-06 13:25:47.673 [warning] invalid cursor position. [[739, 2] | [739, 2]].
2023-05-06 13:25:47.751 [warning] invalid cursor position. [[853, 2] | [853, 2]].
2023-05-06 13:25:47.832 [warning] invalid cursor position. [[969, 2] | [969, 2]].
2023-05-06 13:25:47.925 [warning] invalid cursor position. [[1066, 2] | [1066, 2]].
2023-05-06 13:25:48.028 [warning] invalid cursor position. [[1163, 2] | [1163, 2]].
2023-05-06 13:25:48.134 [warning] invalid cursor position. [[1244, 2] | [1244, 2]].
2023-05-06 13:25:48.259 [warning] invalid cursor position. [[1323, 2] | [1323, 2]].
2023-05-06 13:25:48.416 [warning] invalid cursor position. [[1436, 2] | [1436, 2]].
2023-05-06 13:25:48.633 [warning] invalid cursor position. [[1509, 2] | [1509, 2]].
2023-05-06 13:25:50.003 [warning] invalid cursor position. [[1436, 2] | [1436, 2]].
2023-05-06 13:25:50.101 [warning] invalid cursor position. [[1323, 2] | [1323, 2]].
2023-05-06 13:25:50.189 [warning] invalid cursor position. [[1244, 2] | [1244, 2]].
2023-05-06 13:25:50.292 [warning] invalid cursor position. [[1163, 2] | [1163, 2]].
2023-05-06 13:25:50.453 [warning] invalid cursor position. [[1066, 2] | [1066, 2]].
2023-05-06 13:25:50.555 [warning] invalid cursor position. [[969, 2] | [969, 2]].
2023-05-06 13:25:50.655 [warning] invalid cursor position. [[853, 2] | [853, 2]].
2023-05-06 13:25:50.744 [warning] invalid cursor position. [[739, 2] | [739, 2]].
2023-05-06 13:25:50.870 [warning] invalid cursor position. [[679, 2] | [679, 2]].
2023-05-06 13:25:50.957 [warning] invalid cursor position. [[491, 2] | [491, 2]].
2023-05-06 13:25:51.043 [warning] invalid cursor position. [[401, 2] | [401, 2]].
2023-05-06 13:25:51.160 [warning] invalid cursor position. [[305, 2] | [305, 2]].
2023-05-06 13:25:51.318 [warning] invalid cursor position. [[232, 2] | [232, 2]].
2023-05-06 13:25:51.416 [warning] invalid cursor position. [[155, 2] | [155, 2]].
2023-05-06 13:25:51.513 [warning] invalid cursor position. [[144, 2] | [144, 2]].
2023-05-06 13:25:51.620 [warning] invalid cursor position. [[113, 2] | [113, 2]].
2023-05-06 13:25:51.726 [warning] invalid cursor position. [[98, 2] | [98, 2]].
2023-05-06 13:25:51.823 [warning] invalid cursor position. [[86, 2] | [86, 2]].
2023-05-06 13:25:51.932 [warning] invalid cursor position. [[58, 2] | [58, 2]].
2023-05-06 13:25:52.188 [warning] invalid cursor position. [[51, 2] | [51, 2]].
2023-05-06 13:26:22.972 [info] /media/naman/New Volume/Projects/NestJs/harmonyApi/src/entity/reward/PostRewards.entity.ts closed
2023-05-06 13:26:25.838 [info] /home/naman/.config/Code/User/profiles/7ea727a4/settings.json closed
2023-05-06 13:26:25.876 [info] Configuration changed
2023-05-06 13:26:33.460 [info] /home/naman/.config/Code/User/profiles/7ea727a4/settings.json closed
2023-05-06 13:26:33.504 [info] Configuration changed
2023-05-06 13:26:33.746 [warning] invalid cursor start position. [37, 32].
2023-05-06 13:26:33.746 [warning] invalid cursor stop position. [37, 32].
2023-05-06 13:26:33.746 [warning] invalid cursor position. [[37, 32] | [37, 32]].
2023-05-06 13:26:33.746 [warning] invalid cursor position. [[36, 32] | [36, 32]].
2023-05-06 13:26:34.352 [warning] invalid cursor start position. [36, 32].
2023-05-06 13:26:34.352 [warning] invalid cursor stop position. [36, 32].
2023-05-06 13:26:34.352 [warning] invalid cursor position. [[36, 32] | [36, 32]].
2023-05-06 13:26:35.053 [warning] invalid cursor position. [[31, 32] | [31, 32]].
2023-05-06 13:26:35.093 [warning] invalid cursor start position. [31, 32].
2023-05-06 13:26:35.093 [warning] invalid cursor stop position. [31, 32].
2023-05-06 13:26:35.093 [warning] invalid cursor position. [[31, 32] | [31, 32]].
2023-05-06 13:26:35.093 [warning] invalid cursor position. [[30, 32] | [30, 32]].
2023-05-06 13:26:35.129 [warning] invalid cursor start position. [30, 32].
2023-05-06 13:26:35.129 [warning] invalid cursor stop position. [30, 32].
2023-05-06 13:26:35.129 [warning] invalid cursor position. [[30, 32] | [30, 32]].
2023-05-06 13:26:35.129 [warning] invalid cursor position. [[29, 32] | [29, 32]].
2023-05-06 13:26:35.167 [warning] invalid cursor start position. [29, 32].
2023-05-06 13:26:35.167 [warning] invalid cursor stop position. [29, 32].
2023-05-06 13:26:35.167 [warning] invalid cursor position. [[29, 32] | [29, 32]].
2023-05-06 13:26:35.352 [warning] invalid cursor position. [[23, 32] | [23, 32]].
2023-05-06 13:26:35.393 [warning] invalid cursor start position. [23, 32].
2023-05-06 13:26:35.394 [warning] invalid cursor stop position. [23, 32].
2023-05-06 13:26:35.394 [warning] invalid cursor position. [[23, 32] | [23, 32]].
2023-05-06 13:26:35.394 [warning] invalid cursor position. [[22, 32] | [22, 32]].
2023-05-06 13:26:35.456 [warning] invalid cursor start position. [22, 32].
2023-05-06 13:26:35.456 [warning] invalid cursor stop position. [22, 32].
2023-05-06 13:26:35.456 [warning] invalid cursor position. [[22, 32] | [22, 32]].
2023-05-06 13:26:35.456 [warning] invalid cursor position. [[21, 32] | [21, 32]].
2023-05-06 13:26:35.944 [warning] invalid cursor start position. [21, 32].
2023-05-06 13:26:35.944 [warning] invalid cursor stop position. [21, 32].
2023-05-06 13:26:35.945 [warning] invalid cursor position. [[21, 32] | [21, 32]].
2023-05-06 13:26:35.945 [warning] invalid cursor position. [[20, 32] | [20, 32]].
2023-05-06 13:26:35.983 [warning] invalid cursor start position. [20, 32].
2023-05-06 13:26:35.983 [warning] invalid cursor stop position. [20, 32].
2023-05-06 13:26:35.983 [warning] invalid cursor position. [[20, 32] | [20, 32]].
2023-05-06 13:26:35.983 [warning] invalid cursor position. [[19, 32] | [19, 32]].
2023-05-06 13:26:36.033 [warning] invalid cursor start position. [19, 32].
2023-05-06 13:26:36.033 [warning] invalid cursor stop position. [19, 32].
2023-05-06 13:26:36.033 [warning] invalid cursor position. [[19, 32] | [19, 32]].
2023-05-06 13:26:36.687 [warning] invalid cursor position. [[6, 32] | [6, 32]].
2023-05-06 13:26:36.724 [warning] invalid cursor start position. [6, 32].
2023-05-06 13:26:36.724 [warning] invalid cursor stop position. [6, 32].
2023-05-06 13:26:36.724 [warning] invalid cursor position. [[6, 32] | [6, 32]].
2023-05-06 13:26:36.724 [warning] invalid cursor position. [[5, 32] | [5, 32]].
2023-05-06 13:26:36.756 [warning] invalid cursor start position. [5, 32].
2023-05-06 13:26:36.756 [warning] invalid cursor stop position. [5, 32].
2023-05-06 13:26:36.756 [warning] invalid cursor position. [[5, 32] | [5, 32]].
2023-05-06 13:26:36.756 [warning] invalid cursor position. [[4, 32] | [4, 32]].
2023-05-06 13:26:36.797 [warning] invalid cursor start position. [4, 32].
2023-05-06 13:26:36.797 [warning] invalid cursor stop position. [4, 32].
2023-05-06 13:26:36.797 [warning] invalid cursor position. [[4, 32] | [4, 32]].
2023-05-06 13:26:36.832 [warning] invalid cursor position. [[2, 32] | [2, 32]].
2023-05-06 13:26:36.867 [warning] invalid cursor start position. [2, 32].
2023-05-06 13:26:36.867 [warning] invalid cursor stop position. [2, 32].
2023-05-06 13:26:36.867 [warning] invalid cursor position. [[2, 32] | [2, 32]].
2023-05-06 13:26:36.867 [warning] invalid cursor position. [[1, 32] | [1, 32]].
2023-05-06 13:26:36.901 [warning] invalid cursor start position. [1, 32].
2023-05-06 13:26:36.901 [warning] invalid cursor stop position. [1, 32].
2023-05-06 13:26:36.901 [warning] invalid cursor position. [[1, 32] | [1, 32]].
2023-05-06 13:26:36.901 [warning] invalid cursor position. [[0, 32] | [0, 32]].
2023-05-06 13:26:36.924 [warning] invalid cursor start position. [0, 32].
2023-05-06 13:26:36.924 [warning] invalid cursor stop position. [0, 32].
2023-05-06 13:26:36.924 [warning] invalid cursor position. [[0, 32] | [0, 32]].
2023-05-06 13:26:37.138 [warning] invalid cursor position. [[1, 32] | [1, 32]].
2023-05-06 13:26:37.639 [warning] invalid cursor position. [[2, 32] | [2, 32]].
2023-05-06 13:26:37.717 [warning] invalid cursor position. [[4, 32] | [4, 32]].
2023-05-06 13:26:37.745 [warning] invalid cursor position. [[5, 32] | [5, 32]].
2023-05-06 13:26:37.777 [warning] invalid cursor position. [[6, 32] | [6, 32]].
2023-05-06 13:26:38.163 [warning] invalid cursor position. [[19, 32] | [19, 32]].
2023-05-06 13:26:38.192 [warning] invalid cursor position. [[20, 32] | [20, 32]].
2023-05-06 13:26:38.233 [warning] invalid cursor position. [[21, 32] | [21, 32]].
2023-05-06 13:26:38.260 [warning] invalid cursor position. [[22, 32] | [22, 32]].
2023-05-06 13:26:38.295 [warning] invalid cursor position. [[23, 32] | [23, 32]].
2023-05-06 13:26:38.471 [warning] invalid cursor position. [[29, 32] | [29, 32]].
2023-05-06 13:26:38.510 [warning] invalid cursor position. [[30, 32] | [30, 32]].
2023-05-06 13:26:38.539 [warning] invalid cursor position. [[31, 32] | [31, 32]].
2023-05-06 13:26:38.685 [warning] invalid cursor position. [[36, 32] | [36, 32]].
2023-05-06 13:26:38.724 [warning] invalid cursor position. [[37, 32] | [37, 32]].
2023-05-06 13:26:38.814 [warning] invalid cursor position. [[40, 32] | [40, 32]].
2023-05-06 13:26:38.843 [warning] invalid cursor position. [[41, 32] | [41, 32]].
2023-05-06 13:26:38.873 [warning] invalid cursor position. [[42, 32] | [42, 32]].
2023-05-06 13:26:38.903 [warning] invalid cursor position. [[43, 32] | [43, 32]].
2023-05-06 13:26:38.933 [warning] invalid cursor position. [[44, 32] | [44, 32]].
2023-05-06 13:26:38.964 [warning] invalid cursor position. [[45, 32] | [45, 32]].
2023-05-06 13:26:39.001 [warning] invalid cursor position. [[46, 32] | [46, 32]].
2023-05-06 13:26:39.034 [warning] invalid cursor position. [[47, 32] | [47, 32]].
2023-05-06 13:26:39.139 [warning] invalid cursor position. [[50, 32] | [50, 32]].
2023-05-06 13:26:39.189 [warning] invalid cursor position. [[51, 32] | [51, 32]].
2023-05-06 13:26:39.227 [warning] invalid cursor position. [[52, 32] | [52, 32]].
2023-05-06 13:26:39.288 [warning] invalid cursor position. [[54, 32] | [54, 32]].
2023-05-06 13:26:39.380 [warning] invalid cursor position. [[57, 32] | [57, 32]].
2023-05-06 13:26:39.410 [warning] invalid cursor position. [[58, 32] | [58, 32]].
2023-05-06 13:26:39.472 [warning] invalid cursor position. [[85, 32] | [85, 32]].
2023-05-06 13:26:39.502 [warning] invalid cursor position. [[86, 32] | [86, 32]].
2023-05-06 13:26:39.701 [warning] invalid cursor position. [[97, 32] | [97, 32]].
2023-05-06 13:26:40.833 [warning] invalid cursor position. [[86, 32] | [86, 32]].
2023-05-06 13:26:40.880 [warning] invalid cursor position. [[85, 32] | [85, 32]].
2023-05-06 13:26:40.936 [warning] invalid cursor position. [[58, 32] | [58, 32]].
2023-05-06 13:26:40.960 [warning] invalid cursor position. [[57, 32] | [57, 32]].
2023-05-06 13:26:41.056 [warning] invalid cursor position. [[54, 32] | [54, 32]].
2023-05-06 13:26:41.114 [warning] invalid cursor position. [[52, 32] | [52, 32]].
2023-05-06 13:26:41.138 [warning] invalid cursor position. [[51, 32] | [51, 32]].
2023-05-06 13:26:41.170 [warning] invalid cursor position. [[50, 32] | [50, 32]].
2023-05-06 13:26:41.268 [warning] invalid cursor position. [[47, 32] | [47, 32]].
2023-05-06 13:27:01.052 [warning] invalid cursor position. [[51, 3] | [51, 3]].
2023-05-06 13:27:01.744 [warning] invalid cursor position. [[58, 3] | [58, 3]].
2023-05-06 13:27:01.851 [warning] invalid cursor position. [[86, 3] | [86, 3]].
2023-05-06 13:27:01.967 [warning] invalid cursor position. [[98, 3] | [98, 3]].
2023-05-06 13:27:02.047 [warning] invalid cursor position. [[113, 3] | [113, 3]].
2023-05-06 13:27:02.965 [warning] invalid cursor position. [[98, 3] | [98, 3]].
2023-05-06 13:27:03.686 [warning] invalid cursor position. [[98, 3] | [98, 3]].
2023-05-06 13:27:03.798 [warning] invalid cursor position. [[113, 3] | [113, 3]].
2023-05-06 13:27:03.889 [warning] invalid cursor position. [[144, 3] | [144, 3]].
2023-05-06 13:27:03.977 [warning] invalid cursor position. [[155, 3] | [155, 3]].
2023-05-06 13:27:04.098 [warning] invalid cursor position. [[232, 3] | [232, 3]].
2023-05-06 13:27:04.213 [warning] invalid cursor position. [[305, 3] | [305, 3]].
2023-05-06 13:27:04.973 [warning] invalid cursor position. [[305, 3] | [305, 3]].
2023-05-06 13:27:05.080 [warning] invalid cursor position. [[232, 3] | [232, 3]].
2023-05-06 13:27:05.222 [warning] invalid cursor position. [[232, 3] | [232, 3]].
2023-05-06 13:27:05.791 [warning] invalid cursor position. [[305, 3] | [305, 3]].
2023-05-06 13:27:05.883 [warning] invalid cursor position. [[401, 3] | [401, 3]].
2023-05-06 13:27:05.970 [warning] invalid cursor position. [[491, 3] | [491, 3]].
2023-05-06 13:27:06.110 [warning] invalid cursor position. [[679, 3] | [679, 3]].
2023-05-06 13:27:06.185 [warning] invalid cursor position. [[739, 3] | [739, 3]].
2023-05-06 13:27:06.253 [warning] invalid cursor position. [[853, 3] | [853, 3]].
2023-05-06 13:27:06.350 [warning] invalid cursor position. [[969, 3] | [969, 3]].
2023-05-06 13:27:06.447 [warning] invalid cursor position. [[1066, 3] | [1066, 3]].
2023-05-06 13:27:06.549 [warning] invalid cursor position. [[1163, 3] | [1163, 3]].
2023-05-06 13:27:06.646 [warning] invalid cursor position. [[1244, 3] | [1244, 3]].
2023-05-06 13:27:30.129 [warning] invalid cursor position. [[1436, 3] | [1436, 3]].
2023-05-06 13:27:30.784 [warning] invalid cursor position. [[1508, 3] | [1508, 3]].
2023-05-06 13:27:30.822 [warning] invalid cursor position. [[1509, 3] | [1509, 3]].
2023-05-06 13:27:31.369 [warning] invalid cursor position. [[1508, 3] | [1508, 3]].
2023-05-06 13:27:31.998 [warning] invalid cursor position. [[1436, 3] | [1436, 3]].
2023-05-06 13:27:33.654 [warning] invalid cursor position. [[1244, 3] | [1244, 3]].
2023-05-06 13:27:33.783 [warning] invalid cursor position. [[1163, 3] | [1163, 3]].
2023-05-06 13:27:33.872 [warning] invalid cursor position. [[1066, 3] | [1066, 3]].
2023-05-06 13:27:33.963 [warning] invalid cursor position. [[969, 3] | [969, 3]].
2023-05-06 13:27:34.052 [warning] invalid cursor position. [[853, 3] | [853, 3]].
2023-05-06 13:27:34.154 [warning] invalid cursor position. [[739, 3] | [739, 3]].
2023-05-06 13:27:34.243 [warning] invalid cursor position. [[679, 3] | [679, 3]].
2023-05-06 13:27:34.337 [warning] invalid cursor position. [[491, 3] | [491, 3]].
2023-05-06 13:27:34.433 [warning] invalid cursor position. [[401, 3] | [401, 3]].
2023-05-06 13:27:34.556 [warning] invalid cursor position. [[305, 3] | [305, 3]].
2023-05-06 13:27:34.639 [warning] invalid cursor position. [[232, 3] | [232, 3]].
2023-05-06 13:27:34.743 [warning] invalid cursor position. [[155, 3] | [155, 3]].
2023-05-06 13:27:34.828 [warning] invalid cursor position. [[144, 3] | [144, 3]].
2023-05-06 13:27:34.939 [warning] invalid cursor position. [[113, 3] | [113, 3]].
2023-05-06 13:27:35.044 [warning] invalid cursor position. [[98, 3] | [98, 3]].
2023-05-06 13:27:35.146 [warning] invalid cursor position. [[86, 3] | [86, 3]].
2023-05-06 13:27:35.278 [warning] invalid cursor position. [[58, 3] | [58, 3]].
2023-05-06 13:27:35.489 [warning] invalid cursor position. [[51, 3] | [51, 3]].
2023-05-06 13:27:35.591 [warning] invalid cursor position. [[48, 3] | [48, 3]].
2023-05-06 13:27:39.199 [warning] invalid cursor position. [[48, 3] | [48, 3]].
2023-05-06 13:27:39.300 [warning] invalid cursor position. [[51, 3] | [51, 3]].
2023-05-06 13:27:39.507 [warning] invalid cursor position. [[58, 3] | [58, 3]].
2023-05-06 13:27:39.638 [warning] invalid cursor position. [[86, 3] | [86, 3]].
2023-05-06 13:27:39.727 [warning] invalid cursor position. [[98, 3] | [98, 3]].
2023-05-06 13:27:39.819 [warning] invalid cursor position. [[113, 3] | [113, 3]].
2023-05-06 13:27:39.912 [warning] invalid cursor position. [[144, 3] | [144, 3]].
2023-05-06 13:27:40.833 [warning] invalid cursor position. [[155, 3] | [155, 3]].
2023-05-06 13:27:40.949 [warning] invalid cursor position. [[232, 3] | [232, 3]].
2023-05-06 13:27:41.070 [warning] invalid cursor position. [[305, 3] | [305, 3]].
2023-05-06 13:27:41.147 [warning] invalid cursor position. [[401, 3] | [401, 3]].
2023-05-06 13:27:41.244 [warning] invalid cursor position. [[491, 3] | [491, 3]].
2023-05-06 13:27:41.327 [warning] invalid cursor position. [[679, 3] | [679, 3]].
2023-05-06 13:27:41.412 [warning] invalid cursor position. [[739, 3] | [739, 3]].
2023-05-06 13:27:43.665 [warning] invalid cursor position. [[969, 2] | [969, 2]].
2023-05-06 13:27:44.457 [warning] invalid cursor position. [[969, 2] | [969, 2]].
2023-05-06 13:27:51.643 [warning] invalid cursor position. [[853, 3] | [853, 3]].
2023-05-06 13:27:52.937 [warning] invalid cursor position. [[853, 3] | [853, 3]].
2023-05-06 13:27:54.651 [warning] invalid cursor position. [[853, 3] | [853, 3]].
2023-05-06 13:27:55.249 [warning] invalid cursor position. [[850, 3] | [850, 3]].
2023-05-06 13:27:55.412 [warning] invalid cursor position. [[844, 3] | [844, 3]].
2023-05-06 13:27:55.597 [warning] invalid cursor position. [[839, 3] | [839, 3]].
2023-05-06 13:27:56.292 [warning] invalid cursor position. [[815, 3] | [815, 3]].
2023-05-06 13:27:56.546 [warning] invalid cursor position. [[808, 3] | [808, 3]].
2023-05-06 13:27:56.882 [warning] invalid cursor position. [[798, 3] | [798, 3]].
2023-05-06 13:27:57.767 [warning] invalid cursor position. [[798, 3] | [798, 3]].
2023-05-06 13:27:58.476 [warning] invalid cursor position. [[791, 3] | [791, 3]].
2023-05-06 13:27:58.543 [warning] invalid cursor position. [[789, 3] | [789, 3]].
2023-05-06 13:27:58.738 [warning] invalid cursor position. [[783, 3] | [783, 3]].
2023-05-06 13:27:58.967 [warning] invalid cursor position. [[778, 3] | [778, 3]].
2023-05-06 13:27:59.105 [warning] invalid cursor position. [[774, 3] | [774, 3]].
2023-05-06 13:27:59.201 [warning] invalid cursor position. [[771, 3] | [771, 3]].
2023-05-06 13:27:59.535 [warning] invalid cursor position. [[759, 3] | [759, 3]].
2023-05-06 13:27:59.597 [warning] invalid cursor position. [[757, 3] | [757, 3]].
2023-05-06 13:27:59.791 [warning] invalid cursor position. [[753, 3] | [753, 3]].
2023-05-06 13:27:59.861 [warning] invalid cursor position. [[751, 3] | [751, 3]].
2023-05-06 13:28:00.177 [warning] invalid cursor position. [[739, 3] | [739, 3]].
2023-05-06 13:28:00.286 [warning] invalid cursor position. [[679, 3] | [679, 3]].
2023-05-06 13:28:00.369 [warning] invalid cursor position. [[491, 3] | [491, 3]].
2023-05-06 13:28:00.468 [warning] invalid cursor position. [[401, 3] | [401, 3]].
2023-05-06 13:28:00.601 [warning] invalid cursor position. [[305, 3] | [305, 3]].
2023-05-06 13:28:00.680 [warning] invalid cursor position. [[305, 3] | [305, 3]].
2023-05-06 13:28:01.162 [warning] invalid cursor position. [[401, 3] | [401, 3]].
2023-05-06 13:28:01.239 [warning] invalid cursor position. [[491, 3] | [491, 3]].
2023-05-06 13:28:01.325 [warning] invalid cursor position. [[679, 3] | [679, 3]].
2023-05-06 13:28:01.409 [warning] invalid cursor position. [[739, 3] | [739, 3]].
2023-05-06 13:28:03.522 [warning] invalid cursor position. [[739, 3] | [739, 3]].
2023-05-06 13:28:04.097 [warning] invalid cursor position. [[679, 3] | [679, 3]].
2023-05-06 13:28:04.179 [warning] invalid cursor position. [[491, 3] | [491, 3]].
2023-05-06 13:28:04.276 [warning] invalid cursor position. [[401, 3] | [401, 3]].
2023-05-06 13:28:04.360 [warning] invalid cursor position. [[305, 3] | [305, 3]].
2023-05-06 13:28:04.454 [warning] invalid cursor position. [[232, 3] | [232, 3]].
2023-05-06 13:28:04.556 [warning] invalid cursor position. [[155, 3] | [155, 3]].
2023-05-06 13:28:04.646 [warning] invalid cursor position. [[144, 3] | [144, 3]].
2023-05-06 13:28:04.793 [warning] invalid cursor position. [[113, 3] | [113, 3]].
2023-05-06 13:28:04.871 [warning] invalid cursor position. [[98, 3] | [98, 3]].
2023-05-06 13:28:04.946 [warning] invalid cursor position. [[86, 3] | [86, 3]].
2023-05-06 13:28:05.044 [warning] invalid cursor position. [[58, 3] | [58, 3]].
2023-05-06 13:28:05.220 [warning] invalid cursor position. [[51, 3] | [51, 3]].
2023-05-06 13:28:05.310 [warning] invalid cursor position. [[48, 3] | [48, 3]].
2023-05-06 13:28:22.987 [warning] invalid cursor position. [[48, 3] | [48, 3]].
2023-05-06 13:28:23.096 [warning] invalid cursor position. [[51, 3] | [51, 3]].
2023-05-06 13:28:29.515 [warning] invalid cursor position. [[51, 3] | [51, 3]].
2023-05-06 13:28:29.609 [warning] invalid cursor position. [[48, 3] | [48, 3]].
2023-05-06 13:30:07.688 [warning] invalid cursor position. [[54, 32] | [54, 32]].
2023-05-06 13:30:08.249 [warning] invalid cursor position. [[57, 32] | [57, 32]].
2023-05-06 13:30:08.292 [warning] invalid cursor position. [[58, 32] | [58, 32]].
2023-05-06 13:30:08.356 [warning] invalid cursor position. [[85, 32] | [85, 32]].
2023-05-06 13:30:09.376 [warning] invalid cursor position. [[85, 32] | [85, 32]].
2023-05-06 13:30:09.876 [warning] invalid cursor position. [[86, 32] | [86, 32]].
2023-05-06 13:30:09.943 [warning] invalid cursor position. [[97, 32] | [97, 32]].
2023-05-06 13:30:09.987 [warning] invalid cursor position. [[98, 32] | [98, 32]].
2023-05-06 13:30:10.053 [warning] invalid cursor position. [[112, 32] | [112, 32]].
2023-05-06 13:30:10.084 [warning] invalid cursor position. [[113, 32] | [113, 32]].
2023-05-06 13:31:33.865 [warning] invalid cursor position. [[54, 32] | [54, 32]].
2023-05-06 13:31:34.366 [warning] invalid cursor position. [[57, 32] | [57, 32]].
2023-05-06 13:31:34.422 [warning] invalid cursor position. [[58, 32] | [58, 32]].
2023-05-06 13:31:34.511 [warning] invalid cursor position. [[85, 32] | [85, 32]].
2023-05-06 13:31:34.543 [warning] invalid cursor position. [[86, 32] | [86, 32]].
2023-05-06 13:31:34.680 [warning] invalid cursor position. [[97, 32] | [97, 32]].
2023-05-06 13:31:34.718 [warning] invalid cursor position. [[98, 32] | [98, 32]].
2023-05-06 13:31:34.784 [warning] invalid cursor position. [[112, 32] | [112, 32]].
2023-05-06 13:31:34.804 [warning] invalid cursor position. [[113, 32] | [113, 32]].
2023-05-06 13:31:34.866 [warning] invalid cursor position. [[143, 32] | [143, 32]].
2023-05-06 13:31:34.886 [warning] invalid cursor position. [[144, 32] | [144, 32]].
2023-05-06 13:31:34.944 [warning] invalid cursor position. [[154, 32] | [154, 32]].
2023-05-06 13:31:34.972 [warning] invalid cursor position. [[155, 32] | [155, 32]].
2023-05-06 13:31:34.996 [warning] invalid cursor position. [[156, 32] | [156, 32]].
2023-05-06 13:31:35.035 [warning] invalid cursor position. [[231, 32] | [231, 32]].
2023-05-06 13:31:35.096 [warning] invalid cursor position. [[232, 32] | [232, 32]].
2023-05-06 13:31:35.139 [warning] invalid cursor position. [[233, 32] | [233, 32]].
2023-05-06 13:31:35.173 [warning] invalid cursor position. [[304, 32] | [304, 32]].
2023-05-06 13:31:35.195 [warning] invalid cursor position. [[305, 32] | [305, 32]].
2023-05-06 13:31:35.253 [warning] invalid cursor position. [[400, 32] | [400, 32]].
2023-05-06 13:31:35.277 [warning] invalid cursor position. [[401, 32] | [401, 32]].
2023-05-06 13:31:35.335 [warning] invalid cursor position. [[490, 32] | [490, 32]].
2023-05-06 13:31:35.356 [warning] invalid cursor position. [[491, 32] | [491, 32]].
2023-05-06 13:31:35.412 [warning] invalid cursor position. [[678, 32] | [678, 32]].
2023-05-06 13:31:35.434 [warning] invalid cursor position. [[679, 32] | [679, 32]].
2023-05-06 13:31:35.486 [warning] invalid cursor position. [[738, 32] | [738, 32]].
2023-05-06 13:31:35.505 [warning] invalid cursor position. [[739, 32] | [739, 32]].
2023-05-06 13:31:35.535 [warning] invalid cursor position. [[740, 32] | [740, 32]].
2023-05-06 13:31:35.570 [warning] invalid cursor position. [[852, 32] | [852, 32]].
2023-05-06 13:31:35.594 [warning] invalid cursor position. [[853, 32] | [853, 32]].
2023-05-06 13:31:35.651 [warning] invalid cursor position. [[968, 32] | [968, 32]].
2023-05-06 13:31:35.670 [warning] invalid cursor position. [[969, 32] | [969, 32]].
2023-05-06 13:31:35.734 [warning] invalid cursor position. [[1065, 32] | [1065, 32]].
2023-05-06 13:31:35.765 [warning] invalid cursor position. [[1066, 32] | [1066, 32]].
2023-05-06 13:31:35.877 [warning] invalid cursor position. [[1162, 32] | [1162, 32]].
2023-05-06 13:31:35.897 [warning] invalid cursor position. [[1163, 32] | [1163, 32]].
2023-05-06 13:31:35.961 [warning] invalid cursor position. [[1243, 32] | [1243, 32]].
2023-05-06 13:31:35.987 [warning] invalid cursor position. [[1244, 32] | [1244, 32]].
2023-05-06 13:31:36.048 [warning] invalid cursor position. [[1322, 32] | [1322, 32]].
2023-05-06 13:31:36.072 [warning] invalid cursor position. [[1323, 32] | [1323, 32]].
2023-05-06 13:31:36.155 [warning] invalid cursor position. [[1435, 32] | [1435, 32]].
2023-05-06 13:31:36.195 [warning] invalid cursor position. [[1436, 32] | [1436, 32]].
2023-05-06 13:31:36.290 [warning] invalid cursor position. [[1438, 32] | [1438, 32]].
2023-05-06 13:31:36.330 [warning] invalid cursor position. [[1439, 32] | [1439, 32]].
2023-05-06 13:31:36.372 [warning] invalid cursor position. [[1507, 32] | [1507, 32]].
2023-05-06 13:31:36.414 [warning] invalid cursor position. [[1508, 32] | [1508, 32]].
2023-05-06 13:31:36.463 [warning] invalid cursor position. [[1509, 32] | [1509, 32]].
