["INFO" - 6:15:30 PM] Extension Name: esbenp.prettier-vscode.
["INFO" - 6:15:30 PM] Extension Version: 9.12.0.
["DEBUG" - 6:15:30 PM] Enabling Prettier globally
{
  "languageSelector": [
    {
      "language": "javascript"
    },
    {
      "language": "mongo"
    },
    {
      "language": "javascriptreact"
    },
    {
      "language": "typescript"
    },
    {
      "language": "typescriptreact"
    },
    {
      "language": "json"
    },
    {
      "language": "jsonc"
    },
    {
      "language": "json5"
    },
    {
      "language": "css"
    },
    {
      "language": "postcss"
    },
    {
      "language": "less"
    },
    {
      "language": "scss"
    },
    {
      "language": "handlebars"
    },
    {
      "language": "graphql"
    },
    {
      "language": "markdown"
    },
    {
      "language": "mdx"
    },
    {
      "language": "html"
    },
    {
      "language": "vue"
    },
    {
      "language": "yaml"
    },
    {
      "language": "ansible"
    },
    {
      "language": "home-assistant"
    },
    {
      "language": "jsonc",
      "scheme": "vscode-userdata"
    }
  ],
  "rangeLanguageSelector": [
    {
      "language": "javascript"
    },
    {
      "language": "javascriptreact"
    },
    {
      "language": "typescript"
    },
    {
      "language": "typescriptreact"
    },
    {
      "language": "json"
    },
    {
      "language": "jsonc"
    },
    {
      "language": "graphql"
    }
  ]
}
["DEBUG" - 6:15:30 PM] Local prettier module path: '/home/naman/Desktop/Project/React Native/cpay/node_modules/prettier/index.js'
["DEBUG" - 6:15:30 PM] Using prettier version 2.8.7
["DEBUG" - 6:15:30 PM] Enabling Prettier for Workspace /home/naman/Desktop/Project/React Native/cpay
{
  "languageSelector": [
    {
      "pattern": "/home/naman/Desktop/Project/React Native/cpay/**/*.{js,_js,bones,cjs,es,es6,frag,gs,jake,javascript,jsb,jscad,jsfl,jslib,jsm,jspre,jss,mjs,njs,pac,sjs,ssjs,xsjs,xsjslib,wxs,js.flow,jsx,ts,cts,mts,tsx,importmap,json,4DForm,4DProject,avsc,geojson,gltf,har,ice,JSON-tmLanguage,mcmeta,tfstate,tfstate.backup,topojson,webapp,webmanifest,yy,yyp,jsonc,code-snippets,sublime-build,sublime-commands,sublime-completions,sublime-keymap,sublime-macro,sublime-menu,sublime-mousemap,sublime-project,sublime-settings,sublime-theme,sublime-workspace,sublime_metrics,sublime_session,json5,css,wxss,pcss,postcss,less,scss,handlebars,hbs,graphql,gql,graphqls,md,livemd,markdown,mdown,mdwn,mkd,mkdn,mkdown,ronn,scd,workbook,mdx,component.html,html,hta,htm,html.hl,inc,xht,xhtml,mjml,vue,yml,mir,reek,rviz,sublime-syntax,syntax,yaml,yaml-tmlanguage,yaml.sed,yml.mysql}",
      "scheme": "file"
    },
    {
      "language": "javascript"
    },
    {
      "language": "mongo"
    },
    {
      "language": "javascriptreact"
    },
    {
      "language": "typescript"
    },
    {
      "language": "typescriptreact"
    },
    {
      "language": "json"
    },
    {
      "language": "jsonc"
    },
    {
      "language": "json5"
    },
    {
      "language": "css"
    },
    {
      "language": "postcss"
    },
    {
      "language": "less"
    },
    {
      "language": "scss"
    },
    {
      "language": "handlebars"
    },
    {
      "language": "graphql"
    },
    {
      "language": "markdown"
    },
    {
      "language": "mdx"
    },
    {
      "language": "html"
    },
    {
      "language": "vue"
    },
    {
      "language": "yaml"
    },
    {
      "language": "ansible"
    },
    {
      "language": "home-assistant"
    },
    {
      "language": "jsonc",
      "scheme": "vscode-userdata"
    }
  ],
  "rangeLanguageSelector": [
    {
      "language": "javascript"
    },
    {
      "language": "javascriptreact"
    },
    {
      "language": "typescript"
    },
    {
      "language": "typescriptreact"
    },
    {
      "language": "json"
    },
    {
      "language": "jsonc"
    },
    {
      "language": "graphql"
    }
  ]
}
["DEBUG" - 6:17:27 PM] Local prettier module path: '/home/naman/Desktop/Project/React Native/cpay/node_modules/prettier/index.js'
["DEBUG" - 6:17:27 PM] Using prettier version 2.8.7
["DEBUG" - 6:17:47 PM] Local prettier module path: '/home/naman/Desktop/Project/React Native/cpay/node_modules/prettier/index.js'
["DEBUG" - 6:17:54 PM] Local prettier module path: '/home/naman/Desktop/Project/React Native/cpay/node_modules/prettier/index.js'
["DEBUG" - 6:18:05 PM] Local prettier module path: '/home/naman/Desktop/Project/React Native/cpay/node_modules/prettier/index.js'
["INFO" - 6:18:32 PM] Formatting vscode-userdata:/home/naman/.config/Code/User/profiles/7ea727a4/settings.json
["DEBUG" - 6:18:32 PM] Using bundled version of prettier.
["INFO" - 6:18:32 PM] File Info:
{
  "ignored": false,
  "inferredParser": "json"
}
["INFO" - 6:18:32 PM] No local configuration (i.e. .prettierrc or .editorconfig) detected, falling back to VS Code configuration
["INFO" - 6:18:32 PM] Prettier Options:
{
  "arrowParens": "always",
  "bracketSpacing": true,
  "endOfLine": "lf",
  "htmlWhitespaceSensitivity": "css",
  "insertPragma": false,
  "singleAttributePerLine": true,
  "bracketSameLine": false,
  "jsxBracketSameLine": false,
  "jsxSingleQuote": false,
  "printWidth": 220,
  "proseWrap": "preserve",
  "quoteProps": "as-needed",
  "requirePragma": false,
  "semi": false,
  "singleQuote": false,
  "tabWidth": 2,
  "trailingComma": "all",
  "useTabs": true,
  "vueIndentScriptAndStyle": false,
  "filepath": "/home/naman/.config/Code/User/profiles/7ea727a4/settings.json",
  "parser": "json"
}
["INFO" - 6:18:32 PM] Formatting completed in 81ms.
["INFO" - 6:19:30 PM] Formatting vscode-userdata:/home/naman/.config/Code/User/profiles/7ea727a4/settings.json
["DEBUG" - 6:19:30 PM] Using bundled version of prettier.
["INFO" - 6:19:30 PM] File Info:
{
  "ignored": false,
  "inferredParser": "json"
}
["INFO" - 6:19:30 PM] No local configuration (i.e. .prettierrc or .editorconfig) detected, falling back to VS Code configuration
["INFO" - 6:19:30 PM] Prettier Options:
{
  "arrowParens": "always",
  "bracketSpacing": true,
  "endOfLine": "lf",
  "htmlWhitespaceSensitivity": "css",
  "insertPragma": false,
  "singleAttributePerLine": true,
  "bracketSameLine": false,
  "jsxBracketSameLine": false,
  "jsxSingleQuote": false,
  "printWidth": 220,
  "proseWrap": "preserve",
  "quoteProps": "as-needed",
  "requirePragma": false,
  "semi": false,
  "singleQuote": false,
  "tabWidth": 2,
  "trailingComma": "all",
  "useTabs": true,
  "vueIndentScriptAndStyle": false,
  "filepath": "/home/naman/.config/Code/User/profiles/7ea727a4/settings.json",
  "parser": "json"
}
["INFO" - 6:19:30 PM] Formatting completed in 28ms.
["INFO" - 6:19:31 PM] Formatting vscode-userdata:/home/naman/.config/Code/User/profiles/7ea727a4/settings.json
["DEBUG" - 6:19:31 PM] Using bundled version of prettier.
["INFO" - 6:19:31 PM] File Info:
{
  "ignored": false,
  "inferredParser": "json"
}
["INFO" - 6:19:31 PM] No local configuration (i.e. .prettierrc or .editorconfig) detected, falling back to VS Code configuration
["INFO" - 6:19:31 PM] Prettier Options:
{
  "arrowParens": "always",
  "bracketSpacing": true,
  "endOfLine": "lf",
  "htmlWhitespaceSensitivity": "css",
  "insertPragma": false,
  "singleAttributePerLine": true,
  "bracketSameLine": false,
  "jsxBracketSameLine": false,
  "jsxSingleQuote": false,
  "printWidth": 220,
  "proseWrap": "preserve",
  "quoteProps": "as-needed",
  "requirePragma": false,
  "semi": false,
  "singleQuote": false,
  "tabWidth": 2,
  "trailingComma": "all",
  "useTabs": true,
  "vueIndentScriptAndStyle": false,
  "filepath": "/home/naman/.config/Code/User/profiles/7ea727a4/settings.json",
  "parser": "json"
}
["INFO" - 6:19:31 PM] Formatting completed in 45ms.
["INFO" - 6:19:37 PM] Formatting vscode-userdata:/home/naman/.config/Code/User/profiles/7ea727a4/settings.json
["DEBUG" - 6:19:37 PM] Using bundled version of prettier.
["INFO" - 6:19:37 PM] File Info:
{
  "ignored": false,
  "inferredParser": "json"
}
["INFO" - 6:19:37 PM] No local configuration (i.e. .prettierrc or .editorconfig) detected, falling back to VS Code configuration
["INFO" - 6:19:37 PM] Prettier Options:
{
  "arrowParens": "always",
  "bracketSpacing": true,
  "endOfLine": "lf",
  "htmlWhitespaceSensitivity": "css",
  "insertPragma": false,
  "singleAttributePerLine": true,
  "bracketSameLine": false,
  "jsxBracketSameLine": false,
  "jsxSingleQuote": false,
  "printWidth": 220,
  "proseWrap": "preserve",
  "quoteProps": "as-needed",
  "requirePragma": false,
  "semi": false,
  "singleQuote": false,
  "tabWidth": 2,
  "trailingComma": "all",
  "useTabs": true,
  "vueIndentScriptAndStyle": false,
  "filepath": "/home/naman/.config/Code/User/profiles/7ea727a4/settings.json",
  "parser": "json"
}
["INFO" - 6:19:37 PM] Formatting completed in 53ms.
["INFO" - 6:19:45 PM] Formatting vscode-userdata:/home/naman/.config/Code/User/profiles/7ea727a4/settings.json
["DEBUG" - 6:19:45 PM] Using bundled version of prettier.
["INFO" - 6:19:45 PM] File Info:
{
  "ignored": false,
  "inferredParser": "json"
}
["INFO" - 6:19:45 PM] No local configuration (i.e. .prettierrc or .editorconfig) detected, falling back to VS Code configuration
["INFO" - 6:19:45 PM] Prettier Options:
{
  "arrowParens": "always",
  "bracketSpacing": true,
  "endOfLine": "lf",
  "htmlWhitespaceSensitivity": "css",
  "insertPragma": false,
  "singleAttributePerLine": true,
  "bracketSameLine": false,
  "jsxBracketSameLine": false,
  "jsxSingleQuote": false,
  "printWidth": 220,
  "proseWrap": "preserve",
  "quoteProps": "as-needed",
  "requirePragma": false,
  "semi": false,
  "singleQuote": false,
  "tabWidth": 2,
  "trailingComma": "all",
  "useTabs": true,
  "vueIndentScriptAndStyle": false,
  "filepath": "/home/naman/.config/Code/User/profiles/7ea727a4/settings.json",
  "parser": "json"
}
["INFO" - 6:19:45 PM] Formatting completed in 41ms.
["DEBUG" - 6:22:41 PM] Local prettier module path: '/home/naman/Desktop/Project/React Native/cpay/node_modules/prettier/index.js'
["INFO" - 6:22:42 PM] Formatting vscode-userdata:/home/naman/.config/Code/User/profiles/7ea727a4/settings.json
["DEBUG" - 6:22:42 PM] Using bundled version of prettier.
["INFO" - 6:22:42 PM] File Info:
{
  "ignored": false,
  "inferredParser": "json"
}
["INFO" - 6:22:42 PM] No local configuration (i.e. .prettierrc or .editorconfig) detected, falling back to VS Code configuration
["INFO" - 6:22:42 PM] Prettier Options:
{
  "arrowParens": "always",
  "bracketSpacing": true,
  "endOfLine": "lf",
  "htmlWhitespaceSensitivity": "css",
  "insertPragma": false,
  "singleAttributePerLine": true,
  "bracketSameLine": false,
  "jsxBracketSameLine": false,
  "jsxSingleQuote": false,
  "printWidth": 220,
  "proseWrap": "preserve",
  "quoteProps": "as-needed",
  "requirePragma": false,
  "semi": false,
  "singleQuote": false,
  "tabWidth": 2,
  "trailingComma": "all",
  "useTabs": true,
  "vueIndentScriptAndStyle": false,
  "filepath": "/home/naman/.config/Code/User/profiles/7ea727a4/settings.json",
  "parser": "json"
}
["INFO" - 6:22:42 PM] Formatting completed in 20ms.
["INFO" - 6:22:46 PM] Formatting vscode-userdata:/home/naman/.config/Code/User/profiles/7ea727a4/settings.json
["DEBUG" - 6:22:46 PM] Using bundled version of prettier.
["INFO" - 6:22:46 PM] File Info:
{
  "ignored": false,
  "inferredParser": "json"
}
["INFO" - 6:22:46 PM] No local configuration (i.e. .prettierrc or .editorconfig) detected, falling back to VS Code configuration
["INFO" - 6:22:46 PM] Prettier Options:
{
  "arrowParens": "always",
  "bracketSpacing": true,
  "endOfLine": "lf",
  "htmlWhitespaceSensitivity": "css",
  "insertPragma": false,
  "singleAttributePerLine": true,
  "bracketSameLine": false,
  "jsxBracketSameLine": false,
  "jsxSingleQuote": false,
  "printWidth": 220,
  "proseWrap": "preserve",
  "quoteProps": "as-needed",
  "requirePragma": false,
  "semi": false,
  "singleQuote": false,
  "tabWidth": 2,
  "trailingComma": "all",
  "useTabs": true,
  "vueIndentScriptAndStyle": false,
  "filepath": "/home/naman/.config/Code/User/profiles/7ea727a4/settings.json",
  "parser": "json"
}
["INFO" - 6:22:46 PM] Formatting completed in 27ms.
["DEBUG" - 6:23:26 PM] Local prettier module path: '/home/naman/Desktop/Project/React Native/cpay/node_modules/prettier/index.js'
["DEBUG" - 6:23:54 PM] Local prettier module path: '/home/naman/Desktop/Project/React Native/cpay/node_modules/prettier/index.js'
["DEBUG" - 6:23:59 PM] Local prettier module path: '/home/naman/Desktop/Project/React Native/cpay/node_modules/prettier/index.js'
["INFO" - 6:24:00 PM] Formatting vscode-userdata:/home/naman/.config/Code/User/profiles/7ea727a4/settings.json
["DEBUG" - 6:24:00 PM] Using bundled version of prettier.
["INFO" - 6:24:00 PM] File Info:
{
  "ignored": false,
  "inferredParser": "json"
}
["INFO" - 6:24:00 PM] No local configuration (i.e. .prettierrc or .editorconfig) detected, falling back to VS Code configuration
["INFO" - 6:24:00 PM] Prettier Options:
{
  "arrowParens": "always",
  "bracketSpacing": true,
  "endOfLine": "lf",
  "htmlWhitespaceSensitivity": "css",
  "insertPragma": false,
  "singleAttributePerLine": true,
  "bracketSameLine": false,
  "jsxBracketSameLine": false,
  "jsxSingleQuote": false,
  "printWidth": 220,
  "proseWrap": "preserve",
  "quoteProps": "as-needed",
  "requirePragma": false,
  "semi": false,
  "singleQuote": false,
  "tabWidth": 2,
  "trailingComma": "all",
  "useTabs": true,
  "vueIndentScriptAndStyle": false,
  "filepath": "/home/naman/.config/Code/User/profiles/7ea727a4/settings.json",
  "parser": "json"
}
["INFO" - 6:24:00 PM] Formatting completed in 42ms.
["DEBUG" - 6:24:00 PM] Local prettier module path: '/home/naman/Desktop/Project/React Native/cpay/node_modules/prettier/index.js'
["DEBUG" - 6:24:04 PM] Local prettier module path: '/home/naman/Desktop/Project/React Native/cpay/node_modules/prettier/index.js'
["DEBUG" - 6:24:06 PM] Local prettier module path: '/home/naman/Desktop/Project/React Native/cpay/node_modules/prettier/index.js'
["DEBUG" - 6:24:08 PM] Local prettier module path: '/home/naman/Desktop/Project/React Native/cpay/node_modules/prettier/index.js'
["INFO" - 6:24:14 PM] Formatting vscode-userdata:/home/naman/.config/Code/User/profiles/7ea727a4/settings.json
["DEBUG" - 6:24:14 PM] Using bundled version of prettier.
["INFO" - 6:24:14 PM] File Info:
{
  "ignored": false,
  "inferredParser": "json"
}
["INFO" - 6:24:14 PM] No local configuration (i.e. .prettierrc or .editorconfig) detected, falling back to VS Code configuration
["INFO" - 6:24:14 PM] Prettier Options:
{
  "arrowParens": "always",
  "bracketSpacing": true,
  "endOfLine": "lf",
  "htmlWhitespaceSensitivity": "css",
  "insertPragma": false,
  "singleAttributePerLine": true,
  "bracketSameLine": false,
  "jsxBracketSameLine": false,
  "jsxSingleQuote": false,
  "printWidth": 220,
  "proseWrap": "preserve",
  "quoteProps": "as-needed",
  "requirePragma": false,
  "semi": false,
  "singleQuote": false,
  "tabWidth": 2,
  "trailingComma": "all",
  "useTabs": true,
  "vueIndentScriptAndStyle": false,
  "filepath": "/home/naman/.config/Code/User/profiles/7ea727a4/settings.json",
  "parser": "json"
}
["INFO" - 6:24:14 PM] Formatting completed in 39ms.
["DEBUG" - 6:24:28 PM] Local prettier module path: '/home/naman/Desktop/Project/React Native/cpay/node_modules/prettier/index.js'
["DEBUG" - 6:24:54 PM] Local prettier module path: '/home/naman/Desktop/Project/React Native/cpay/node_modules/prettier/index.js'
["INFO" - 6:24:58 PM] Formatting vscode-userdata:/home/naman/.config/Code/User/profiles/7ea727a4/settings.json
["DEBUG" - 6:24:59 PM] Using bundled version of prettier.
["INFO" - 6:24:59 PM] File Info:
{
  "ignored": false,
  "inferredParser": "json"
}
["INFO" - 6:24:59 PM] No local configuration (i.e. .prettierrc or .editorconfig) detected, falling back to VS Code configuration
["INFO" - 6:24:59 PM] Prettier Options:
{
  "arrowParens": "always",
  "bracketSpacing": true,
  "endOfLine": "lf",
  "htmlWhitespaceSensitivity": "css",
  "insertPragma": false,
  "singleAttributePerLine": true,
  "bracketSameLine": false,
  "jsxBracketSameLine": false,
  "jsxSingleQuote": false,
  "printWidth": 220,
  "proseWrap": "preserve",
  "quoteProps": "as-needed",
  "requirePragma": false,
  "semi": false,
  "singleQuote": false,
  "tabWidth": 2,
  "trailingComma": "all",
  "useTabs": true,
  "vueIndentScriptAndStyle": false,
  "filepath": "/home/naman/.config/Code/User/profiles/7ea727a4/settings.json",
  "parser": "json"
}
["INFO" - 6:24:59 PM] Formatting completed in 39ms.
["INFO" - 6:25:08 PM] Formatting vscode-userdata:/home/naman/.config/Code/User/profiles/7ea727a4/settings.json
["DEBUG" - 6:25:08 PM] Using bundled version of prettier.
["INFO" - 6:25:08 PM] File Info:
{
  "ignored": false,
  "inferredParser": "json"
}
["INFO" - 6:25:08 PM] No local configuration (i.e. .prettierrc or .editorconfig) detected, falling back to VS Code configuration
["INFO" - 6:25:08 PM] Prettier Options:
{
  "arrowParens": "always",
  "bracketSpacing": true,
  "endOfLine": "lf",
  "htmlWhitespaceSensitivity": "css",
  "insertPragma": false,
  "singleAttributePerLine": true,
  "bracketSameLine": false,
  "jsxBracketSameLine": false,
  "jsxSingleQuote": false,
  "printWidth": 220,
  "proseWrap": "preserve",
  "quoteProps": "as-needed",
  "requirePragma": false,
  "semi": false,
  "singleQuote": false,
  "tabWidth": 2,
  "trailingComma": "all",
  "useTabs": true,
  "vueIndentScriptAndStyle": false,
  "filepath": "/home/naman/.config/Code/User/profiles/7ea727a4/settings.json",
  "parser": "json"
}
["INFO" - 6:25:08 PM] Formatting completed in 39ms.
["DEBUG" - 6:25:39 PM] Local prettier module path: '/home/naman/Desktop/Project/React Native/cpay/node_modules/prettier/index.js'
["INFO" - 6:25:54 PM] Formatting vscode-userdata:/home/naman/.config/Code/User/profiles/7ea727a4/settings.json
["DEBUG" - 6:25:54 PM] Using bundled version of prettier.
["INFO" - 6:25:54 PM] File Info:
{
  "ignored": false,
  "inferredParser": "json"
}
["INFO" - 6:25:54 PM] No local configuration (i.e. .prettierrc or .editorconfig) detected, falling back to VS Code configuration
["INFO" - 6:25:54 PM] Prettier Options:
{
  "arrowParens": "always",
  "bracketSpacing": true,
  "endOfLine": "lf",
  "htmlWhitespaceSensitivity": "css",
  "insertPragma": false,
  "singleAttributePerLine": true,
  "bracketSameLine": false,
  "jsxBracketSameLine": false,
  "jsxSingleQuote": false,
  "printWidth": 220,
  "proseWrap": "preserve",
  "quoteProps": "as-needed",
  "requirePragma": false,
  "semi": false,
  "singleQuote": false,
  "tabWidth": 2,
  "trailingComma": "all",
  "useTabs": true,
  "vueIndentScriptAndStyle": false,
  "filepath": "/home/naman/.config/Code/User/profiles/7ea727a4/settings.json",
  "parser": "json"
}
["INFO" - 6:25:54 PM] Formatting completed in 20ms.
["INFO" - 6:26:14 PM] Formatting vscode-userdata:/home/naman/.config/Code/User/profiles/7ea727a4/settings.json
["DEBUG" - 6:26:14 PM] Using bundled version of prettier.
["INFO" - 6:26:14 PM] File Info:
{
  "ignored": false,
  "inferredParser": "json"
}
["INFO" - 6:26:14 PM] No local configuration (i.e. .prettierrc or .editorconfig) detected, falling back to VS Code configuration
["INFO" - 6:26:14 PM] Prettier Options:
{
  "arrowParens": "always",
  "bracketSpacing": true,
  "endOfLine": "lf",
  "htmlWhitespaceSensitivity": "css",
  "insertPragma": false,
  "singleAttributePerLine": true,
  "bracketSameLine": false,
  "jsxBracketSameLine": false,
  "jsxSingleQuote": false,
  "printWidth": 220,
  "proseWrap": "preserve",
  "quoteProps": "as-needed",
  "requirePragma": false,
  "semi": false,
  "singleQuote": false,
  "tabWidth": 2,
  "trailingComma": "all",
  "useTabs": true,
  "vueIndentScriptAndStyle": false,
  "filepath": "/home/naman/.config/Code/User/profiles/7ea727a4/settings.json",
  "parser": "json"
}
["INFO" - 6:26:14 PM] Formatting completed in 36ms.
["INFO" - 6:26:18 PM] Formatting vscode-userdata:/home/naman/.config/Code/User/profiles/7ea727a4/settings.json
["DEBUG" - 6:26:18 PM] Using bundled version of prettier.
["INFO" - 6:26:18 PM] File Info:
{
  "ignored": false,
  "inferredParser": "json"
}
["INFO" - 6:26:18 PM] No local configuration (i.e. .prettierrc or .editorconfig) detected, falling back to VS Code configuration
["INFO" - 6:26:18 PM] Prettier Options:
{
  "arrowParens": "always",
  "bracketSpacing": true,
  "endOfLine": "lf",
  "htmlWhitespaceSensitivity": "css",
  "insertPragma": false,
  "singleAttributePerLine": true,
  "bracketSameLine": false,
  "jsxBracketSameLine": false,
  "jsxSingleQuote": false,
  "printWidth": 220,
  "proseWrap": "preserve",
  "quoteProps": "as-needed",
  "requirePragma": false,
  "semi": false,
  "singleQuote": false,
  "tabWidth": 2,
  "trailingComma": "all",
  "useTabs": true,
  "vueIndentScriptAndStyle": false,
  "filepath": "/home/naman/.config/Code/User/profiles/7ea727a4/settings.json",
  "parser": "json"
}
["INFO" - 6:26:18 PM] Formatting completed in 45ms.
["DEBUG" - 6:28:52 PM] Local prettier module path: '/home/naman/Desktop/Project/React Native/cpay/node_modules/prettier/index.js'
["INFO" - 6:29:01 PM] Formatting vscode-userdata:/home/naman/.config/Code/User/profiles/7ea727a4/settings.json
["DEBUG" - 6:29:01 PM] Using bundled version of prettier.
["INFO" - 6:29:01 PM] File Info:
{
  "ignored": false,
  "inferredParser": "json"
}
["INFO" - 6:29:01 PM] No local configuration (i.e. .prettierrc or .editorconfig) detected, falling back to VS Code configuration
["INFO" - 6:29:01 PM] Prettier Options:
{
  "arrowParens": "always",
  "bracketSpacing": true,
  "endOfLine": "lf",
  "htmlWhitespaceSensitivity": "css",
  "insertPragma": false,
  "singleAttributePerLine": true,
  "bracketSameLine": false,
  "jsxBracketSameLine": false,
  "jsxSingleQuote": false,
  "printWidth": 220,
  "proseWrap": "preserve",
  "quoteProps": "as-needed",
  "requirePragma": false,
  "semi": false,
  "singleQuote": false,
  "tabWidth": 2,
  "trailingComma": "all",
  "useTabs": true,
  "vueIndentScriptAndStyle": false,
  "filepath": "/home/naman/.config/Code/User/profiles/7ea727a4/settings.json",
  "parser": "json"
}
["INFO" - 6:29:01 PM] Formatting completed in 27ms.
["DEBUG" - 6:29:21 PM] Local prettier module path: '/home/naman/Desktop/Project/React Native/cpay/node_modules/prettier/index.js'
["INFO" - 6:29:21 PM] Formatting vscode-userdata:/home/naman/.config/Code/User/profiles/7ea727a4/settings.json
["DEBUG" - 6:29:21 PM] Using bundled version of prettier.
["INFO" - 6:29:21 PM] File Info:
{
  "ignored": false,
  "inferredParser": "json"
}
["INFO" - 6:29:21 PM] No local configuration (i.e. .prettierrc or .editorconfig) detected, falling back to VS Code configuration
["INFO" - 6:29:21 PM] Prettier Options:
{
  "arrowParens": "always",
  "bracketSpacing": true,
  "endOfLine": "lf",
  "htmlWhitespaceSensitivity": "css",
  "insertPragma": false,
  "singleAttributePerLine": true,
  "bracketSameLine": false,
  "jsxBracketSameLine": false,
  "jsxSingleQuote": false,
  "printWidth": 220,
  "proseWrap": "preserve",
  "quoteProps": "as-needed",
  "requirePragma": false,
  "semi": false,
  "singleQuote": false,
  "tabWidth": 2,
  "trailingComma": "all",
  "useTabs": true,
  "vueIndentScriptAndStyle": false,
  "filepath": "/home/naman/.config/Code/User/profiles/7ea727a4/settings.json",
  "parser": "json"
}
["INFO" - 6:29:21 PM] Formatting completed in 36ms.
["INFO" - 6:29:30 PM] Formatting vscode-userdata:/home/naman/.config/Code/User/profiles/7ea727a4/settings.json
["DEBUG" - 6:29:30 PM] Using bundled version of prettier.
["INFO" - 6:29:30 PM] File Info:
{
  "ignored": false,
  "inferredParser": "json"
}
["INFO" - 6:29:30 PM] No local configuration (i.e. .prettierrc or .editorconfig) detected, falling back to VS Code configuration
["INFO" - 6:29:30 PM] Prettier Options:
{
  "arrowParens": "always",
  "bracketSpacing": true,
  "endOfLine": "lf",
  "htmlWhitespaceSensitivity": "css",
  "insertPragma": false,
  "singleAttributePerLine": true,
  "bracketSameLine": false,
  "jsxBracketSameLine": false,
  "jsxSingleQuote": false,
  "printWidth": 220,
  "proseWrap": "preserve",
  "quoteProps": "as-needed",
  "requirePragma": false,
  "semi": false,
  "singleQuote": false,
  "tabWidth": 2,
  "trailingComma": "all",
  "useTabs": true,
  "vueIndentScriptAndStyle": false,
  "filepath": "/home/naman/.config/Code/User/profiles/7ea727a4/settings.json",
  "parser": "json"
}
["INFO" - 6:29:30 PM] Formatting completed in 30ms.
["DEBUG" - 6:30:23 PM] Local prettier module path: '/home/naman/Desktop/Project/React Native/cpay/node_modules/prettier/index.js'
["INFO" - 6:30:23 PM] Formatting vscode-userdata:/home/naman/.config/Code/User/profiles/7ea727a4/settings.json
["DEBUG" - 6:30:23 PM] Using bundled version of prettier.
["INFO" - 6:30:23 PM] File Info:
{
  "ignored": false,
  "inferredParser": "json"
}
["INFO" - 6:30:23 PM] No local configuration (i.e. .prettierrc or .editorconfig) detected, falling back to VS Code configuration
["INFO" - 6:30:23 PM] Prettier Options:
{
  "arrowParens": "always",
  "bracketSpacing": true,
  "endOfLine": "lf",
  "htmlWhitespaceSensitivity": "css",
  "insertPragma": false,
  "singleAttributePerLine": true,
  "bracketSameLine": false,
  "jsxBracketSameLine": false,
  "jsxSingleQuote": false,
  "printWidth": 220,
  "proseWrap": "preserve",
  "quoteProps": "as-needed",
  "requirePragma": false,
  "semi": false,
  "singleQuote": false,
  "tabWidth": 2,
  "trailingComma": "all",
  "useTabs": true,
  "vueIndentScriptAndStyle": false,
  "filepath": "/home/naman/.config/Code/User/profiles/7ea727a4/settings.json",
  "parser": "json"
}
["INFO" - 6:30:23 PM] Formatting completed in 18ms.
["INFO" - 6:30:27 PM] Formatting vscode-userdata:/home/naman/.config/Code/User/profiles/7ea727a4/settings.json
["DEBUG" - 6:30:27 PM] Using bundled version of prettier.
["INFO" - 6:30:27 PM] File Info:
{
  "ignored": false,
  "inferredParser": "json"
}
["INFO" - 6:30:27 PM] No local configuration (i.e. .prettierrc or .editorconfig) detected, falling back to VS Code configuration
["INFO" - 6:30:27 PM] Prettier Options:
{
  "arrowParens": "always",
  "bracketSpacing": true,
  "endOfLine": "lf",
  "htmlWhitespaceSensitivity": "css",
  "insertPragma": false,
  "singleAttributePerLine": true,
  "bracketSameLine": false,
  "jsxBracketSameLine": false,
  "jsxSingleQuote": false,
  "printWidth": 220,
  "proseWrap": "preserve",
  "quoteProps": "as-needed",
  "requirePragma": false,
  "semi": false,
  "singleQuote": false,
  "tabWidth": 2,
  "trailingComma": "all",
  "useTabs": true,
  "vueIndentScriptAndStyle": false,
  "filepath": "/home/naman/.config/Code/User/profiles/7ea727a4/settings.json",
  "parser": "json"
}
["INFO" - 6:30:27 PM] Formatting completed in 25ms.
["DEBUG" - 6:30:44 PM] Local prettier module path: '/home/naman/Desktop/Project/React Native/cpay/node_modules/prettier/index.js'
["DEBUG" - 6:32:57 PM] Local prettier module path: '/home/naman/Desktop/Project/React Native/cpay/node_modules/prettier/index.js'
["INFO" - 6:32:57 PM] Formatting vscode-userdata:/home/naman/.config/Code/User/profiles/7ea727a4/settings.json
["DEBUG" - 6:32:57 PM] Using bundled version of prettier.
["INFO" - 6:32:57 PM] File Info:
{
  "ignored": false,
  "inferredParser": "json"
}
["INFO" - 6:32:57 PM] No local configuration (i.e. .prettierrc or .editorconfig) detected, falling back to VS Code configuration
["INFO" - 6:32:57 PM] Prettier Options:
{
  "arrowParens": "always",
  "bracketSpacing": true,
  "endOfLine": "lf",
  "htmlWhitespaceSensitivity": "css",
  "insertPragma": false,
  "singleAttributePerLine": true,
  "bracketSameLine": false,
  "jsxBracketSameLine": false,
  "jsxSingleQuote": false,
  "printWidth": 220,
  "proseWrap": "preserve",
  "quoteProps": "as-needed",
  "requirePragma": false,
  "semi": false,
  "singleQuote": false,
  "tabWidth": 2,
  "trailingComma": "all",
  "useTabs": true,
  "vueIndentScriptAndStyle": false,
  "filepath": "/home/naman/.config/Code/User/profiles/7ea727a4/settings.json",
  "parser": "json"
}
["INFO" - 6:32:57 PM] Formatting completed in 21ms.
["DEBUG" - 6:33:00 PM] Local prettier module path: '/home/naman/Desktop/Project/React Native/cpay/node_modules/prettier/index.js'
["INFO" - 6:33:00 PM] Formatting vscode-userdata:/home/naman/.config/Code/User/profiles/7ea727a4/settings.json
["DEBUG" - 6:33:00 PM] Using bundled version of prettier.
["INFO" - 6:33:00 PM] File Info:
{
  "ignored": false,
  "inferredParser": "json"
}
["INFO" - 6:33:00 PM] No local configuration (i.e. .prettierrc or .editorconfig) detected, falling back to VS Code configuration
["INFO" - 6:33:00 PM] Prettier Options:
{
  "arrowParens": "always",
  "bracketSpacing": true,
  "endOfLine": "lf",
  "htmlWhitespaceSensitivity": "css",
  "insertPragma": false,
  "singleAttributePerLine": true,
  "bracketSameLine": false,
  "jsxBracketSameLine": false,
  "jsxSingleQuote": false,
  "printWidth": 220,
  "proseWrap": "preserve",
  "quoteProps": "as-needed",
  "requirePragma": false,
  "semi": false,
  "singleQuote": false,
  "tabWidth": 2,
  "trailingComma": "all",
  "useTabs": true,
  "vueIndentScriptAndStyle": false,
  "filepath": "/home/naman/.config/Code/User/profiles/7ea727a4/settings.json",
  "parser": "json"
}
["INFO" - 6:33:00 PM] Formatting completed in 15ms.
["DEBUG" - 6:33:18 PM] Local prettier module path: '/home/naman/Desktop/Project/React Native/cpay/node_modules/prettier/index.js'
["INFO" - 6:33:18 PM] Formatting vscode-userdata:/home/naman/.config/Code/User/profiles/7ea727a4/settings.json
["DEBUG" - 6:33:18 PM] Using bundled version of prettier.
["INFO" - 6:33:18 PM] File Info:
{
  "ignored": false,
  "inferredParser": "json"
}
["INFO" - 6:33:18 PM] No local configuration (i.e. .prettierrc or .editorconfig) detected, falling back to VS Code configuration
["INFO" - 6:33:18 PM] Prettier Options:
{
  "arrowParens": "always",
  "bracketSpacing": true,
  "endOfLine": "lf",
  "htmlWhitespaceSensitivity": "css",
  "insertPragma": false,
  "singleAttributePerLine": true,
  "bracketSameLine": false,
  "jsxBracketSameLine": false,
  "jsxSingleQuote": false,
  "printWidth": 220,
  "proseWrap": "preserve",
  "quoteProps": "as-needed",
  "requirePragma": false,
  "semi": false,
  "singleQuote": false,
  "tabWidth": 2,
  "trailingComma": "all",
  "useTabs": true,
  "vueIndentScriptAndStyle": false,
  "filepath": "/home/naman/.config/Code/User/profiles/7ea727a4/settings.json",
  "parser": "json"
}
["INFO" - 6:33:18 PM] Formatting completed in 56ms.
["INFO" - 6:33:23 PM] Formatting file:///home/naman/Desktop/Project/React%20Native/cpay/app/Components/Buttons/LinkButton.tsx
["INFO" - 6:33:23 PM] Using config file at '/home/naman/Desktop/Project/React Native/cpay/.prettierrc.js'
["DEBUG" - 6:33:23 PM] Local prettier module path: '/home/naman/Desktop/Project/React Native/cpay/node_modules/prettier/index.js'
["INFO" - 6:33:23 PM] Using ignore file (if present) at /home/naman/Desktop/Project/React Native/cpay/.prettierignore
["INFO" - 6:33:23 PM] File Info:
{
  "ignored": false,
  "inferredParser": "typescript"
}
["INFO" - 6:33:23 PM] Detected local configuration (i.e. .prettierrc or .editorconfig), VS Code configuration will not be used
["INFO" - 6:33:23 PM] Prettier Options:
{
  "filepath": "/home/naman/Desktop/Project/React Native/cpay/app/Components/Buttons/LinkButton.tsx",
  "parser": "typescript",
  "arrowParens": "avoid",
  "bracketSameLine": true,
  "bracketSpacing": false,
  "singleQuote": true,
  "trailingComma": "all"
}
["INFO" - 6:33:23 PM] Formatting completed in 139ms.
["DEBUG" - 6:33:29 PM] Local prettier module path: '/home/naman/Desktop/Project/React Native/cpay/node_modules/prettier/index.js'
["INFO" - 6:33:29 PM] Formatting vscode-userdata:/home/naman/.config/Code/User/profiles/7ea727a4/settings.json
["DEBUG" - 6:33:29 PM] Using bundled version of prettier.
["INFO" - 6:33:29 PM] File Info:
{
  "ignored": false,
  "inferredParser": "json"
}
["INFO" - 6:33:29 PM] No local configuration (i.e. .prettierrc or .editorconfig) detected, falling back to VS Code configuration
["INFO" - 6:33:29 PM] Prettier Options:
{
  "arrowParens": "always",
  "bracketSpacing": true,
  "endOfLine": "lf",
  "htmlWhitespaceSensitivity": "css",
  "insertPragma": false,
  "singleAttributePerLine": true,
  "bracketSameLine": false,
  "jsxBracketSameLine": false,
  "jsxSingleQuote": false,
  "printWidth": 220,
  "proseWrap": "preserve",
  "quoteProps": "as-needed",
  "requirePragma": false,
  "semi": false,
  "singleQuote": false,
  "tabWidth": 2,
  "trailingComma": "all",
  "useTabs": true,
  "vueIndentScriptAndStyle": false,
  "filepath": "/home/naman/.config/Code/User/profiles/7ea727a4/settings.json",
  "parser": "json"
}
["INFO" - 6:33:29 PM] Formatting completed in 25ms.
["INFO" - 6:36:01 PM] Formatting vscode-userdata:/home/naman/.config/Code/User/profiles/7ea727a4/settings.json
["DEBUG" - 6:36:01 PM] Using bundled version of prettier.
["INFO" - 6:36:01 PM] File Info:
{
  "ignored": false,
  "inferredParser": "json"
}
["INFO" - 6:36:01 PM] No local configuration (i.e. .prettierrc or .editorconfig) detected, falling back to VS Code configuration
["INFO" - 6:36:01 PM] Prettier Options:
{
  "arrowParens": "always",
  "bracketSpacing": true,
  "endOfLine": "lf",
  "htmlWhitespaceSensitivity": "css",
  "insertPragma": false,
  "singleAttributePerLine": true,
  "bracketSameLine": false,
  "jsxBracketSameLine": false,
  "jsxSingleQuote": false,
  "printWidth": 220,
  "proseWrap": "preserve",
  "quoteProps": "as-needed",
  "requirePragma": false,
  "semi": false,
  "singleQuote": false,
  "tabWidth": 2,
  "trailingComma": "all",
  "useTabs": true,
  "vueIndentScriptAndStyle": false,
  "filepath": "/home/naman/.config/Code/User/profiles/7ea727a4/settings.json",
  "parser": "json"
}
["INFO" - 6:36:01 PM] Formatting completed in 45ms.
["INFO" - 6:37:02 PM] Formatting vscode-userdata:/home/naman/.config/Code/User/profiles/7ea727a4/settings.json
["DEBUG" - 6:37:02 PM] Using bundled version of prettier.
["INFO" - 6:37:02 PM] File Info:
{
  "ignored": false,
  "inferredParser": "json"
}
["INFO" - 6:37:02 PM] No local configuration (i.e. .prettierrc or .editorconfig) detected, falling back to VS Code configuration
["INFO" - 6:37:02 PM] Prettier Options:
{
  "arrowParens": "always",
  "bracketSpacing": true,
  "endOfLine": "lf",
  "htmlWhitespaceSensitivity": "css",
  "insertPragma": false,
  "singleAttributePerLine": true,
  "bracketSameLine": false,
  "jsxBracketSameLine": false,
  "jsxSingleQuote": false,
  "printWidth": 220,
  "proseWrap": "preserve",
  "quoteProps": "as-needed",
  "requirePragma": false,
  "semi": false,
  "singleQuote": false,
  "tabWidth": 2,
  "trailingComma": "all",
  "useTabs": true,
  "vueIndentScriptAndStyle": false,
  "filepath": "/home/naman/.config/Code/User/profiles/7ea727a4/settings.json",
  "parser": "json"
}
["INFO" - 6:37:02 PM] Formatting completed in 32ms.
["INFO" - 6:39:18 PM] Formatting vscode-userdata:/home/naman/.config/Code/User/profiles/7ea727a4/settings.json
["DEBUG" - 6:39:18 PM] Using bundled version of prettier.
["INFO" - 6:39:18 PM] File Info:
{
  "ignored": false,
  "inferredParser": "json"
}
["INFO" - 6:39:18 PM] No local configuration (i.e. .prettierrc or .editorconfig) detected, falling back to VS Code configuration
["INFO" - 6:39:18 PM] Prettier Options:
{
  "arrowParens": "always",
  "bracketSpacing": true,
  "endOfLine": "lf",
  "htmlWhitespaceSensitivity": "css",
  "insertPragma": false,
  "singleAttributePerLine": true,
  "bracketSameLine": false,
  "jsxBracketSameLine": false,
  "jsxSingleQuote": false,
  "printWidth": 220,
  "proseWrap": "preserve",
  "quoteProps": "as-needed",
  "requirePragma": false,
  "semi": false,
  "singleQuote": false,
  "tabWidth": 2,
  "trailingComma": "all",
  "useTabs": true,
  "vueIndentScriptAndStyle": false,
  "filepath": "/home/naman/.config/Code/User/profiles/7ea727a4/settings.json",
  "parser": "json"
}
["INFO" - 6:39:18 PM] Formatting completed in 37ms.
["DEBUG" - 6:39:25 PM] Local prettier module path: '/home/naman/Desktop/Project/React Native/cpay/node_modules/prettier/index.js'
["DEBUG" - 6:41:44 PM] Local prettier module path: '/home/naman/Desktop/Project/React Native/cpay/node_modules/prettier/index.js'
["DEBUG" - 6:41:54 PM] Local prettier module path: '/home/naman/Desktop/Project/React Native/cpay/node_modules/prettier/index.js'
["INFO" - 6:42:03 PM] Formatting vscode-userdata:/home/naman/.config/Code/User/profiles/7ea727a4/settings.json
["DEBUG" - 6:42:03 PM] Using bundled version of prettier.
["INFO" - 6:42:03 PM] File Info:
{
  "ignored": false,
  "inferredParser": "json"
}
["INFO" - 6:42:03 PM] No local configuration (i.e. .prettierrc or .editorconfig) detected, falling back to VS Code configuration
["INFO" - 6:42:03 PM] Prettier Options:
{
  "arrowParens": "always",
  "bracketSpacing": true,
  "endOfLine": "lf",
  "htmlWhitespaceSensitivity": "css",
  "insertPragma": false,
  "singleAttributePerLine": true,
  "bracketSameLine": false,
  "jsxBracketSameLine": false,
  "jsxSingleQuote": false,
  "printWidth": 220,
  "proseWrap": "preserve",
  "quoteProps": "as-needed",
  "requirePragma": false,
  "semi": false,
  "singleQuote": false,
  "tabWidth": 2,
  "trailingComma": "all",
  "useTabs": true,
  "vueIndentScriptAndStyle": false,
  "filepath": "/home/naman/.config/Code/User/profiles/7ea727a4/settings.json",
  "parser": "json"
}
["INFO" - 6:42:03 PM] Formatting completed in 24ms.
["INFO" - 6:42:04 PM] Formatting vscode-userdata:/home/naman/.config/Code/User/profiles/7ea727a4/settings.json
["DEBUG" - 6:42:04 PM] Using bundled version of prettier.
["INFO" - 6:42:04 PM] File Info:
{
  "ignored": false,
  "inferredParser": "json"
}
["INFO" - 6:42:04 PM] No local configuration (i.e. .prettierrc or .editorconfig) detected, falling back to VS Code configuration
["INFO" - 6:42:04 PM] Prettier Options:
{
  "arrowParens": "always",
  "bracketSpacing": true,
  "endOfLine": "lf",
  "htmlWhitespaceSensitivity": "css",
  "insertPragma": false,
  "singleAttributePerLine": true,
  "bracketSameLine": false,
  "jsxBracketSameLine": false,
  "jsxSingleQuote": false,
  "printWidth": 220,
  "proseWrap": "preserve",
  "quoteProps": "as-needed",
  "requirePragma": false,
  "semi": false,
  "singleQuote": false,
  "tabWidth": 2,
  "trailingComma": "all",
  "useTabs": true,
  "vueIndentScriptAndStyle": false,
  "filepath": "/home/naman/.config/Code/User/profiles/7ea727a4/settings.json",
  "parser": "json"
}
["INFO" - 6:42:04 PM] Formatting completed in 17ms.
["DEBUG" - 6:47:58 PM] Local prettier module path: '/home/naman/Desktop/Project/React Native/cpay/node_modules/prettier/index.js'
["DEBUG" - 6:48:01 PM] Local prettier module path: '/home/naman/Desktop/Project/React Native/cpay/node_modules/prettier/index.js'
["DEBUG" - 6:48:02 PM] Local prettier module path: '/home/naman/Desktop/Project/React Native/cpay/node_modules/prettier/index.js'
["DEBUG" - 6:48:10 PM] Local prettier module path: '/home/naman/Desktop/Project/React Native/cpay/node_modules/prettier/index.js'
["INFO" - 6:48:11 PM] Formatting vscode-userdata:/home/naman/.config/Code/User/profiles/7ea727a4/settings.json
["DEBUG" - 6:48:11 PM] Using bundled version of prettier.
["INFO" - 6:48:11 PM] File Info:
{
  "ignored": false,
  "inferredParser": "json"
}
["INFO" - 6:48:11 PM] No local configuration (i.e. .prettierrc or .editorconfig) detected, falling back to VS Code configuration
["INFO" - 6:48:11 PM] Prettier Options:
{
  "arrowParens": "always",
  "bracketSpacing": true,
  "endOfLine": "lf",
  "htmlWhitespaceSensitivity": "css",
  "insertPragma": false,
  "singleAttributePerLine": true,
  "bracketSameLine": false,
  "jsxBracketSameLine": false,
  "jsxSingleQuote": false,
  "printWidth": 220,
  "proseWrap": "preserve",
  "quoteProps": "as-needed",
  "requirePragma": false,
  "semi": false,
  "singleQuote": false,
  "tabWidth": 2,
  "trailingComma": "all",
  "useTabs": true,
  "vueIndentScriptAndStyle": false,
  "filepath": "/home/naman/.config/Code/User/profiles/7ea727a4/settings.json",
  "parser": "json"
}
["INFO" - 6:48:11 PM] Formatting completed in 46ms.
["DEBUG" - 6:48:14 PM] Local prettier module path: '/home/naman/Desktop/Project/React Native/cpay/node_modules/prettier/index.js'
["INFO" - 6:48:14 PM] Formatting vscode-userdata:/home/naman/.config/Code/User/profiles/7ea727a4/settings.json
["DEBUG" - 6:48:14 PM] Using bundled version of prettier.
["INFO" - 6:48:14 PM] File Info:
{
  "ignored": false,
  "inferredParser": "json"
}
["INFO" - 6:48:14 PM] No local configuration (i.e. .prettierrc or .editorconfig) detected, falling back to VS Code configuration
["INFO" - 6:48:14 PM] Prettier Options:
{
  "arrowParens": "always",
  "bracketSpacing": true,
  "endOfLine": "lf",
  "htmlWhitespaceSensitivity": "css",
  "insertPragma": false,
  "singleAttributePerLine": true,
  "bracketSameLine": false,
  "jsxBracketSameLine": false,
  "jsxSingleQuote": false,
  "printWidth": 220,
  "proseWrap": "preserve",
  "quoteProps": "as-needed",
  "requirePragma": false,
  "semi": false,
  "singleQuote": false,
  "tabWidth": 2,
  "trailingComma": "all",
  "useTabs": true,
  "vueIndentScriptAndStyle": false,
  "filepath": "/home/naman/.config/Code/User/profiles/7ea727a4/settings.json",
  "parser": "json"
}
["INFO" - 6:48:14 PM] Formatting completed in 30ms.
["DEBUG" - 6:48:32 PM] Local prettier module path: '/home/naman/Desktop/Project/React Native/cpay/node_modules/prettier/index.js'
["DEBUG" - 6:48:39 PM] Local prettier module path: '/home/naman/Desktop/Project/React Native/cpay/node_modules/prettier/index.js'
["INFO" - 6:48:46 PM] Formatting vscode-userdata:/home/naman/.config/Code/User/profiles/7ea727a4/settings.json
["DEBUG" - 6:48:46 PM] Using bundled version of prettier.
["INFO" - 6:48:46 PM] File Info:
{
  "ignored": false,
  "inferredParser": "json"
}
["INFO" - 6:48:46 PM] No local configuration (i.e. .prettierrc or .editorconfig) detected, falling back to VS Code configuration
["INFO" - 6:48:46 PM] Prettier Options:
{
  "arrowParens": "always",
  "bracketSpacing": true,
  "endOfLine": "lf",
  "htmlWhitespaceSensitivity": "css",
  "insertPragma": false,
  "singleAttributePerLine": true,
  "bracketSameLine": false,
  "jsxBracketSameLine": false,
  "jsxSingleQuote": false,
  "printWidth": 220,
  "proseWrap": "preserve",
  "quoteProps": "as-needed",
  "requirePragma": false,
  "semi": false,
  "singleQuote": false,
  "tabWidth": 2,
  "trailingComma": "all",
  "useTabs": true,
  "vueIndentScriptAndStyle": false,
  "filepath": "/home/naman/.config/Code/User/profiles/7ea727a4/settings.json",
  "parser": "json"
}
["INFO" - 6:48:46 PM] Formatting completed in 17ms.
["DEBUG" - 6:48:57 PM] Local prettier module path: '/home/naman/Desktop/Project/React Native/cpay/node_modules/prettier/index.js'
["INFO" - 6:48:57 PM] Formatting vscode-userdata:/home/naman/.config/Code/User/profiles/7ea727a4/settings.json
["DEBUG" - 6:48:57 PM] Using bundled version of prettier.
["INFO" - 6:48:57 PM] File Info:
{
  "ignored": false,
  "inferredParser": "json"
}
["INFO" - 6:48:57 PM] No local configuration (i.e. .prettierrc or .editorconfig) detected, falling back to VS Code configuration
["INFO" - 6:48:57 PM] Prettier Options:
{
  "arrowParens": "always",
  "bracketSpacing": true,
  "endOfLine": "lf",
  "htmlWhitespaceSensitivity": "css",
  "insertPragma": false,
  "singleAttributePerLine": true,
  "bracketSameLine": false,
  "jsxBracketSameLine": false,
  "jsxSingleQuote": false,
  "printWidth": 220,
  "proseWrap": "preserve",
  "quoteProps": "as-needed",
  "requirePragma": false,
  "semi": false,
  "singleQuote": false,
  "tabWidth": 2,
  "trailingComma": "all",
  "useTabs": true,
  "vueIndentScriptAndStyle": false,
  "filepath": "/home/naman/.config/Code/User/profiles/7ea727a4/settings.json",
  "parser": "json"
}
["INFO" - 6:48:57 PM] Formatting completed in 37ms.
["DEBUG" - 6:54:09 PM] Local prettier module path: '/home/naman/Desktop/Project/React Native/cpay/node_modules/prettier/index.js'
["INFO" - 6:54:22 PM] Formatting vscode-userdata:/home/naman/.config/Code/User/profiles/7ea727a4/settings.json
["DEBUG" - 6:54:22 PM] Using bundled version of prettier.
["INFO" - 6:54:22 PM] File Info:
{
  "ignored": false,
  "inferredParser": "json"
}
["INFO" - 6:54:22 PM] No local configuration (i.e. .prettierrc or .editorconfig) detected, falling back to VS Code configuration
["INFO" - 6:54:22 PM] Prettier Options:
{
  "arrowParens": "always",
  "bracketSpacing": true,
  "endOfLine": "lf",
  "htmlWhitespaceSensitivity": "css",
  "insertPragma": false,
  "singleAttributePerLine": true,
  "bracketSameLine": false,
  "jsxBracketSameLine": false,
  "jsxSingleQuote": false,
  "printWidth": 220,
  "proseWrap": "preserve",
  "quoteProps": "as-needed",
  "requirePragma": false,
  "semi": false,
  "singleQuote": false,
  "tabWidth": 2,
  "trailingComma": "all",
  "useTabs": true,
  "vueIndentScriptAndStyle": false,
  "filepath": "/home/naman/.config/Code/User/profiles/7ea727a4/settings.json",
  "parser": "json"
}
["INFO" - 6:54:22 PM] Formatting completed in 17ms.
["INFO" - 6:56:16 PM] Formatting vscode-userdata:/home/naman/.config/Code/User/profiles/7ea727a4/settings.json
["DEBUG" - 6:56:16 PM] Using bundled version of prettier.
["INFO" - 6:56:16 PM] File Info:
{
  "ignored": false,
  "inferredParser": "json"
}
["INFO" - 6:56:16 PM] No local configuration (i.e. .prettierrc or .editorconfig) detected, falling back to VS Code configuration
["INFO" - 6:56:16 PM] Prettier Options:
{
  "arrowParens": "always",
  "bracketSpacing": true,
  "endOfLine": "lf",
  "htmlWhitespaceSensitivity": "css",
  "insertPragma": false,
  "singleAttributePerLine": true,
  "bracketSameLine": false,
  "jsxBracketSameLine": false,
  "jsxSingleQuote": false,
  "printWidth": 220,
  "proseWrap": "preserve",
  "quoteProps": "as-needed",
  "requirePragma": false,
  "semi": false,
  "singleQuote": false,
  "tabWidth": 2,
  "trailingComma": "all",
  "useTabs": true,
  "vueIndentScriptAndStyle": false,
  "filepath": "/home/naman/.config/Code/User/profiles/7ea727a4/settings.json",
  "parser": "json"
}
["INFO" - 6:56:16 PM] Formatting completed in 19ms.
["DEBUG" - 6:56:22 PM] Local prettier module path: '/home/naman/Desktop/Project/React Native/cpay/node_modules/prettier/index.js'
["DEBUG" - 6:56:32 PM] Local prettier module path: '/home/naman/Desktop/Project/React Native/cpay/node_modules/prettier/index.js'
["DEBUG" - 6:56:40 PM] Local prettier module path: '/home/naman/Desktop/Project/React Native/cpay/node_modules/prettier/index.js'
["DEBUG" - 6:57:12 PM] Local prettier module path: '/home/naman/Desktop/Project/React Native/cpay/node_modules/prettier/index.js'
["DEBUG" - 6:57:27 PM] Local prettier module path: '/home/naman/Desktop/Project/React Native/cpay/node_modules/prettier/index.js'
["INFO" - 6:57:29 PM] Formatting vscode-userdata:/home/naman/.config/Code/User/profiles/7ea727a4/settings.json
["DEBUG" - 6:57:29 PM] Using bundled version of prettier.
["INFO" - 6:57:29 PM] File Info:
{
  "ignored": false,
  "inferredParser": "json"
}
["INFO" - 6:57:29 PM] No local configuration (i.e. .prettierrc or .editorconfig) detected, falling back to VS Code configuration
["INFO" - 6:57:29 PM] Prettier Options:
{
  "arrowParens": "always",
  "bracketSpacing": true,
  "endOfLine": "lf",
  "htmlWhitespaceSensitivity": "css",
  "insertPragma": false,
  "singleAttributePerLine": true,
  "bracketSameLine": false,
  "jsxBracketSameLine": false,
  "jsxSingleQuote": false,
  "printWidth": 220,
  "proseWrap": "preserve",
  "quoteProps": "as-needed",
  "requirePragma": false,
  "semi": false,
  "singleQuote": false,
  "tabWidth": 2,
  "trailingComma": "all",
  "useTabs": true,
  "vueIndentScriptAndStyle": false,
  "filepath": "/home/naman/.config/Code/User/profiles/7ea727a4/settings.json",
  "parser": "json"
}
["INFO" - 6:57:29 PM] Formatting completed in 26ms.
["INFO" - 6:57:35 PM] Formatting vscode-userdata:/home/naman/.config/Code/User/profiles/7ea727a4/settings.json
["DEBUG" - 6:57:35 PM] Using bundled version of prettier.
["INFO" - 6:57:35 PM] File Info:
{
  "ignored": false,
  "inferredParser": "json"
}
["INFO" - 6:57:35 PM] No local configuration (i.e. .prettierrc or .editorconfig) detected, falling back to VS Code configuration
["INFO" - 6:57:35 PM] Prettier Options:
{
  "arrowParens": "always",
  "bracketSpacing": true,
  "endOfLine": "lf",
  "htmlWhitespaceSensitivity": "css",
  "insertPragma": false,
  "singleAttributePerLine": true,
  "bracketSameLine": false,
  "jsxBracketSameLine": false,
  "jsxSingleQuote": false,
  "printWidth": 220,
  "proseWrap": "preserve",
  "quoteProps": "as-needed",
  "requirePragma": false,
  "semi": false,
  "singleQuote": false,
  "tabWidth": 2,
  "trailingComma": "all",
  "useTabs": true,
  "vueIndentScriptAndStyle": false,
  "filepath": "/home/naman/.config/Code/User/profiles/7ea727a4/settings.json",
  "parser": "json"
}
["INFO" - 6:57:35 PM] Formatting completed in 22ms.
["INFO" - 6:57:43 PM] Formatting vscode-userdata:/home/naman/.config/Code/User/profiles/7ea727a4/settings.json
["DEBUG" - 6:57:43 PM] Using bundled version of prettier.
["INFO" - 6:57:43 PM] File Info:
{
  "ignored": false,
  "inferredParser": "json"
}
["INFO" - 6:57:43 PM] No local configuration (i.e. .prettierrc or .editorconfig) detected, falling back to VS Code configuration
["INFO" - 6:57:43 PM] Prettier Options:
{
  "arrowParens": "always",
  "bracketSpacing": true,
  "endOfLine": "lf",
  "htmlWhitespaceSensitivity": "css",
  "insertPragma": false,
  "singleAttributePerLine": true,
  "bracketSameLine": false,
  "jsxBracketSameLine": false,
  "jsxSingleQuote": false,
  "printWidth": 220,
  "proseWrap": "preserve",
  "quoteProps": "as-needed",
  "requirePragma": false,
  "semi": false,
  "singleQuote": false,
  "tabWidth": 2,
  "trailingComma": "all",
  "useTabs": true,
  "vueIndentScriptAndStyle": false,
  "filepath": "/home/naman/.config/Code/User/profiles/7ea727a4/settings.json",
  "parser": "json"
}
["INFO" - 6:57:44 PM] Formatting completed in 26ms.
["INFO" - 6:57:52 PM] Formatting vscode-userdata:/home/naman/.config/Code/User/profiles/7ea727a4/settings.json
["DEBUG" - 6:57:52 PM] Using bundled version of prettier.
["INFO" - 6:57:52 PM] File Info:
{
  "ignored": false,
  "inferredParser": "json"
}
["INFO" - 6:57:52 PM] No local configuration (i.e. .prettierrc or .editorconfig) detected, falling back to VS Code configuration
["INFO" - 6:57:52 PM] Prettier Options:
{
  "arrowParens": "always",
  "bracketSpacing": true,
  "endOfLine": "lf",
  "htmlWhitespaceSensitivity": "css",
  "insertPragma": false,
  "singleAttributePerLine": true,
  "bracketSameLine": false,
  "jsxBracketSameLine": false,
  "jsxSingleQuote": false,
  "printWidth": 220,
  "proseWrap": "preserve",
  "quoteProps": "as-needed",
  "requirePragma": false,
  "semi": false,
  "singleQuote": false,
  "tabWidth": 2,
  "trailingComma": "all",
  "useTabs": true,
  "vueIndentScriptAndStyle": false,
  "filepath": "/home/naman/.config/Code/User/profiles/7ea727a4/settings.json",
  "parser": "json"
}
["INFO" - 6:57:52 PM] Formatting completed in 14ms.
["INFO" - 6:57:54 PM] Formatting vscode-userdata:/home/naman/.config/Code/User/profiles/7ea727a4/settings.json
["DEBUG" - 6:57:54 PM] Using bundled version of prettier.
["INFO" - 6:57:54 PM] File Info:
{
  "ignored": false,
  "inferredParser": "json"
}
["INFO" - 6:57:54 PM] No local configuration (i.e. .prettierrc or .editorconfig) detected, falling back to VS Code configuration
["INFO" - 6:57:54 PM] Prettier Options:
{
  "arrowParens": "always",
  "bracketSpacing": true,
  "endOfLine": "lf",
  "htmlWhitespaceSensitivity": "css",
  "insertPragma": false,
  "singleAttributePerLine": true,
  "bracketSameLine": false,
  "jsxBracketSameLine": false,
  "jsxSingleQuote": false,
  "printWidth": 220,
  "proseWrap": "preserve",
  "quoteProps": "as-needed",
  "requirePragma": false,
  "semi": false,
  "singleQuote": false,
  "tabWidth": 2,
  "trailingComma": "all",
  "useTabs": true,
  "vueIndentScriptAndStyle": false,
  "filepath": "/home/naman/.config/Code/User/profiles/7ea727a4/settings.json",
  "parser": "json"
}
["INFO" - 6:57:54 PM] Formatting completed in 32ms.
["DEBUG" - 6:58:28 PM] Local prettier module path: '/home/naman/Desktop/Project/React Native/cpay/node_modules/prettier/index.js'
["INFO" - 6:58:28 PM] Formatting vscode-userdata:/home/naman/.config/Code/User/profiles/7ea727a4/settings.json
["DEBUG" - 6:58:28 PM] Using bundled version of prettier.
["INFO" - 6:58:28 PM] File Info:
{
  "ignored": false,
  "inferredParser": "json"
}
["INFO" - 6:58:28 PM] No local configuration (i.e. .prettierrc or .editorconfig) detected, falling back to VS Code configuration
["INFO" - 6:58:28 PM] Prettier Options:
{
  "arrowParens": "always",
  "bracketSpacing": true,
  "endOfLine": "lf",
  "htmlWhitespaceSensitivity": "css",
  "insertPragma": false,
  "singleAttributePerLine": true,
  "bracketSameLine": false,
  "jsxBracketSameLine": false,
  "jsxSingleQuote": false,
  "printWidth": 220,
  "proseWrap": "preserve",
  "quoteProps": "as-needed",
  "requirePragma": false,
  "semi": false,
  "singleQuote": false,
  "tabWidth": 2,
  "trailingComma": "all",
  "useTabs": true,
  "vueIndentScriptAndStyle": false,
  "filepath": "/home/naman/.config/Code/User/profiles/7ea727a4/settings.json",
  "parser": "json"
}
["INFO" - 6:58:28 PM] Formatting completed in 24ms.
["DEBUG" - 6:58:46 PM] Local prettier module path: '/home/naman/Desktop/Project/React Native/cpay/node_modules/prettier/index.js'
["INFO" - 6:58:46 PM] Formatting vscode-userdata:/home/naman/.config/Code/User/profiles/7ea727a4/settings.json
["DEBUG" - 6:58:46 PM] Using bundled version of prettier.
["INFO" - 6:58:46 PM] File Info:
{
  "ignored": false,
  "inferredParser": "json"
}
["INFO" - 6:58:46 PM] No local configuration (i.e. .prettierrc or .editorconfig) detected, falling back to VS Code configuration
["INFO" - 6:58:46 PM] Prettier Options:
{
  "arrowParens": "always",
  "bracketSpacing": true,
  "endOfLine": "lf",
  "htmlWhitespaceSensitivity": "css",
  "insertPragma": false,
  "singleAttributePerLine": true,
  "bracketSameLine": false,
  "jsxBracketSameLine": false,
  "jsxSingleQuote": false,
  "printWidth": 220,
  "proseWrap": "preserve",
  "quoteProps": "as-needed",
  "requirePragma": false,
  "semi": false,
  "singleQuote": false,
  "tabWidth": 2,
  "trailingComma": "all",
  "useTabs": true,
  "vueIndentScriptAndStyle": false,
  "filepath": "/home/naman/.config/Code/User/profiles/7ea727a4/settings.json",
  "parser": "json"
}
["INFO" - 6:58:46 PM] Formatting completed in 20ms.
["DEBUG" - 6:58:55 PM] Local prettier module path: '/home/naman/Desktop/Project/React Native/cpay/node_modules/prettier/index.js'
["INFO" - 6:58:55 PM] Formatting vscode-userdata:/home/naman/.config/Code/User/profiles/7ea727a4/settings.json
["DEBUG" - 6:58:55 PM] Using bundled version of prettier.
["INFO" - 6:58:55 PM] File Info:
{
  "ignored": false,
  "inferredParser": "json"
}
["INFO" - 6:58:55 PM] No local configuration (i.e. .prettierrc or .editorconfig) detected, falling back to VS Code configuration
["INFO" - 6:58:55 PM] Prettier Options:
{
  "arrowParens": "always",
  "bracketSpacing": true,
  "endOfLine": "lf",
  "htmlWhitespaceSensitivity": "css",
  "insertPragma": false,
  "singleAttributePerLine": true,
  "bracketSameLine": false,
  "jsxBracketSameLine": false,
  "jsxSingleQuote": false,
  "printWidth": 220,
  "proseWrap": "preserve",
  "quoteProps": "as-needed",
  "requirePragma": false,
  "semi": false,
  "singleQuote": false,
  "tabWidth": 2,
  "trailingComma": "all",
  "useTabs": true,
  "vueIndentScriptAndStyle": false,
  "filepath": "/home/naman/.config/Code/User/profiles/7ea727a4/settings.json",
  "parser": "json"
}
["INFO" - 6:58:55 PM] Formatting completed in 17ms.
["DEBUG" - 6:58:57 PM] Local prettier module path: '/home/naman/Desktop/Project/React Native/cpay/node_modules/prettier/index.js'
["INFO" - 6:59:02 PM] Formatting vscode-userdata:/home/naman/.config/Code/User/profiles/7ea727a4/settings.json
["DEBUG" - 6:59:02 PM] Using bundled version of prettier.
["INFO" - 6:59:02 PM] File Info:
{
  "ignored": false,
  "inferredParser": "json"
}
["INFO" - 6:59:02 PM] No local configuration (i.e. .prettierrc or .editorconfig) detected, falling back to VS Code configuration
["INFO" - 6:59:02 PM] Prettier Options:
{
  "arrowParens": "always",
  "bracketSpacing": true,
  "endOfLine": "lf",
  "htmlWhitespaceSensitivity": "css",
  "insertPragma": false,
  "singleAttributePerLine": true,
  "bracketSameLine": false,
  "jsxBracketSameLine": false,
  "jsxSingleQuote": false,
  "printWidth": 220,
  "proseWrap": "preserve",
  "quoteProps": "as-needed",
  "requirePragma": false,
  "semi": false,
  "singleQuote": false,
  "tabWidth": 2,
  "trailingComma": "all",
  "useTabs": true,
  "vueIndentScriptAndStyle": false,
  "filepath": "/home/naman/.config/Code/User/profiles/7ea727a4/settings.json",
  "parser": "json"
}
["INFO" - 6:59:02 PM] Formatting completed in 15ms.
["DEBUG" - 6:59:25 PM] Local prettier module path: '/home/naman/Desktop/Project/React Native/cpay/node_modules/prettier/index.js'
["INFO" - 6:59:25 PM] Formatting vscode-userdata:/home/naman/.config/Code/User/profiles/7ea727a4/settings.json
["DEBUG" - 6:59:25 PM] Using bundled version of prettier.
["INFO" - 6:59:25 PM] File Info:
{
  "ignored": false,
  "inferredParser": "json"
}
["INFO" - 6:59:25 PM] No local configuration (i.e. .prettierrc or .editorconfig) detected, falling back to VS Code configuration
["INFO" - 6:59:25 PM] Prettier Options:
{
  "arrowParens": "always",
  "bracketSpacing": true,
  "endOfLine": "lf",
  "htmlWhitespaceSensitivity": "css",
  "insertPragma": false,
  "singleAttributePerLine": true,
  "bracketSameLine": false,
  "jsxBracketSameLine": false,
  "jsxSingleQuote": false,
  "printWidth": 220,
  "proseWrap": "preserve",
  "quoteProps": "as-needed",
  "requirePragma": false,
  "semi": false,
  "singleQuote": false,
  "tabWidth": 2,
  "trailingComma": "all",
  "useTabs": true,
  "vueIndentScriptAndStyle": false,
  "filepath": "/home/naman/.config/Code/User/profiles/7ea727a4/settings.json",
  "parser": "json"
}
["INFO" - 6:59:25 PM] Formatting completed in 16ms.
["INFO" - 6:59:28 PM] Formatting vscode-userdata:/home/naman/.config/Code/User/profiles/7ea727a4/settings.json
["DEBUG" - 6:59:28 PM] Using bundled version of prettier.
["INFO" - 6:59:28 PM] File Info:
{
  "ignored": false,
  "inferredParser": "json"
}
["INFO" - 6:59:28 PM] No local configuration (i.e. .prettierrc or .editorconfig) detected, falling back to VS Code configuration
["INFO" - 6:59:28 PM] Prettier Options:
{
  "arrowParens": "always",
  "bracketSpacing": true,
  "endOfLine": "lf",
  "htmlWhitespaceSensitivity": "css",
  "insertPragma": false,
  "singleAttributePerLine": true,
  "bracketSameLine": false,
  "jsxBracketSameLine": false,
  "jsxSingleQuote": false,
  "printWidth": 220,
  "proseWrap": "preserve",
  "quoteProps": "as-needed",
  "requirePragma": false,
  "semi": false,
  "singleQuote": false,
  "tabWidth": 2,
  "trailingComma": "all",
  "useTabs": true,
  "vueIndentScriptAndStyle": false,
  "filepath": "/home/naman/.config/Code/User/profiles/7ea727a4/settings.json",
  "parser": "json"
}
["INFO" - 6:59:28 PM] Formatting completed in 14ms.
["INFO" - 6:59:33 PM] Formatting vscode-userdata:/home/naman/.config/Code/User/profiles/7ea727a4/settings.json
["DEBUG" - 6:59:33 PM] Using bundled version of prettier.
["INFO" - 6:59:33 PM] File Info:
{
  "ignored": false,
  "inferredParser": "json"
}
["INFO" - 6:59:33 PM] No local configuration (i.e. .prettierrc or .editorconfig) detected, falling back to VS Code configuration
["INFO" - 6:59:33 PM] Prettier Options:
{
  "arrowParens": "always",
  "bracketSpacing": true,
  "endOfLine": "lf",
  "htmlWhitespaceSensitivity": "css",
  "insertPragma": false,
  "singleAttributePerLine": true,
  "bracketSameLine": false,
  "jsxBracketSameLine": false,
  "jsxSingleQuote": false,
  "printWidth": 220,
  "proseWrap": "preserve",
  "quoteProps": "as-needed",
  "requirePragma": false,
  "semi": false,
  "singleQuote": false,
  "tabWidth": 2,
  "trailingComma": "all",
  "useTabs": true,
  "vueIndentScriptAndStyle": false,
  "filepath": "/home/naman/.config/Code/User/profiles/7ea727a4/settings.json",
  "parser": "json"
}
["INFO" - 6:59:33 PM] Formatting completed in 13ms.
["INFO" - 6:59:39 PM] Formatting vscode-userdata:/home/naman/.config/Code/User/profiles/7ea727a4/settings.json
["DEBUG" - 6:59:39 PM] Using bundled version of prettier.
["INFO" - 6:59:39 PM] File Info:
{
  "ignored": false,
  "inferredParser": "json"
}
["INFO" - 6:59:39 PM] No local configuration (i.e. .prettierrc or .editorconfig) detected, falling back to VS Code configuration
["INFO" - 6:59:39 PM] Prettier Options:
{
  "arrowParens": "always",
  "bracketSpacing": true,
  "endOfLine": "lf",
  "htmlWhitespaceSensitivity": "css",
  "insertPragma": false,
  "singleAttributePerLine": true,
  "bracketSameLine": false,
  "jsxBracketSameLine": false,
  "jsxSingleQuote": false,
  "printWidth": 220,
  "proseWrap": "preserve",
  "quoteProps": "as-needed",
  "requirePragma": false,
  "semi": false,
  "singleQuote": false,
  "tabWidth": 2,
  "trailingComma": "all",
  "useTabs": true,
  "vueIndentScriptAndStyle": false,
  "filepath": "/home/naman/.config/Code/User/profiles/7ea727a4/settings.json",
  "parser": "json"
}
["INFO" - 6:59:39 PM] Formatting completed in 25ms.
["INFO" - 6:59:49 PM] Formatting file:///home/naman/Desktop/Project/React%20Native/cpay/app/Components/Buttons/MainButton.tsx
["INFO" - 6:59:49 PM] Using config file at '/home/naman/Desktop/Project/React Native/cpay/.prettierrc.js'
["DEBUG" - 6:59:49 PM] Local prettier module path: '/home/naman/Desktop/Project/React Native/cpay/node_modules/prettier/index.js'
["INFO" - 6:59:49 PM] Using ignore file (if present) at /home/naman/Desktop/Project/React Native/cpay/.prettierignore
["INFO" - 6:59:49 PM] File Info:
{
  "ignored": false,
  "inferredParser": "typescript"
}
["INFO" - 6:59:49 PM] Detected local configuration (i.e. .prettierrc or .editorconfig), VS Code configuration will not be used
["INFO" - 6:59:49 PM] Prettier Options:
{
  "filepath": "/home/naman/Desktop/Project/React Native/cpay/app/Components/Buttons/MainButton.tsx",
  "parser": "typescript",
  "arrowParens": "avoid",
  "bracketSameLine": true,
  "bracketSpacing": false,
  "singleQuote": true,
  "trailingComma": "all"
}
["INFO" - 6:59:50 PM] Formatting completed in 36ms.
["DEBUG" - 6:59:53 PM] Local prettier module path: '/home/naman/Desktop/Project/React Native/cpay/node_modules/prettier/index.js'
["INFO" - 6:59:53 PM] Formatting vscode-userdata:/home/naman/.config/Code/User/profiles/7ea727a4/settings.json
["DEBUG" - 6:59:53 PM] Using bundled version of prettier.
["INFO" - 6:59:53 PM] File Info:
{
  "ignored": false,
  "inferredParser": "json"
}
["INFO" - 6:59:53 PM] No local configuration (i.e. .prettierrc or .editorconfig) detected, falling back to VS Code configuration
["INFO" - 6:59:53 PM] Prettier Options:
{
  "arrowParens": "always",
  "bracketSpacing": true,
  "endOfLine": "lf",
  "htmlWhitespaceSensitivity": "css",
  "insertPragma": false,
  "singleAttributePerLine": true,
  "bracketSameLine": false,
  "jsxBracketSameLine": false,
  "jsxSingleQuote": false,
  "printWidth": 220,
  "proseWrap": "preserve",
  "quoteProps": "as-needed",
  "requirePragma": false,
  "semi": false,
  "singleQuote": false,
  "tabWidth": 2,
  "trailingComma": "all",
  "useTabs": true,
  "vueIndentScriptAndStyle": false,
  "filepath": "/home/naman/.config/Code/User/profiles/7ea727a4/settings.json",
  "parser": "json"
}
["INFO" - 6:59:53 PM] Formatting completed in 23ms.
["DEBUG" - 6:59:54 PM] Local prettier module path: '/home/naman/Desktop/Project/React Native/cpay/node_modules/prettier/index.js'
["DEBUG" - 6:59:55 PM] Local prettier module path: '/home/naman/Desktop/Project/React Native/cpay/node_modules/prettier/index.js'
["INFO" - 6:59:55 PM] Formatting vscode-userdata:/home/naman/.config/Code/User/profiles/7ea727a4/settings.json
["DEBUG" - 6:59:55 PM] Using bundled version of prettier.
["INFO" - 6:59:55 PM] File Info:
{
  "ignored": false,
  "inferredParser": "json"
}
["INFO" - 6:59:55 PM] No local configuration (i.e. .prettierrc or .editorconfig) detected, falling back to VS Code configuration
["INFO" - 6:59:55 PM] Prettier Options:
{
  "arrowParens": "always",
  "bracketSpacing": true,
  "endOfLine": "lf",
  "htmlWhitespaceSensitivity": "css",
  "insertPragma": false,
  "singleAttributePerLine": true,
  "bracketSameLine": false,
  "jsxBracketSameLine": false,
  "jsxSingleQuote": false,
  "printWidth": 220,
  "proseWrap": "preserve",
  "quoteProps": "as-needed",
  "requirePragma": false,
  "semi": false,
  "singleQuote": false,
  "tabWidth": 2,
  "trailingComma": "all",
  "useTabs": true,
  "vueIndentScriptAndStyle": false,
  "filepath": "/home/naman/.config/Code/User/profiles/7ea727a4/settings.json",
  "parser": "json"
}
["INFO" - 6:59:55 PM] Formatting completed in 17ms.
["DEBUG" - 6:59:57 PM] Local prettier module path: '/home/naman/Desktop/Project/React Native/cpay/node_modules/prettier/index.js'
["INFO" - 6:59:57 PM] Formatting vscode-userdata:/home/naman/.config/Code/User/profiles/7ea727a4/settings.json
["DEBUG" - 6:59:57 PM] Using bundled version of prettier.
["INFO" - 6:59:57 PM] File Info:
{
  "ignored": false,
  "inferredParser": "json"
}
["INFO" - 6:59:57 PM] No local configuration (i.e. .prettierrc or .editorconfig) detected, falling back to VS Code configuration
["INFO" - 6:59:57 PM] Prettier Options:
{
  "arrowParens": "always",
  "bracketSpacing": true,
  "endOfLine": "lf",
  "htmlWhitespaceSensitivity": "css",
  "insertPragma": false,
  "singleAttributePerLine": true,
  "bracketSameLine": false,
  "jsxBracketSameLine": false,
  "jsxSingleQuote": false,
  "printWidth": 220,
  "proseWrap": "preserve",
  "quoteProps": "as-needed",
  "requirePragma": false,
  "semi": false,
  "singleQuote": false,
  "tabWidth": 2,
  "trailingComma": "all",
  "useTabs": true,
  "vueIndentScriptAndStyle": false,
  "filepath": "/home/naman/.config/Code/User/profiles/7ea727a4/settings.json",
  "parser": "json"
}
["INFO" - 6:59:58 PM] Formatting completed in 23ms.
["DEBUG" - 6:59:58 PM] Local prettier module path: '/home/naman/Desktop/Project/React Native/cpay/node_modules/prettier/index.js'
["INFO" - 6:59:58 PM] Formatting vscode-userdata:/home/naman/.config/Code/User/profiles/7ea727a4/settings.json
["DEBUG" - 6:59:59 PM] Using bundled version of prettier.
["INFO" - 6:59:59 PM] File Info:
{
  "ignored": false,
  "inferredParser": "json"
}
["INFO" - 6:59:59 PM] No local configuration (i.e. .prettierrc or .editorconfig) detected, falling back to VS Code configuration
["INFO" - 6:59:59 PM] Prettier Options:
{
  "arrowParens": "always",
  "bracketSpacing": true,
  "endOfLine": "lf",
  "htmlWhitespaceSensitivity": "css",
  "insertPragma": false,
  "singleAttributePerLine": true,
  "bracketSameLine": false,
  "jsxBracketSameLine": false,
  "jsxSingleQuote": false,
  "printWidth": 220,
  "proseWrap": "preserve",
  "quoteProps": "as-needed",
  "requirePragma": false,
  "semi": false,
  "singleQuote": false,
  "tabWidth": 2,
  "trailingComma": "all",
  "useTabs": true,
  "vueIndentScriptAndStyle": false,
  "filepath": "/home/naman/.config/Code/User/profiles/7ea727a4/settings.json",
  "parser": "json"
}
["INFO" - 6:59:59 PM] Formatting completed in 56ms.
["DEBUG" - 6:59:59 PM] Local prettier module path: '/home/naman/Desktop/Project/React Native/cpay/node_modules/prettier/index.js'
["INFO" - 6:59:59 PM] Formatting vscode-userdata:/home/naman/.config/Code/User/profiles/7ea727a4/settings.json
["DEBUG" - 6:59:59 PM] Using bundled version of prettier.
["INFO" - 6:59:59 PM] File Info:
{
  "ignored": false,
  "inferredParser": "json"
}
["INFO" - 6:59:59 PM] No local configuration (i.e. .prettierrc or .editorconfig) detected, falling back to VS Code configuration
["INFO" - 6:59:59 PM] Prettier Options:
{
  "arrowParens": "always",
  "bracketSpacing": true,
  "endOfLine": "lf",
  "htmlWhitespaceSensitivity": "css",
  "insertPragma": false,
  "singleAttributePerLine": true,
  "bracketSameLine": false,
  "jsxBracketSameLine": false,
  "jsxSingleQuote": false,
  "printWidth": 220,
  "proseWrap": "preserve",
  "quoteProps": "as-needed",
  "requirePragma": false,
  "semi": false,
  "singleQuote": false,
  "tabWidth": 2,
  "trailingComma": "all",
  "useTabs": true,
  "vueIndentScriptAndStyle": false,
  "filepath": "/home/naman/.config/Code/User/profiles/7ea727a4/settings.json",
  "parser": "json"
}
["INFO" - 6:59:59 PM] Formatting completed in 28ms.
["DEBUG" - 7:00:00 PM] Local prettier module path: '/home/naman/Desktop/Project/React Native/cpay/node_modules/prettier/index.js'
["INFO" - 7:00:00 PM] Formatting vscode-userdata:/home/naman/.config/Code/User/profiles/7ea727a4/settings.json
["DEBUG" - 7:00:00 PM] Using bundled version of prettier.
["INFO" - 7:00:00 PM] File Info:
{
  "ignored": false,
  "inferredParser": "json"
}
["INFO" - 7:00:00 PM] No local configuration (i.e. .prettierrc or .editorconfig) detected, falling back to VS Code configuration
["INFO" - 7:00:00 PM] Prettier Options:
{
  "arrowParens": "always",
  "bracketSpacing": true,
  "endOfLine": "lf",
  "htmlWhitespaceSensitivity": "css",
  "insertPragma": false,
  "singleAttributePerLine": true,
  "bracketSameLine": false,
  "jsxBracketSameLine": false,
  "jsxSingleQuote": false,
  "printWidth": 220,
  "proseWrap": "preserve",
  "quoteProps": "as-needed",
  "requirePragma": false,
  "semi": false,
  "singleQuote": false,
  "tabWidth": 2,
  "trailingComma": "all",
  "useTabs": true,
  "vueIndentScriptAndStyle": false,
  "filepath": "/home/naman/.config/Code/User/profiles/7ea727a4/settings.json",
  "parser": "json"
}
["INFO" - 7:00:00 PM] Formatting completed in 24ms.
["DEBUG" - 7:00:00 PM] Local prettier module path: '/home/naman/Desktop/Project/React Native/cpay/node_modules/prettier/index.js'
["DEBUG" - 7:00:01 PM] Local prettier module path: '/home/naman/Desktop/Project/React Native/cpay/node_modules/prettier/index.js'
["INFO" - 7:00:01 PM] Formatting vscode-userdata:/home/naman/.config/Code/User/profiles/7ea727a4/settings.json
["DEBUG" - 7:00:01 PM] Using bundled version of prettier.
["INFO" - 7:00:01 PM] File Info:
{
  "ignored": false,
  "inferredParser": "json"
}
["INFO" - 7:00:01 PM] No local configuration (i.e. .prettierrc or .editorconfig) detected, falling back to VS Code configuration
["INFO" - 7:00:01 PM] Prettier Options:
{
  "arrowParens": "always",
  "bracketSpacing": true,
  "endOfLine": "lf",
  "htmlWhitespaceSensitivity": "css",
  "insertPragma": false,
  "singleAttributePerLine": true,
  "bracketSameLine": false,
  "jsxBracketSameLine": false,
  "jsxSingleQuote": false,
  "printWidth": 220,
  "proseWrap": "preserve",
  "quoteProps": "as-needed",
  "requirePragma": false,
  "semi": false,
  "singleQuote": false,
  "tabWidth": 2,
  "trailingComma": "all",
  "useTabs": true,
  "vueIndentScriptAndStyle": false,
  "filepath": "/home/naman/.config/Code/User/profiles/7ea727a4/settings.json",
  "parser": "json"
}
["INFO" - 7:00:01 PM] Formatting completed in 20ms.
["DEBUG" - 7:02:28 PM] Local prettier module path: '/home/naman/Desktop/Project/React Native/cpay/node_modules/prettier/index.js'
["DEBUG" - 7:02:49 PM] Local prettier module path: '/home/naman/Desktop/Project/React Native/cpay/node_modules/prettier/index.js'
["DEBUG" - 7:18:47 PM] Local prettier module path: '/home/naman/Desktop/Project/React Native/cpay/node_modules/prettier/index.js'
["DEBUG" - 7:18:57 PM] Local prettier module path: '/home/naman/Desktop/Project/React Native/cpay/node_modules/prettier/index.js'
["DEBUG" - 7:19:03 PM] Local prettier module path: '/home/naman/Desktop/Project/React Native/cpay/node_modules/prettier/index.js'
["INFO" - 7:19:03 PM] Formatting vscode-userdata:/home/naman/.config/Code/User/profiles/7ea727a4/settings.json
["DEBUG" - 7:19:03 PM] Using bundled version of prettier.
["INFO" - 7:19:03 PM] File Info:
{
  "ignored": false,
  "inferredParser": "json"
}
["INFO" - 7:19:03 PM] No local configuration (i.e. .prettierrc or .editorconfig) detected, falling back to VS Code configuration
["INFO" - 7:19:03 PM] Prettier Options:
{
  "arrowParens": "always",
  "bracketSpacing": true,
  "endOfLine": "lf",
  "htmlWhitespaceSensitivity": "css",
  "insertPragma": false,
  "singleAttributePerLine": true,
  "bracketSameLine": false,
  "jsxBracketSameLine": false,
  "jsxSingleQuote": false,
  "printWidth": 220,
  "proseWrap": "preserve",
  "quoteProps": "as-needed",
  "requirePragma": false,
  "semi": false,
  "singleQuote": false,
  "tabWidth": 2,
  "trailingComma": "all",
  "useTabs": true,
  "vueIndentScriptAndStyle": false,
  "filepath": "/home/naman/.config/Code/User/profiles/7ea727a4/settings.json",
  "parser": "json"
}
["INFO" - 7:19:03 PM] Formatting completed in 53ms.
["INFO" - 7:19:11 PM] Formatting vscode-userdata:/home/naman/.config/Code/User/profiles/7ea727a4/settings.json
["DEBUG" - 7:19:11 PM] Using bundled version of prettier.
["INFO" - 7:19:11 PM] File Info:
{
  "ignored": false,
  "inferredParser": "json"
}
["INFO" - 7:19:11 PM] No local configuration (i.e. .prettierrc or .editorconfig) detected, falling back to VS Code configuration
["INFO" - 7:19:11 PM] Prettier Options:
{
  "arrowParens": "always",
  "bracketSpacing": true,
  "endOfLine": "lf",
  "htmlWhitespaceSensitivity": "css",
  "insertPragma": false,
  "singleAttributePerLine": true,
  "bracketSameLine": false,
  "jsxBracketSameLine": false,
  "jsxSingleQuote": false,
  "printWidth": 220,
  "proseWrap": "preserve",
  "quoteProps": "as-needed",
  "requirePragma": false,
  "semi": false,
  "singleQuote": false,
  "tabWidth": 2,
  "trailingComma": "all",
  "useTabs": true,
  "vueIndentScriptAndStyle": false,
  "filepath": "/home/naman/.config/Code/User/profiles/7ea727a4/settings.json",
  "parser": "json"
}
["INFO" - 7:19:11 PM] Formatting completed in 35ms.
["DEBUG" - 7:19:38 PM] Local prettier module path: '/home/naman/Desktop/Project/React Native/cpay/node_modules/prettier/index.js'
["DEBUG" - 7:19:40 PM] Local prettier module path: '/home/naman/Desktop/Project/React Native/cpay/node_modules/prettier/index.js'
["DEBUG" - 7:19:41 PM] Local prettier module path: '/home/naman/Desktop/Project/React Native/cpay/node_modules/prettier/index.js'
["DEBUG" - 7:19:42 PM] Local prettier module path: '/home/naman/Desktop/Project/React Native/cpay/node_modules/prettier/index.js'
["DEBUG" - 7:19:57 PM] Local prettier module path: '/home/naman/Desktop/Project/React Native/cpay/node_modules/prettier/index.js'
["DEBUG" - 7:20:06 PM] Local prettier module path: '/home/naman/Desktop/Project/React Native/cpay/node_modules/prettier/index.js'
["INFO" - 7:20:17 PM] Formatting vscode-userdata:/home/naman/.config/Code/User/profiles/7ea727a4/settings.json
["DEBUG" - 7:20:17 PM] Using bundled version of prettier.
["INFO" - 7:20:17 PM] File Info:
{
  "ignored": false,
  "inferredParser": "json"
}
["INFO" - 7:20:17 PM] No local configuration (i.e. .prettierrc or .editorconfig) detected, falling back to VS Code configuration
["INFO" - 7:20:17 PM] Prettier Options:
{
  "arrowParens": "always",
  "bracketSpacing": true,
  "endOfLine": "lf",
  "htmlWhitespaceSensitivity": "css",
  "insertPragma": false,
  "singleAttributePerLine": true,
  "bracketSameLine": false,
  "jsxBracketSameLine": false,
  "jsxSingleQuote": false,
  "printWidth": 220,
  "proseWrap": "preserve",
  "quoteProps": "as-needed",
  "requirePragma": false,
  "semi": false,
  "singleQuote": false,
  "tabWidth": 2,
  "trailingComma": "all",
  "useTabs": true,
  "vueIndentScriptAndStyle": false,
  "filepath": "/home/naman/.config/Code/User/profiles/7ea727a4/settings.json",
  "parser": "json"
}
["INFO" - 7:20:17 PM] Formatting completed in 39ms.
["DEBUG" - 7:20:37 PM] Local prettier module path: '/home/naman/Desktop/Project/React Native/cpay/node_modules/prettier/index.js'
["INFO" - 7:20:37 PM] Formatting vscode-userdata:/home/naman/.config/Code/User/profiles/7ea727a4/settings.json
["DEBUG" - 7:20:37 PM] Using bundled version of prettier.
["INFO" - 7:20:37 PM] File Info:
{
  "ignored": false,
  "inferredParser": "json"
}
["INFO" - 7:20:37 PM] No local configuration (i.e. .prettierrc or .editorconfig) detected, falling back to VS Code configuration
["INFO" - 7:20:37 PM] Prettier Options:
{
  "arrowParens": "always",
  "bracketSpacing": true,
  "endOfLine": "lf",
  "htmlWhitespaceSensitivity": "css",
  "insertPragma": false,
  "singleAttributePerLine": true,
  "bracketSameLine": false,
  "jsxBracketSameLine": false,
  "jsxSingleQuote": false,
  "printWidth": 220,
  "proseWrap": "preserve",
  "quoteProps": "as-needed",
  "requirePragma": false,
  "semi": false,
  "singleQuote": false,
  "tabWidth": 2,
  "trailingComma": "all",
  "useTabs": true,
  "vueIndentScriptAndStyle": false,
  "filepath": "/home/naman/.config/Code/User/profiles/7ea727a4/settings.json",
  "parser": "json"
}
["INFO" - 7:20:37 PM] Formatting completed in 38ms.
["DEBUG" - 7:20:39 PM] Local prettier module path: '/home/naman/Desktop/Project/React Native/cpay/node_modules/prettier/index.js'
["DEBUG" - 7:20:42 PM] Local prettier module path: '/home/naman/Desktop/Project/React Native/cpay/node_modules/prettier/index.js'
["DEBUG" - 7:20:43 PM] Local prettier module path: '/home/naman/Desktop/Project/React Native/cpay/node_modules/prettier/index.js'
["INFO" - 7:20:43 PM] Formatting vscode-userdata:/home/naman/.config/Code/User/profiles/7ea727a4/settings.json
["DEBUG" - 7:20:43 PM] Using bundled version of prettier.
["INFO" - 7:20:43 PM] File Info:
{
  "ignored": false,
  "inferredParser": "json"
}
["INFO" - 7:20:43 PM] No local configuration (i.e. .prettierrc or .editorconfig) detected, falling back to VS Code configuration
["INFO" - 7:20:43 PM] Prettier Options:
{
  "arrowParens": "always",
  "bracketSpacing": true,
  "endOfLine": "lf",
  "htmlWhitespaceSensitivity": "css",
  "insertPragma": false,
  "singleAttributePerLine": true,
  "bracketSameLine": false,
  "jsxBracketSameLine": false,
  "jsxSingleQuote": false,
  "printWidth": 220,
  "proseWrap": "preserve",
  "quoteProps": "as-needed",
  "requirePragma": false,
  "semi": false,
  "singleQuote": false,
  "tabWidth": 2,
  "trailingComma": "all",
  "useTabs": true,
  "vueIndentScriptAndStyle": false,
  "filepath": "/home/naman/.config/Code/User/profiles/7ea727a4/settings.json",
  "parser": "json"
}
["INFO" - 7:20:43 PM] Formatting completed in 34ms.
["DEBUG" - 7:20:50 PM] Local prettier module path: '/home/naman/Desktop/Project/React Native/cpay/node_modules/prettier/index.js'
["DEBUG" - 7:20:52 PM] Local prettier module path: '/home/naman/Desktop/Project/React Native/cpay/node_modules/prettier/index.js'
["DEBUG" - 7:20:53 PM] Local prettier module path: '/home/naman/Desktop/Project/React Native/cpay/node_modules/prettier/index.js'
["INFO" - 7:20:53 PM] Formatting vscode-userdata:/home/naman/.config/Code/User/profiles/7ea727a4/settings.json
["DEBUG" - 7:20:53 PM] Using bundled version of prettier.
["INFO" - 7:20:53 PM] File Info:
{
  "ignored": false,
  "inferredParser": "json"
}
["INFO" - 7:20:53 PM] No local configuration (i.e. .prettierrc or .editorconfig) detected, falling back to VS Code configuration
["INFO" - 7:20:53 PM] Prettier Options:
{
  "arrowParens": "always",
  "bracketSpacing": true,
  "endOfLine": "lf",
  "htmlWhitespaceSensitivity": "css",
  "insertPragma": false,
  "singleAttributePerLine": true,
  "bracketSameLine": false,
  "jsxBracketSameLine": false,
  "jsxSingleQuote": false,
  "printWidth": 220,
  "proseWrap": "preserve",
  "quoteProps": "as-needed",
  "requirePragma": false,
  "semi": false,
  "singleQuote": false,
  "tabWidth": 2,
  "trailingComma": "all",
  "useTabs": true,
  "vueIndentScriptAndStyle": false,
  "filepath": "/home/naman/.config/Code/User/profiles/7ea727a4/settings.json",
  "parser": "json"
}
["INFO" - 7:20:53 PM] Formatting completed in 31ms.
["INFO" - 7:21:19 PM] Formatting vscode-userdata:/home/naman/.config/Code/User/profiles/7ea727a4/settings.json
["DEBUG" - 7:21:19 PM] Using bundled version of prettier.
["INFO" - 7:21:19 PM] File Info:
{
  "ignored": false,
  "inferredParser": "json"
}
["INFO" - 7:21:19 PM] No local configuration (i.e. .prettierrc or .editorconfig) detected, falling back to VS Code configuration
["INFO" - 7:21:19 PM] Prettier Options:
{
  "arrowParens": "always",
  "bracketSpacing": true,
  "endOfLine": "lf",
  "htmlWhitespaceSensitivity": "css",
  "insertPragma": false,
  "singleAttributePerLine": true,
  "bracketSameLine": false,
  "jsxBracketSameLine": false,
  "jsxSingleQuote": false,
  "printWidth": 220,
  "proseWrap": "preserve",
  "quoteProps": "as-needed",
  "requirePragma": false,
  "semi": false,
  "singleQuote": false,
  "tabWidth": 2,
  "trailingComma": "all",
  "useTabs": true,
  "vueIndentScriptAndStyle": false,
  "filepath": "/home/naman/.config/Code/User/profiles/7ea727a4/settings.json",
  "parser": "json"
}
["INFO" - 7:21:19 PM] Formatting completed in 17ms.
["DEBUG" - 7:33:13 PM] Local prettier module path: '/home/naman/Desktop/Project/React Native/cpay/node_modules/prettier/index.js'
