2023-05-06 12:50:08.026 [info] Reading sessions from keychain...
2023-05-06 12:50:08.026 [info] Getting sessions for all scopes...
2023-05-06 12:50:08.026 [info] Getting sessions for user:email...
2023-05-06 12:50:08.026 [info] Getting sessions for user:email...
2023-05-06 12:50:08.026 [info] Got stored sessions!
2023-05-06 12:50:08.026 [info] Got 2 verified sessions.
2023-05-06 12:50:08.026 [info] Got 2 sessions for ...
2023-05-06 12:50:08.026 [info] Got 1 sessions for user:email...
2023-05-06 12:50:08.026 [info] Got 1 sessions for user:email...
2023-05-06 12:50:08.026 [info] Getting sessions for all scopes...
2023-05-06 12:50:08.026 [info] Got 2 sessions for ...
2023-05-06 12:50:08.045 [info] Getting sessions for all scopes...
2023-05-06 12:50:08.045 [info] Got 2 sessions for ...
2023-05-06 12:50:08.154 [info] Getting sessions for read:user,repo,user:email...
2023-05-06 12:50:08.154 [info] Got 0 sessions for read:user,repo,user:email...
2023-05-06 12:50:09.990 [info] Getting user info...
2023-05-06 12:50:10.376 [info] Got account info!
2023-05-06 12:50:16.305 [info] Reading sessions from keychain...
2023-05-06 12:50:16.305 [info] Getting sessions for all scopes...
2023-05-06 12:50:16.305 [info] Getting sessions for user:email...
2023-05-06 12:50:16.305 [info] Getting sessions for all scopes...
2023-05-06 12:50:16.305 [info] Getting sessions for user:email...
2023-05-06 12:50:16.305 [info] Got stored sessions!
2023-05-06 12:50:16.305 [info] Got 2 verified sessions.
2023-05-06 12:50:16.305 [info] Got 2 sessions for ...
2023-05-06 12:50:16.305 [info] Got 1 sessions for user:email...
2023-05-06 12:50:16.305 [info] Got 2 sessions for ...
2023-05-06 12:50:16.305 [info] Got 1 sessions for user:email...
2023-05-06 12:50:16.305 [info] Getting sessions for all scopes...
2023-05-06 12:50:16.305 [info] Got 2 sessions for ...
2023-05-06 12:50:17.679 [info] Getting sessions for all scopes...
2023-05-06 12:50:17.679 [info] Got 2 sessions for ...
2023-05-06 12:50:18.493 [info] Getting user info...
2023-05-06 12:50:18.887 [info] Got account info!
2023-05-06 12:53:47.823 [info] Getting sessions for read:user,repo,user:email,workflow...
2023-05-06 12:53:47.824 [info] Got 1 sessions for read:user,repo,user:email,workflow...
