2023-05-06 12:54:55.257 [info] Extension host with pid 30991 started
2023-05-06 12:54:55.257 [info] Skipping acquiring lock for /home/naman/.config/Code/User/workspaceStorage/65ac9eef5d641cc3943ad8155fdc9b62.
2023-05-06 12:54:55.322 [info] ExtensionService#_doActivateExtension vscode.git-base, startup: true, activationEvent: '*', root cause: vscode.git
2023-05-06 12:54:55.326 [info] ExtensionService#_doActivateExtension naumovs.color-highlight, startup: true, activationEvent: '*'
2023-05-06 12:54:55.330 [info] ExtensionService#_doActivateExtension TabNine.tabnine-vscode, startup: true, activationEvent: '*'
2023-05-06 12:54:55.347 [info] ExtensionService#_doActivateExtension vscodevim.vim, startup: true, activationEvent: '*'
2023-05-06 12:54:55.398 [info] ExtensionService#_doActivateExtension vscode.npm, startup: true, activationEvent: 'workspaceContains:package.json'
2023-05-06 12:54:55.464 [info] ExtensionService#_doActivateExtension vscode.git, startup: true, activationEvent: '*'
2023-05-06 12:54:55.489 [info] ExtensionService#_doActivateExtension vscode.github, startup: true, activationEvent: '*'
2023-05-06 12:54:55.545 [info] ExtensionService#_doActivateExtension vscode.json-language-features, startup: false, activationEvent: 'onLanguage:jsonc'
2023-05-06 12:54:55.566 [info] ExtensionService#_doActivateExtension vscode.typescript-language-features, startup: false, activationEvent: 'onLanguage:jsonc'
2023-05-06 12:54:55.583 [info] ExtensionService#_doActivateExtension vscode.emmet, startup: false, activationEvent: 'onLanguage'
2023-05-06 12:54:55.689 [info] ExtensionService#_doActivateExtension vscode.microsoft-authentication, startup: false, activationEvent: 'onAuthenticationRequest:microsoft'
2023-05-06 12:54:55.801 [info] ExtensionService#_doActivateExtension vscode.github-authentication, startup: false, activationEvent: 'onAuthenticationRequest:github'
2023-05-06 12:54:55.925 [info] Eager extensions activated
2023-05-06 12:54:56.076 [info] ExtensionService#_doActivateExtension vscode.debug-auto-launch, startup: false, activationEvent: 'onStartupFinished'
2023-05-06 12:54:56.078 [info] ExtensionService#_doActivateExtension vscode.merge-conflict, startup: false, activationEvent: 'onStartupFinished'
2023-05-06 12:54:56.083 [info] ExtensionService#_doActivateExtension aaron-bond.better-comments, startup: false, activationEvent: 'onStartupFinished'
2023-05-06 12:54:56.087 [info] ExtensionService#_doActivateExtension cweijan.vscode-mysql-client2, startup: false, activationEvent: 'onStartupFinished'
2023-05-06 12:54:56.263 [info] ExtensionService#_doActivateExtension dbaeumer.vscode-eslint, startup: false, activationEvent: 'onStartupFinished'
2023-05-06 12:54:56.270 [info] ExtensionService#_doActivateExtension dsznajder.es7-react-js-snippets, startup: false, activationEvent: 'onStartupFinished'
2023-05-06 12:54:56.413 [info] ExtensionService#_doActivateExtension eamodio.gitlens, startup: false, activationEvent: 'onStartupFinished'
2023-05-06 12:54:56.443 [info] ExtensionService#_doActivateExtension esbenp.prettier-vscode, startup: false, activationEvent: 'onStartupFinished'
2023-05-06 12:54:56.468 [info] ExtensionService#_doActivateExtension usernamehw.errorlens, startup: false, activationEvent: 'onStartupFinished'
2023-05-06 12:54:56.473 [info] ExtensionService#_doActivateExtension vscode-icons-team.vscode-icons, startup: false, activationEvent: 'onStartupFinished'
2023-05-06 12:55:03.163 [info] Extension host terminating: renderer closed the MessagePort
2023-05-06 12:55:03.186 [error] Canceled: Canceled
	at new l (/snap/code/127/usr/share/code/resources/app/out/vs/workbench/api/node/extensionHostProcess.js:98:104563)
	at a.O (/snap/code/127/usr/share/code/resources/app/out/vs/workbench/api/node/extensionHostProcess.js:110:11657)
	at H.<computed>.V.charCodeAt.H.<computed> (/snap/code/127/usr/share/code/resources/app/out/vs/workbench/api/node/extensionHostProcess.js:110:8947)
	at e.ExtHostCommands.g (/snap/code/127/usr/share/code/resources/app/out/vs/workbench/api/node/extensionHostProcess.js:98:124729)
	at e.ExtHostCommands.executeCommand (/snap/code/127/usr/share/code/resources/app/out/vs/workbench/api/node/extensionHostProcess.js:98:124105)
	at C.registerCommand.description (/snap/code/127/usr/share/code/resources/app/out/vs/workbench/api/node/extensionHostProcess.js:98:123398)
	at e.ExtHostCommands.h (/snap/code/127/usr/share/code/resources/app/out/vs/workbench/api/node/extensionHostProcess.js:98:125315)
	at e.ExtHostCommands.g (/snap/code/127/usr/share/code/resources/app/out/vs/workbench/api/node/extensionHostProcess.js:98:124205)
	at e.ExtHostCommands.executeCommand (/snap/code/127/usr/share/code/resources/app/out/vs/workbench/api/node/extensionHostProcess.js:98:124105)
	at Object.executeCommand (/snap/code/127/usr/share/code/resources/app/out/vs/workbench/api/node/extensionHostProcess.js:116:24043)
	at D (/snap/code/127/usr/share/code/resources/app/extensions/git/dist/main.js:2:1259661)
	at v.invoke (/snap/code/127/usr/share/code/resources/app/out/vs/workbench/api/node/extensionHostProcess.js:63:145)
	at h.deliver (/snap/code/127/usr/share/code/resources/app/out/vs/workbench/api/node/extensionHostProcess.js:63:2121)
	at i.fire (/snap/code/127/usr/share/code/resources/app/out/vs/workbench/api/node/extensionHostProcess.js:63:1729)
	at Object.m [as dispose] (/snap/code/127/usr/share/code/resources/app/extensions/git/dist/main.js:2:1274494)
	at /snap/code/127/usr/share/code/resources/app/extensions/git/dist/main.js:2:1278940
	at Array.forEach (<anonymous>)
	at g.dispose (/snap/code/127/usr/share/code/resources/app/extensions/git/dist/main.js:2:1278926)
	at t.<anonymous> (/snap/code/127/usr/share/code/resources/app/out/vs/workbench/api/node/extensionHostProcess.js:96:12369)
	at t.dispose (/snap/code/127/usr/share/code/resources/app/out/vs/workbench/api/node/extensionHostProcess.js:96:12504)
	at t.<anonymous> (/snap/code/127/usr/share/code/resources/app/extensions/git/dist/main.js:2:1261791)
	at t.dispose (/snap/code/127/usr/share/code/resources/app/out/vs/workbench/api/node/extensionHostProcess.js:96:12504)
	at T (/snap/code/127/usr/share/code/resources/app/out/vs/workbench/api/node/extensionHostProcess.js:10:12080)
	at v.Y (/snap/code/127/usr/share/code/resources/app/out/vs/workbench/api/node/extensionHostProcess.js:112:11173)
	at /snap/code/127/usr/share/code/resources/app/out/vs/workbench/api/node/extensionHostProcess.js:112:9157
	at Array.map (<anonymous>)
	at v.R (/snap/code/127/usr/share/code/resources/app/out/vs/workbench/api/node/extensionHostProcess.js:112:9144)
	at v.terminate (/snap/code/127/usr/share/code/resources/app/out/vs/workbench/api/node/extensionHostProcess.js:112:9415)
	at d.terminate (/snap/code/127/usr/share/code/resources/app/out/vs/workbench/api/node/extensionHostProcess.js:116:1544)
	at g (/snap/code/127/usr/share/code/resources/app/out/vs/workbench/api/node/extensionHostProcess.js:126:34439)
	at MessagePortMain.<anonymous> (/snap/code/127/usr/share/code/resources/app/out/vs/workbench/api/node/extensionHostProcess.js:126:30578)
	at MessagePortMain.emit (node:events:513:28)
	at MessagePortMain._internalPort.emit (node:electron/js2c/utility_init:2:367) setContext undefined
2023-05-06 12:55:03.187 [error] Canceled: Canceled
	at new l (/snap/code/127/usr/share/code/resources/app/out/vs/workbench/api/node/extensionHostProcess.js:98:104563)
	at a.O (/snap/code/127/usr/share/code/resources/app/out/vs/workbench/api/node/extensionHostProcess.js:110:11657)
	at H.<computed>.V.charCodeAt.H.<computed> (/snap/code/127/usr/share/code/resources/app/out/vs/workbench/api/node/extensionHostProcess.js:110:8947)
	at e.ExtHostCommands.g (/snap/code/127/usr/share/code/resources/app/out/vs/workbench/api/node/extensionHostProcess.js:98:124729)
	at e.ExtHostCommands.executeCommand (/snap/code/127/usr/share/code/resources/app/out/vs/workbench/api/node/extensionHostProcess.js:98:124105)
	at C.registerCommand.description (/snap/code/127/usr/share/code/resources/app/out/vs/workbench/api/node/extensionHostProcess.js:98:123398)
	at e.ExtHostCommands.h (/snap/code/127/usr/share/code/resources/app/out/vs/workbench/api/node/extensionHostProcess.js:98:125315)
	at e.ExtHostCommands.g (/snap/code/127/usr/share/code/resources/app/out/vs/workbench/api/node/extensionHostProcess.js:98:124205)
	at e.ExtHostCommands.executeCommand (/snap/code/127/usr/share/code/resources/app/out/vs/workbench/api/node/extensionHostProcess.js:98:124105)
	at Object.executeCommand (/snap/code/127/usr/share/code/resources/app/out/vs/workbench/api/node/extensionHostProcess.js:116:24043)
	at g (/home/naman/.vscode/extensions/eamodio.gitlens-13.5.0/dist/gitlens.js:1:868259)
	at c (/home/naman/.vscode/extensions/eamodio.gitlens-13.5.0/dist/gitlens.js:1:608698)
	at ActionRunners._updateContextKeys (/home/naman/.vscode/extensions/eamodio.gitlens-13.5.0/dist/gitlens.js:1:37566)
	at s (/home/naman/.vscode/extensions/eamodio.gitlens-13.5.0/dist/gitlens.js:1:35985)
	at RegisteredActionRunner.unregister (/home/naman/.vscode/extensions/eamodio.gitlens-13.5.0/dist/gitlens.js:1:36129)
	at RegisteredActionRunner.dispose (/home/naman/.vscode/extensions/eamodio.gitlens-13.5.0/dist/gitlens.js:1:34794)
	at ActionRunners.dispose (/home/naman/.vscode/extensions/eamodio.gitlens-13.5.0/dist/gitlens.js:1:35571)
	at T (/snap/code/127/usr/share/code/resources/app/out/vs/workbench/api/node/extensionHostProcess.js:10:12080)
	at v.Y (/snap/code/127/usr/share/code/resources/app/out/vs/workbench/api/node/extensionHostProcess.js:112:11173)
	at /snap/code/127/usr/share/code/resources/app/out/vs/workbench/api/node/extensionHostProcess.js:112:9157
	at Array.map (<anonymous>)
	at v.R (/snap/code/127/usr/share/code/resources/app/out/vs/workbench/api/node/extensionHostProcess.js:112:9144)
	at v.terminate (/snap/code/127/usr/share/code/resources/app/out/vs/workbench/api/node/extensionHostProcess.js:112:9415)
	at d.terminate (/snap/code/127/usr/share/code/resources/app/out/vs/workbench/api/node/extensionHostProcess.js:116:1544)
	at g (/snap/code/127/usr/share/code/resources/app/out/vs/workbench/api/node/extensionHostProcess.js:126:34439)
	at MessagePortMain.<anonymous> (/snap/code/127/usr/share/code/resources/app/out/vs/workbench/api/node/extensionHostProcess.js:126:30578)
	at MessagePortMain.emit (node:events:513:28)
	at MessagePortMain._internalPort.emit (node:electron/js2c/utility_init:2:367) setContext undefined
2023-05-06 12:55:03.188 [error] Canceled: Canceled
	at new l (/snap/code/127/usr/share/code/resources/app/out/vs/workbench/api/node/extensionHostProcess.js:98:104563)
	at a.O (/snap/code/127/usr/share/code/resources/app/out/vs/workbench/api/node/extensionHostProcess.js:110:11657)
	at H.<computed>.V.charCodeAt.H.<computed> (/snap/code/127/usr/share/code/resources/app/out/vs/workbench/api/node/extensionHostProcess.js:110:8947)
	at e.ExtHostCommands.g (/snap/code/127/usr/share/code/resources/app/out/vs/workbench/api/node/extensionHostProcess.js:98:124729)
	at e.ExtHostCommands.executeCommand (/snap/code/127/usr/share/code/resources/app/out/vs/workbench/api/node/extensionHostProcess.js:98:124105)
	at C.registerCommand.description (/snap/code/127/usr/share/code/resources/app/out/vs/workbench/api/node/extensionHostProcess.js:98:123398)
	at e.ExtHostCommands.h (/snap/code/127/usr/share/code/resources/app/out/vs/workbench/api/node/extensionHostProcess.js:98:125315)
	at e.ExtHostCommands.g (/snap/code/127/usr/share/code/resources/app/out/vs/workbench/api/node/extensionHostProcess.js:98:124205)
	at e.ExtHostCommands.executeCommand (/snap/code/127/usr/share/code/resources/app/out/vs/workbench/api/node/extensionHostProcess.js:98:124105)
	at Object.executeCommand (/snap/code/127/usr/share/code/resources/app/out/vs/workbench/api/node/extensionHostProcess.js:116:24043)
	at g (/home/naman/.vscode/extensions/eamodio.gitlens-13.5.0/dist/gitlens.js:1:868259)
	at c (/home/naman/.vscode/extensions/eamodio.gitlens-13.5.0/dist/gitlens.js:1:608698)
	at ActionRunners._updateContextKeys (/home/naman/.vscode/extensions/eamodio.gitlens-13.5.0/dist/gitlens.js:1:37566)
	at s (/home/naman/.vscode/extensions/eamodio.gitlens-13.5.0/dist/gitlens.js:1:35985)
	at RegisteredActionRunner.unregister (/home/naman/.vscode/extensions/eamodio.gitlens-13.5.0/dist/gitlens.js:1:36129)
	at RegisteredActionRunner.dispose (/home/naman/.vscode/extensions/eamodio.gitlens-13.5.0/dist/gitlens.js:1:34794)
	at ActionRunners.dispose (/home/naman/.vscode/extensions/eamodio.gitlens-13.5.0/dist/gitlens.js:1:35571)
	at T (/snap/code/127/usr/share/code/resources/app/out/vs/workbench/api/node/extensionHostProcess.js:10:12080)
	at v.Y (/snap/code/127/usr/share/code/resources/app/out/vs/workbench/api/node/extensionHostProcess.js:112:11173)
	at /snap/code/127/usr/share/code/resources/app/out/vs/workbench/api/node/extensionHostProcess.js:112:9157
	at Array.map (<anonymous>)
	at v.R (/snap/code/127/usr/share/code/resources/app/out/vs/workbench/api/node/extensionHostProcess.js:112:9144)
	at v.terminate (/snap/code/127/usr/share/code/resources/app/out/vs/workbench/api/node/extensionHostProcess.js:112:9415)
	at d.terminate (/snap/code/127/usr/share/code/resources/app/out/vs/workbench/api/node/extensionHostProcess.js:116:1544)
	at g (/snap/code/127/usr/share/code/resources/app/out/vs/workbench/api/node/extensionHostProcess.js:126:34439)
	at MessagePortMain.<anonymous> (/snap/code/127/usr/share/code/resources/app/out/vs/workbench/api/node/extensionHostProcess.js:126:30578)
	at MessagePortMain.emit (node:events:513:28)
	at MessagePortMain._internalPort.emit (node:electron/js2c/utility_init:2:367) setContext undefined
2023-05-06 12:55:03.188 [error] Canceled: Canceled
	at new l (/snap/code/127/usr/share/code/resources/app/out/vs/workbench/api/node/extensionHostProcess.js:98:104563)
	at a.O (/snap/code/127/usr/share/code/resources/app/out/vs/workbench/api/node/extensionHostProcess.js:110:11657)
	at H.<computed>.V.charCodeAt.H.<computed> (/snap/code/127/usr/share/code/resources/app/out/vs/workbench/api/node/extensionHostProcess.js:110:8947)
	at e.ExtHostCommands.g (/snap/code/127/usr/share/code/resources/app/out/vs/workbench/api/node/extensionHostProcess.js:98:124729)
	at e.ExtHostCommands.executeCommand (/snap/code/127/usr/share/code/resources/app/out/vs/workbench/api/node/extensionHostProcess.js:98:124105)
	at C.registerCommand.description (/snap/code/127/usr/share/code/resources/app/out/vs/workbench/api/node/extensionHostProcess.js:98:123398)
	at e.ExtHostCommands.h (/snap/code/127/usr/share/code/resources/app/out/vs/workbench/api/node/extensionHostProcess.js:98:125315)
	at e.ExtHostCommands.g (/snap/code/127/usr/share/code/resources/app/out/vs/workbench/api/node/extensionHostProcess.js:98:124205)
	at e.ExtHostCommands.executeCommand (/snap/code/127/usr/share/code/resources/app/out/vs/workbench/api/node/extensionHostProcess.js:98:124105)
	at Object.executeCommand (/snap/code/127/usr/share/code/resources/app/out/vs/workbench/api/node/extensionHostProcess.js:116:24043)
	at g (/home/naman/.vscode/extensions/eamodio.gitlens-13.5.0/dist/gitlens.js:1:868259)
	at c (/home/naman/.vscode/extensions/eamodio.gitlens-13.5.0/dist/gitlens.js:1:608698)
	at ActionRunners._updateContextKeys (/home/naman/.vscode/extensions/eamodio.gitlens-13.5.0/dist/gitlens.js:1:37566)
	at s (/home/naman/.vscode/extensions/eamodio.gitlens-13.5.0/dist/gitlens.js:1:35985)
	at RegisteredActionRunner.unregister (/home/naman/.vscode/extensions/eamodio.gitlens-13.5.0/dist/gitlens.js:1:36129)
	at RegisteredActionRunner.dispose (/home/naman/.vscode/extensions/eamodio.gitlens-13.5.0/dist/gitlens.js:1:34794)
	at ActionRunners.dispose (/home/naman/.vscode/extensions/eamodio.gitlens-13.5.0/dist/gitlens.js:1:35571)
	at T (/snap/code/127/usr/share/code/resources/app/out/vs/workbench/api/node/extensionHostProcess.js:10:12080)
	at v.Y (/snap/code/127/usr/share/code/resources/app/out/vs/workbench/api/node/extensionHostProcess.js:112:11173)
	at /snap/code/127/usr/share/code/resources/app/out/vs/workbench/api/node/extensionHostProcess.js:112:9157
	at Array.map (<anonymous>)
	at v.R (/snap/code/127/usr/share/code/resources/app/out/vs/workbench/api/node/extensionHostProcess.js:112:9144)
	at v.terminate (/snap/code/127/usr/share/code/resources/app/out/vs/workbench/api/node/extensionHostProcess.js:112:9415)
	at d.terminate (/snap/code/127/usr/share/code/resources/app/out/vs/workbench/api/node/extensionHostProcess.js:116:1544)
	at g (/snap/code/127/usr/share/code/resources/app/out/vs/workbench/api/node/extensionHostProcess.js:126:34439)
	at MessagePortMain.<anonymous> (/snap/code/127/usr/share/code/resources/app/out/vs/workbench/api/node/extensionHostProcess.js:126:30578)
	at MessagePortMain.emit (node:events:513:28)
	at MessagePortMain._internalPort.emit (node:electron/js2c/utility_init:2:367) setContext undefined
2023-05-06 12:55:03.190 [error] Canceled: Canceled
	at new l (/snap/code/127/usr/share/code/resources/app/out/vs/workbench/api/node/extensionHostProcess.js:98:104563)
	at a.O (/snap/code/127/usr/share/code/resources/app/out/vs/workbench/api/node/extensionHostProcess.js:110:11657)
	at H.<computed>.V.charCodeAt.H.<computed> (/snap/code/127/usr/share/code/resources/app/out/vs/workbench/api/node/extensionHostProcess.js:110:8947)
	at e.ExtHostCommands.g (/snap/code/127/usr/share/code/resources/app/out/vs/workbench/api/node/extensionHostProcess.js:98:124729)
	at e.ExtHostCommands.executeCommand (/snap/code/127/usr/share/code/resources/app/out/vs/workbench/api/node/extensionHostProcess.js:98:124105)
	at C.registerCommand.description (/snap/code/127/usr/share/code/resources/app/out/vs/workbench/api/node/extensionHostProcess.js:98:123398)
	at e.ExtHostCommands.h (/snap/code/127/usr/share/code/resources/app/out/vs/workbench/api/node/extensionHostProcess.js:98:125315)
	at e.ExtHostCommands.g (/snap/code/127/usr/share/code/resources/app/out/vs/workbench/api/node/extensionHostProcess.js:98:124205)
	at e.ExtHostCommands.executeCommand (/snap/code/127/usr/share/code/resources/app/out/vs/workbench/api/node/extensionHostProcess.js:98:124105)
	at Object.executeCommand (/snap/code/127/usr/share/code/resources/app/out/vs/workbench/api/node/extensionHostProcess.js:116:24043)
	at g (/home/naman/.vscode/extensions/eamodio.gitlens-13.5.0/dist/gitlens.js:1:868259)
	at c (/home/naman/.vscode/extensions/eamodio.gitlens-13.5.0/dist/gitlens.js:1:608698)
	at ActionRunners._updateContextKeys (/home/naman/.vscode/extensions/eamodio.gitlens-13.5.0/dist/gitlens.js:1:37566)
	at s (/home/naman/.vscode/extensions/eamodio.gitlens-13.5.0/dist/gitlens.js:1:35985)
	at RegisteredActionRunner.unregister (/home/naman/.vscode/extensions/eamodio.gitlens-13.5.0/dist/gitlens.js:1:36129)
	at RegisteredActionRunner.dispose (/home/naman/.vscode/extensions/eamodio.gitlens-13.5.0/dist/gitlens.js:1:34794)
	at Object.dispose (/home/naman/.vscode/extensions/eamodio.gitlens-13.5.0/dist/gitlens.js:1:36226)
	at T (/snap/code/127/usr/share/code/resources/app/out/vs/workbench/api/node/extensionHostProcess.js:10:12080)
	at v.Y (/snap/code/127/usr/share/code/resources/app/out/vs/workbench/api/node/extensionHostProcess.js:112:11173)
	at /snap/code/127/usr/share/code/resources/app/out/vs/workbench/api/node/extensionHostProcess.js:112:9157
	at Array.map (<anonymous>)
	at v.R (/snap/code/127/usr/share/code/resources/app/out/vs/workbench/api/node/extensionHostProcess.js:112:9144)
	at v.terminate (/snap/code/127/usr/share/code/resources/app/out/vs/workbench/api/node/extensionHostProcess.js:112:9415)
	at d.terminate (/snap/code/127/usr/share/code/resources/app/out/vs/workbench/api/node/extensionHostProcess.js:116:1544)
	at g (/snap/code/127/usr/share/code/resources/app/out/vs/workbench/api/node/extensionHostProcess.js:126:34439)
	at MessagePortMain.<anonymous> (/snap/code/127/usr/share/code/resources/app/out/vs/workbench/api/node/extensionHostProcess.js:126:30578)
	at MessagePortMain.emit (node:events:513:28)
	at MessagePortMain._internalPort.emit (node:electron/js2c/utility_init:2:367) setContext undefined
2023-05-06 12:55:03.191 [error] Canceled: Canceled
	at new l (/snap/code/127/usr/share/code/resources/app/out/vs/workbench/api/node/extensionHostProcess.js:98:104563)
	at a.O (/snap/code/127/usr/share/code/resources/app/out/vs/workbench/api/node/extensionHostProcess.js:110:11657)
	at H.<computed>.V.charCodeAt.H.<computed> (/snap/code/127/usr/share/code/resources/app/out/vs/workbench/api/node/extensionHostProcess.js:110:8947)
	at e.ExtHostCommands.g (/snap/code/127/usr/share/code/resources/app/out/vs/workbench/api/node/extensionHostProcess.js:98:124729)
	at e.ExtHostCommands.executeCommand (/snap/code/127/usr/share/code/resources/app/out/vs/workbench/api/node/extensionHostProcess.js:98:124105)
	at C.registerCommand.description (/snap/code/127/usr/share/code/resources/app/out/vs/workbench/api/node/extensionHostProcess.js:98:123398)
	at e.ExtHostCommands.h (/snap/code/127/usr/share/code/resources/app/out/vs/workbench/api/node/extensionHostProcess.js:98:125315)
	at e.ExtHostCommands.g (/snap/code/127/usr/share/code/resources/app/out/vs/workbench/api/node/extensionHostProcess.js:98:124205)
	at e.ExtHostCommands.executeCommand (/snap/code/127/usr/share/code/resources/app/out/vs/workbench/api/node/extensionHostProcess.js:98:124105)
	at Object.executeCommand (/snap/code/127/usr/share/code/resources/app/out/vs/workbench/api/node/extensionHostProcess.js:116:24043)
	at g (/home/naman/.vscode/extensions/eamodio.gitlens-13.5.0/dist/gitlens.js:1:868259)
	at c (/home/naman/.vscode/extensions/eamodio.gitlens-13.5.0/dist/gitlens.js:1:608698)
	at ActionRunners._updateContextKeys (/home/naman/.vscode/extensions/eamodio.gitlens-13.5.0/dist/gitlens.js:1:37566)
	at s (/home/naman/.vscode/extensions/eamodio.gitlens-13.5.0/dist/gitlens.js:1:35985)
	at RegisteredActionRunner.unregister (/home/naman/.vscode/extensions/eamodio.gitlens-13.5.0/dist/gitlens.js:1:36129)
	at RegisteredActionRunner.dispose (/home/naman/.vscode/extensions/eamodio.gitlens-13.5.0/dist/gitlens.js:1:34794)
	at Object.dispose (/home/naman/.vscode/extensions/eamodio.gitlens-13.5.0/dist/gitlens.js:1:36226)
	at T (/snap/code/127/usr/share/code/resources/app/out/vs/workbench/api/node/extensionHostProcess.js:10:12080)
	at v.Y (/snap/code/127/usr/share/code/resources/app/out/vs/workbench/api/node/extensionHostProcess.js:112:11173)
	at /snap/code/127/usr/share/code/resources/app/out/vs/workbench/api/node/extensionHostProcess.js:112:9157
	at Array.map (<anonymous>)
	at v.R (/snap/code/127/usr/share/code/resources/app/out/vs/workbench/api/node/extensionHostProcess.js:112:9144)
	at v.terminate (/snap/code/127/usr/share/code/resources/app/out/vs/workbench/api/node/extensionHostProcess.js:112:9415)
	at d.terminate (/snap/code/127/usr/share/code/resources/app/out/vs/workbench/api/node/extensionHostProcess.js:116:1544)
	at g (/snap/code/127/usr/share/code/resources/app/out/vs/workbench/api/node/extensionHostProcess.js:126:34439)
	at MessagePortMain.<anonymous> (/snap/code/127/usr/share/code/resources/app/out/vs/workbench/api/node/extensionHostProcess.js:126:30578)
	at MessagePortMain.emit (node:events:513:28)
	at MessagePortMain._internalPort.emit (node:electron/js2c/utility_init:2:367) setContext undefined
2023-05-06 12:55:03.196 [error] Canceled: Canceled
	at new l (/snap/code/127/usr/share/code/resources/app/out/vs/workbench/api/node/extensionHostProcess.js:98:104563)
	at a.O (/snap/code/127/usr/share/code/resources/app/out/vs/workbench/api/node/extensionHostProcess.js:110:11657)
	at H.<computed>.V.charCodeAt.H.<computed> (/snap/code/127/usr/share/code/resources/app/out/vs/workbench/api/node/extensionHostProcess.js:110:8947)
	at e.ExtHostCommands.g (/snap/code/127/usr/share/code/resources/app/out/vs/workbench/api/node/extensionHostProcess.js:98:124729)
	at e.ExtHostCommands.executeCommand (/snap/code/127/usr/share/code/resources/app/out/vs/workbench/api/node/extensionHostProcess.js:98:124105)
	at C.registerCommand.description (/snap/code/127/usr/share/code/resources/app/out/vs/workbench/api/node/extensionHostProcess.js:98:123398)
	at e.ExtHostCommands.h (/snap/code/127/usr/share/code/resources/app/out/vs/workbench/api/node/extensionHostProcess.js:98:125315)
	at e.ExtHostCommands.g (/snap/code/127/usr/share/code/resources/app/out/vs/workbench/api/node/extensionHostProcess.js:98:124205)
	at e.ExtHostCommands.executeCommand (/snap/code/127/usr/share/code/resources/app/out/vs/workbench/api/node/extensionHostProcess.js:98:124105)
	at Object.executeCommand (/snap/code/127/usr/share/code/resources/app/out/vs/workbench/api/node/extensionHostProcess.js:116:24043)
	at g (/home/naman/.vscode/extensions/eamodio.gitlens-13.5.0/dist/gitlens.js:1:868259)
	at c (/home/naman/.vscode/extensions/eamodio.gitlens-13.5.0/dist/gitlens.js:1:608698)
	at ActionRunners._updateContextKeys (/home/naman/.vscode/extensions/eamodio.gitlens-13.5.0/dist/gitlens.js:1:37566)
	at s (/home/naman/.vscode/extensions/eamodio.gitlens-13.5.0/dist/gitlens.js:1:35985)
	at RegisteredActionRunner.unregister (/home/naman/.vscode/extensions/eamodio.gitlens-13.5.0/dist/gitlens.js:1:36129)
	at RegisteredActionRunner.dispose (/home/naman/.vscode/extensions/eamodio.gitlens-13.5.0/dist/gitlens.js:1:34794)
	at Object.dispose (/home/naman/.vscode/extensions/eamodio.gitlens-13.5.0/dist/gitlens.js:1:36226)
	at T (/snap/code/127/usr/share/code/resources/app/out/vs/workbench/api/node/extensionHostProcess.js:10:12080)
	at v.Y (/snap/code/127/usr/share/code/resources/app/out/vs/workbench/api/node/extensionHostProcess.js:112:11173)
	at /snap/code/127/usr/share/code/resources/app/out/vs/workbench/api/node/extensionHostProcess.js:112:9157
	at Array.map (<anonymous>)
	at v.R (/snap/code/127/usr/share/code/resources/app/out/vs/workbench/api/node/extensionHostProcess.js:112:9144)
	at v.terminate (/snap/code/127/usr/share/code/resources/app/out/vs/workbench/api/node/extensionHostProcess.js:112:9415)
	at d.terminate (/snap/code/127/usr/share/code/resources/app/out/vs/workbench/api/node/extensionHostProcess.js:116:1544)
	at g (/snap/code/127/usr/share/code/resources/app/out/vs/workbench/api/node/extensionHostProcess.js:126:34439)
	at MessagePortMain.<anonymous> (/snap/code/127/usr/share/code/resources/app/out/vs/workbench/api/node/extensionHostProcess.js:126:30578)
	at MessagePortMain.emit (node:events:513:28)
	at MessagePortMain._internalPort.emit (node:electron/js2c/utility_init:2:367) setContext undefined
2023-05-06 12:55:03.198 [error] Canceled: Canceled
	at new l (/snap/code/127/usr/share/code/resources/app/out/vs/workbench/api/node/extensionHostProcess.js:98:104563)
	at a.O (/snap/code/127/usr/share/code/resources/app/out/vs/workbench/api/node/extensionHostProcess.js:110:11657)
	at H.<computed>.V.charCodeAt.H.<computed> (/snap/code/127/usr/share/code/resources/app/out/vs/workbench/api/node/extensionHostProcess.js:110:8947)
	at e.ExtHostCommands.g (/snap/code/127/usr/share/code/resources/app/out/vs/workbench/api/node/extensionHostProcess.js:98:124729)
	at e.ExtHostCommands.executeCommand (/snap/code/127/usr/share/code/resources/app/out/vs/workbench/api/node/extensionHostProcess.js:98:124105)
	at C.registerCommand.description (/snap/code/127/usr/share/code/resources/app/out/vs/workbench/api/node/extensionHostProcess.js:98:123398)
	at e.ExtHostCommands.h (/snap/code/127/usr/share/code/resources/app/out/vs/workbench/api/node/extensionHostProcess.js:98:125315)
	at e.ExtHostCommands.g (/snap/code/127/usr/share/code/resources/app/out/vs/workbench/api/node/extensionHostProcess.js:98:124205)
	at e.ExtHostCommands.executeCommand (/snap/code/127/usr/share/code/resources/app/out/vs/workbench/api/node/extensionHostProcess.js:98:124105)
	at Object.executeCommand (/snap/code/127/usr/share/code/resources/app/out/vs/workbench/api/node/extensionHostProcess.js:116:24043)
	at Object.dispose (/home/naman/.vscode/extensions/tabnine.tabnine-vscode-3.6.46/out/extension.js:17:101310)
	at /home/naman/.vscode/extensions/tabnine.tabnine-vscode-3.6.46/out/extension.js:17:30354
	at Array.forEach (<anonymous>)
	at f (/home/naman/.vscode/extensions/tabnine.tabnine-vscode-3.6.46/out/extension.js:17:30339)
	at Object.dispose (/home/naman/.vscode/extensions/tabnine.tabnine-vscode-3.6.46/out/extension.js:17:29757)
	at T (/snap/code/127/usr/share/code/resources/app/out/vs/workbench/api/node/extensionHostProcess.js:10:12080)
	at v.Y (/snap/code/127/usr/share/code/resources/app/out/vs/workbench/api/node/extensionHostProcess.js:112:11173)
	at /snap/code/127/usr/share/code/resources/app/out/vs/workbench/api/node/extensionHostProcess.js:112:9157
	at Array.map (<anonymous>)
	at v.R (/snap/code/127/usr/share/code/resources/app/out/vs/workbench/api/node/extensionHostProcess.js:112:9144)
	at v.terminate (/snap/code/127/usr/share/code/resources/app/out/vs/workbench/api/node/extensionHostProcess.js:112:9415)
	at d.terminate (/snap/code/127/usr/share/code/resources/app/out/vs/workbench/api/node/extensionHostProcess.js:116:1544)
	at g (/snap/code/127/usr/share/code/resources/app/out/vs/workbench/api/node/extensionHostProcess.js:126:34439)
	at MessagePortMain.<anonymous> (/snap/code/127/usr/share/code/resources/app/out/vs/workbench/api/node/extensionHostProcess.js:126:30578)
	at MessagePortMain.emit (node:events:513:28)
	at MessagePortMain._internalPort.emit (node:electron/js2c/utility_init:2:367) setContext undefined
2023-05-06 12:55:03.503 [info] Extension host with pid 30991 exiting with code 0
2023-05-06 12:55:04.104 [info] Extension host with pid 31660 started
2023-05-06 12:55:04.104 [info] Skipping acquiring lock for /home/naman/.config/Code/User/workspaceStorage/65ac9eef5d641cc3943ad8155fdc9b62.
2023-05-06 12:55:04.130 [info] ExtensionService#_doActivateExtension vscode.json-language-features, startup: false, activationEvent: 'onLanguage:jsonc'
2023-05-06 12:55:04.151 [info] ExtensionService#_doActivateExtension vscode.typescript-language-features, startup: false, activationEvent: 'onLanguage:jsonc'
2023-05-06 12:55:04.160 [info] ExtensionService#_doActivateExtension vscode.emmet, startup: false, activationEvent: 'onLanguage'
2023-05-06 12:55:04.164 [info] ExtensionService#_doActivateExtension vscode.microsoft-authentication, startup: false, activationEvent: 'onAuthenticationRequest:microsoft'
2023-05-06 12:55:04.173 [info] ExtensionService#_doActivateExtension vscode.github-authentication, startup: false, activationEvent: 'onAuthenticationRequest:github'
2023-05-06 12:55:04.372 [info] ExtensionService#_doActivateExtension vscode.git-base, startup: true, activationEvent: '*', root cause: vscode.git
2023-05-06 12:55:04.374 [info] ExtensionService#_doActivateExtension naumovs.color-highlight, startup: true, activationEvent: '*'
2023-05-06 12:55:04.378 [info] ExtensionService#_doActivateExtension TabNine.tabnine-vscode, startup: true, activationEvent: '*'
2023-05-06 12:55:04.394 [info] ExtensionService#_doActivateExtension vscodevim.vim, startup: true, activationEvent: '*'
2023-05-06 12:55:04.451 [info] ExtensionService#_doActivateExtension vscode.npm, startup: true, activationEvent: 'workspaceContains:package.json'
2023-05-06 12:55:04.515 [info] ExtensionService#_doActivateExtension vscode.git, startup: true, activationEvent: '*'
2023-05-06 12:55:04.535 [info] ExtensionService#_doActivateExtension vscode.github, startup: true, activationEvent: '*'
2023-05-06 12:55:04.777 [info] Eager extensions activated
2023-05-06 12:55:04.783 [info] ExtensionService#_doActivateExtension vscode.debug-auto-launch, startup: false, activationEvent: 'onStartupFinished'
2023-05-06 12:55:04.785 [info] ExtensionService#_doActivateExtension vscode.merge-conflict, startup: false, activationEvent: 'onStartupFinished'
2023-05-06 12:55:04.794 [info] ExtensionService#_doActivateExtension aaron-bond.better-comments, startup: false, activationEvent: 'onStartupFinished'
2023-05-06 12:55:04.798 [info] ExtensionService#_doActivateExtension cweijan.vscode-mysql-client2, startup: false, activationEvent: 'onStartupFinished'
2023-05-06 12:55:04.974 [info] ExtensionService#_doActivateExtension dbaeumer.vscode-eslint, startup: false, activationEvent: 'onStartupFinished'
2023-05-06 12:55:04.983 [info] ExtensionService#_doActivateExtension dsznajder.es7-react-js-snippets, startup: false, activationEvent: 'onStartupFinished'
2023-05-06 12:55:05.157 [info] ExtensionService#_doActivateExtension esbenp.prettier-vscode, startup: false, activationEvent: 'onStartupFinished'
2023-05-06 12:55:05.180 [info] ExtensionService#_doActivateExtension usernamehw.errorlens, startup: false, activationEvent: 'onStartupFinished'
2023-05-06 12:55:05.182 [info] ExtensionService#_doActivateExtension vscode-icons-team.vscode-icons, startup: false, activationEvent: 'onStartupFinished'
2023-05-06 13:01:14.086 [info] Extension host terminating: renderer closed the MessagePort
2023-05-06 13:01:14.121 [error] Canceled: Canceled
	at new l (/snap/code/127/usr/share/code/resources/app/out/vs/workbench/api/node/extensionHostProcess.js:98:104563)
	at a.O (/snap/code/127/usr/share/code/resources/app/out/vs/workbench/api/node/extensionHostProcess.js:110:11657)
	at H.<computed>.V.charCodeAt.H.<computed> (/snap/code/127/usr/share/code/resources/app/out/vs/workbench/api/node/extensionHostProcess.js:110:8947)
	at e.ExtHostCommands.g (/snap/code/127/usr/share/code/resources/app/out/vs/workbench/api/node/extensionHostProcess.js:98:124729)
	at e.ExtHostCommands.executeCommand (/snap/code/127/usr/share/code/resources/app/out/vs/workbench/api/node/extensionHostProcess.js:98:124105)
	at C.registerCommand.description (/snap/code/127/usr/share/code/resources/app/out/vs/workbench/api/node/extensionHostProcess.js:98:123398)
	at e.ExtHostCommands.h (/snap/code/127/usr/share/code/resources/app/out/vs/workbench/api/node/extensionHostProcess.js:98:125315)
	at e.ExtHostCommands.g (/snap/code/127/usr/share/code/resources/app/out/vs/workbench/api/node/extensionHostProcess.js:98:124205)
	at e.ExtHostCommands.executeCommand (/snap/code/127/usr/share/code/resources/app/out/vs/workbench/api/node/extensionHostProcess.js:98:124105)
	at Object.executeCommand (/snap/code/127/usr/share/code/resources/app/out/vs/workbench/api/node/extensionHostProcess.js:116:24043)
	at Object.dispose (/home/naman/.vscode/extensions/tabnine.tabnine-vscode-3.6.46/out/extension.js:17:101310)
	at /home/naman/.vscode/extensions/tabnine.tabnine-vscode-3.6.46/out/extension.js:17:30354
	at Array.forEach (<anonymous>)
	at f (/home/naman/.vscode/extensions/tabnine.tabnine-vscode-3.6.46/out/extension.js:17:30339)
	at Object.dispose (/home/naman/.vscode/extensions/tabnine.tabnine-vscode-3.6.46/out/extension.js:17:29757)
	at T (/snap/code/127/usr/share/code/resources/app/out/vs/workbench/api/node/extensionHostProcess.js:10:12080)
	at v.Y (/snap/code/127/usr/share/code/resources/app/out/vs/workbench/api/node/extensionHostProcess.js:112:11173)
	at /snap/code/127/usr/share/code/resources/app/out/vs/workbench/api/node/extensionHostProcess.js:112:9157
	at Array.map (<anonymous>)
	at v.R (/snap/code/127/usr/share/code/resources/app/out/vs/workbench/api/node/extensionHostProcess.js:112:9144)
	at v.terminate (/snap/code/127/usr/share/code/resources/app/out/vs/workbench/api/node/extensionHostProcess.js:112:9415)
	at d.terminate (/snap/code/127/usr/share/code/resources/app/out/vs/workbench/api/node/extensionHostProcess.js:116:1544)
	at g (/snap/code/127/usr/share/code/resources/app/out/vs/workbench/api/node/extensionHostProcess.js:126:34439)
	at MessagePortMain.<anonymous> (/snap/code/127/usr/share/code/resources/app/out/vs/workbench/api/node/extensionHostProcess.js:126:30578)
	at MessagePortMain.emit (node:events:513:28)
	at MessagePortMain._internalPort.emit (node:electron/js2c/utility_init:2:367) setContext undefined
2023-05-06 13:01:15.119 [info] Extension host with pid 31660 exiting with code 0
