2023-05-06 12:15:08.862 [info] Added views:workbench.panel.markers.view in workbench.panel.markers
2023-05-06 12:15:08.863 [info] Added views:workbench.panel.output in workbench.panel.output
2023-05-06 12:15:08.863 [info] Added views:terminal in terminal
2023-05-06 12:15:08.863 [info] Added views:workbench.scm in workbench.view.scm
2023-05-06 12:15:08.863 [info] Added views:workbench.view.search in workbench.view.search
2023-05-06 12:15:08.863 [info] Added views:workbench.explorer.fileView in workbench.view.explorer
2023-05-06 12:15:09.114 [info] Added views:github.cweijan.mysql in workbench.view.extension.github-cweijan-mysql
2023-05-06 12:15:09.114 [info] Added views:github.cweijan.nosql in workbench.view.extension.github-cweijan-nosql
2023-05-06 12:15:09.114 [info] Added views:dockerContainers,dockerImages,dockerRegistries,dockerNetworks,dockerVolumes,vscode-docker.views.dockerContexts,vscode-docker.views.help in workbench.view.extension.dockerView
2023-05-06 12:15:09.115 [info] Added views:thunder-client-sidebar in workbench.view.extension.thunder-client
2023-05-06 12:15:09.403 [info] Added views:workbench.debug.welcome in workbench.view.debug
2023-05-06 12:15:09.453 [info] Added views:workbench.panel.repl.view in workbench.panel.repl
2023-05-06 12:15:09.597 [info] Added views:workbench.panel.comments in workbench.panel.comments
2023-05-06 12:15:11.433 [info] Added views:tabnine-home in workbench.view.extension.tabnine-access
2023-05-06 12:15:11.435 [info] Added views:tabnine-notifications in workbench.view.extension.tabnine-access
2023-05-06 12:15:11.437 [info] Added views:tabnine-today in workbench.view.extension.tabnine-access
2023-05-06 12:17:33.638 [info] Added views:workbench.views.extensions.installed,workbench.views.extensions.popular,extensions.recommendedList in workbench.view.extensions
2023-05-06 12:17:33.640 [info] Removed views:workbench.views.extensions.popular from workbench.view.extensions
2023-05-06 12:17:34.259 [info] Removed views:extensions.recommendedList,workbench.views.extensions.installed from workbench.view.extensions
2023-05-06 12:17:34.279 [info] Added views:workbench.views.extensions.marketplace in workbench.view.extensions
2023-05-06 12:26:40.716 [info] Removed views:workbench.views.extensions.marketplace from workbench.view.extensions
2023-05-06 12:26:40.743 [info] Added views:workbench.views.extensions.installed,extensions.recommendedList in workbench.view.extensions
2023-05-06 12:26:43.467 [info] Removed views:extensions.recommendedList,workbench.views.extensions.installed from workbench.view.extensions
2023-05-06 12:26:43.480 [info] Added views:workbench.views.extensions.marketplace in workbench.view.extensions
2023-05-06 12:27:59.868 [info] Removed views:workbench.views.extensions.marketplace from workbench.view.extensions
2023-05-06 12:27:59.893 [info] Added views:workbench.views.extensions.installed,extensions.recommendedList in workbench.view.extensions
