2023-05-06 12:54:55.952 [info] Reading sessions from keychain...
2023-05-06 12:54:55.952 [info] Getting sessions for all scopes...
2023-05-06 12:54:55.952 [info] Getting sessions for user:email...
2023-05-06 12:54:55.952 [info] Getting sessions for all scopes...
2023-05-06 12:54:55.952 [info] Got stored sessions!
2023-05-06 12:54:55.952 [info] Got 2 verified sessions.
2023-05-06 12:54:55.952 [info] Got 2 sessions for ...
2023-05-06 12:54:55.952 [info] Got 1 sessions for user:email...
2023-05-06 12:54:55.952 [info] Got 2 sessions for ...
2023-05-06 12:54:56.053 [info] Getting sessions for user:email...
2023-05-06 12:54:56.053 [info] Got 1 sessions for user:email...
2023-05-06 12:54:56.848 [info] Getting sessions for all scopes...
2023-05-06 12:54:56.848 [info] Got 2 sessions for ...
2023-05-06 12:54:56.942 [info] Getting sessions for read:user,repo,user:email...
2023-05-06 12:54:56.942 [info] Got 0 sessions for read:user,repo,user:email...
2023-05-06 12:54:58.272 [info] Getting user info...
2023-05-06 12:54:58.674 [info] Got account info!
2023-05-06 12:55:04.226 [info] Reading sessions from keychain...
2023-05-06 12:55:04.226 [info] Getting sessions for all scopes...
2023-05-06 12:55:04.226 [info] Getting sessions for user:email...
2023-05-06 12:55:04.226 [info] Getting sessions for all scopes...
2023-05-06 12:55:04.226 [info] Got stored sessions!
2023-05-06 12:55:04.226 [info] Got 2 verified sessions.
2023-05-06 12:55:04.226 [info] Got 2 sessions for ...
2023-05-06 12:55:04.226 [info] Got 1 sessions for user:email...
2023-05-06 12:55:04.226 [info] Got 2 sessions for ...
2023-05-06 12:55:04.226 [info] Getting sessions for user:email...
2023-05-06 12:55:04.226 [info] Got 1 sessions for user:email...
2023-05-06 12:55:04.226 [info] Getting sessions for all scopes...
2023-05-06 12:55:04.226 [info] Got 2 sessions for ...
2023-05-06 12:55:05.885 [info] Getting sessions for all scopes...
2023-05-06 12:55:05.885 [info] Got 2 sessions for ...
2023-05-06 12:55:06.678 [info] Getting user info...
2023-05-06 12:55:07.083 [info] Got account info!
