2023-05-06 13:15:21.664 [info] Reading sessions from keychain...
2023-05-06 13:15:21.664 [info] Getting sessions for all scopes...
2023-05-06 13:15:21.664 [info] Getting sessions for user:email...
2023-05-06 13:15:21.664 [info] Got stored sessions!
2023-05-06 13:15:21.664 [info] Got 2 verified sessions.
2023-05-06 13:15:21.664 [info] Got 2 sessions for ...
2023-05-06 13:15:21.664 [info] Got 1 sessions for user:email...
2023-05-06 13:15:21.664 [info] Getting sessions for all scopes...
2023-05-06 13:15:21.664 [info] Got 2 sessions for ...
2023-05-06 13:15:21.868 [info] Getting sessions for all scopes...
2023-05-06 13:15:21.868 [info] Got 2 sessions for ...
2023-05-06 13:15:21.922 [info] Getting sessions for all scopes...
2023-05-06 13:15:21.922 [info] Got 2 sessions for ...
2023-05-06 13:15:22.163 [info] Getting sessions for all scopes...
2023-05-06 13:15:22.163 [info] Got 2 sessions for ...
2023-05-06 13:15:23.290 [info] Getting user info...
2023-05-06 13:15:23.702 [info] Got account info!
2023-05-06 13:15:26.777 [info] Reading sessions from keychain...
2023-05-06 13:15:26.777 [info] Getting sessions for all scopes...
2023-05-06 13:15:26.777 [info] Getting sessions for user:email...
2023-05-06 13:15:26.777 [info] Getting sessions for all scopes...
2023-05-06 13:15:26.777 [info] Got stored sessions!
2023-05-06 13:15:26.777 [info] Got 2 verified sessions.
2023-05-06 13:15:26.777 [info] Got 2 sessions for ...
2023-05-06 13:15:26.777 [info] Got 1 sessions for user:email...
2023-05-06 13:15:26.777 [info] Got 2 sessions for ...
2023-05-06 13:15:26.777 [info] Getting sessions for user:email...
2023-05-06 13:15:26.777 [info] Got 1 sessions for user:email...
2023-05-06 13:15:26.778 [info] Getting sessions for all scopes...
2023-05-06 13:15:26.778 [info] Got 2 sessions for ...
2023-05-06 13:15:28.156 [info] Getting sessions for all scopes...
2023-05-06 13:15:28.156 [info] Got 2 sessions for ...
2023-05-06 13:15:29.041 [info] Getting user info...
2023-05-06 13:15:29.659 [info] Got account info!
