2023-05-06 17:08:45.679 [info] Using settings sync service https://vscode-sync.trafficmanager.net/
2023-05-06 17:08:45.680 [info] Auto Sync is enabled.
2023-05-06 17:08:45.680 [info] Auto Sync: Suspended until auth token is available.
2023-05-06 17:08:46.207 [info] Deleting non existing profile from backup /home/naman/.config/Code/User/sync/extensions
2023-05-06 17:08:46.222 [info] Deleting non existing profile from backup /home/naman/.config/Code/User/sync/globalState
2023-05-06 17:08:46.347 [info] Deleting non existing profile from backup /home/naman/.config/Code/User/sync/keybindings
2023-05-06 17:08:46.437 [info] Deleting non existing profile from backup /home/naman/.config/Code/User/sync/profiles
2023-05-06 17:08:46.510 [info] Deleting non existing profile from backup /home/naman/.config/Code/User/sync/settings
2023-05-06 17:08:46.528 [info] Deleting non existing profile from backup /home/naman/.config/Code/User/sync/snippets
2023-05-06 17:08:46.540 [info] Deleting non existing profile from backup /home/naman/.config/Code/User/sync/tasks
2023-05-06 17:08:50.972 [info] Auto Sync: Triggered by Interval
2023-05-06 17:08:50.972 [info] Sync started.
2023-05-06 17:08:51.554 [info] Settings: Last sync resource does not exist locally.
2023-05-06 17:08:51.714 [info] Settings: No changes found during synchronizing settings.
2023-05-06 17:08:51.718 [info] Keybindings: Last sync resource does not exist locally.
2023-05-06 17:08:51.873 [info] Keybindings: No changes found during synchronizing keybindings.
2023-05-06 17:08:51.877 [info] Snippets: Last sync resource does not exist locally.
2023-05-06 17:08:52.012 [info] Snippets: No changes found during synchronizing snippets.
2023-05-06 17:08:52.015 [info] Tasks: Last sync resource does not exist locally.
2023-05-06 17:08:52.153 [info] Tasks: No changes found during synchronizing tasks.
2023-05-06 17:08:52.157 [info] GlobalState: Last sync resource does not exist locally.
2023-05-06 17:08:52.438 [info] GlobalState: No changes found during synchronizing ui state.
2023-05-06 17:08:52.441 [info] Extensions: Last sync resource does not exist locally.
2023-05-06 17:08:52.743 [info] Extensions: No changes found during synchronizing extensions.
2023-05-06 17:08:52.748 [info] Profiles: Last sync resource does not exist locally.
2023-05-06 17:08:52.895 [info] Profiles: No changes found during synchronizing profiles.
2023-05-06 17:08:52.900 [info] Syncing profile. Latest
2023-05-06 17:08:52.932 [info] Settings (Latest): No changes found during synchronizing settings.
2023-05-06 17:08:52.954 [info] Keybindings (Latest): No changes found during synchronizing keybindings.
2023-05-06 17:08:52.959 [info] Snippets (Latest): No changes found during synchronizing snippets.
2023-05-06 17:08:52.965 [info] Tasks (Latest): No changes found during synchronizing tasks.
2023-05-06 17:08:52.992 [info] GlobalState (Latest): No changes found during synchronizing ui state.
2023-05-06 17:08:53.078 [info] Extensions (Latest): No changes found during synchronizing extensions.
2023-05-06 17:08:53.080 [info] Sync done. Took 2108ms
2023-05-06 17:09:17.953 [info] Auto Sync: Triggered by Activity
2023-05-06 17:09:18.012 [info] Sync started.
2023-05-06 17:09:19.766 [info] Settings: No changes found during synchronizing settings.
2023-05-06 17:09:19.884 [info] Keybindings: No changes found during synchronizing keybindings.
2023-05-06 17:09:19.972 [info] Snippets: No changes found during synchronizing snippets.
2023-05-06 17:09:20.016 [info] Tasks: No changes found during synchronizing tasks.
2023-05-06 17:09:20.170 [info] GlobalState: No changes found during synchronizing ui state.
2023-05-06 17:09:21.235 [info] Extensions: No changes found during synchronizing extensions.
2023-05-06 17:09:21.255 [info] Profiles: No changes found during synchronizing profiles.
2023-05-06 17:09:21.273 [info] Syncing profile. Latest
2023-05-06 17:09:21.368 [info] Settings (Latest): No changes found during synchronizing settings.
2023-05-06 17:09:22.588 [info] Keybindings (Latest): No changes found during synchronizing keybindings.
2023-05-06 17:09:22.611 [info] Snippets (Latest): No changes found during synchronizing snippets.
2023-05-06 17:09:22.650 [info] Tasks (Latest): No changes found during synchronizing tasks.
2023-05-06 17:09:22.772 [info] GlobalState (Latest): No changes found during synchronizing ui state.
2023-05-06 17:09:22.990 [info] Extensions (Latest): No changes found during synchronizing extensions.
2023-05-06 17:09:23.012 [info] Sync done. Took 5422ms
2023-05-06 17:09:31.049 [info] Auto Sync: Triggered by Activity
2023-05-06 17:09:31.050 [info] Sync started.
2023-05-06 17:09:31.258 [info] Settings: No changes found during synchronizing settings.
2023-05-06 17:09:31.280 [info] Keybindings: No changes found during synchronizing keybindings.
2023-05-06 17:09:31.306 [info] Snippets: No changes found during synchronizing snippets.
2023-05-06 17:09:31.318 [info] Tasks: No changes found during synchronizing tasks.
2023-05-06 17:09:31.343 [info] GlobalState: No changes found during synchronizing ui state.
2023-05-06 17:09:31.727 [info] Extensions: No changes found during synchronizing extensions.
2023-05-06 17:09:31.741 [info] Profiles: No changes found during synchronizing profiles.
2023-05-06 17:09:31.746 [info] Syncing profile. Latest
2023-05-06 17:09:31.793 [info] Settings (Latest): No changes found during synchronizing settings.
2023-05-06 17:09:31.893 [info] Keybindings (Latest): No changes found during synchronizing keybindings.
2023-05-06 17:09:31.928 [info] Snippets (Latest): No changes found during synchronizing snippets.
2023-05-06 17:09:31.958 [info] Tasks (Latest): No changes found during synchronizing tasks.
2023-05-06 17:09:32.045 [info] GlobalState (Latest): No changes found during synchronizing ui state.
2023-05-06 17:09:32.327 [info] Extensions (Latest): No changes found during synchronizing extensions.
2023-05-06 17:09:32.340 [info] Sync done. Took 1290ms
2023-05-06 17:10:07.796 [info] Auto Sync: Triggered by Activity
2023-05-06 17:10:07.797 [info] Sync started.
2023-05-06 17:10:07.976 [info] Settings: No changes found during synchronizing settings.
2023-05-06 17:10:07.982 [info] Keybindings: No changes found during synchronizing keybindings.
2023-05-06 17:10:07.995 [info] Snippets: No changes found during synchronizing snippets.
2023-05-06 17:10:07.999 [info] Tasks: No changes found during synchronizing tasks.
2023-05-06 17:10:08.004 [info] GlobalState: No changes found during synchronizing ui state.
2023-05-06 17:10:08.250 [info] Extensions: No changes found during synchronizing extensions.
2023-05-06 17:10:08.259 [info] Profiles: No changes found during synchronizing profiles.
2023-05-06 17:10:08.260 [info] Syncing profile. Latest
2023-05-06 17:10:08.303 [info] Settings (Latest): No changes found during synchronizing settings.
2023-05-06 17:10:08.375 [info] Keybindings (Latest): No changes found during synchronizing keybindings.
2023-05-06 17:10:08.384 [info] Snippets (Latest): No changes found during synchronizing snippets.
2023-05-06 17:10:08.392 [info] Tasks (Latest): No changes found during synchronizing tasks.
2023-05-06 17:10:08.422 [info] GlobalState (Latest): No changes found during synchronizing ui state.
2023-05-06 17:10:08.521 [info] Extensions (Latest): No changes found during synchronizing extensions.
2023-05-06 17:10:08.526 [info] Sync done. Took 730ms
2023-05-06 17:11:15.165 [info] Auto Sync: Triggered by Activity
2023-05-06 17:11:15.184 [info] Sync started.
2023-05-06 17:11:15.491 [info] Settings: No changes found during synchronizing settings.
2023-05-06 17:11:15.510 [info] Keybindings: No changes found during synchronizing keybindings.
2023-05-06 17:11:15.534 [info] Snippets: No changes found during synchronizing snippets.
2023-05-06 17:11:15.545 [info] Tasks: No changes found during synchronizing tasks.
2023-05-06 17:11:15.560 [info] GlobalState: No changes found during synchronizing ui state.
2023-05-06 17:11:15.686 [info] Extensions: No changes found during synchronizing extensions.
2023-05-06 17:11:15.690 [info] Profiles: No changes found during synchronizing profiles.
2023-05-06 17:11:15.693 [info] Syncing profile. Latest
2023-05-06 17:11:15.719 [info] Settings (Latest): No changes found during synchronizing settings.
2023-05-06 17:11:15.731 [info] Keybindings (Latest): No changes found during synchronizing keybindings.
2023-05-06 17:11:15.734 [info] Snippets (Latest): No changes found during synchronizing snippets.
2023-05-06 17:11:15.739 [info] Tasks (Latest): No changes found during synchronizing tasks.
2023-05-06 17:11:15.768 [info] GlobalState (Latest): No changes found during synchronizing ui state.
2023-05-06 17:11:15.877 [info] Extensions (Latest): No changes found during synchronizing extensions.
2023-05-06 17:11:15.879 [info] Sync done. Took 725ms
2023-05-06 17:11:53.564 [info] Auto Sync: Triggered by Activity
2023-05-06 17:11:53.564 [info] Sync started.
2023-05-06 17:11:53.762 [info] Settings: No changes found during synchronizing settings.
2023-05-06 17:11:53.770 [info] Keybindings: No changes found during synchronizing keybindings.
2023-05-06 17:11:53.782 [info] Snippets: No changes found during synchronizing snippets.
2023-05-06 17:11:53.787 [info] Tasks: No changes found during synchronizing tasks.
2023-05-06 17:11:53.796 [info] GlobalState: No changes found during synchronizing ui state.
2023-05-06 17:11:53.930 [info] Extensions: No changes found during synchronizing extensions.
2023-05-06 17:11:53.934 [info] Profiles: No changes found during synchronizing profiles.
2023-05-06 17:11:53.938 [info] Syncing profile. Latest
2023-05-06 17:11:53.964 [info] Settings (Latest): No changes found during synchronizing settings.
2023-05-06 17:11:53.981 [info] Keybindings (Latest): No changes found during synchronizing keybindings.
2023-05-06 17:11:53.992 [info] Snippets (Latest): No changes found during synchronizing snippets.
2023-05-06 17:11:53.996 [info] Tasks (Latest): No changes found during synchronizing tasks.
2023-05-06 17:11:54.021 [info] GlobalState (Latest): No changes found during synchronizing ui state.
2023-05-06 17:11:54.119 [info] Extensions (Latest): No changes found during synchronizing extensions.
2023-05-06 17:11:54.125 [info] Sync done. Took 561ms
2023-05-06 17:15:44.512 [info] Auto Sync: Triggered by Activity
2023-05-06 17:15:44.520 [info] Sync started.
2023-05-06 17:15:44.957 [info] Settings: No changes found during synchronizing settings.
2023-05-06 17:15:44.964 [info] Keybindings: No changes found during synchronizing keybindings.
2023-05-06 17:15:44.971 [info] Snippets: No changes found during synchronizing snippets.
2023-05-06 17:15:44.976 [info] Tasks: No changes found during synchronizing tasks.
2023-05-06 17:15:44.981 [info] GlobalState: No changes found during synchronizing ui state.
2023-05-06 17:15:45.090 [info] Extensions: No changes found during synchronizing extensions.
2023-05-06 17:15:45.093 [info] Profiles: No changes found during synchronizing profiles.
2023-05-06 17:15:45.095 [info] Syncing profile. Latest
2023-05-06 17:15:45.109 [info] Settings (Latest): No changes found during synchronizing settings.
2023-05-06 17:15:45.117 [info] Keybindings (Latest): No changes found during synchronizing keybindings.
2023-05-06 17:15:45.122 [info] Snippets (Latest): No changes found during synchronizing snippets.
2023-05-06 17:15:45.125 [info] Tasks (Latest): No changes found during synchronizing tasks.
2023-05-06 17:15:45.152 [info] GlobalState (Latest): No changes found during synchronizing ui state.
2023-05-06 17:15:45.225 [info] Extensions (Latest): No changes found during synchronizing extensions.
2023-05-06 17:15:45.227 [info] Sync done. Took 719ms
2023-05-06 17:20:45.687 [info] Auto Sync: Triggered by Interval
2023-05-06 17:20:45.789 [info] Sync started.
2023-05-06 17:20:47.178 [info] Settings: No changes found during synchronizing settings.
2023-05-06 17:20:47.211 [info] Keybindings: No changes found during synchronizing keybindings.
2023-05-06 17:20:47.241 [info] Snippets: No changes found during synchronizing snippets.
2023-05-06 17:20:47.247 [info] Tasks: No changes found during synchronizing tasks.
2023-05-06 17:20:47.262 [info] GlobalState: No changes found during synchronizing ui state.
2023-05-06 17:20:47.483 [info] Extensions: No changes found during synchronizing extensions.
2023-05-06 17:20:47.487 [info] Profiles: No changes found during synchronizing profiles.
2023-05-06 17:20:47.491 [info] Syncing profile. Latest
2023-05-06 17:20:47.510 [info] Settings (Latest): No changes found during synchronizing settings.
2023-05-06 17:20:47.534 [info] Keybindings (Latest): No changes found during synchronizing keybindings.
2023-05-06 17:20:47.548 [info] Snippets (Latest): No changes found during synchronizing snippets.
2023-05-06 17:20:47.556 [info] Tasks (Latest): No changes found during synchronizing tasks.
2023-05-06 17:20:47.584 [info] GlobalState (Latest): No changes found during synchronizing ui state.
2023-05-06 17:20:47.692 [info] Extensions (Latest): No changes found during synchronizing extensions.
2023-05-06 17:20:47.709 [info] Sync done. Took 2276ms
2023-05-06 17:25:47.720 [info] Auto Sync: Triggered by Interval
2023-05-06 17:25:47.760 [info] Sync started.
2023-05-06 17:25:48.378 [info] Settings: No changes found during synchronizing settings.
2023-05-06 17:25:48.385 [info] Keybindings: No changes found during synchronizing keybindings.
2023-05-06 17:25:48.390 [info] Snippets: No changes found during synchronizing snippets.
2023-05-06 17:25:48.397 [info] Tasks: No changes found during synchronizing tasks.
2023-05-06 17:25:48.404 [info] GlobalState: No changes found during synchronizing ui state.
2023-05-06 17:25:48.530 [info] Extensions: No changes found during synchronizing extensions.
2023-05-06 17:25:48.533 [info] Profiles: No changes found during synchronizing profiles.
2023-05-06 17:25:48.535 [info] Syncing profile. Latest
2023-05-06 17:25:48.548 [info] Settings (Latest): No changes found during synchronizing settings.
2023-05-06 17:25:48.555 [info] Keybindings (Latest): No changes found during synchronizing keybindings.
2023-05-06 17:25:48.560 [info] Snippets (Latest): No changes found during synchronizing snippets.
2023-05-06 17:25:48.564 [info] Tasks (Latest): No changes found during synchronizing tasks.
2023-05-06 17:25:48.584 [info] GlobalState (Latest): No changes found during synchronizing ui state.
2023-05-06 17:25:48.659 [info] Extensions (Latest): No changes found during synchronizing extensions.
2023-05-06 17:25:48.667 [info] Sync done. Took 950ms
2023-05-06 17:30:48.675 [info] Auto Sync: Triggered by Interval
2023-05-06 17:30:48.690 [info] Sync started.
2023-05-06 17:30:49.255 [info] Settings: No changes found during synchronizing settings.
2023-05-06 17:30:49.269 [info] Keybindings: No changes found during synchronizing keybindings.
2023-05-06 17:30:49.275 [info] Snippets: No changes found during synchronizing snippets.
2023-05-06 17:30:49.286 [info] Tasks: No changes found during synchronizing tasks.
2023-05-06 17:30:49.297 [info] GlobalState: No changes found during synchronizing ui state.
2023-05-06 17:30:49.418 [info] Extensions: No changes found during synchronizing extensions.
2023-05-06 17:30:49.421 [info] Profiles: No changes found during synchronizing profiles.
2023-05-06 17:30:49.424 [info] Syncing profile. Latest
2023-05-06 17:30:49.436 [info] Settings (Latest): No changes found during synchronizing settings.
2023-05-06 17:30:49.446 [info] Keybindings (Latest): No changes found during synchronizing keybindings.
2023-05-06 17:30:49.451 [info] Snippets (Latest): No changes found during synchronizing snippets.
2023-05-06 17:30:49.454 [info] Tasks (Latest): No changes found during synchronizing tasks.
2023-05-06 17:30:49.476 [info] GlobalState (Latest): No changes found during synchronizing ui state.
2023-05-06 17:30:49.560 [info] Extensions (Latest): No changes found during synchronizing extensions.
2023-05-06 17:30:49.566 [info] Sync done. Took 896ms
2023-05-06 17:33:40.520 [info] Auto Sync: Triggered by Activity
2023-05-06 17:33:40.552 [info] Sync started.
2023-05-06 17:33:41.028 [info] Settings: No changes found during synchronizing settings.
2023-05-06 17:33:41.032 [info] Keybindings: No changes found during synchronizing keybindings.
2023-05-06 17:33:41.038 [info] Snippets: No changes found during synchronizing snippets.
2023-05-06 17:33:41.042 [info] Tasks: No changes found during synchronizing tasks.
2023-05-06 17:33:41.047 [info] GlobalState: No changes found during synchronizing ui state.
2023-05-06 17:33:41.140 [info] Extensions: No changes found during synchronizing extensions.
2023-05-06 17:33:41.144 [info] Profiles: No changes found during synchronizing profiles.
2023-05-06 17:33:41.147 [info] Syncing profile. Latest
2023-05-06 17:33:41.167 [info] Settings (Latest): No changes found during synchronizing settings.
2023-05-06 17:33:41.176 [info] Keybindings (Latest): No changes found during synchronizing keybindings.
2023-05-06 17:33:41.181 [info] Snippets (Latest): No changes found during synchronizing snippets.
2023-05-06 17:33:41.184 [info] Tasks (Latest): No changes found during synchronizing tasks.
2023-05-06 17:33:41.205 [info] GlobalState (Latest): No changes found during synchronizing ui state.
2023-05-06 17:33:41.351 [info] Extensions (Latest): No changes found during synchronizing extensions.
2023-05-06 17:33:41.355 [info] Sync done. Took 837ms
2023-05-06 17:34:37.674 [info] Auto Sync: Triggered by Activity
2023-05-06 17:34:37.695 [info] Sync started.
2023-05-06 17:34:37.881 [info] Settings: No changes found during synchronizing settings.
2023-05-06 17:34:37.896 [info] Keybindings: No changes found during synchronizing keybindings.
2023-05-06 17:34:37.902 [info] Snippets: No changes found during synchronizing snippets.
2023-05-06 17:34:37.907 [info] Tasks: No changes found during synchronizing tasks.
2023-05-06 17:34:37.916 [info] GlobalState: No changes found during synchronizing ui state.
2023-05-06 17:34:38.034 [info] Extensions: No changes found during synchronizing extensions.
2023-05-06 17:34:38.037 [info] Profiles: No changes found during synchronizing profiles.
2023-05-06 17:34:38.040 [info] Syncing profile. Latest
2023-05-06 17:34:38.052 [info] Settings (Latest): No changes found during synchronizing settings.
2023-05-06 17:34:38.060 [info] Keybindings (Latest): No changes found during synchronizing keybindings.
2023-05-06 17:34:38.065 [info] Snippets (Latest): No changes found during synchronizing snippets.
2023-05-06 17:34:38.068 [info] Tasks (Latest): No changes found during synchronizing tasks.
2023-05-06 17:34:38.088 [info] GlobalState (Latest): No changes found during synchronizing ui state.
2023-05-06 17:34:38.170 [info] Extensions (Latest): No changes found during synchronizing extensions.
2023-05-06 17:34:38.178 [info] Sync done. Took 505ms
2023-05-06 17:34:42.911 [info] Auto Sync: Triggered by Activity
2023-05-06 17:34:42.912 [info] Sync started.
2023-05-06 17:34:43.077 [info] Settings: No changes found during synchronizing settings.
2023-05-06 17:34:43.085 [info] Keybindings: No changes found during synchronizing keybindings.
2023-05-06 17:34:43.091 [info] Snippets: No changes found during synchronizing snippets.
2023-05-06 17:34:43.094 [info] Tasks: No changes found during synchronizing tasks.
2023-05-06 17:34:43.101 [info] GlobalState: No changes found during synchronizing ui state.
2023-05-06 17:34:43.170 [info] Extensions: No changes found during synchronizing extensions.
2023-05-06 17:34:43.174 [info] Profiles: No changes found during synchronizing profiles.
2023-05-06 17:34:43.176 [info] Syncing profile. Latest
2023-05-06 17:34:43.534 [info] Settings (Latest): Updated remote settings
2023-05-06 17:34:43.554 [info] Settings (Latest): Updated last synchronized settings
2023-05-06 17:34:43.571 [info] Keybindings (Latest): No changes found during synchronizing keybindings.
2023-05-06 17:34:43.579 [info] Snippets (Latest): No changes found during synchronizing snippets.
2023-05-06 17:34:43.586 [info] Tasks (Latest): No changes found during synchronizing tasks.
2023-05-06 17:34:43.620 [info] GlobalState (Latest): No changes found during synchronizing ui state.
2023-05-06 17:34:43.733 [info] Extensions (Latest): No changes found during synchronizing extensions.
2023-05-06 17:34:43.739 [info] Sync done. Took 828ms
2023-05-06 17:35:07.180 [info] Auto Sync: Triggered by Activity
2023-05-06 17:35:07.316 [info] Sync started.
2023-05-06 17:35:08.570 [info] Settings: No changes found during synchronizing settings.
2023-05-06 17:35:08.661 [info] Keybindings: No changes found during synchronizing keybindings.
2023-05-06 17:35:08.707 [info] Snippets: No changes found during synchronizing snippets.
2023-05-06 17:35:08.729 [info] Tasks: No changes found during synchronizing tasks.
2023-05-06 17:35:08.764 [info] GlobalState: No changes found during synchronizing ui state.
2023-05-06 17:35:09.075 [info] Extensions: No changes found during synchronizing extensions.
2023-05-06 17:35:09.085 [info] Profiles: No changes found during synchronizing profiles.
2023-05-06 17:35:09.101 [info] Syncing profile. Latest
2023-05-06 17:35:09.145 [info] Settings (Latest): No changes found during synchronizing settings.
2023-05-06 17:35:09.755 [info] Keybindings (Latest): No changes found during synchronizing keybindings.
2023-05-06 17:35:09.791 [info] Snippets (Latest): No changes found during synchronizing snippets.
2023-05-06 17:35:09.835 [info] Tasks (Latest): No changes found during synchronizing tasks.
2023-05-06 17:35:09.891 [info] GlobalState (Latest): No changes found during synchronizing ui state.
2023-05-06 17:35:10.183 [info] Extensions (Latest): No changes found during synchronizing extensions.
2023-05-06 17:35:10.230 [info] Sync done. Took 3040ms
2023-05-06 17:35:33.901 [info] Auto Sync: Triggered by Activity
2023-05-06 17:35:33.909 [info] Sync started.
2023-05-06 17:35:34.102 [info] Settings: No changes found during synchronizing settings.
2023-05-06 17:35:34.109 [info] Keybindings: No changes found during synchronizing keybindings.
2023-05-06 17:35:34.116 [info] Snippets: No changes found during synchronizing snippets.
2023-05-06 17:35:34.122 [info] Tasks: No changes found during synchronizing tasks.
2023-05-06 17:35:34.147 [info] GlobalState: No changes found during synchronizing ui state.
2023-05-06 17:35:34.248 [info] Extensions: No changes found during synchronizing extensions.
2023-05-06 17:35:34.252 [info] Profiles: No changes found during synchronizing profiles.
2023-05-06 17:35:34.254 [info] Syncing profile. Latest
2023-05-06 17:35:34.272 [info] Settings (Latest): No changes found during synchronizing settings.
2023-05-06 17:35:34.289 [info] Keybindings (Latest): No changes found during synchronizing keybindings.
2023-05-06 17:35:34.299 [info] Snippets (Latest): No changes found during synchronizing snippets.
2023-05-06 17:35:34.302 [info] Tasks (Latest): No changes found during synchronizing tasks.
2023-05-06 17:35:34.324 [info] GlobalState (Latest): No changes found during synchronizing ui state.
2023-05-06 17:35:34.403 [info] Extensions (Latest): No changes found during synchronizing extensions.
2023-05-06 17:35:34.407 [info] Sync done. Took 506ms
2023-05-06 17:35:55.453 [info] Auto Sync: Triggered by Activity
2023-05-06 17:35:55.483 [info] Sync started.
2023-05-06 17:35:56.197 [info] Settings: No changes found during synchronizing settings.
2023-05-06 17:35:56.274 [info] Keybindings: No changes found during synchronizing keybindings.
2023-05-06 17:35:56.290 [info] Snippets: No changes found during synchronizing snippets.
2023-05-06 17:35:56.295 [info] Tasks: No changes found during synchronizing tasks.
2023-05-06 17:35:56.305 [info] GlobalState: No changes found during synchronizing ui state.
2023-05-06 17:35:56.743 [info] Extensions: No changes found during synchronizing extensions.
2023-05-06 17:35:56.750 [info] Profiles: No changes found during synchronizing profiles.
2023-05-06 17:35:56.752 [info] Syncing profile. Latest
2023-05-06 17:35:56.784 [info] Settings (Latest): No changes found during synchronizing settings.
2023-05-06 17:35:56.950 [info] Keybindings (Latest): No changes found during synchronizing keybindings.
2023-05-06 17:35:56.961 [info] Snippets (Latest): No changes found during synchronizing snippets.
2023-05-06 17:35:56.966 [info] Tasks (Latest): No changes found during synchronizing tasks.
2023-05-06 17:35:57.016 [info] GlobalState (Latest): No changes found during synchronizing ui state.
2023-05-06 17:35:57.156 [info] Extensions (Latest): No changes found during synchronizing extensions.
2023-05-06 17:35:57.170 [info] Sync done. Took 1789ms
2023-05-06 17:36:13.541 [info] Auto Sync: Triggered by Activity
2023-05-06 17:36:13.542 [info] Sync started.
2023-05-06 17:36:18.968 [info] Settings: No changes found during synchronizing settings.
2023-05-06 17:36:21.173 [info] Keybindings: No changes found during synchronizing keybindings.
2023-05-06 17:36:21.216 [info] Snippets: No changes found during synchronizing snippets.
2023-05-06 17:36:21.223 [info] Tasks: No changes found during synchronizing tasks.
2023-05-06 17:36:21.288 [info] GlobalState: No changes found during synchronizing ui state.
2023-05-06 17:36:22.127 [info] Extensions: No changes found during synchronizing extensions.
2023-05-06 17:36:22.135 [info] Profiles: No changes found during synchronizing profiles.
2023-05-06 17:36:22.138 [info] Syncing profile. Latest
2023-05-06 17:36:23.727 [info] Settings (Latest): Updated remote settings
2023-05-06 17:36:23.765 [info] Settings (Latest): Updated last synchronized settings
2023-05-06 17:36:23.984 [info] Keybindings (Latest): No changes found during synchronizing keybindings.
2023-05-06 17:36:24.002 [info] Snippets (Latest): No changes found during synchronizing snippets.
2023-05-06 17:36:24.013 [info] Tasks (Latest): No changes found during synchronizing tasks.
2023-05-06 17:36:24.098 [info] GlobalState (Latest): No changes found during synchronizing ui state.
2023-05-06 17:36:24.462 [info] Extensions (Latest): No changes found during synchronizing extensions.
2023-05-06 17:36:24.480 [info] Sync done. Took 10976ms
2023-05-06 17:36:38.908 [info] Auto Sync: Triggered by Activity
2023-05-06 17:36:38.924 [info] Sync started.
2023-05-06 17:36:39.089 [info] Settings: No changes found during synchronizing settings.
2023-05-06 17:36:39.093 [info] Keybindings: No changes found during synchronizing keybindings.
2023-05-06 17:36:39.097 [info] Snippets: No changes found during synchronizing snippets.
2023-05-06 17:36:39.102 [info] Tasks: No changes found during synchronizing tasks.
2023-05-06 17:36:39.114 [info] GlobalState: No changes found during synchronizing ui state.
2023-05-06 17:36:39.235 [info] Extensions: No changes found during synchronizing extensions.
2023-05-06 17:36:39.238 [info] Profiles: No changes found during synchronizing profiles.
2023-05-06 17:36:39.239 [info] Syncing profile. Latest
2023-05-06 17:36:39.251 [info] Settings (Latest): No changes found during synchronizing settings.
2023-05-06 17:36:39.259 [info] Keybindings (Latest): No changes found during synchronizing keybindings.
2023-05-06 17:36:39.262 [info] Snippets (Latest): No changes found during synchronizing snippets.
2023-05-06 17:36:39.265 [info] Tasks (Latest): No changes found during synchronizing tasks.
2023-05-06 17:36:39.284 [info] GlobalState (Latest): No changes found during synchronizing ui state.
2023-05-06 17:36:39.358 [info] Extensions (Latest): No changes found during synchronizing extensions.
2023-05-06 17:36:39.359 [info] Sync done. Took 454ms
2023-05-06 17:37:16.878 [info] Auto Sync: Triggered by Activity
2023-05-06 17:37:16.879 [info] Sync started.
2023-05-06 17:37:17.022 [info] Settings: No changes found during synchronizing settings.
2023-05-06 17:37:17.026 [info] Keybindings: No changes found during synchronizing keybindings.
2023-05-06 17:37:17.035 [info] Snippets: No changes found during synchronizing snippets.
2023-05-06 17:37:17.041 [info] Tasks: No changes found during synchronizing tasks.
2023-05-06 17:37:17.047 [info] GlobalState: No changes found during synchronizing ui state.
2023-05-06 17:37:17.192 [info] Extensions: No changes found during synchronizing extensions.
2023-05-06 17:37:17.200 [info] Profiles: No changes found during synchronizing profiles.
2023-05-06 17:37:17.206 [info] Syncing profile. Latest
2023-05-06 17:37:17.230 [info] Settings (Latest): No changes found during synchronizing settings.
2023-05-06 17:37:17.268 [info] Keybindings (Latest): No changes found during synchronizing keybindings.
2023-05-06 17:37:17.271 [info] Snippets (Latest): No changes found during synchronizing snippets.
2023-05-06 17:37:17.274 [info] Tasks (Latest): No changes found during synchronizing tasks.
2023-05-06 17:37:17.303 [info] GlobalState (Latest): No changes found during synchronizing ui state.
2023-05-06 17:37:17.471 [info] Extensions (Latest): No changes found during synchronizing extensions.
2023-05-06 17:37:17.472 [info] Sync done. Took 594ms
2023-05-06 17:37:40.003 [info] Auto Sync: Triggered by Activity
2023-05-06 17:37:40.004 [info] Sync started.
2023-05-06 17:37:40.135 [info] Settings: No changes found during synchronizing settings.
2023-05-06 17:37:40.140 [info] Keybindings: No changes found during synchronizing keybindings.
2023-05-06 17:37:40.145 [info] Snippets: No changes found during synchronizing snippets.
2023-05-06 17:37:40.151 [info] Tasks: No changes found during synchronizing tasks.
2023-05-06 17:37:40.159 [info] GlobalState: No changes found during synchronizing ui state.
2023-05-06 17:37:40.267 [info] Extensions: No changes found during synchronizing extensions.
2023-05-06 17:37:40.270 [info] Profiles: No changes found during synchronizing profiles.
2023-05-06 17:37:40.272 [info] Syncing profile. Latest
2023-05-06 17:37:40.600 [info] Settings (Latest): Updated remote settings
2023-05-06 17:37:40.608 [info] Settings (Latest): Updated last synchronized settings
2023-05-06 17:37:40.618 [info] Keybindings (Latest): No changes found during synchronizing keybindings.
2023-05-06 17:37:40.624 [info] Snippets (Latest): No changes found during synchronizing snippets.
2023-05-06 17:37:40.628 [info] Tasks (Latest): No changes found during synchronizing tasks.
2023-05-06 17:37:40.656 [info] GlobalState (Latest): No changes found during synchronizing ui state.
2023-05-06 17:37:40.744 [info] Extensions (Latest): No changes found during synchronizing extensions.
2023-05-06 17:37:40.751 [info] Sync done. Took 747ms
2023-05-06 17:37:43.722 [info] Auto Sync: Triggered by Activity
2023-05-06 17:37:43.723 [info] Sync started.
2023-05-06 17:37:43.872 [info] Settings: No changes found during synchronizing settings.
2023-05-06 17:37:43.877 [info] Keybindings: No changes found during synchronizing keybindings.
2023-05-06 17:37:43.883 [info] Snippets: No changes found during synchronizing snippets.
2023-05-06 17:37:43.888 [info] Tasks: No changes found during synchronizing tasks.
2023-05-06 17:37:43.892 [info] GlobalState: No changes found during synchronizing ui state.
2023-05-06 17:37:43.986 [info] Extensions: No changes found during synchronizing extensions.
2023-05-06 17:37:43.997 [info] Profiles: No changes found during synchronizing profiles.
2023-05-06 17:37:44.002 [info] Syncing profile. Latest
2023-05-06 17:37:44.332 [info] Settings (Latest): Updated remote settings
2023-05-06 17:37:44.348 [info] Settings (Latest): Updated last synchronized settings
2023-05-06 17:37:44.353 [info] Keybindings (Latest): No changes found during synchronizing keybindings.
2023-05-06 17:37:44.362 [info] Snippets (Latest): No changes found during synchronizing snippets.
2023-05-06 17:37:44.366 [info] Tasks (Latest): No changes found during synchronizing tasks.
2023-05-06 17:37:44.398 [info] GlobalState (Latest): No changes found during synchronizing ui state.
2023-05-06 17:37:44.480 [info] Extensions (Latest): No changes found during synchronizing extensions.
2023-05-06 17:37:44.483 [info] Sync done. Took 761ms
