2023-05-06 13:15:20.188 [info] Added views:workbench.panel.markers.view in workbench.panel.markers
2023-05-06 13:15:20.189 [info] Added views:workbench.panel.output in workbench.panel.output
2023-05-06 13:15:20.189 [info] Added views:terminal in terminal
2023-05-06 13:15:20.189 [info] Added views:workbench.scm in workbench.view.scm
2023-05-06 13:15:20.189 [info] Added views:workbench.view.search in workbench.view.search
2023-05-06 13:15:20.189 [info] Added views:workbench.explorer.emptyView in workbench.view.explorer
2023-05-06 13:15:20.465 [info] Added views:github.cweijan.mysql in workbench.view.extension.github-cweijan-mysql
2023-05-06 13:15:20.465 [info] Added views:github.cweijan.nosql in workbench.view.extension.github-cweijan-nosql
2023-05-06 13:15:20.467 [info] Added views:gitlens.views.home,gitlens.views.contributors in workbench.view.extension.gitlens
2023-05-06 13:15:20.468 [info] Added views:gitlens.views.commits,gitlens.views.commitDetails,gitlens.views.fileHistory,gitlens.views.branches,gitlens.views.remotes,gitlens.views.stashes,gitlens.views.tags,gitlens.views.searchAndCompare in workbench.view.scm
2023-05-06 13:15:20.469 [info] Added views:dockerContainers,dockerImages,dockerRegistries,dockerNetworks,dockerVolumes,vscode-docker.views.dockerContexts,vscode-docker.views.help in workbench.view.extension.dockerView
2023-05-06 13:15:20.470 [info] Added views:thunder-client-sidebar in workbench.view.extension.thunder-client
2023-05-06 13:15:20.642 [info] Added views:workbench.debug.variablesView,workbench.debug.watchExpressionsView,workbench.debug.callStackView,workbench.debug.breakPointsView in workbench.view.debug
2023-05-06 13:15:20.702 [info] Added views:workbench.panel.repl.view in workbench.panel.repl
2023-05-06 13:15:20.704 [info] Removed views:workbench.debug.breakPointsView,workbench.debug.callStackView,workbench.debug.watchExpressionsView,workbench.debug.variablesView from workbench.view.debug
2023-05-06 13:15:20.706 [info] Added views:workbench.debug.welcome in workbench.view.debug
2023-05-06 13:15:20.817 [info] Added views:workbench.panel.comments in workbench.panel.comments
2023-05-06 13:15:21.787 [info] Removed views:gitlens.views.contributors from workbench.view.extension.gitlens
2023-05-06 13:15:21.789 [info] Removed views:gitlens.views.searchAndCompare,gitlens.views.tags,gitlens.views.stashes,gitlens.views.remotes,gitlens.views.branches,gitlens.views.fileHistory,gitlens.views.commitDetails,gitlens.views.commits from workbench.view.scm
2023-05-06 13:15:22.175 [info] Added views:tabnine-home in workbench.view.extension.tabnine-access
2023-05-06 13:15:22.178 [info] Added views:tabnine-notifications in workbench.view.extension.tabnine-access
2023-05-06 13:15:22.179 [info] Added views:tabnine-today in workbench.view.extension.tabnine-access
2023-05-06 13:15:25.920 [info] Removed views:npm from workbench.view.explorer
2023-05-06 13:15:26.334 [info] Removed views:gitlens.views.home from workbench.view.extension.gitlens
2023-05-06 13:15:26.336 [info] Added views:gitlens.views.home in workbench.view.explorer
2023-05-06 13:15:26.340 [info] Removed views:gitlens.views.home from workbench.view.explorer
2023-05-06 13:15:26.567 [info] Removed views:workbench.panel.repl.view from workbench.panel.repl
2023-05-06 13:15:26.657 [info] Added views:workbench.panel.repl.view in workbench.panel.repl
