["INFO" - 1:51:49 PM] Extension Name: esbenp.prettier-vscode.
["INFO" - 1:51:49 PM] Extension Version: 9.12.0.
["DEBUG" - 1:51:49 PM] Enabling Prettier globally
{
  "languageSelector": [
    {
      "language": "javascript"
    },
    {
      "language": "mongo"
    },
    {
      "language": "javascriptreact"
    },
    {
      "language": "typescript"
    },
    {
      "language": "typescriptreact"
    },
    {
      "language": "json"
    },
    {
      "language": "jsonc"
    },
    {
      "language": "json5"
    },
    {
      "language": "css"
    },
    {
      "language": "postcss"
    },
    {
      "language": "less"
    },
    {
      "language": "scss"
    },
    {
      "language": "handlebars"
    },
    {
      "language": "graphql"
    },
    {
      "language": "markdown"
    },
    {
      "language": "mdx"
    },
    {
      "language": "html"
    },
    {
      "language": "vue"
    },
    {
      "language": "yaml"
    },
    {
      "language": "ansible"
    },
    {
      "language": "home-assistant"
    },
    {
      "language": "jsonc",
      "scheme": "vscode-userdata"
    }
  ],
  "rangeLanguageSelector": [
    {
      "language": "javascript"
    },
    {
      "language": "javascriptreact"
    },
    {
      "language": "typescript"
    },
    {
      "language": "typescriptreact"
    },
    {
      "language": "json"
    },
    {
      "language": "jsonc"
    },
    {
      "language": "graphql"
    }
  ]
}
["INFO" - 1:52:00 PM] Attempted to determine module path from /media/naman/New Volume/Projects/NestJs/harmonyApi
["ERROR" - 1:52:00 PM] Failed to load module. If you have prettier or plugins referenced in package.json, ensure you have run `npm install`
["ERROR" - 1:52:00 PM] Cannot find module 'prettier' from '/media/naman/New Volume/Projects/NestJs/harmonyApi'
Error: Cannot find module 'prettier' from '/media/naman/New Volume/Projects/NestJs/harmonyApi'
	at e.exports [as sync] (/home/naman/.vscode/extensions/esbenp.prettier-vscode-9.12.0/dist/extension.js:1:37299)
	at t.ModuleResolver.findPkg (/home/naman/.vscode/extensions/esbenp.prettier-vscode-9.12.0/dist/extension.js:1:7359)
	at t.ModuleResolver.getPrettierInstance (/home/naman/.vscode/extensions/esbenp.prettier-vscode-9.12.0/dist/extension.js:1:3313)
	at t.default.handleActiveTextEditorChanged (/home/naman/.vscode/extensions/esbenp.prettier-vscode-9.12.0/dist/extension.js:1:9843)
	at handleActiveTextEditorChangedSync (/home/naman/.vscode/extensions/esbenp.prettier-vscode-9.12.0/dist/extension.js:1:9445)
	at v.invoke (/snap/code/127/usr/share/code/resources/app/out/vs/workbench/api/node/extensionHostProcess.js:63:145)
	at h.deliver (/snap/code/127/usr/share/code/resources/app/out/vs/workbench/api/node/extensionHostProcess.js:63:2121)
	at i.fire (/snap/code/127/usr/share/code/resources/app/out/vs/workbench/api/node/extensionHostProcess.js:63:1729)
	at /snap/code/127/usr/share/code/resources/app/out/vs/workbench/api/node/extensionHostProcess.js:102:16108
	at v.invoke (/snap/code/127/usr/share/code/resources/app/out/vs/workbench/api/node/extensionHostProcess.js:63:145)
	at h.deliver (/snap/code/127/usr/share/code/resources/app/out/vs/workbench/api/node/extensionHostProcess.js:63:2121)
	at i.fire (/snap/code/127/usr/share/code/resources/app/out/vs/workbench/api/node/extensionHostProcess.js:63:1729)
	at e.ExtHostDocumentsAndEditors.acceptDocumentsAndEditorsDelta (/snap/code/127/usr/share/code/resources/app/out/vs/workbench/api/node/extensionHostProcess.js:100:14001)
	at e.ExtHostDocumentsAndEditors.$acceptDocumentsAndEditorsDelta (/snap/code/127/usr/share/code/resources/app/out/vs/workbench/api/node/extensionHostProcess.js:100:12316)
	at a.N (/snap/code/127/usr/share/code/resources/app/out/vs/workbench/api/node/extensionHostProcess.js:110:11620)
	at a.M (/snap/code/127/usr/share/code/resources/app/out/vs/workbench/api/node/extensionHostProcess.js:110:11338)
	at a.H (/snap/code/127/usr/share/code/resources/app/out/vs/workbench/api/node/extensionHostProcess.js:110:10431)
	at a.G (/snap/code/127/usr/share/code/resources/app/out/vs/workbench/api/node/extensionHostProcess.js:110:9412)
	at /snap/code/127/usr/share/code/resources/app/out/vs/workbench/api/node/extensionHostProcess.js:110:8200
	at v.invoke (/snap/code/127/usr/share/code/resources/app/out/vs/workbench/api/node/extensionHostProcess.js:63:145)
	at h.deliver (/snap/code/127/usr/share/code/resources/app/out/vs/workbench/api/node/extensionHostProcess.js:63:2121)
	at i.fire (/snap/code/127/usr/share/code/resources/app/out/vs/workbench/api/node/extensionHostProcess.js:63:1729)
	at g.fire (/snap/code/127/usr/share/code/resources/app/out/vs/workbench/api/node/extensionHostProcess.js:72:14852)
	at /snap/code/127/usr/share/code/resources/app/out/vs/workbench/api/node/extensionHostProcess.js:126:32403
	at v.invoke (/snap/code/127/usr/share/code/resources/app/out/vs/workbench/api/node/extensionHostProcess.js:63:145)
	at h.deliver (/snap/code/127/usr/share/code/resources/app/out/vs/workbench/api/node/extensionHostProcess.js:63:2121)
	at i.fire (/snap/code/127/usr/share/code/resources/app/out/vs/workbench/api/node/extensionHostProcess.js:63:1729)
	at g.fire (/snap/code/127/usr/share/code/resources/app/out/vs/workbench/api/node/extensionHostProcess.js:72:14852)
	at MessagePortMain.<anonymous> (/snap/code/127/usr/share/code/resources/app/out/vs/workbench/api/node/extensionHostProcess.js:126:30529)
	at MessagePortMain.emit (node:events:513:28)
	at MessagePortMain._internalPort.emit (node:electron/js2c/utility_init:2:367)
["INFO" - 1:52:00 PM] Formatting vscode-userdata:/home/naman/.config/Code/User/profiles/7ea727a4/settings.json
["DEBUG" - 1:52:00 PM] Using bundled version of prettier.
["INFO" - 1:52:00 PM] File Info:
{
  "ignored": false,
  "inferredParser": "json"
}
["INFO" - 1:52:00 PM] No local configuration (i.e. .prettierrc or .editorconfig) detected, falling back to VS Code configuration
["INFO" - 1:52:00 PM] Prettier Options:
{
  "arrowParens": "always",
  "bracketSpacing": true,
  "endOfLine": "lf",
  "htmlWhitespaceSensitivity": "css",
  "insertPragma": false,
  "singleAttributePerLine": true,
  "bracketSameLine": false,
  "jsxBracketSameLine": false,
  "jsxSingleQuote": false,
  "printWidth": 220,
  "proseWrap": "preserve",
  "quoteProps": "as-needed",
  "requirePragma": false,
  "semi": false,
  "singleQuote": false,
  "tabWidth": 2,
  "trailingComma": "all",
  "useTabs": true,
  "vueIndentScriptAndStyle": false,
  "filepath": "/home/naman/.config/Code/User/profiles/7ea727a4/settings.json",
  "parser": "json"
}
["INFO" - 1:52:00 PM] Formatting completed in 94ms.
["INFO" - 1:52:49 PM] Formatting vscode-userdata:/home/naman/.config/Code/User/profiles/7ea727a4/settings.json
["DEBUG" - 1:52:49 PM] Using bundled version of prettier.
["INFO" - 1:52:49 PM] File Info:
{
  "ignored": false,
  "inferredParser": "json"
}
["INFO" - 1:52:49 PM] No local configuration (i.e. .prettierrc or .editorconfig) detected, falling back to VS Code configuration
["INFO" - 1:52:49 PM] Prettier Options:
{
  "arrowParens": "always",
  "bracketSpacing": true,
  "endOfLine": "lf",
  "htmlWhitespaceSensitivity": "css",
  "insertPragma": false,
  "singleAttributePerLine": true,
  "bracketSameLine": false,
  "jsxBracketSameLine": false,
  "jsxSingleQuote": false,
  "printWidth": 220,
  "proseWrap": "preserve",
  "quoteProps": "as-needed",
  "requirePragma": false,
  "semi": false,
  "singleQuote": false,
  "tabWidth": 2,
  "trailingComma": "all",
  "useTabs": true,
  "vueIndentScriptAndStyle": false,
  "filepath": "/home/naman/.config/Code/User/profiles/7ea727a4/settings.json",
  "parser": "json"
}
["INFO" - 1:52:49 PM] Formatting completed in 31ms.
["INFO" - 1:53:45 PM] Attempted to determine module path from /media/naman/New Volume/Projects/NestJs/harmonyApi
["ERROR" - 1:53:45 PM] Failed to load module. If you have prettier or plugins referenced in package.json, ensure you have run `npm install`
["ERROR" - 1:53:45 PM] Cannot find module 'prettier' from '/media/naman/New Volume/Projects/NestJs/harmonyApi'
Error: Cannot find module 'prettier' from '/media/naman/New Volume/Projects/NestJs/harmonyApi'
	at e.exports [as sync] (/home/naman/.vscode/extensions/esbenp.prettier-vscode-9.12.0/dist/extension.js:1:37299)
	at t.ModuleResolver.findPkg (/home/naman/.vscode/extensions/esbenp.prettier-vscode-9.12.0/dist/extension.js:1:7359)
	at t.ModuleResolver.getPrettierInstance (/home/naman/.vscode/extensions/esbenp.prettier-vscode-9.12.0/dist/extension.js:1:3313)
	at t.default.handleActiveTextEditorChanged (/home/naman/.vscode/extensions/esbenp.prettier-vscode-9.12.0/dist/extension.js:1:9843)
	at handleActiveTextEditorChangedSync (/home/naman/.vscode/extensions/esbenp.prettier-vscode-9.12.0/dist/extension.js:1:9445)
	at v.invoke (/snap/code/127/usr/share/code/resources/app/out/vs/workbench/api/node/extensionHostProcess.js:63:145)
	at h.deliver (/snap/code/127/usr/share/code/resources/app/out/vs/workbench/api/node/extensionHostProcess.js:63:2121)
	at i.fire (/snap/code/127/usr/share/code/resources/app/out/vs/workbench/api/node/extensionHostProcess.js:63:1729)
	at /snap/code/127/usr/share/code/resources/app/out/vs/workbench/api/node/extensionHostProcess.js:102:16108
	at v.invoke (/snap/code/127/usr/share/code/resources/app/out/vs/workbench/api/node/extensionHostProcess.js:63:145)
	at h.deliver (/snap/code/127/usr/share/code/resources/app/out/vs/workbench/api/node/extensionHostProcess.js:63:2121)
	at i.fire (/snap/code/127/usr/share/code/resources/app/out/vs/workbench/api/node/extensionHostProcess.js:63:1729)
	at e.ExtHostDocumentsAndEditors.acceptDocumentsAndEditorsDelta (/snap/code/127/usr/share/code/resources/app/out/vs/workbench/api/node/extensionHostProcess.js:100:14001)
	at e.ExtHostDocumentsAndEditors.$acceptDocumentsAndEditorsDelta (/snap/code/127/usr/share/code/resources/app/out/vs/workbench/api/node/extensionHostProcess.js:100:12316)
	at a.N (/snap/code/127/usr/share/code/resources/app/out/vs/workbench/api/node/extensionHostProcess.js:110:11620)
	at a.M (/snap/code/127/usr/share/code/resources/app/out/vs/workbench/api/node/extensionHostProcess.js:110:11338)
	at a.H (/snap/code/127/usr/share/code/resources/app/out/vs/workbench/api/node/extensionHostProcess.js:110:10431)
	at a.G (/snap/code/127/usr/share/code/resources/app/out/vs/workbench/api/node/extensionHostProcess.js:110:9412)
	at /snap/code/127/usr/share/code/resources/app/out/vs/workbench/api/node/extensionHostProcess.js:110:8200
	at v.invoke (/snap/code/127/usr/share/code/resources/app/out/vs/workbench/api/node/extensionHostProcess.js:63:145)
	at h.deliver (/snap/code/127/usr/share/code/resources/app/out/vs/workbench/api/node/extensionHostProcess.js:63:2121)
	at i.fire (/snap/code/127/usr/share/code/resources/app/out/vs/workbench/api/node/extensionHostProcess.js:63:1729)
	at g.fire (/snap/code/127/usr/share/code/resources/app/out/vs/workbench/api/node/extensionHostProcess.js:72:14852)
	at /snap/code/127/usr/share/code/resources/app/out/vs/workbench/api/node/extensionHostProcess.js:126:32403
	at v.invoke (/snap/code/127/usr/share/code/resources/app/out/vs/workbench/api/node/extensionHostProcess.js:63:145)
	at h.deliver (/snap/code/127/usr/share/code/resources/app/out/vs/workbench/api/node/extensionHostProcess.js:63:2121)
	at i.fire (/snap/code/127/usr/share/code/resources/app/out/vs/workbench/api/node/extensionHostProcess.js:63:1729)
	at g.fire (/snap/code/127/usr/share/code/resources/app/out/vs/workbench/api/node/extensionHostProcess.js:72:14852)
	at MessagePortMain.<anonymous> (/snap/code/127/usr/share/code/resources/app/out/vs/workbench/api/node/extensionHostProcess.js:126:30529)
	at MessagePortMain.emit (node:events:513:28)
	at MessagePortMain._internalPort.emit (node:electron/js2c/utility_init:2:367)
["INFO" - 1:54:06 PM] Attempted to determine module path from /media/naman/New Volume/Projects/NestJs/harmonyApi
["ERROR" - 1:54:06 PM] Failed to load module. If you have prettier or plugins referenced in package.json, ensure you have run `npm install`
["ERROR" - 1:54:06 PM] Cannot find module 'prettier' from '/media/naman/New Volume/Projects/NestJs/harmonyApi'
Error: Cannot find module 'prettier' from '/media/naman/New Volume/Projects/NestJs/harmonyApi'
	at e.exports [as sync] (/home/naman/.vscode/extensions/esbenp.prettier-vscode-9.12.0/dist/extension.js:1:37299)
	at t.ModuleResolver.findPkg (/home/naman/.vscode/extensions/esbenp.prettier-vscode-9.12.0/dist/extension.js:1:7359)
	at t.ModuleResolver.getPrettierInstance (/home/naman/.vscode/extensions/esbenp.prettier-vscode-9.12.0/dist/extension.js:1:3313)
	at t.default.handleActiveTextEditorChanged (/home/naman/.vscode/extensions/esbenp.prettier-vscode-9.12.0/dist/extension.js:1:9843)
	at handleActiveTextEditorChangedSync (/home/naman/.vscode/extensions/esbenp.prettier-vscode-9.12.0/dist/extension.js:1:9445)
	at v.invoke (/snap/code/127/usr/share/code/resources/app/out/vs/workbench/api/node/extensionHostProcess.js:63:145)
	at h.deliver (/snap/code/127/usr/share/code/resources/app/out/vs/workbench/api/node/extensionHostProcess.js:63:2121)
	at i.fire (/snap/code/127/usr/share/code/resources/app/out/vs/workbench/api/node/extensionHostProcess.js:63:1729)
	at /snap/code/127/usr/share/code/resources/app/out/vs/workbench/api/node/extensionHostProcess.js:102:16108
	at v.invoke (/snap/code/127/usr/share/code/resources/app/out/vs/workbench/api/node/extensionHostProcess.js:63:145)
	at h.deliver (/snap/code/127/usr/share/code/resources/app/out/vs/workbench/api/node/extensionHostProcess.js:63:2121)
	at i.fire (/snap/code/127/usr/share/code/resources/app/out/vs/workbench/api/node/extensionHostProcess.js:63:1729)
	at e.ExtHostDocumentsAndEditors.acceptDocumentsAndEditorsDelta (/snap/code/127/usr/share/code/resources/app/out/vs/workbench/api/node/extensionHostProcess.js:100:14001)
	at e.ExtHostDocumentsAndEditors.$acceptDocumentsAndEditorsDelta (/snap/code/127/usr/share/code/resources/app/out/vs/workbench/api/node/extensionHostProcess.js:100:12316)
	at a.N (/snap/code/127/usr/share/code/resources/app/out/vs/workbench/api/node/extensionHostProcess.js:110:11620)
	at a.M (/snap/code/127/usr/share/code/resources/app/out/vs/workbench/api/node/extensionHostProcess.js:110:11338)
	at a.H (/snap/code/127/usr/share/code/resources/app/out/vs/workbench/api/node/extensionHostProcess.js:110:10431)
	at a.G (/snap/code/127/usr/share/code/resources/app/out/vs/workbench/api/node/extensionHostProcess.js:110:9412)
	at /snap/code/127/usr/share/code/resources/app/out/vs/workbench/api/node/extensionHostProcess.js:110:8200
	at v.invoke (/snap/code/127/usr/share/code/resources/app/out/vs/workbench/api/node/extensionHostProcess.js:63:145)
	at h.deliver (/snap/code/127/usr/share/code/resources/app/out/vs/workbench/api/node/extensionHostProcess.js:63:2121)
	at i.fire (/snap/code/127/usr/share/code/resources/app/out/vs/workbench/api/node/extensionHostProcess.js:63:1729)
	at g.fire (/snap/code/127/usr/share/code/resources/app/out/vs/workbench/api/node/extensionHostProcess.js:72:14852)
	at /snap/code/127/usr/share/code/resources/app/out/vs/workbench/api/node/extensionHostProcess.js:126:32403
	at v.invoke (/snap/code/127/usr/share/code/resources/app/out/vs/workbench/api/node/extensionHostProcess.js:63:145)
	at h.deliver (/snap/code/127/usr/share/code/resources/app/out/vs/workbench/api/node/extensionHostProcess.js:63:2121)
	at i.fire (/snap/code/127/usr/share/code/resources/app/out/vs/workbench/api/node/extensionHostProcess.js:63:1729)
	at g.fire (/snap/code/127/usr/share/code/resources/app/out/vs/workbench/api/node/extensionHostProcess.js:72:14852)
	at MessagePortMain.<anonymous> (/snap/code/127/usr/share/code/resources/app/out/vs/workbench/api/node/extensionHostProcess.js:126:30529)
	at MessagePortMain.emit (node:events:513:28)
	at MessagePortMain._internalPort.emit (node:electron/js2c/utility_init:2:367)
["INFO" - 1:57:50 PM] Attempted to determine module path from /media/naman/New Volume/Projects/NestJs/harmonyApi
["ERROR" - 1:57:50 PM] Failed to load module. If you have prettier or plugins referenced in package.json, ensure you have run `npm install`
["ERROR" - 1:57:50 PM] Cannot find module 'prettier' from '/media/naman/New Volume/Projects/NestJs/harmonyApi'
Error: Cannot find module 'prettier' from '/media/naman/New Volume/Projects/NestJs/harmonyApi'
	at e.exports [as sync] (/home/naman/.vscode/extensions/esbenp.prettier-vscode-9.12.0/dist/extension.js:1:37299)
	at t.ModuleResolver.findPkg (/home/naman/.vscode/extensions/esbenp.prettier-vscode-9.12.0/dist/extension.js:1:7359)
	at t.ModuleResolver.getPrettierInstance (/home/naman/.vscode/extensions/esbenp.prettier-vscode-9.12.0/dist/extension.js:1:3313)
	at t.default.handleActiveTextEditorChanged (/home/naman/.vscode/extensions/esbenp.prettier-vscode-9.12.0/dist/extension.js:1:9843)
	at handleActiveTextEditorChangedSync (/home/naman/.vscode/extensions/esbenp.prettier-vscode-9.12.0/dist/extension.js:1:9445)
	at v.invoke (/snap/code/127/usr/share/code/resources/app/out/vs/workbench/api/node/extensionHostProcess.js:63:145)
	at h.deliver (/snap/code/127/usr/share/code/resources/app/out/vs/workbench/api/node/extensionHostProcess.js:63:2121)
	at i.fire (/snap/code/127/usr/share/code/resources/app/out/vs/workbench/api/node/extensionHostProcess.js:63:1729)
	at /snap/code/127/usr/share/code/resources/app/out/vs/workbench/api/node/extensionHostProcess.js:102:16108
	at v.invoke (/snap/code/127/usr/share/code/resources/app/out/vs/workbench/api/node/extensionHostProcess.js:63:145)
	at h.deliver (/snap/code/127/usr/share/code/resources/app/out/vs/workbench/api/node/extensionHostProcess.js:63:2121)
	at i.fire (/snap/code/127/usr/share/code/resources/app/out/vs/workbench/api/node/extensionHostProcess.js:63:1729)
	at e.ExtHostDocumentsAndEditors.acceptDocumentsAndEditorsDelta (/snap/code/127/usr/share/code/resources/app/out/vs/workbench/api/node/extensionHostProcess.js:100:14001)
	at e.ExtHostDocumentsAndEditors.$acceptDocumentsAndEditorsDelta (/snap/code/127/usr/share/code/resources/app/out/vs/workbench/api/node/extensionHostProcess.js:100:12316)
	at a.N (/snap/code/127/usr/share/code/resources/app/out/vs/workbench/api/node/extensionHostProcess.js:110:11620)
	at a.M (/snap/code/127/usr/share/code/resources/app/out/vs/workbench/api/node/extensionHostProcess.js:110:11338)
	at a.H (/snap/code/127/usr/share/code/resources/app/out/vs/workbench/api/node/extensionHostProcess.js:110:10431)
	at a.G (/snap/code/127/usr/share/code/resources/app/out/vs/workbench/api/node/extensionHostProcess.js:110:9412)
	at /snap/code/127/usr/share/code/resources/app/out/vs/workbench/api/node/extensionHostProcess.js:110:8200
	at v.invoke (/snap/code/127/usr/share/code/resources/app/out/vs/workbench/api/node/extensionHostProcess.js:63:145)
	at h.deliver (/snap/code/127/usr/share/code/resources/app/out/vs/workbench/api/node/extensionHostProcess.js:63:2121)
	at i.fire (/snap/code/127/usr/share/code/resources/app/out/vs/workbench/api/node/extensionHostProcess.js:63:1729)
	at g.fire (/snap/code/127/usr/share/code/resources/app/out/vs/workbench/api/node/extensionHostProcess.js:72:14852)
	at /snap/code/127/usr/share/code/resources/app/out/vs/workbench/api/node/extensionHostProcess.js:126:32403
	at v.invoke (/snap/code/127/usr/share/code/resources/app/out/vs/workbench/api/node/extensionHostProcess.js:63:145)
	at h.deliver (/snap/code/127/usr/share/code/resources/app/out/vs/workbench/api/node/extensionHostProcess.js:63:2121)
	at i.fire (/snap/code/127/usr/share/code/resources/app/out/vs/workbench/api/node/extensionHostProcess.js:63:1729)
	at g.fire (/snap/code/127/usr/share/code/resources/app/out/vs/workbench/api/node/extensionHostProcess.js:72:14852)
	at MessagePortMain.<anonymous> (/snap/code/127/usr/share/code/resources/app/out/vs/workbench/api/node/extensionHostProcess.js:126:30529)
	at MessagePortMain.emit (node:events:513:28)
	at MessagePortMain._internalPort.emit (node:electron/js2c/utility_init:2:367)
["INFO" - 1:57:50 PM] Formatting vscode-userdata:/home/naman/.config/Code/User/profiles/7ea727a4/settings.json
["DEBUG" - 1:57:50 PM] Using bundled version of prettier.
["INFO" - 1:57:50 PM] File Info:
{
  "ignored": false,
  "inferredParser": "json"
}
["INFO" - 1:57:50 PM] No local configuration (i.e. .prettierrc or .editorconfig) detected, falling back to VS Code configuration
["INFO" - 1:57:50 PM] Prettier Options:
{
  "arrowParens": "always",
  "bracketSpacing": true,
  "endOfLine": "lf",
  "htmlWhitespaceSensitivity": "css",
  "insertPragma": false,
  "singleAttributePerLine": true,
  "bracketSameLine": false,
  "jsxBracketSameLine": false,
  "jsxSingleQuote": false,
  "printWidth": 220,
  "proseWrap": "preserve",
  "quoteProps": "as-needed",
  "requirePragma": false,
  "semi": false,
  "singleQuote": false,
  "tabWidth": 2,
  "trailingComma": "all",
  "useTabs": true,
  "vueIndentScriptAndStyle": false,
  "filepath": "/home/naman/.config/Code/User/profiles/7ea727a4/settings.json",
  "parser": "json"
}
["INFO" - 1:57:50 PM] Formatting completed in 38ms.
["INFO" - 2:01:22 PM] Attempted to determine module path from /media/naman/New Volume/Projects/NestJs/harmonyApi
["ERROR" - 2:01:22 PM] Failed to load module. If you have prettier or plugins referenced in package.json, ensure you have run `npm install`
["ERROR" - 2:01:22 PM] Cannot find module 'prettier' from '/media/naman/New Volume/Projects/NestJs/harmonyApi'
Error: Cannot find module 'prettier' from '/media/naman/New Volume/Projects/NestJs/harmonyApi'
	at e.exports [as sync] (/home/naman/.vscode/extensions/esbenp.prettier-vscode-9.12.0/dist/extension.js:1:37299)
	at t.ModuleResolver.findPkg (/home/naman/.vscode/extensions/esbenp.prettier-vscode-9.12.0/dist/extension.js:1:7359)
	at t.ModuleResolver.getPrettierInstance (/home/naman/.vscode/extensions/esbenp.prettier-vscode-9.12.0/dist/extension.js:1:3313)
	at t.default.handleActiveTextEditorChanged (/home/naman/.vscode/extensions/esbenp.prettier-vscode-9.12.0/dist/extension.js:1:9843)
	at handleActiveTextEditorChangedSync (/home/naman/.vscode/extensions/esbenp.prettier-vscode-9.12.0/dist/extension.js:1:9445)
	at v.invoke (/snap/code/127/usr/share/code/resources/app/out/vs/workbench/api/node/extensionHostProcess.js:63:145)
	at h.deliver (/snap/code/127/usr/share/code/resources/app/out/vs/workbench/api/node/extensionHostProcess.js:63:2121)
	at i.fire (/snap/code/127/usr/share/code/resources/app/out/vs/workbench/api/node/extensionHostProcess.js:63:1729)
	at /snap/code/127/usr/share/code/resources/app/out/vs/workbench/api/node/extensionHostProcess.js:102:16108
	at v.invoke (/snap/code/127/usr/share/code/resources/app/out/vs/workbench/api/node/extensionHostProcess.js:63:145)
	at h.deliver (/snap/code/127/usr/share/code/resources/app/out/vs/workbench/api/node/extensionHostProcess.js:63:2121)
	at i.fire (/snap/code/127/usr/share/code/resources/app/out/vs/workbench/api/node/extensionHostProcess.js:63:1729)
	at e.ExtHostDocumentsAndEditors.acceptDocumentsAndEditorsDelta (/snap/code/127/usr/share/code/resources/app/out/vs/workbench/api/node/extensionHostProcess.js:100:14001)
	at e.ExtHostDocumentsAndEditors.$acceptDocumentsAndEditorsDelta (/snap/code/127/usr/share/code/resources/app/out/vs/workbench/api/node/extensionHostProcess.js:100:12316)
	at a.N (/snap/code/127/usr/share/code/resources/app/out/vs/workbench/api/node/extensionHostProcess.js:110:11620)
	at a.M (/snap/code/127/usr/share/code/resources/app/out/vs/workbench/api/node/extensionHostProcess.js:110:11338)
	at a.H (/snap/code/127/usr/share/code/resources/app/out/vs/workbench/api/node/extensionHostProcess.js:110:10431)
	at a.G (/snap/code/127/usr/share/code/resources/app/out/vs/workbench/api/node/extensionHostProcess.js:110:9412)
	at /snap/code/127/usr/share/code/resources/app/out/vs/workbench/api/node/extensionHostProcess.js:110:8200
	at v.invoke (/snap/code/127/usr/share/code/resources/app/out/vs/workbench/api/node/extensionHostProcess.js:63:145)
	at h.deliver (/snap/code/127/usr/share/code/resources/app/out/vs/workbench/api/node/extensionHostProcess.js:63:2121)
	at i.fire (/snap/code/127/usr/share/code/resources/app/out/vs/workbench/api/node/extensionHostProcess.js:63:1729)
	at g.fire (/snap/code/127/usr/share/code/resources/app/out/vs/workbench/api/node/extensionHostProcess.js:72:14852)
	at /snap/code/127/usr/share/code/resources/app/out/vs/workbench/api/node/extensionHostProcess.js:126:32403
	at v.invoke (/snap/code/127/usr/share/code/resources/app/out/vs/workbench/api/node/extensionHostProcess.js:63:145)
	at h.deliver (/snap/code/127/usr/share/code/resources/app/out/vs/workbench/api/node/extensionHostProcess.js:63:2121)
	at i.fire (/snap/code/127/usr/share/code/resources/app/out/vs/workbench/api/node/extensionHostProcess.js:63:1729)
	at g.fire (/snap/code/127/usr/share/code/resources/app/out/vs/workbench/api/node/extensionHostProcess.js:72:14852)
	at MessagePortMain.<anonymous> (/snap/code/127/usr/share/code/resources/app/out/vs/workbench/api/node/extensionHostProcess.js:126:30529)
	at MessagePortMain.emit (node:events:513:28)
	at MessagePortMain._internalPort.emit (node:electron/js2c/utility_init:2:367)
["INFO" - 2:02:59 PM] Attempted to determine module path from /media/naman/New Volume/Projects/NestJs/harmonyApi
["ERROR" - 2:02:59 PM] Failed to load module. If you have prettier or plugins referenced in package.json, ensure you have run `npm install`
["ERROR" - 2:02:59 PM] Cannot find module 'prettier' from '/media/naman/New Volume/Projects/NestJs/harmonyApi'
Error: Cannot find module 'prettier' from '/media/naman/New Volume/Projects/NestJs/harmonyApi'
	at e.exports [as sync] (/home/naman/.vscode/extensions/esbenp.prettier-vscode-9.12.0/dist/extension.js:1:37299)
	at t.ModuleResolver.findPkg (/home/naman/.vscode/extensions/esbenp.prettier-vscode-9.12.0/dist/extension.js:1:7359)
	at t.ModuleResolver.getPrettierInstance (/home/naman/.vscode/extensions/esbenp.prettier-vscode-9.12.0/dist/extension.js:1:3313)
	at t.default.handleActiveTextEditorChanged (/home/naman/.vscode/extensions/esbenp.prettier-vscode-9.12.0/dist/extension.js:1:9843)
	at handleActiveTextEditorChangedSync (/home/naman/.vscode/extensions/esbenp.prettier-vscode-9.12.0/dist/extension.js:1:9445)
	at v.invoke (/snap/code/127/usr/share/code/resources/app/out/vs/workbench/api/node/extensionHostProcess.js:63:145)
	at h.deliver (/snap/code/127/usr/share/code/resources/app/out/vs/workbench/api/node/extensionHostProcess.js:63:2121)
	at i.fire (/snap/code/127/usr/share/code/resources/app/out/vs/workbench/api/node/extensionHostProcess.js:63:1729)
	at /snap/code/127/usr/share/code/resources/app/out/vs/workbench/api/node/extensionHostProcess.js:102:16108
	at v.invoke (/snap/code/127/usr/share/code/resources/app/out/vs/workbench/api/node/extensionHostProcess.js:63:145)
	at h.deliver (/snap/code/127/usr/share/code/resources/app/out/vs/workbench/api/node/extensionHostProcess.js:63:2121)
	at i.fire (/snap/code/127/usr/share/code/resources/app/out/vs/workbench/api/node/extensionHostProcess.js:63:1729)
	at e.ExtHostDocumentsAndEditors.acceptDocumentsAndEditorsDelta (/snap/code/127/usr/share/code/resources/app/out/vs/workbench/api/node/extensionHostProcess.js:100:14001)
	at e.ExtHostDocumentsAndEditors.$acceptDocumentsAndEditorsDelta (/snap/code/127/usr/share/code/resources/app/out/vs/workbench/api/node/extensionHostProcess.js:100:12316)
	at a.N (/snap/code/127/usr/share/code/resources/app/out/vs/workbench/api/node/extensionHostProcess.js:110:11620)
	at a.M (/snap/code/127/usr/share/code/resources/app/out/vs/workbench/api/node/extensionHostProcess.js:110:11338)
	at a.H (/snap/code/127/usr/share/code/resources/app/out/vs/workbench/api/node/extensionHostProcess.js:110:10431)
	at a.G (/snap/code/127/usr/share/code/resources/app/out/vs/workbench/api/node/extensionHostProcess.js:110:9412)
	at /snap/code/127/usr/share/code/resources/app/out/vs/workbench/api/node/extensionHostProcess.js:110:8200
	at v.invoke (/snap/code/127/usr/share/code/resources/app/out/vs/workbench/api/node/extensionHostProcess.js:63:145)
	at h.deliver (/snap/code/127/usr/share/code/resources/app/out/vs/workbench/api/node/extensionHostProcess.js:63:2121)
	at i.fire (/snap/code/127/usr/share/code/resources/app/out/vs/workbench/api/node/extensionHostProcess.js:63:1729)
	at g.fire (/snap/code/127/usr/share/code/resources/app/out/vs/workbench/api/node/extensionHostProcess.js:72:14852)
	at /snap/code/127/usr/share/code/resources/app/out/vs/workbench/api/node/extensionHostProcess.js:126:32403
	at v.invoke (/snap/code/127/usr/share/code/resources/app/out/vs/workbench/api/node/extensionHostProcess.js:63:145)
	at h.deliver (/snap/code/127/usr/share/code/resources/app/out/vs/workbench/api/node/extensionHostProcess.js:63:2121)
	at i.fire (/snap/code/127/usr/share/code/resources/app/out/vs/workbench/api/node/extensionHostProcess.js:63:1729)
	at g.fire (/snap/code/127/usr/share/code/resources/app/out/vs/workbench/api/node/extensionHostProcess.js:72:14852)
	at MessagePortMain.<anonymous> (/snap/code/127/usr/share/code/resources/app/out/vs/workbench/api/node/extensionHostProcess.js:126:30529)
	at MessagePortMain.emit (node:events:513:28)
	at MessagePortMain._internalPort.emit (node:electron/js2c/utility_init:2:367)
["INFO" - 2:05:31 PM] Attempted to determine module path from /media/naman/New Volume/Projects/NestJs/harmonyApi
["ERROR" - 2:05:31 PM] Failed to load module. If you have prettier or plugins referenced in package.json, ensure you have run `npm install`
["ERROR" - 2:05:31 PM] Cannot find module 'prettier' from '/media/naman/New Volume/Projects/NestJs/harmonyApi'
Error: Cannot find module 'prettier' from '/media/naman/New Volume/Projects/NestJs/harmonyApi'
	at e.exports [as sync] (/home/naman/.vscode/extensions/esbenp.prettier-vscode-9.12.0/dist/extension.js:1:37299)
	at t.ModuleResolver.findPkg (/home/naman/.vscode/extensions/esbenp.prettier-vscode-9.12.0/dist/extension.js:1:7359)
	at t.ModuleResolver.getPrettierInstance (/home/naman/.vscode/extensions/esbenp.prettier-vscode-9.12.0/dist/extension.js:1:3313)
	at t.default.handleActiveTextEditorChanged (/home/naman/.vscode/extensions/esbenp.prettier-vscode-9.12.0/dist/extension.js:1:9843)
	at handleActiveTextEditorChangedSync (/home/naman/.vscode/extensions/esbenp.prettier-vscode-9.12.0/dist/extension.js:1:9445)
	at v.invoke (/snap/code/127/usr/share/code/resources/app/out/vs/workbench/api/node/extensionHostProcess.js:63:145)
	at h.deliver (/snap/code/127/usr/share/code/resources/app/out/vs/workbench/api/node/extensionHostProcess.js:63:2121)
	at i.fire (/snap/code/127/usr/share/code/resources/app/out/vs/workbench/api/node/extensionHostProcess.js:63:1729)
	at /snap/code/127/usr/share/code/resources/app/out/vs/workbench/api/node/extensionHostProcess.js:102:16108
	at v.invoke (/snap/code/127/usr/share/code/resources/app/out/vs/workbench/api/node/extensionHostProcess.js:63:145)
	at h.deliver (/snap/code/127/usr/share/code/resources/app/out/vs/workbench/api/node/extensionHostProcess.js:63:2121)
	at i.fire (/snap/code/127/usr/share/code/resources/app/out/vs/workbench/api/node/extensionHostProcess.js:63:1729)
	at e.ExtHostDocumentsAndEditors.acceptDocumentsAndEditorsDelta (/snap/code/127/usr/share/code/resources/app/out/vs/workbench/api/node/extensionHostProcess.js:100:14001)
	at e.ExtHostDocumentsAndEditors.$acceptDocumentsAndEditorsDelta (/snap/code/127/usr/share/code/resources/app/out/vs/workbench/api/node/extensionHostProcess.js:100:12316)
	at a.N (/snap/code/127/usr/share/code/resources/app/out/vs/workbench/api/node/extensionHostProcess.js:110:11620)
	at a.M (/snap/code/127/usr/share/code/resources/app/out/vs/workbench/api/node/extensionHostProcess.js:110:11338)
	at a.H (/snap/code/127/usr/share/code/resources/app/out/vs/workbench/api/node/extensionHostProcess.js:110:10431)
	at a.G (/snap/code/127/usr/share/code/resources/app/out/vs/workbench/api/node/extensionHostProcess.js:110:9412)
	at /snap/code/127/usr/share/code/resources/app/out/vs/workbench/api/node/extensionHostProcess.js:110:8200
	at v.invoke (/snap/code/127/usr/share/code/resources/app/out/vs/workbench/api/node/extensionHostProcess.js:63:145)
	at h.deliver (/snap/code/127/usr/share/code/resources/app/out/vs/workbench/api/node/extensionHostProcess.js:63:2121)
	at i.fire (/snap/code/127/usr/share/code/resources/app/out/vs/workbench/api/node/extensionHostProcess.js:63:1729)
	at g.fire (/snap/code/127/usr/share/code/resources/app/out/vs/workbench/api/node/extensionHostProcess.js:72:14852)
	at /snap/code/127/usr/share/code/resources/app/out/vs/workbench/api/node/extensionHostProcess.js:126:32403
	at v.invoke (/snap/code/127/usr/share/code/resources/app/out/vs/workbench/api/node/extensionHostProcess.js:63:145)
	at h.deliver (/snap/code/127/usr/share/code/resources/app/out/vs/workbench/api/node/extensionHostProcess.js:63:2121)
	at i.fire (/snap/code/127/usr/share/code/resources/app/out/vs/workbench/api/node/extensionHostProcess.js:63:1729)
	at g.fire (/snap/code/127/usr/share/code/resources/app/out/vs/workbench/api/node/extensionHostProcess.js:72:14852)
	at MessagePortMain.<anonymous> (/snap/code/127/usr/share/code/resources/app/out/vs/workbench/api/node/extensionHostProcess.js:126:30529)
	at MessagePortMain.emit (node:events:513:28)
	at MessagePortMain._internalPort.emit (node:electron/js2c/utility_init:2:367)
["INFO" - 2:07:30 PM] Attempted to determine module path from /media/naman/New Volume/Projects/NestJs/harmonyApi
["ERROR" - 2:07:30 PM] Failed to load module. If you have prettier or plugins referenced in package.json, ensure you have run `npm install`
["ERROR" - 2:07:30 PM] Cannot find module 'prettier' from '/media/naman/New Volume/Projects/NestJs/harmonyApi'
Error: Cannot find module 'prettier' from '/media/naman/New Volume/Projects/NestJs/harmonyApi'
	at e.exports [as sync] (/home/naman/.vscode/extensions/esbenp.prettier-vscode-9.12.0/dist/extension.js:1:37299)
	at t.ModuleResolver.findPkg (/home/naman/.vscode/extensions/esbenp.prettier-vscode-9.12.0/dist/extension.js:1:7359)
	at t.ModuleResolver.getPrettierInstance (/home/naman/.vscode/extensions/esbenp.prettier-vscode-9.12.0/dist/extension.js:1:3313)
	at t.default.handleActiveTextEditorChanged (/home/naman/.vscode/extensions/esbenp.prettier-vscode-9.12.0/dist/extension.js:1:9843)
	at handleActiveTextEditorChangedSync (/home/naman/.vscode/extensions/esbenp.prettier-vscode-9.12.0/dist/extension.js:1:9445)
	at v.invoke (/snap/code/127/usr/share/code/resources/app/out/vs/workbench/api/node/extensionHostProcess.js:63:145)
	at h.deliver (/snap/code/127/usr/share/code/resources/app/out/vs/workbench/api/node/extensionHostProcess.js:63:2121)
	at i.fire (/snap/code/127/usr/share/code/resources/app/out/vs/workbench/api/node/extensionHostProcess.js:63:1729)
	at /snap/code/127/usr/share/code/resources/app/out/vs/workbench/api/node/extensionHostProcess.js:102:16108
	at v.invoke (/snap/code/127/usr/share/code/resources/app/out/vs/workbench/api/node/extensionHostProcess.js:63:145)
	at h.deliver (/snap/code/127/usr/share/code/resources/app/out/vs/workbench/api/node/extensionHostProcess.js:63:2121)
	at i.fire (/snap/code/127/usr/share/code/resources/app/out/vs/workbench/api/node/extensionHostProcess.js:63:1729)
	at e.ExtHostDocumentsAndEditors.acceptDocumentsAndEditorsDelta (/snap/code/127/usr/share/code/resources/app/out/vs/workbench/api/node/extensionHostProcess.js:100:14001)
	at e.ExtHostDocumentsAndEditors.$acceptDocumentsAndEditorsDelta (/snap/code/127/usr/share/code/resources/app/out/vs/workbench/api/node/extensionHostProcess.js:100:12316)
	at a.N (/snap/code/127/usr/share/code/resources/app/out/vs/workbench/api/node/extensionHostProcess.js:110:11620)
	at a.M (/snap/code/127/usr/share/code/resources/app/out/vs/workbench/api/node/extensionHostProcess.js:110:11338)
	at a.H (/snap/code/127/usr/share/code/resources/app/out/vs/workbench/api/node/extensionHostProcess.js:110:10431)
	at a.G (/snap/code/127/usr/share/code/resources/app/out/vs/workbench/api/node/extensionHostProcess.js:110:9412)
	at /snap/code/127/usr/share/code/resources/app/out/vs/workbench/api/node/extensionHostProcess.js:110:8200
	at v.invoke (/snap/code/127/usr/share/code/resources/app/out/vs/workbench/api/node/extensionHostProcess.js:63:145)
	at h.deliver (/snap/code/127/usr/share/code/resources/app/out/vs/workbench/api/node/extensionHostProcess.js:63:2121)
	at i.fire (/snap/code/127/usr/share/code/resources/app/out/vs/workbench/api/node/extensionHostProcess.js:63:1729)
	at g.fire (/snap/code/127/usr/share/code/resources/app/out/vs/workbench/api/node/extensionHostProcess.js:72:14852)
	at /snap/code/127/usr/share/code/resources/app/out/vs/workbench/api/node/extensionHostProcess.js:126:32403
	at v.invoke (/snap/code/127/usr/share/code/resources/app/out/vs/workbench/api/node/extensionHostProcess.js:63:145)
	at h.deliver (/snap/code/127/usr/share/code/resources/app/out/vs/workbench/api/node/extensionHostProcess.js:63:2121)
	at i.fire (/snap/code/127/usr/share/code/resources/app/out/vs/workbench/api/node/extensionHostProcess.js:63:1729)
	at g.fire (/snap/code/127/usr/share/code/resources/app/out/vs/workbench/api/node/extensionHostProcess.js:72:14852)
	at MessagePortMain.<anonymous> (/snap/code/127/usr/share/code/resources/app/out/vs/workbench/api/node/extensionHostProcess.js:126:30529)
	at MessagePortMain.emit (node:events:513:28)
	at MessagePortMain._internalPort.emit (node:electron/js2c/utility_init:2:367)
["INFO" - 2:07:54 PM] Attempted to determine module path from /media/naman/New Volume/Projects/NestJs/harmonyApi
["ERROR" - 2:07:54 PM] Failed to load module. If you have prettier or plugins referenced in package.json, ensure you have run `npm install`
["ERROR" - 2:07:54 PM] Cannot find module 'prettier' from '/media/naman/New Volume/Projects/NestJs/harmonyApi'
Error: Cannot find module 'prettier' from '/media/naman/New Volume/Projects/NestJs/harmonyApi'
	at e.exports [as sync] (/home/naman/.vscode/extensions/esbenp.prettier-vscode-9.12.0/dist/extension.js:1:37299)
	at t.ModuleResolver.findPkg (/home/naman/.vscode/extensions/esbenp.prettier-vscode-9.12.0/dist/extension.js:1:7359)
	at t.ModuleResolver.getPrettierInstance (/home/naman/.vscode/extensions/esbenp.prettier-vscode-9.12.0/dist/extension.js:1:3313)
	at t.default.handleActiveTextEditorChanged (/home/naman/.vscode/extensions/esbenp.prettier-vscode-9.12.0/dist/extension.js:1:9843)
	at handleActiveTextEditorChangedSync (/home/naman/.vscode/extensions/esbenp.prettier-vscode-9.12.0/dist/extension.js:1:9445)
	at v.invoke (/snap/code/127/usr/share/code/resources/app/out/vs/workbench/api/node/extensionHostProcess.js:63:145)
	at h.deliver (/snap/code/127/usr/share/code/resources/app/out/vs/workbench/api/node/extensionHostProcess.js:63:2121)
	at i.fire (/snap/code/127/usr/share/code/resources/app/out/vs/workbench/api/node/extensionHostProcess.js:63:1729)
	at /snap/code/127/usr/share/code/resources/app/out/vs/workbench/api/node/extensionHostProcess.js:102:16108
	at v.invoke (/snap/code/127/usr/share/code/resources/app/out/vs/workbench/api/node/extensionHostProcess.js:63:145)
	at h.deliver (/snap/code/127/usr/share/code/resources/app/out/vs/workbench/api/node/extensionHostProcess.js:63:2121)
	at i.fire (/snap/code/127/usr/share/code/resources/app/out/vs/workbench/api/node/extensionHostProcess.js:63:1729)
	at e.ExtHostDocumentsAndEditors.acceptDocumentsAndEditorsDelta (/snap/code/127/usr/share/code/resources/app/out/vs/workbench/api/node/extensionHostProcess.js:100:14001)
	at e.ExtHostDocumentsAndEditors.$acceptDocumentsAndEditorsDelta (/snap/code/127/usr/share/code/resources/app/out/vs/workbench/api/node/extensionHostProcess.js:100:12316)
	at a.N (/snap/code/127/usr/share/code/resources/app/out/vs/workbench/api/node/extensionHostProcess.js:110:11620)
	at a.M (/snap/code/127/usr/share/code/resources/app/out/vs/workbench/api/node/extensionHostProcess.js:110:11338)
	at a.H (/snap/code/127/usr/share/code/resources/app/out/vs/workbench/api/node/extensionHostProcess.js:110:10431)
	at a.G (/snap/code/127/usr/share/code/resources/app/out/vs/workbench/api/node/extensionHostProcess.js:110:9412)
	at /snap/code/127/usr/share/code/resources/app/out/vs/workbench/api/node/extensionHostProcess.js:110:8200
	at v.invoke (/snap/code/127/usr/share/code/resources/app/out/vs/workbench/api/node/extensionHostProcess.js:63:145)
	at h.deliver (/snap/code/127/usr/share/code/resources/app/out/vs/workbench/api/node/extensionHostProcess.js:63:2121)
	at i.fire (/snap/code/127/usr/share/code/resources/app/out/vs/workbench/api/node/extensionHostProcess.js:63:1729)
	at g.fire (/snap/code/127/usr/share/code/resources/app/out/vs/workbench/api/node/extensionHostProcess.js:72:14852)
	at /snap/code/127/usr/share/code/resources/app/out/vs/workbench/api/node/extensionHostProcess.js:126:32403
	at v.invoke (/snap/code/127/usr/share/code/resources/app/out/vs/workbench/api/node/extensionHostProcess.js:63:145)
	at h.deliver (/snap/code/127/usr/share/code/resources/app/out/vs/workbench/api/node/extensionHostProcess.js:63:2121)
	at i.fire (/snap/code/127/usr/share/code/resources/app/out/vs/workbench/api/node/extensionHostProcess.js:63:1729)
	at g.fire (/snap/code/127/usr/share/code/resources/app/out/vs/workbench/api/node/extensionHostProcess.js:72:14852)
	at MessagePortMain.<anonymous> (/snap/code/127/usr/share/code/resources/app/out/vs/workbench/api/node/extensionHostProcess.js:126:30529)
	at MessagePortMain.emit (node:events:513:28)
	at MessagePortMain._internalPort.emit (node:electron/js2c/utility_init:2:367)
["INFO" - 2:07:57 PM] Attempted to determine module path from /media/naman/New Volume/Projects/NestJs/harmonyApi
["ERROR" - 2:07:57 PM] Failed to load module. If you have prettier or plugins referenced in package.json, ensure you have run `npm install`
["ERROR" - 2:07:57 PM] Cannot find module 'prettier' from '/media/naman/New Volume/Projects/NestJs/harmonyApi'
Error: Cannot find module 'prettier' from '/media/naman/New Volume/Projects/NestJs/harmonyApi'
	at e.exports [as sync] (/home/naman/.vscode/extensions/esbenp.prettier-vscode-9.12.0/dist/extension.js:1:37299)
	at t.ModuleResolver.findPkg (/home/naman/.vscode/extensions/esbenp.prettier-vscode-9.12.0/dist/extension.js:1:7359)
	at t.ModuleResolver.getPrettierInstance (/home/naman/.vscode/extensions/esbenp.prettier-vscode-9.12.0/dist/extension.js:1:3313)
	at t.default.handleActiveTextEditorChanged (/home/naman/.vscode/extensions/esbenp.prettier-vscode-9.12.0/dist/extension.js:1:9843)
	at handleActiveTextEditorChangedSync (/home/naman/.vscode/extensions/esbenp.prettier-vscode-9.12.0/dist/extension.js:1:9445)
	at v.invoke (/snap/code/127/usr/share/code/resources/app/out/vs/workbench/api/node/extensionHostProcess.js:63:145)
	at h.deliver (/snap/code/127/usr/share/code/resources/app/out/vs/workbench/api/node/extensionHostProcess.js:63:2121)
	at i.fire (/snap/code/127/usr/share/code/resources/app/out/vs/workbench/api/node/extensionHostProcess.js:63:1729)
	at /snap/code/127/usr/share/code/resources/app/out/vs/workbench/api/node/extensionHostProcess.js:102:16108
	at v.invoke (/snap/code/127/usr/share/code/resources/app/out/vs/workbench/api/node/extensionHostProcess.js:63:145)
	at h.deliver (/snap/code/127/usr/share/code/resources/app/out/vs/workbench/api/node/extensionHostProcess.js:63:2121)
	at i.fire (/snap/code/127/usr/share/code/resources/app/out/vs/workbench/api/node/extensionHostProcess.js:63:1729)
	at e.ExtHostDocumentsAndEditors.acceptDocumentsAndEditorsDelta (/snap/code/127/usr/share/code/resources/app/out/vs/workbench/api/node/extensionHostProcess.js:100:14001)
	at e.ExtHostDocumentsAndEditors.$acceptDocumentsAndEditorsDelta (/snap/code/127/usr/share/code/resources/app/out/vs/workbench/api/node/extensionHostProcess.js:100:12316)
	at a.N (/snap/code/127/usr/share/code/resources/app/out/vs/workbench/api/node/extensionHostProcess.js:110:11620)
	at a.M (/snap/code/127/usr/share/code/resources/app/out/vs/workbench/api/node/extensionHostProcess.js:110:11338)
	at a.H (/snap/code/127/usr/share/code/resources/app/out/vs/workbench/api/node/extensionHostProcess.js:110:10431)
	at a.G (/snap/code/127/usr/share/code/resources/app/out/vs/workbench/api/node/extensionHostProcess.js:110:9412)
	at /snap/code/127/usr/share/code/resources/app/out/vs/workbench/api/node/extensionHostProcess.js:110:8200
	at v.invoke (/snap/code/127/usr/share/code/resources/app/out/vs/workbench/api/node/extensionHostProcess.js:63:145)
	at h.deliver (/snap/code/127/usr/share/code/resources/app/out/vs/workbench/api/node/extensionHostProcess.js:63:2121)
	at i.fire (/snap/code/127/usr/share/code/resources/app/out/vs/workbench/api/node/extensionHostProcess.js:63:1729)
	at g.fire (/snap/code/127/usr/share/code/resources/app/out/vs/workbench/api/node/extensionHostProcess.js:72:14852)
	at /snap/code/127/usr/share/code/resources/app/out/vs/workbench/api/node/extensionHostProcess.js:126:32403
	at v.invoke (/snap/code/127/usr/share/code/resources/app/out/vs/workbench/api/node/extensionHostProcess.js:63:145)
	at h.deliver (/snap/code/127/usr/share/code/resources/app/out/vs/workbench/api/node/extensionHostProcess.js:63:2121)
	at i.fire (/snap/code/127/usr/share/code/resources/app/out/vs/workbench/api/node/extensionHostProcess.js:63:1729)
	at g.fire (/snap/code/127/usr/share/code/resources/app/out/vs/workbench/api/node/extensionHostProcess.js:72:14852)
	at MessagePortMain.<anonymous> (/snap/code/127/usr/share/code/resources/app/out/vs/workbench/api/node/extensionHostProcess.js:126:30529)
	at MessagePortMain.emit (node:events:513:28)
	at MessagePortMain._internalPort.emit (node:electron/js2c/utility_init:2:367)
["INFO" - 2:08:10 PM] Attempted to determine module path from /media/naman/New Volume/Projects/NestJs/harmonyApi
["ERROR" - 2:08:10 PM] Failed to load module. If you have prettier or plugins referenced in package.json, ensure you have run `npm install`
["ERROR" - 2:08:10 PM] Cannot find module 'prettier' from '/media/naman/New Volume/Projects/NestJs/harmonyApi'
Error: Cannot find module 'prettier' from '/media/naman/New Volume/Projects/NestJs/harmonyApi'
	at e.exports [as sync] (/home/naman/.vscode/extensions/esbenp.prettier-vscode-9.12.0/dist/extension.js:1:37299)
	at t.ModuleResolver.findPkg (/home/naman/.vscode/extensions/esbenp.prettier-vscode-9.12.0/dist/extension.js:1:7359)
	at t.ModuleResolver.getPrettierInstance (/home/naman/.vscode/extensions/esbenp.prettier-vscode-9.12.0/dist/extension.js:1:3313)
	at t.default.handleActiveTextEditorChanged (/home/naman/.vscode/extensions/esbenp.prettier-vscode-9.12.0/dist/extension.js:1:9843)
	at handleActiveTextEditorChangedSync (/home/naman/.vscode/extensions/esbenp.prettier-vscode-9.12.0/dist/extension.js:1:9445)
	at v.invoke (/snap/code/127/usr/share/code/resources/app/out/vs/workbench/api/node/extensionHostProcess.js:63:145)
	at h.deliver (/snap/code/127/usr/share/code/resources/app/out/vs/workbench/api/node/extensionHostProcess.js:63:2121)
	at i.fire (/snap/code/127/usr/share/code/resources/app/out/vs/workbench/api/node/extensionHostProcess.js:63:1729)
	at /snap/code/127/usr/share/code/resources/app/out/vs/workbench/api/node/extensionHostProcess.js:102:16108
	at v.invoke (/snap/code/127/usr/share/code/resources/app/out/vs/workbench/api/node/extensionHostProcess.js:63:145)
	at h.deliver (/snap/code/127/usr/share/code/resources/app/out/vs/workbench/api/node/extensionHostProcess.js:63:2121)
	at i.fire (/snap/code/127/usr/share/code/resources/app/out/vs/workbench/api/node/extensionHostProcess.js:63:1729)
	at e.ExtHostDocumentsAndEditors.acceptDocumentsAndEditorsDelta (/snap/code/127/usr/share/code/resources/app/out/vs/workbench/api/node/extensionHostProcess.js:100:14001)
	at e.ExtHostDocumentsAndEditors.$acceptDocumentsAndEditorsDelta (/snap/code/127/usr/share/code/resources/app/out/vs/workbench/api/node/extensionHostProcess.js:100:12316)
	at a.N (/snap/code/127/usr/share/code/resources/app/out/vs/workbench/api/node/extensionHostProcess.js:110:11620)
	at a.M (/snap/code/127/usr/share/code/resources/app/out/vs/workbench/api/node/extensionHostProcess.js:110:11338)
	at a.H (/snap/code/127/usr/share/code/resources/app/out/vs/workbench/api/node/extensionHostProcess.js:110:10431)
	at a.G (/snap/code/127/usr/share/code/resources/app/out/vs/workbench/api/node/extensionHostProcess.js:110:9412)
	at /snap/code/127/usr/share/code/resources/app/out/vs/workbench/api/node/extensionHostProcess.js:110:8200
	at v.invoke (/snap/code/127/usr/share/code/resources/app/out/vs/workbench/api/node/extensionHostProcess.js:63:145)
	at h.deliver (/snap/code/127/usr/share/code/resources/app/out/vs/workbench/api/node/extensionHostProcess.js:63:2121)
	at i.fire (/snap/code/127/usr/share/code/resources/app/out/vs/workbench/api/node/extensionHostProcess.js:63:1729)
	at g.fire (/snap/code/127/usr/share/code/resources/app/out/vs/workbench/api/node/extensionHostProcess.js:72:14852)
	at /snap/code/127/usr/share/code/resources/app/out/vs/workbench/api/node/extensionHostProcess.js:126:32403
	at v.invoke (/snap/code/127/usr/share/code/resources/app/out/vs/workbench/api/node/extensionHostProcess.js:63:145)
	at h.deliver (/snap/code/127/usr/share/code/resources/app/out/vs/workbench/api/node/extensionHostProcess.js:63:2121)
	at i.fire (/snap/code/127/usr/share/code/resources/app/out/vs/workbench/api/node/extensionHostProcess.js:63:1729)
	at g.fire (/snap/code/127/usr/share/code/resources/app/out/vs/workbench/api/node/extensionHostProcess.js:72:14852)
	at MessagePortMain.<anonymous> (/snap/code/127/usr/share/code/resources/app/out/vs/workbench/api/node/extensionHostProcess.js:126:30529)
	at MessagePortMain.emit (node:events:513:28)
	at MessagePortMain._internalPort.emit (node:electron/js2c/utility_init:2:367)
["INFO" - 2:11:50 PM] Attempted to determine module path from /media/naman/New Volume/Projects/NestJs/harmonyApi
["ERROR" - 2:11:50 PM] Failed to load module. If you have prettier or plugins referenced in package.json, ensure you have run `npm install`
["ERROR" - 2:11:50 PM] Cannot find module 'prettier' from '/media/naman/New Volume/Projects/NestJs/harmonyApi'
Error: Cannot find module 'prettier' from '/media/naman/New Volume/Projects/NestJs/harmonyApi'
	at e.exports [as sync] (/home/naman/.vscode/extensions/esbenp.prettier-vscode-9.12.0/dist/extension.js:1:37299)
	at t.ModuleResolver.findPkg (/home/naman/.vscode/extensions/esbenp.prettier-vscode-9.12.0/dist/extension.js:1:7359)
	at t.ModuleResolver.getPrettierInstance (/home/naman/.vscode/extensions/esbenp.prettier-vscode-9.12.0/dist/extension.js:1:3313)
	at t.default.handleActiveTextEditorChanged (/home/naman/.vscode/extensions/esbenp.prettier-vscode-9.12.0/dist/extension.js:1:9843)
	at handleActiveTextEditorChangedSync (/home/naman/.vscode/extensions/esbenp.prettier-vscode-9.12.0/dist/extension.js:1:9445)
	at v.invoke (/snap/code/127/usr/share/code/resources/app/out/vs/workbench/api/node/extensionHostProcess.js:63:145)
	at h.deliver (/snap/code/127/usr/share/code/resources/app/out/vs/workbench/api/node/extensionHostProcess.js:63:2121)
	at i.fire (/snap/code/127/usr/share/code/resources/app/out/vs/workbench/api/node/extensionHostProcess.js:63:1729)
	at /snap/code/127/usr/share/code/resources/app/out/vs/workbench/api/node/extensionHostProcess.js:102:16108
	at v.invoke (/snap/code/127/usr/share/code/resources/app/out/vs/workbench/api/node/extensionHostProcess.js:63:145)
	at h.deliver (/snap/code/127/usr/share/code/resources/app/out/vs/workbench/api/node/extensionHostProcess.js:63:2121)
	at i.fire (/snap/code/127/usr/share/code/resources/app/out/vs/workbench/api/node/extensionHostProcess.js:63:1729)
	at e.ExtHostDocumentsAndEditors.acceptDocumentsAndEditorsDelta (/snap/code/127/usr/share/code/resources/app/out/vs/workbench/api/node/extensionHostProcess.js:100:14001)
	at e.ExtHostDocumentsAndEditors.$acceptDocumentsAndEditorsDelta (/snap/code/127/usr/share/code/resources/app/out/vs/workbench/api/node/extensionHostProcess.js:100:12316)
	at a.N (/snap/code/127/usr/share/code/resources/app/out/vs/workbench/api/node/extensionHostProcess.js:110:11620)
	at a.M (/snap/code/127/usr/share/code/resources/app/out/vs/workbench/api/node/extensionHostProcess.js:110:11338)
	at a.H (/snap/code/127/usr/share/code/resources/app/out/vs/workbench/api/node/extensionHostProcess.js:110:10431)
	at a.G (/snap/code/127/usr/share/code/resources/app/out/vs/workbench/api/node/extensionHostProcess.js:110:9412)
	at /snap/code/127/usr/share/code/resources/app/out/vs/workbench/api/node/extensionHostProcess.js:110:8200
	at v.invoke (/snap/code/127/usr/share/code/resources/app/out/vs/workbench/api/node/extensionHostProcess.js:63:145)
	at h.deliver (/snap/code/127/usr/share/code/resources/app/out/vs/workbench/api/node/extensionHostProcess.js:63:2121)
	at i.fire (/snap/code/127/usr/share/code/resources/app/out/vs/workbench/api/node/extensionHostProcess.js:63:1729)
	at g.fire (/snap/code/127/usr/share/code/resources/app/out/vs/workbench/api/node/extensionHostProcess.js:72:14852)
	at /snap/code/127/usr/share/code/resources/app/out/vs/workbench/api/node/extensionHostProcess.js:126:32403
	at v.invoke (/snap/code/127/usr/share/code/resources/app/out/vs/workbench/api/node/extensionHostProcess.js:63:145)
	at h.deliver (/snap/code/127/usr/share/code/resources/app/out/vs/workbench/api/node/extensionHostProcess.js:63:2121)
	at i.fire (/snap/code/127/usr/share/code/resources/app/out/vs/workbench/api/node/extensionHostProcess.js:63:1729)
	at g.fire (/snap/code/127/usr/share/code/resources/app/out/vs/workbench/api/node/extensionHostProcess.js:72:14852)
	at MessagePortMain.<anonymous> (/snap/code/127/usr/share/code/resources/app/out/vs/workbench/api/node/extensionHostProcess.js:126:30529)
	at MessagePortMain.emit (node:events:513:28)
	at MessagePortMain._internalPort.emit (node:electron/js2c/utility_init:2:367)
["INFO" - 2:13:03 PM] Attempted to determine module path from /media/naman/New Volume/Projects/NestJs/harmonyApi
["ERROR" - 2:13:03 PM] Failed to load module. If you have prettier or plugins referenced in package.json, ensure you have run `npm install`
["ERROR" - 2:13:03 PM] Cannot find module 'prettier' from '/media/naman/New Volume/Projects/NestJs/harmonyApi'
Error: Cannot find module 'prettier' from '/media/naman/New Volume/Projects/NestJs/harmonyApi'
	at e.exports [as sync] (/home/naman/.vscode/extensions/esbenp.prettier-vscode-9.12.0/dist/extension.js:1:37299)
	at t.ModuleResolver.findPkg (/home/naman/.vscode/extensions/esbenp.prettier-vscode-9.12.0/dist/extension.js:1:7359)
	at t.ModuleResolver.getPrettierInstance (/home/naman/.vscode/extensions/esbenp.prettier-vscode-9.12.0/dist/extension.js:1:3313)
	at t.default.handleActiveTextEditorChanged (/home/naman/.vscode/extensions/esbenp.prettier-vscode-9.12.0/dist/extension.js:1:9843)
	at handleActiveTextEditorChangedSync (/home/naman/.vscode/extensions/esbenp.prettier-vscode-9.12.0/dist/extension.js:1:9445)
	at v.invoke (/snap/code/127/usr/share/code/resources/app/out/vs/workbench/api/node/extensionHostProcess.js:63:145)
	at h.deliver (/snap/code/127/usr/share/code/resources/app/out/vs/workbench/api/node/extensionHostProcess.js:63:2121)
	at i.fire (/snap/code/127/usr/share/code/resources/app/out/vs/workbench/api/node/extensionHostProcess.js:63:1729)
	at /snap/code/127/usr/share/code/resources/app/out/vs/workbench/api/node/extensionHostProcess.js:102:16108
	at v.invoke (/snap/code/127/usr/share/code/resources/app/out/vs/workbench/api/node/extensionHostProcess.js:63:145)
	at h.deliver (/snap/code/127/usr/share/code/resources/app/out/vs/workbench/api/node/extensionHostProcess.js:63:2121)
	at i.fire (/snap/code/127/usr/share/code/resources/app/out/vs/workbench/api/node/extensionHostProcess.js:63:1729)
	at e.ExtHostDocumentsAndEditors.acceptDocumentsAndEditorsDelta (/snap/code/127/usr/share/code/resources/app/out/vs/workbench/api/node/extensionHostProcess.js:100:14001)
	at e.ExtHostDocumentsAndEditors.$acceptDocumentsAndEditorsDelta (/snap/code/127/usr/share/code/resources/app/out/vs/workbench/api/node/extensionHostProcess.js:100:12316)
	at a.N (/snap/code/127/usr/share/code/resources/app/out/vs/workbench/api/node/extensionHostProcess.js:110:11620)
	at a.M (/snap/code/127/usr/share/code/resources/app/out/vs/workbench/api/node/extensionHostProcess.js:110:11338)
	at a.H (/snap/code/127/usr/share/code/resources/app/out/vs/workbench/api/node/extensionHostProcess.js:110:10431)
	at a.G (/snap/code/127/usr/share/code/resources/app/out/vs/workbench/api/node/extensionHostProcess.js:110:9412)
	at /snap/code/127/usr/share/code/resources/app/out/vs/workbench/api/node/extensionHostProcess.js:110:8200
	at v.invoke (/snap/code/127/usr/share/code/resources/app/out/vs/workbench/api/node/extensionHostProcess.js:63:145)
	at h.deliver (/snap/code/127/usr/share/code/resources/app/out/vs/workbench/api/node/extensionHostProcess.js:63:2121)
	at i.fire (/snap/code/127/usr/share/code/resources/app/out/vs/workbench/api/node/extensionHostProcess.js:63:1729)
	at g.fire (/snap/code/127/usr/share/code/resources/app/out/vs/workbench/api/node/extensionHostProcess.js:72:14852)
	at /snap/code/127/usr/share/code/resources/app/out/vs/workbench/api/node/extensionHostProcess.js:126:32403
	at v.invoke (/snap/code/127/usr/share/code/resources/app/out/vs/workbench/api/node/extensionHostProcess.js:63:145)
	at h.deliver (/snap/code/127/usr/share/code/resources/app/out/vs/workbench/api/node/extensionHostProcess.js:63:2121)
	at i.fire (/snap/code/127/usr/share/code/resources/app/out/vs/workbench/api/node/extensionHostProcess.js:63:1729)
	at g.fire (/snap/code/127/usr/share/code/resources/app/out/vs/workbench/api/node/extensionHostProcess.js:72:14852)
	at MessagePortMain.<anonymous> (/snap/code/127/usr/share/code/resources/app/out/vs/workbench/api/node/extensionHostProcess.js:126:30529)
	at MessagePortMain.emit (node:events:513:28)
	at MessagePortMain._internalPort.emit (node:electron/js2c/utility_init:2:367)
["INFO" - 2:13:10 PM] Attempted to determine module path from /media/naman/New Volume/Projects/NestJs/harmonyApi
["ERROR" - 2:13:10 PM] Failed to load module. If you have prettier or plugins referenced in package.json, ensure you have run `npm install`
["ERROR" - 2:13:10 PM] Cannot find module 'prettier' from '/media/naman/New Volume/Projects/NestJs/harmonyApi'
Error: Cannot find module 'prettier' from '/media/naman/New Volume/Projects/NestJs/harmonyApi'
	at e.exports [as sync] (/home/naman/.vscode/extensions/esbenp.prettier-vscode-9.12.0/dist/extension.js:1:37299)
	at t.ModuleResolver.findPkg (/home/naman/.vscode/extensions/esbenp.prettier-vscode-9.12.0/dist/extension.js:1:7359)
	at t.ModuleResolver.getPrettierInstance (/home/naman/.vscode/extensions/esbenp.prettier-vscode-9.12.0/dist/extension.js:1:3313)
	at t.default.handleActiveTextEditorChanged (/home/naman/.vscode/extensions/esbenp.prettier-vscode-9.12.0/dist/extension.js:1:9843)
	at handleActiveTextEditorChangedSync (/home/naman/.vscode/extensions/esbenp.prettier-vscode-9.12.0/dist/extension.js:1:9445)
	at v.invoke (/snap/code/127/usr/share/code/resources/app/out/vs/workbench/api/node/extensionHostProcess.js:63:145)
	at h.deliver (/snap/code/127/usr/share/code/resources/app/out/vs/workbench/api/node/extensionHostProcess.js:63:2121)
	at i.fire (/snap/code/127/usr/share/code/resources/app/out/vs/workbench/api/node/extensionHostProcess.js:63:1729)
	at /snap/code/127/usr/share/code/resources/app/out/vs/workbench/api/node/extensionHostProcess.js:102:16108
	at v.invoke (/snap/code/127/usr/share/code/resources/app/out/vs/workbench/api/node/extensionHostProcess.js:63:145)
	at h.deliver (/snap/code/127/usr/share/code/resources/app/out/vs/workbench/api/node/extensionHostProcess.js:63:2121)
	at i.fire (/snap/code/127/usr/share/code/resources/app/out/vs/workbench/api/node/extensionHostProcess.js:63:1729)
	at e.ExtHostDocumentsAndEditors.acceptDocumentsAndEditorsDelta (/snap/code/127/usr/share/code/resources/app/out/vs/workbench/api/node/extensionHostProcess.js:100:14001)
	at e.ExtHostDocumentsAndEditors.$acceptDocumentsAndEditorsDelta (/snap/code/127/usr/share/code/resources/app/out/vs/workbench/api/node/extensionHostProcess.js:100:12316)
	at a.N (/snap/code/127/usr/share/code/resources/app/out/vs/workbench/api/node/extensionHostProcess.js:110:11620)
	at a.M (/snap/code/127/usr/share/code/resources/app/out/vs/workbench/api/node/extensionHostProcess.js:110:11338)
	at a.H (/snap/code/127/usr/share/code/resources/app/out/vs/workbench/api/node/extensionHostProcess.js:110:10431)
	at a.G (/snap/code/127/usr/share/code/resources/app/out/vs/workbench/api/node/extensionHostProcess.js:110:9412)
	at /snap/code/127/usr/share/code/resources/app/out/vs/workbench/api/node/extensionHostProcess.js:110:8200
	at v.invoke (/snap/code/127/usr/share/code/resources/app/out/vs/workbench/api/node/extensionHostProcess.js:63:145)
	at h.deliver (/snap/code/127/usr/share/code/resources/app/out/vs/workbench/api/node/extensionHostProcess.js:63:2121)
	at i.fire (/snap/code/127/usr/share/code/resources/app/out/vs/workbench/api/node/extensionHostProcess.js:63:1729)
	at g.fire (/snap/code/127/usr/share/code/resources/app/out/vs/workbench/api/node/extensionHostProcess.js:72:14852)
	at /snap/code/127/usr/share/code/resources/app/out/vs/workbench/api/node/extensionHostProcess.js:126:32403
	at v.invoke (/snap/code/127/usr/share/code/resources/app/out/vs/workbench/api/node/extensionHostProcess.js:63:145)
	at h.deliver (/snap/code/127/usr/share/code/resources/app/out/vs/workbench/api/node/extensionHostProcess.js:63:2121)
	at i.fire (/snap/code/127/usr/share/code/resources/app/out/vs/workbench/api/node/extensionHostProcess.js:63:1729)
	at g.fire (/snap/code/127/usr/share/code/resources/app/out/vs/workbench/api/node/extensionHostProcess.js:72:14852)
	at MessagePortMain.<anonymous> (/snap/code/127/usr/share/code/resources/app/out/vs/workbench/api/node/extensionHostProcess.js:126:30529)
	at MessagePortMain.emit (node:events:513:28)
	at MessagePortMain._internalPort.emit (node:electron/js2c/utility_init:2:367)
["INFO" - 2:13:25 PM] Attempted to determine module path from /media/naman/New Volume/Projects/NestJs/harmonyApi
["ERROR" - 2:13:25 PM] Failed to load module. If you have prettier or plugins referenced in package.json, ensure you have run `npm install`
["ERROR" - 2:13:25 PM] Cannot find module 'prettier' from '/media/naman/New Volume/Projects/NestJs/harmonyApi'
Error: Cannot find module 'prettier' from '/media/naman/New Volume/Projects/NestJs/harmonyApi'
	at e.exports [as sync] (/home/naman/.vscode/extensions/esbenp.prettier-vscode-9.12.0/dist/extension.js:1:37299)
	at t.ModuleResolver.findPkg (/home/naman/.vscode/extensions/esbenp.prettier-vscode-9.12.0/dist/extension.js:1:7359)
	at t.ModuleResolver.getPrettierInstance (/home/naman/.vscode/extensions/esbenp.prettier-vscode-9.12.0/dist/extension.js:1:3313)
	at t.default.handleActiveTextEditorChanged (/home/naman/.vscode/extensions/esbenp.prettier-vscode-9.12.0/dist/extension.js:1:9843)
	at handleActiveTextEditorChangedSync (/home/naman/.vscode/extensions/esbenp.prettier-vscode-9.12.0/dist/extension.js:1:9445)
	at v.invoke (/snap/code/127/usr/share/code/resources/app/out/vs/workbench/api/node/extensionHostProcess.js:63:145)
	at h.deliver (/snap/code/127/usr/share/code/resources/app/out/vs/workbench/api/node/extensionHostProcess.js:63:2121)
	at i.fire (/snap/code/127/usr/share/code/resources/app/out/vs/workbench/api/node/extensionHostProcess.js:63:1729)
	at /snap/code/127/usr/share/code/resources/app/out/vs/workbench/api/node/extensionHostProcess.js:102:16108
	at v.invoke (/snap/code/127/usr/share/code/resources/app/out/vs/workbench/api/node/extensionHostProcess.js:63:145)
	at h.deliver (/snap/code/127/usr/share/code/resources/app/out/vs/workbench/api/node/extensionHostProcess.js:63:2121)
	at i.fire (/snap/code/127/usr/share/code/resources/app/out/vs/workbench/api/node/extensionHostProcess.js:63:1729)
	at e.ExtHostDocumentsAndEditors.acceptDocumentsAndEditorsDelta (/snap/code/127/usr/share/code/resources/app/out/vs/workbench/api/node/extensionHostProcess.js:100:14001)
	at e.ExtHostDocumentsAndEditors.$acceptDocumentsAndEditorsDelta (/snap/code/127/usr/share/code/resources/app/out/vs/workbench/api/node/extensionHostProcess.js:100:12316)
	at a.N (/snap/code/127/usr/share/code/resources/app/out/vs/workbench/api/node/extensionHostProcess.js:110:11620)
	at a.M (/snap/code/127/usr/share/code/resources/app/out/vs/workbench/api/node/extensionHostProcess.js:110:11338)
	at a.H (/snap/code/127/usr/share/code/resources/app/out/vs/workbench/api/node/extensionHostProcess.js:110:10431)
	at a.G (/snap/code/127/usr/share/code/resources/app/out/vs/workbench/api/node/extensionHostProcess.js:110:9412)
	at /snap/code/127/usr/share/code/resources/app/out/vs/workbench/api/node/extensionHostProcess.js:110:8200
	at v.invoke (/snap/code/127/usr/share/code/resources/app/out/vs/workbench/api/node/extensionHostProcess.js:63:145)
	at h.deliver (/snap/code/127/usr/share/code/resources/app/out/vs/workbench/api/node/extensionHostProcess.js:63:2121)
	at i.fire (/snap/code/127/usr/share/code/resources/app/out/vs/workbench/api/node/extensionHostProcess.js:63:1729)
	at g.fire (/snap/code/127/usr/share/code/resources/app/out/vs/workbench/api/node/extensionHostProcess.js:72:14852)
	at /snap/code/127/usr/share/code/resources/app/out/vs/workbench/api/node/extensionHostProcess.js:126:32403
	at v.invoke (/snap/code/127/usr/share/code/resources/app/out/vs/workbench/api/node/extensionHostProcess.js:63:145)
	at h.deliver (/snap/code/127/usr/share/code/resources/app/out/vs/workbench/api/node/extensionHostProcess.js:63:2121)
	at i.fire (/snap/code/127/usr/share/code/resources/app/out/vs/workbench/api/node/extensionHostProcess.js:63:1729)
	at g.fire (/snap/code/127/usr/share/code/resources/app/out/vs/workbench/api/node/extensionHostProcess.js:72:14852)
	at MessagePortMain.<anonymous> (/snap/code/127/usr/share/code/resources/app/out/vs/workbench/api/node/extensionHostProcess.js:126:30529)
	at MessagePortMain.emit (node:events:513:28)
	at MessagePortMain._internalPort.emit (node:electron/js2c/utility_init:2:367)
["INFO" - 2:13:29 PM] Attempted to determine module path from /media/naman/New Volume/Projects/NestJs/harmonyApi
["ERROR" - 2:13:29 PM] Failed to load module. If you have prettier or plugins referenced in package.json, ensure you have run `npm install`
["ERROR" - 2:13:29 PM] Cannot find module 'prettier' from '/media/naman/New Volume/Projects/NestJs/harmonyApi'
Error: Cannot find module 'prettier' from '/media/naman/New Volume/Projects/NestJs/harmonyApi'
	at e.exports [as sync] (/home/naman/.vscode/extensions/esbenp.prettier-vscode-9.12.0/dist/extension.js:1:37299)
	at t.ModuleResolver.findPkg (/home/naman/.vscode/extensions/esbenp.prettier-vscode-9.12.0/dist/extension.js:1:7359)
	at t.ModuleResolver.getPrettierInstance (/home/naman/.vscode/extensions/esbenp.prettier-vscode-9.12.0/dist/extension.js:1:3313)
	at t.default.handleActiveTextEditorChanged (/home/naman/.vscode/extensions/esbenp.prettier-vscode-9.12.0/dist/extension.js:1:9843)
	at handleActiveTextEditorChangedSync (/home/naman/.vscode/extensions/esbenp.prettier-vscode-9.12.0/dist/extension.js:1:9445)
	at v.invoke (/snap/code/127/usr/share/code/resources/app/out/vs/workbench/api/node/extensionHostProcess.js:63:145)
	at h.deliver (/snap/code/127/usr/share/code/resources/app/out/vs/workbench/api/node/extensionHostProcess.js:63:2121)
	at i.fire (/snap/code/127/usr/share/code/resources/app/out/vs/workbench/api/node/extensionHostProcess.js:63:1729)
	at /snap/code/127/usr/share/code/resources/app/out/vs/workbench/api/node/extensionHostProcess.js:102:16108
	at v.invoke (/snap/code/127/usr/share/code/resources/app/out/vs/workbench/api/node/extensionHostProcess.js:63:145)
	at h.deliver (/snap/code/127/usr/share/code/resources/app/out/vs/workbench/api/node/extensionHostProcess.js:63:2121)
	at i.fire (/snap/code/127/usr/share/code/resources/app/out/vs/workbench/api/node/extensionHostProcess.js:63:1729)
	at e.ExtHostDocumentsAndEditors.acceptDocumentsAndEditorsDelta (/snap/code/127/usr/share/code/resources/app/out/vs/workbench/api/node/extensionHostProcess.js:100:14001)
	at e.ExtHostDocumentsAndEditors.$acceptDocumentsAndEditorsDelta (/snap/code/127/usr/share/code/resources/app/out/vs/workbench/api/node/extensionHostProcess.js:100:12316)
	at a.N (/snap/code/127/usr/share/code/resources/app/out/vs/workbench/api/node/extensionHostProcess.js:110:11620)
	at a.M (/snap/code/127/usr/share/code/resources/app/out/vs/workbench/api/node/extensionHostProcess.js:110:11338)
	at a.H (/snap/code/127/usr/share/code/resources/app/out/vs/workbench/api/node/extensionHostProcess.js:110:10431)
	at a.G (/snap/code/127/usr/share/code/resources/app/out/vs/workbench/api/node/extensionHostProcess.js:110:9412)
	at /snap/code/127/usr/share/code/resources/app/out/vs/workbench/api/node/extensionHostProcess.js:110:8200
	at v.invoke (/snap/code/127/usr/share/code/resources/app/out/vs/workbench/api/node/extensionHostProcess.js:63:145)
	at h.deliver (/snap/code/127/usr/share/code/resources/app/out/vs/workbench/api/node/extensionHostProcess.js:63:2121)
	at i.fire (/snap/code/127/usr/share/code/resources/app/out/vs/workbench/api/node/extensionHostProcess.js:63:1729)
	at g.fire (/snap/code/127/usr/share/code/resources/app/out/vs/workbench/api/node/extensionHostProcess.js:72:14852)
	at /snap/code/127/usr/share/code/resources/app/out/vs/workbench/api/node/extensionHostProcess.js:126:32403
	at v.invoke (/snap/code/127/usr/share/code/resources/app/out/vs/workbench/api/node/extensionHostProcess.js:63:145)
	at h.deliver (/snap/code/127/usr/share/code/resources/app/out/vs/workbench/api/node/extensionHostProcess.js:63:2121)
	at i.fire (/snap/code/127/usr/share/code/resources/app/out/vs/workbench/api/node/extensionHostProcess.js:63:1729)
	at g.fire (/snap/code/127/usr/share/code/resources/app/out/vs/workbench/api/node/extensionHostProcess.js:72:14852)
	at MessagePortMain.<anonymous> (/snap/code/127/usr/share/code/resources/app/out/vs/workbench/api/node/extensionHostProcess.js:126:30529)
	at MessagePortMain.emit (node:events:513:28)
	at MessagePortMain._internalPort.emit (node:electron/js2c/utility_init:2:367)
