2023-05-06 15:35:58.544 [info] Configuration changed
2023-05-06 15:35:58.545 [info] Configuration changed
2023-05-06 15:35:58.643 [info] /home/naman/.config/Code/User/profiles/7ea727a4/settings.json closed
2023-05-06 15:35:59.732 [info] Configuration changed
2023-05-06 15:36:00.024 [info] Configuration changed
2023-05-06 15:36:00.673 [info] Configuration changed
2023-05-06 15:36:01.499 [info] Active editor: file:///home/naman/Desktop/Project/React%20Native/cpay/app/App.tsx
2023-05-06 15:36:01.888 [info] /home/naman/.config/Code/User/settings.json closed
2023-05-06 15:36:02.104 [info] /home/naman/.config/Code/User/keybindings.json closed
2023-05-06 15:36:03.110 [info] /home/naman/.config/Code/User/profiles/7ea727a4/settings.json closed
2023-05-06 15:36:03.151 [info] /home/naman/.config/Code/User/profiles/7ea727a4/keybindings.json closed
2023-05-06 15:36:09.550 [info] /home/naman/.config/Code/User/profiles/7ea727a4/settings.json closed
2023-05-06 15:36:09.595 [info] Configuration changed
2023-05-06 15:39:12.557 [info] Active editor: file:///home/naman/Desktop/Project/React%20Native/cpay/app/App.tsx
2023-05-06 15:39:19.814 [warning] invalid cursor position. [[13, 15] | [13, 0]].
2023-05-06 15:40:22.170 [info] Active editor: file:///home/naman/Desktop/Project/React%20Native/cpay/app/AppState.ckeck
2023-05-06 15:40:22.358 [info] /home/naman/.config/Code/User/profiles/7ea727a4/settings.json closed
2023-05-06 15:40:22.527 [info] Configuration changed
2023-05-06 15:40:35.006 [info] /home/naman/Desktop/Project/React Native/cpay/app/AppState.ckeck closed
2023-05-06 15:40:35.030 [info] /home/naman/Desktop/Project/React Native/cpay/app/AppState.ckeck.git closed
2023-05-06 15:40:35.082 [info] Active editor: file:///home/naman/Desktop/Project/React%20Native/cpay/app/AppStateCkeck.js
2023-05-06 15:40:39.075 [info] Active editor: file:///home/naman/Desktop/Project/React%20Native/cpay/app/App.tsx
2023-05-06 15:40:39.254 [info] /home/naman/.config/Code/User/profiles/7ea727a4/settings.json closed
2023-05-06 15:40:39.331 [info] Configuration changed
2023-05-06 15:40:42.617 [info] Active editor: file:///home/naman/Desktop/Project/React%20Native/cpay/app/AppStateCkeck.js
2023-05-06 15:40:42.826 [info] /home/naman/.config/Code/User/profiles/7ea727a4/settings.json closed
2023-05-06 15:40:42.961 [info] Configuration changed
2023-05-06 15:40:59.440 [warning] invalid cursor position. [[2, 3] | [2, 3]].
2023-05-06 15:41:01.546 [warning] invalid cursor position. [[5, 3] | [5, 3]].
2023-05-06 15:41:12.194 [warning] invalid cursor position. [[15, 9] | [15, 9]].
2023-05-06 15:41:12.386 [warning] invalid cursor position. [[16, 9] | [16, 9]].
2023-05-06 15:41:12.602 [warning] invalid cursor position. [[17, 9] | [17, 9]].
2023-05-06 15:41:16.362 [warning] invalid cursor position. [[17, 7] | [17, 7]].
2023-05-06 15:41:22.291 [info] /home/naman/.config/Code/User/profiles/7ea727a4/settings.json closed
2023-05-06 15:41:22.387 [info] Configuration changed
2023-05-06 15:43:35.411 [info] /home/naman/Desktop/Project/React Native/cpay/tsconfig.json closed
2023-05-06 15:43:45.171 [info] Active editor: file:///home/naman/Desktop/Project/React%20Native/cpay/app/App.tsx
2023-05-06 15:43:51.481 [info] Active editor: file:///home/naman/Desktop/Project/React%20Native/cpay/app/AppStateCkeck.js
2023-05-06 15:43:55.301 [info] Active editor: file:///home/naman/Desktop/Project/React%20Native/cpay/app/App.tsx
2023-05-06 15:44:04.103 [info] /home/naman/.config/Code/User/profiles/7ea727a4/settings.json closed
2023-05-06 15:44:04.206 [info] Configuration changed
2023-05-06 15:45:24.404 [info] Active editor: file:///home/naman/Desktop/Project/React%20Native/cpay/app/AppStateCkeck.js
2023-05-06 15:45:24.686 [info] /home/naman/.config/Code/User/profiles/7ea727a4/settings.json closed
2023-05-06 15:45:24.922 [info] Configuration changed
2023-05-06 15:45:26.641 [info] /home/naman/Desktop/Project/React Native/cpay/app/AppStateCkeck.js closed
2023-05-06 15:45:26.688 [info] /home/naman/Desktop/Project/React Native/cpay/app/AppStateCkeck.js.git closed
2023-05-06 15:45:26.699 [info] Active editor: file:///home/naman/Desktop/Project/React%20Native/cpay/app/App.tsx
2023-05-06 15:45:26.954 [info] /home/naman/.config/Code/User/profiles/7ea727a4/settings.json closed
2023-05-06 15:45:27.157 [info] Configuration changed
2023-05-06 15:45:33.205 [info] Active editor: file:///home/naman/Desktop/Project/React%20Native/cpay/app/Screens/OnBoardingScreens/OnBoardingScreen.tsx
2023-05-06 15:45:49.976 [info] /home/naman/Desktop/Project/React Native/cpay/app/Screens/OnBoardingScreens/OnBoardingScreen.tsx closed
2023-05-06 15:45:49.977 [info] /home/naman/Desktop/Project/React Native/cpay/app/Screens/OnBoardingScreens/OnBoardingScreen.tsx.git closed
2023-05-06 15:45:50.012 [info] Active editor: file:///home/naman/Desktop/Project/React%20Native/cpay/app/Components/ImageCarousel/ImageCarousel.tsx
2023-05-06 15:45:57.388 [info] /home/naman/Desktop/Project/React Native/cpay/app/Components/ImageCarousel/ImageCarousel.tsx closed
2023-05-06 15:45:57.389 [info] /home/naman/Desktop/Project/React Native/cpay/app/Components/ImageCarousel/ImageCarousel.tsx.git closed
2023-05-06 15:45:57.428 [info] Active editor: file:///home/naman/Desktop/Project/React%20Native/cpay/app/Components/ImageCarousel/CarouselItem.tsx
2023-05-06 15:48:51.135 [info] Active editor: file:///home/naman/Desktop/Project/React%20Native/cpay/app/Components/ImageCarousel/CarouselItem.tsx
2023-05-06 15:49:27.429 [info] Active editor: file:///home/naman/Desktop/Project/React%20Native/cpay/app/Screens/HomeScreen/HomeScreen.tsx
2023-05-06 15:50:34.240 [info] /home/naman/Desktop/Project/React Native/cpay/app/Components/ImageCarousel/CarouselItem.tsx closed
2023-05-06 15:50:34.254 [info] /home/naman/Desktop/Project/React Native/cpay/app/Components/ImageCarousel/CarouselItem.tsx.git closed
2023-05-06 15:50:34.301 [info] Active editor: file:///home/naman/Desktop/Project/React%20Native/cpay/app/Components/CryptoInfo/CryptoInfo.tsx
2023-05-06 15:50:48.708 [info] /home/naman/Desktop/Project/React Native/cpay/package.json closed
2023-05-06 15:52:02.682 [info] Active editor: file:///home/naman/Desktop/Project/React%20Native/cpay/app/Components/CryptoInfo/CrytoInfoStyles.ts
2023-05-06 15:52:32.722 [info] /home/naman/Desktop/Project/React Native/cpay/app/Components/CryptoInfo/CrytoInfoStyles.ts closed
2023-05-06 15:52:32.723 [info] /home/naman/Desktop/Project/React Native/cpay/app/Components/CryptoInfo/CrytoInfoStyles.ts.git closed
2023-05-06 15:52:32.728 [info] Active editor: file:///home/naman/Desktop/Project/React%20Native/cpay/app/Components/CryptoInfo/CryptoInfo.tsx
2023-05-06 15:52:37.078 [info] /home/naman/Desktop/Project/React Native/cpay/app/Components/CryptoInfo/CryptoInfo.tsx closed
2023-05-06 15:52:37.079 [info] /home/naman/Desktop/Project/React Native/cpay/app/Components/CryptoInfo/CryptoInfo.tsx.git closed
2023-05-06 15:52:37.090 [info] Active editor: file:///home/naman/Desktop/Project/React%20Native/cpay/app/Screens/HomeScreen/HomeScreen.tsx
2023-05-06 15:52:38.103 [info] /home/naman/Desktop/Project/React Native/cpay/app/Screens/HomeScreen/HomeScreen.tsx closed
2023-05-06 15:52:38.104 [info] /home/naman/Desktop/Project/React Native/cpay/app/Screens/HomeScreen/HomeScreen.tsx.git closed
2023-05-06 15:52:38.114 [info] Active editor: file:///home/naman/Desktop/Project/React%20Native/cpay/app/App.tsx
2023-05-06 15:52:40.294 [info] /home/naman/Desktop/Project/React Native/cpay/app/App.tsx closed
2023-05-06 15:52:40.295 [info] /home/naman/Desktop/Project/React Native/cpay/app/App.tsx.git closed
2023-05-06 15:52:48.614 [info] Active editor: file:///home/naman/Desktop/Project/React%20Native/cpay/app/Components/ImageCarousel/ImageCarousel.tsx
2023-05-06 15:52:49.734 [info] /home/naman/Desktop/Project/React Native/cpay/app/Components/ImageCarousel/ImageCarousel.tsx closed
2023-05-06 15:52:49.735 [info] /home/naman/Desktop/Project/React Native/cpay/app/Components/ImageCarousel/ImageCarousel.tsx.git closed
2023-05-06 15:52:49.765 [info] Active editor: file:///home/naman/Desktop/Project/React%20Native/cpay/app/Components/ImageCarousel/CarouselPropTypes.ts
2023-05-06 15:52:50.892 [info] /home/naman/Desktop/Project/React Native/cpay/app/Components/ImageCarousel/CarouselPropTypes.ts closed
2023-05-06 15:52:50.893 [info] /home/naman/Desktop/Project/React Native/cpay/app/Components/ImageCarousel/CarouselPropTypes.ts.git closed
2023-05-06 15:52:50.927 [info] Active editor: file:///home/naman/Desktop/Project/React%20Native/cpay/app/Components/ImageCarousel/CarouselItem.tsx
2023-05-06 15:53:18.263 [info] /home/naman/Desktop/Project/React Native/cpay/app/Components/ImageCarousel/CarouselItem.tsx closed
2023-05-06 15:53:18.264 [info] /home/naman/Desktop/Project/React Native/cpay/app/Components/ImageCarousel/CarouselItem.tsx.git closed
2023-05-06 15:53:18.364 [info] Active editor: file:///home/naman/Desktop/Project/React%20Native/cpay/app/Assets/Icons/locker-dynamic-color.svg
2023-05-06 15:53:39.711 [info] /home/naman/Desktop/Project/React Native/cpay/app/Assets/Icons/locker-dynamic-color.svg closed
2023-05-06 15:53:39.727 [info] /home/naman/Desktop/Project/React Native/cpay/app/Assets/Icons/locker-dynamic-color.svg.git closed
2023-05-06 15:53:39.837 [info] Active editor: file:///home/naman/Desktop/Project/React%20Native/cpay/app/Assets/Icons/OnboardingScreenIcon/locker-dynamic-color.svg
2023-05-06 15:53:48.107 [info] /home/naman/Desktop/Project/React Native/cpay/app/Assets/Icons/OnboardingScreenIcon/locker-dynamic-color.svg closed
2023-05-06 15:53:48.126 [info] /home/naman/Desktop/Project/React Native/cpay/app/Assets/Icons/OnboardingScreenIcon/locker-dynamic-color.svg.git closed
2023-05-06 15:53:48.218 [info] Active editor: file:///home/naman/Desktop/Project/React%20Native/cpay/app/Assets/Icons/OnboardingScreenIcon/LockerIcon.svg
2023-05-06 15:53:50.402 [info] Active editor: file:///home/naman/Desktop/Project/React%20Native/cpay/app/Assets/Icons/OnboardingScreenIcon/LockerIcon.svg
2023-05-06 15:53:51.200 [info] /home/naman/Desktop/Project/React Native/cpay/app/Assets/Icons/OnboardingScreenIcon/LockerIcon.svg closed
2023-05-06 15:53:51.201 [info] /home/naman/Desktop/Project/React Native/cpay/app/Assets/Icons/OnboardingScreenIcon/LockerIcon.svg.git closed
2023-05-06 15:53:54.855 [info] Active editor: file:///home/naman/Desktop/Project/React%20Native/cpay/app/Components/CryptoInfo/CryptoInfo.tsx
2023-05-06 15:53:56.359 [warning] invalid cursor position. [[3, 19] | [3, 19]].
2023-05-06 15:54:00.147 [info] /home/naman/.config/Code/User/profiles/7ea727a4/settings.json closed
2023-05-06 15:54:00.284 [info] Configuration changed
2023-05-06 15:54:01.767 [info] /home/naman/.config/Code/User/profiles/7ea727a4/settings.json closed
2023-05-06 15:54:01.852 [info] Configuration changed
2023-05-06 15:54:07.894 [info] Active editor: file:///home/naman/Desktop/Project/React%20Native/cpay/app/Components/ImageCarousel/CarouselItem.tsx
2023-05-06 15:54:17.187 [info] /home/naman/.config/Code/User/profiles/7ea727a4/settings.json closed
2023-05-06 15:54:17.277 [info] Configuration changed
2023-05-06 15:56:14.559 [info] Active editor: file:///home/naman/Desktop/Project/React%20Native/cpay/app/Components/CryptoInfo/CryptoInfo.tsx
2023-05-06 15:56:14.830 [info] /home/naman/.config/Code/User/profiles/7ea727a4/settings.json closed
2023-05-06 15:56:14.938 [info] Configuration changed
2023-05-06 15:56:16.759 [info] Active editor: file:///home/naman/Desktop/Project/React%20Native/cpay/app/Components/ImageCarousel/CarouselItem.tsx
2023-05-06 15:56:16.972 [info] /home/naman/.config/Code/User/profiles/7ea727a4/settings.json closed
2023-05-06 15:56:17.072 [info] Configuration changed
2023-05-06 15:59:48.220 [info] /home/naman/Desktop/Project/React Native/cpay/app/Components/CryptoInfo/CryptoInfo.tsx closed
2023-05-06 15:59:48.243 [info] /home/naman/Desktop/Project/React Native/cpay/app/Components/CryptoInfo/CryptoInfo.tsx.git closed
2023-05-06 15:59:48.315 [info] Active editor: file:///home/naman/Desktop/Project/React%20Native/cpay/app/App.tsx
2023-05-06 15:59:48.544 [info] /home/naman/.config/Code/User/profiles/7ea727a4/settings.json closed
2023-05-06 15:59:48.692 [info] Configuration changed
2023-05-06 16:00:00.266 [warning] invalid cursor position. [[28, 32] | [28, 32]].
2023-05-06 16:00:08.228 [info] /home/naman/.config/Code/User/profiles/7ea727a4/settings.json closed
2023-05-06 16:00:08.344 [info] Configuration changed
2023-05-06 16:00:37.013 [warning] invalid cursor position. [[24, 4] | [24, 0]].
2023-05-06 16:01:33.426 [info] Active editor: file:///home/naman/Desktop/Project/React%20Native/cpay/app/Constant/ScreenKeys.ts
2023-05-06 16:01:33.579 [info] /home/naman/.config/Code/User/profiles/7ea727a4/settings.json closed
2023-05-06 16:01:33.693 [info] Configuration changed
2023-05-06 16:01:37.314 [info] /home/naman/.config/Code/User/profiles/7ea727a4/settings.json closed
2023-05-06 16:01:37.416 [info] Configuration changed
2023-05-06 16:01:42.565 [info] Active editor: file:///home/naman/Desktop/Project/React%20Native/cpay/app/App.tsx
2023-05-06 16:01:42.840 [info] /home/naman/.config/Code/User/profiles/7ea727a4/settings.json closed
2023-05-06 16:01:42.945 [info] Configuration changed
2023-05-06 16:02:19.933 [info] /home/naman/Desktop/Project/React Native/cpay/node_modules/@react-navigation/core/src/useNavigation.tsx closed
2023-05-06 16:04:48.470 [info] /home/naman/.config/Code/User/profiles/7ea727a4/settings.json closed
2023-05-06 16:04:48.582 [info] Configuration changed
2023-05-06 16:04:57.863 [warning] invalid cursor position. [[13, 9] | [13, 9]].
2023-05-06 16:05:07.363 [info] /home/naman/Desktop/Project/React Native/cpay/app/Constant/ScreenKeys.ts closed
2023-05-06 16:05:07.364 [info] /home/naman/Desktop/Project/React Native/cpay/app/Constant/ScreenKeys.ts.git closed
2023-05-06 16:05:07.405 [info] Active editor: file:///home/naman/Desktop/Project/React%20Native/cpay/app/Navigation/AppNavigation.js
2023-05-06 16:05:14.991 [info] /home/naman/.config/Code/User/profiles/7ea727a4/settings.json closed
2023-05-06 16:05:15.104 [info] Configuration changed
2023-05-06 16:34:49.694 [info] Active editor: file:///home/naman/Desktop/Project/React%20Native/cpay/app/App.tsx
2023-05-06 16:34:49.982 [info] /home/naman/.config/Code/User/profiles/7ea727a4/settings.json closed
2023-05-06 16:34:50.144 [info] Configuration changed
2023-05-06 16:34:51.628 [info] Active editor: file:///home/naman/Desktop/Project/React%20Native/cpay/app/Components/ImageCarousel/CarouselItem.tsx
2023-05-06 16:34:51.923 [info] /home/naman/.config/Code/User/profiles/7ea727a4/settings.json closed
2023-05-06 16:34:52.150 [info] Configuration changed
2023-05-06 16:34:57.073 [info] Active editor: file:///home/naman/Desktop/Project/React%20Native/cpay/app/App.tsx
2023-05-06 16:34:57.257 [info] /home/naman/.config/Code/User/profiles/7ea727a4/settings.json closed
2023-05-06 16:34:57.437 [info] Configuration changed
2023-05-06 16:35:29.260 [info] /home/naman/.config/Code/User/profiles/7ea727a4/settings.json closed
2023-05-06 16:35:29.393 [info] Configuration changed
2023-05-06 16:35:30.809 [info] /home/naman/.config/Code/User/profiles/7ea727a4/settings.json closed
2023-05-06 16:35:30.918 [info] Configuration changed
2023-05-06 16:35:35.492 [info] /home/naman/Desktop/Project/React Native/cpay/app/Store/index.ts closed
2023-05-06 16:35:35.546 [info] /home/naman/Desktop/Project/React Native/cpay/app/Store/index.ts closed
2023-05-06 16:35:35.573 [info] /home/naman/Desktop/Project/React Native/cpay/app/Store/index.ts closed
2023-05-06 16:35:35.809 [info] /home/naman/Desktop/Project/React Native/cpay/node_modules/@react-navigation/core/src/useNavigation.tsx closed
2023-05-06 16:35:40.407 [info] Active editor: file:///home/naman/Desktop/Project/React%20Native/cpay/app/Navigation/AppNavigation.js
2023-05-06 16:35:40.627 [info] /home/naman/.config/Code/User/profiles/7ea727a4/settings.json closed
2023-05-06 16:35:40.743 [info] Configuration changed
2023-05-06 16:37:16.309 [info] /home/naman/.config/Code/User/profiles/7ea727a4/settings.json closed
2023-05-06 16:37:16.412 [info] Configuration changed
2023-05-06 16:37:18.339 [info] /home/naman/.config/Code/User/profiles/7ea727a4/settings.json closed
2023-05-06 16:37:18.446 [info] Configuration changed
2023-05-06 16:37:20.310 [info] /home/naman/.config/Code/User/profiles/7ea727a4/settings.json closed
2023-05-06 16:37:20.405 [info] Configuration changed
2023-05-06 16:37:39.889 [info] Active editor: file:///home/naman/Desktop/Project/React%20Native/cpay/app/Components/ImageCarousel/CarouselItem.tsx
2023-05-06 16:37:41.391 [info] Active editor: file:///home/naman/Desktop/Project/React%20Native/cpay/app/App.tsx
2023-05-06 16:37:41.612 [info] /home/naman/.config/Code/User/profiles/7ea727a4/settings.json closed
2023-05-06 16:37:41.734 [info] Configuration changed
2023-05-06 16:37:52.025 [info] /home/naman/.config/Code/User/profiles/7ea727a4/settings.json closed
2023-05-06 16:37:52.139 [info] Configuration changed
2023-05-06 16:38:38.916 [info] /home/naman/Desktop/Project/React Native/cpay/node_modules/react-native-root-siblings/lib/RootSiblingsManager.d.ts closed
2023-05-06 16:38:41.590 [info] Active editor: file:///home/naman/Desktop/Project/React%20Native/cpay/app/Navigation/AppNavigation.js
2023-05-06 16:39:43.348 [info] /home/naman/Desktop/Project/React Native/cpay/node_modules/@react-navigation/native/src/NavigationContainer.tsx closed
2023-05-06 16:39:43.394 [info] /home/naman/Desktop/Project/React Native/cpay/node_modules/@react-navigation/core/src/types.tsx closed
2023-05-06 16:40:02.733 [info] Active editor: file:///home/naman/Desktop/Project/React%20Native/cpay/app/Components/ImageCarousel/CarouselItem.tsx
2023-05-06 16:40:03.356 [info] Active editor: file:///home/naman/Desktop/Project/React%20Native/cpay/app/App.tsx
2023-05-06 16:42:44.241 [info] Active editor: file:///home/naman/Desktop/Project/React%20Native/cpay/app/Navigation/AppNavigation.js
2023-05-06 16:42:53.104 [info] /home/naman/Desktop/Project/React Native/cpay/app/Navigation/RootNavigation.js closed
2023-05-06 16:42:53.141 [info] /home/naman/Desktop/Project/React Native/cpay/app/Screens/HomeScreen/HomeScreen.tsx closed
2023-05-06 16:42:53.163 [info] /home/naman/Desktop/Project/React Native/cpay/app/Navigation/NavigationStack/OnBoardingStack.js closed
2023-05-06 16:42:53.252 [info] /home/naman/Desktop/Project/React Native/cpay/node_modules/@types/react/ts5.0/index.d.ts closed
2023-05-06 16:42:53.272 [info] /home/naman/Desktop/Project/React Native/cpay/node_modules/@react-navigation/native-stack/src/navigators/createNativeStackNavigator.tsx closed
2023-05-06 16:42:53.978 [info] Active editor: file:///home/naman/Desktop/Project/React%20Native/cpay/app/App.tsx
2023-05-06 16:43:13.403 [info] /home/naman/Desktop/Project/React Native/cpay/node_modules/react-redux/es/index.d.ts closed
2023-05-06 16:45:25.867 [info] Active editor: file:///home/naman/Desktop/Project/React%20Native/cpay/package.json
2023-05-06 16:45:39.434 [info] /home/naman/.config/Code/User/profiles/7ea727a4/settings.json closed
2023-05-06 16:45:39.618 [info] Configuration changed
